<?xml version="1.0" encoding="UTF-8"?>
<coverage generated="1761479956121" clover="3.2.0">
  <project timestamp="1761479956122" name="All files">
    <metrics statements="2070" coveredstatements="1230" conditionals="950" coveredconditionals="479" methods="490" coveredmethods="263" elements="3510" coveredelements="1972" complexity="0" loc="2070" ncloc="2070" packages="13" files="49" classes="49"/>
    <package name="engine">
      <metrics statements="131" coveredstatements="82" conditionals="35" coveredconditionals="31" methods="40" coveredmethods="18"/>
      <file name="Engine.js" path="/home/tsonu/src/genai-game-engine/src/engine/Engine.js">
        <metrics statements="48" coveredstatements="0" conditionals="2" coveredconditionals="0" methods="22" coveredmethods="0"/>
        <line num="18" count="0" type="stmt"/>
        <line num="19" count="0" type="stmt"/>
        <line num="22" count="0" type="stmt"/>
        <line num="23" count="0" type="stmt"/>
        <line num="24" count="0" type="stmt"/>
        <line num="25" count="0" type="stmt"/>
        <line num="32" count="0" type="stmt"/>
        <line num="34" count="0" type="stmt"/>
        <line num="38" count="0" type="stmt"/>
        <line num="39" count="0" type="stmt"/>
        <line num="40" count="0" type="stmt"/>
        <line num="42" count="0" type="stmt"/>
        <line num="46" count="0" type="stmt"/>
        <line num="49" count="0" type="stmt"/>
        <line num="52" count="0" type="stmt"/>
        <line num="54" count="0" type="stmt"/>
        <line num="58" count="0" type="stmt"/>
        <line num="59" count="0" type="stmt"/>
        <line num="63" count="0" type="cond" truecount="0" falsecount="2"/>
        <line num="64" count="0" type="stmt"/>
        <line num="65" count="0" type="stmt"/>
        <line num="68" count="0" type="stmt"/>
        <line num="69" count="0" type="stmt"/>
        <line num="73" count="0" type="stmt"/>
        <line num="74" count="0" type="stmt"/>
        <line num="78" count="0" type="stmt"/>
        <line num="79" count="0" type="stmt"/>
        <line num="83" count="0" type="stmt"/>
        <line num="84" count="0" type="stmt"/>
        <line num="95" count="0" type="stmt"/>
        <line num="98" count="0" type="stmt"/>
        <line num="102" count="0" type="stmt"/>
        <line num="106" count="0" type="stmt"/>
        <line num="110" count="0" type="stmt"/>
        <line num="114" count="0" type="stmt"/>
        <line num="118" count="0" type="stmt"/>
        <line num="122" count="0" type="stmt"/>
        <line num="126" count="0" type="stmt"/>
        <line num="130" count="0" type="stmt"/>
        <line num="134" count="0" type="stmt"/>
        <line num="138" count="0" type="stmt"/>
        <line num="142" count="0" type="stmt"/>
        <line num="146" count="0" type="stmt"/>
        <line num="150" count="0" type="stmt"/>
        <line num="151" count="0" type="stmt"/>
        <line num="152" count="0" type="stmt"/>
        <line num="153" count="0" type="stmt"/>
        <line num="154" count="0" type="stmt"/>
      </file>
      <file name="GameLoop.js" path="/home/tsonu/src/genai-game-engine/src/engine/GameLoop.js">
        <metrics statements="83" coveredstatements="82" conditionals="33" coveredconditionals="31" methods="18" coveredmethods="18"/>
        <line num="19" count="68" type="stmt"/>
        <line num="20" count="68" type="cond" truecount="2" falsecount="0"/>
        <line num="21" count="68" type="cond" truecount="2" falsecount="0"/>
        <line num="24" count="68" type="stmt"/>
        <line num="27" count="68" type="stmt"/>
        <line num="28" count="68" type="stmt"/>
        <line num="31" count="68" type="stmt"/>
        <line num="32" count="68" type="stmt"/>
        <line num="35" count="68" type="stmt"/>
        <line num="36" count="68" type="stmt"/>
        <line num="37" count="68" type="stmt"/>
        <line num="38" count="68" type="stmt"/>
        <line num="41" count="68" type="stmt"/>
        <line num="42" count="68" type="stmt"/>
        <line num="43" count="68" type="stmt"/>
        <line num="44" count="68" type="stmt"/>
        <line num="47" count="68" type="stmt"/>
        <line num="55" count="63" type="cond" truecount="2" falsecount="0"/>
        <line num="56" count="1" type="stmt"/>
        <line num="57" count="1" type="stmt"/>
        <line num="60" count="62" type="stmt"/>
        <line num="61" count="62" type="stmt"/>
        <line num="62" count="62" type="stmt"/>
        <line num="63" count="62" type="stmt"/>
        <line num="64" count="62" type="stmt"/>
        <line num="65" count="62" type="stmt"/>
        <line num="68" count="62" type="stmt"/>
        <line num="76" count="65" type="cond" truecount="2" falsecount="0"/>
        <line num="77" count="3" type="stmt"/>
        <line num="80" count="62" type="stmt"/>
        <line num="81" count="62" type="stmt"/>
        <line num="83" count="62" type="cond" truecount="1" falsecount="1"/>
        <line num="84" count="62" type="stmt"/>
        <line num="85" count="62" type="stmt"/>
        <line num="95" count="21" type="cond" truecount="2" falsecount="0"/>
        <line num="96" count="1" type="stmt"/>
        <line num="97" count="1" type="stmt"/>
        <line num="100" count="20" type="cond" truecount="2" falsecount="0"/>
        <line num="101" count="2" type="stmt"/>
        <line num="104" count="18" type="stmt"/>
        <line num="112" count="13" type="cond" truecount="2" falsecount="0"/>
        <line num="113" count="1" type="stmt"/>
        <line num="114" count="1" type="stmt"/>
        <line num="117" count="12" type="cond" truecount="2" falsecount="0"/>
        <line num="118" count="2" type="stmt"/>
        <line num="121" count="10" type="stmt"/>
        <line num="123" count="10" type="stmt"/>
        <line num="134" count="1058" type="cond" truecount="1" falsecount="1"/>
        <line num="135" count="0" type="stmt"/>
        <line num="139" count="1058" type="stmt"/>
        <line num="142" count="1058" type="stmt"/>
        <line num="145" count="1058" type="stmt"/>
        <line num="148" count="1058" type="stmt"/>
        <line num="149" count="1058" type="stmt"/>
        <line num="152" count="1058" type="cond" truecount="2" falsecount="0"/>
        <line num="153" count="1007" type="stmt"/>
        <line num="154" count="1007" type="stmt"/>
        <line num="155" count="1007" type="stmt"/>
        <line num="159" count="1058" type="cond" truecount="2" falsecount="0"/>
        <line num="160" count="8" type="stmt"/>
        <line num="161" count="8" type="stmt"/>
        <line num="162" count="8" type="stmt"/>
        <line num="166" count="1058" type="cond" truecount="2" falsecount="0"/>
        <line num="167" count="1007" type="stmt"/>
        <line num="171" count="1058" type="cond" truecount="2" falsecount="0"/>
        <line num="172" count="43" type="stmt"/>
        <line num="182" count="1058" type="stmt"/>
        <line num="190" count="10" type="stmt"/>
        <line num="198" count="1" type="stmt"/>
        <line num="206" count="9" type="stmt"/>
        <line num="214" count="1" type="stmt"/>
        <line num="222" count="7" type="cond" truecount="2" falsecount="0"/>
        <line num="223" count="2" type="stmt"/>
        <line num="225" count="5" type="stmt"/>
        <line num="233" count="5" type="cond" truecount="2" falsecount="0"/>
        <line num="241" count="4" type="stmt"/>
        <line num="249" count="75" type="stmt"/>
        <line num="257" count="9" type="stmt"/>
        <line num="265" count="1" type="stmt"/>
        <line num="266" count="1" type="stmt"/>
        <line num="267" count="1" type="stmt"/>
        <line num="268" count="1" type="stmt"/>
        <line num="269" count="1" type="stmt"/>
      </file>
    </package>
    <package name="engine.assets">
      <metrics statements="270" coveredstatements="266" conditionals="116" coveredconditionals="103" methods="47" coveredmethods="45"/>
      <file name="AssetLoader.js" path="/home/tsonu/src/genai-game-engine/src/engine/assets/AssetLoader.js">
        <metrics statements="104" coveredstatements="104" conditionals="48" coveredconditionals="42" methods="24" coveredmethods="23"/>
        <line num="30" count="38" type="cond" truecount="2" falsecount="0"/>
        <line num="31" count="38" type="cond" truecount="2" falsecount="0"/>
        <line num="32" count="38" type="cond" truecount="2" falsecount="0"/>
        <line num="33" count="38" type="stmt"/>
        <line num="34" count="38" type="stmt"/>
        <line num="35" count="38" type="stmt"/>
        <line num="44" count="8" type="stmt"/>
        <line num="45" count="8" type="stmt"/>
        <line num="46" count="1" type="stmt"/>
        <line num="47" count="1" type="cond" truecount="1" falsecount="1"/>
        <line num="48" count="1" type="stmt"/>
        <line num="58" count="14" type="cond" truecount="1" falsecount="1"/>
        <line num="62" count="14" type="stmt"/>
        <line num="63" count="6" type="stmt"/>
        <line num="64" count="6" type="stmt"/>
        <line num="66" count="1" type="stmt"/>
        <line num="79" count="12" type="stmt"/>
        <line num="80" count="12" type="stmt"/>
        <line num="81" count="12" type="stmt"/>
        <line num="84" count="12" type="stmt"/>
        <line num="85" count="1" type="stmt"/>
        <line num="86" count="1" type="stmt"/>
        <line num="89" count="12" type="stmt"/>
        <line num="90" count="7" type="stmt"/>
        <line num="91" count="7" type="cond" truecount="1" falsecount="1"/>
        <line num="92" count="7" type="stmt"/>
        <line num="96" count="12" type="stmt"/>
        <line num="97" count="4" type="stmt"/>
        <line num="98" count="4" type="cond" truecount="1" falsecount="1"/>
        <line num="99" count="4" type="cond" truecount="2" falsecount="0"/>
        <line num="100" count="3" type="stmt"/>
        <line num="101" count="3" type="stmt"/>
        <line num="102" count="3" type="stmt"/>
        <line num="103" count="3" type="stmt"/>
        <line num="104" count="1" type="stmt"/>
        <line num="106" count="2" type="stmt"/>
        <line num="109" count="1" type="stmt"/>
        <line num="115" count="12" type="stmt"/>
        <line num="127" count="13" type="stmt"/>
        <line num="128" count="13" type="stmt"/>
        <line num="129" count="13" type="stmt"/>
        <line num="131" count="13" type="stmt"/>
        <line num="135" count="9" type="stmt"/>
        <line num="137" count="9" type="cond" truecount="2" falsecount="0"/>
        <line num="138" count="3" type="stmt"/>
        <line num="141" count="6" type="stmt"/>
        <line num="142" count="3" type="stmt"/>
        <line num="145" count="10" type="cond" truecount="2" falsecount="0"/>
        <line num="146" count="7" type="stmt"/>
        <line num="147" count="7" type="stmt"/>
        <line num="148" count="7" type="stmt"/>
        <line num="150" count="3" type="stmt"/>
        <line num="163" count="8" type="stmt"/>
        <line num="164" count="8" type="stmt"/>
        <line num="165" count="8" type="stmt"/>
        <line num="168" count="8" type="stmt"/>
        <line num="169" count="1" type="stmt"/>
        <line num="170" count="1" type="stmt"/>
        <line num="174" count="8" type="stmt"/>
        <line num="175" count="3" type="stmt"/>
        <line num="176" count="3" type="cond" truecount="1" falsecount="1"/>
        <line num="177" count="3" type="stmt"/>
        <line num="181" count="8" type="stmt"/>
        <line num="182" count="4" type="stmt"/>
        <line num="183" count="4" type="cond" truecount="1" falsecount="1"/>
        <line num="184" count="4" type="cond" truecount="2" falsecount="0"/>
        <line num="185" count="3" type="stmt"/>
        <line num="186" count="3" type="stmt"/>
        <line num="187" count="3" type="stmt"/>
        <line num="188" count="3" type="stmt"/>
        <line num="189" count="1" type="stmt"/>
        <line num="191" count="2" type="stmt"/>
        <line num="194" count="1" type="stmt"/>
        <line num="200" count="8" type="stmt"/>
        <line num="201" count="8" type="stmt"/>
        <line num="211" count="4" type="stmt"/>
        <line num="212" count="4" type="stmt"/>
        <line num="213" count="4" type="stmt"/>
        <line num="215" count="4" type="stmt"/>
        <line num="216" count="4" type="stmt"/>
        <line num="218" count="4" type="stmt"/>
        <line num="219" count="8" type="stmt"/>
        <line num="220" count="8" type="stmt"/>
        <line num="222" count="7" type="stmt"/>
        <line num="223" count="7" type="stmt"/>
        <line num="224" count="7" type="stmt"/>
        <line num="225" count="7" type="stmt"/>
        <line num="228" count="1" type="stmt"/>
        <line num="229" count="1" type="stmt"/>
        <line num="230" count="1" type="stmt"/>
        <line num="231" count="1" type="stmt"/>
        <line num="234" count="8" type="stmt"/>
        <line num="237" count="4" type="stmt"/>
        <line num="238" count="4" type="stmt"/>
        <line num="249" count="15" type="cond" truecount="16" falsecount="0"/>
        <line num="257" count="7" type="stmt"/>
        <line num="261" count="3" type="stmt"/>
        <line num="269" count="3" type="stmt"/>
        <line num="272" count="2" type="stmt"/>
        <line num="283" count="14" type="stmt"/>
        <line num="290" count="1" type="stmt"/>
        <line num="291" count="1" type="stmt"/>
        <line num="299" count="2" type="cond" truecount="2" falsecount="0"/>
        <line num="303" count="2" type="stmt"/>
      </file>
      <file name="AssetManager.js" path="/home/tsonu/src/genai-game-engine/src/engine/assets/AssetManager.js">
        <metrics statements="166" coveredstatements="162" conditionals="68" coveredconditionals="61" methods="23" coveredmethods="22"/>
        <line num="8" count="1" type="stmt"/>
        <line num="47" count="43" type="cond" truecount="2" falsecount="0"/>
        <line num="48" count="43" type="stmt"/>
        <line num="49" count="43" type="stmt"/>
        <line num="50" count="43" type="stmt"/>
        <line num="51" count="43" type="stmt"/>
        <line num="52" count="43" type="stmt"/>
        <line num="57" count="43" type="stmt"/>
        <line num="71" count="30" type="stmt"/>
        <line num="72" count="30" type="stmt"/>
        <line num="73" count="29" type="stmt"/>
        <line num="74" count="29" type="stmt"/>
        <line num="76" count="1" type="stmt"/>
        <line num="77" count="1" type="stmt"/>
        <line num="86" count="29" type="cond" truecount="3" falsecount="1"/>
        <line num="87" count="0" type="stmt"/>
        <line num="90" count="29" type="stmt"/>
        <line num="92" count="29" type="stmt"/>
        <line num="93" count="48" type="stmt"/>
        <line num="94" count="48" type="cond" truecount="2" falsecount="0"/>
        <line num="95" count="26" type="cond" truecount="2" falsecount="0"/>
        <line num="96" count="19" type="stmt"/>
        <line num="98" count="26" type="stmt"/>
        <line num="114" count="35" type="cond" truecount="2" falsecount="0"/>
        <line num="115" count="1" type="stmt"/>
        <line num="116" count="1" type="stmt"/>
        <line num="117" count="1" type="stmt"/>
        <line num="118" count="1" type="stmt"/>
        <line num="122" count="34" type="cond" truecount="2" falsecount="0"/>
        <line num="123" count="1" type="stmt"/>
        <line num="127" count="33" type="stmt"/>
        <line num="128" count="33" type="stmt"/>
        <line num="130" count="33" type="stmt"/>
        <line num="131" count="33" type="stmt"/>
        <line num="132" count="30" type="stmt"/>
        <line num="134" count="30" type="stmt"/>
        <line num="135" count="30" type="stmt"/>
        <line num="143" count="30" type="stmt"/>
        <line num="144" count="30" type="stmt"/>
        <line num="147" count="3" type="stmt"/>
        <line num="148" count="3" type="stmt"/>
        <line num="149" count="3" type="stmt"/>
        <line num="160" count="33" type="stmt"/>
        <line num="161" count="33" type="cond" truecount="2" falsecount="0"/>
        <line num="162" count="1" type="stmt"/>
        <line num="165" count="32" type="stmt"/>
        <line num="167" count="32" type="stmt"/>
        <line num="177" count="73" type="cond" truecount="3" falsecount="1"/>
        <line num="178" count="0" type="stmt"/>
        <line num="181" count="73" type="stmt"/>
        <line num="182" count="96" type="cond" truecount="2" falsecount="0"/>
        <line num="183" count="72" type="stmt"/>
        <line num="187" count="1" type="stmt"/>
        <line num="196" count="2" type="stmt"/>
        <line num="197" count="2" type="cond" truecount="2" falsecount="0"/>
        <line num="205" count="4" type="stmt"/>
        <line num="206" count="4" type="cond" truecount="2" falsecount="0"/>
        <line num="207" count="1" type="stmt"/>
        <line num="210" count="3" type="stmt"/>
        <line num="211" count="3" type="stmt"/>
        <line num="213" count="3" type="cond" truecount="2" falsecount="0"/>
        <line num="214" count="1" type="stmt"/>
        <line num="224" count="12" type="stmt"/>
        <line num="225" count="12" type="cond" truecount="1" falsecount="1"/>
        <line num="226" count="0" type="stmt"/>
        <line num="230" count="12" type="cond" truecount="1" falsecount="1"/>
        <line num="232" count="12" type="cond" truecount="2" falsecount="0"/>
        <line num="233" count="1" type="stmt"/>
        <line num="236" count="12" type="cond" truecount="2" falsecount="0"/>
        <line num="237" count="1" type="stmt"/>
        <line num="238" count="1" type="stmt"/>
        <line num="242" count="12" type="stmt"/>
        <line num="243" count="12" type="stmt"/>
        <line num="253" count="6" type="stmt"/>
        <line num="254" count="6" type="cond" truecount="4" falsecount="0"/>
        <line num="255" count="1" type="stmt"/>
        <line num="256" count="1" type="stmt"/>
        <line num="259" count="5" type="stmt"/>
        <line num="260" count="10" type="stmt"/>
        <line num="261" count="10" type="stmt"/>
        <line num="269" count="5" type="stmt"/>
        <line num="279" count="9" type="stmt"/>
        <line num="280" count="9" type="stmt"/>
        <line num="281" count="9" type="stmt"/>
        <line num="283" count="9" type="stmt"/>
        <line num="284" count="16" type="stmt"/>
        <line num="285" count="16" type="cond" truecount="4" falsecount="0"/>
        <line num="287" count="6" type="stmt"/>
        <line num="288" count="6" type="stmt"/>
        <line num="290" count="3" type="stmt"/>
        <line num="291" count="3" type="stmt"/>
        <line num="293" count="1" type="stmt"/>
        <line num="294" count="1" type="stmt"/>
        <line num="296" count="6" type="stmt"/>
        <line num="300" count="9" type="stmt"/>
        <line num="303" count="9" type="cond" truecount="2" falsecount="0"/>
        <line num="304" count="5" type="stmt"/>
        <line num="308" count="5" type="stmt"/>
        <line num="309" count="5" type="stmt"/>
        <line num="310" count="5" type="stmt"/>
        <line num="315" count="9" type="cond" truecount="2" falsecount="0"/>
        <line num="316" count="2" type="stmt"/>
        <line num="320" count="2" type="stmt"/>
        <line num="321" count="2" type="stmt"/>
        <line num="322" count="3" type="stmt"/>
        <line num="327" count="9" type="cond" truecount="2" falsecount="0"/>
        <line num="328" count="4" type="stmt"/>
        <line num="333" count="4" type="stmt"/>
        <line num="334" count="0" type="stmt"/>
        <line num="338" count="9" type="stmt"/>
        <line num="349" count="11" type="stmt"/>
        <line num="350" count="11" type="stmt"/>
        <line num="352" count="11" type="stmt"/>
        <line num="353" count="11" type="stmt"/>
        <line num="355" count="11" type="stmt"/>
        <line num="356" count="16" type="stmt"/>
        <line num="357" count="16" type="stmt"/>
        <line num="359" count="15" type="stmt"/>
        <line num="360" count="15" type="stmt"/>
        <line num="361" count="15" type="stmt"/>
        <line num="364" count="1" type="stmt"/>
        <line num="365" count="1" type="stmt"/>
        <line num="366" count="1" type="stmt"/>
        <line num="369" count="16" type="stmt"/>
        <line num="372" count="11" type="stmt"/>
        <line num="373" count="11" type="stmt"/>
        <line num="382" count="16" type="stmt"/>
        <line num="383" count="16" type="cond" truecount="1" falsecount="1"/>
        <line num="385" count="16" type="stmt"/>
        <line num="398" count="3" type="stmt"/>
        <line num="399" count="3" type="cond" truecount="2" falsecount="0"/>
        <line num="400" count="1" type="stmt"/>
        <line num="403" count="2" type="stmt"/>
        <line num="404" count="4" type="stmt"/>
        <line num="405" count="4" type="cond" truecount="1" falsecount="1"/>
        <line num="407" count="4" type="stmt"/>
        <line num="408" count="4" type="stmt"/>
        <line num="412" count="2" type="stmt"/>
        <line num="420" count="2" type="stmt"/>
        <line num="422" count="2" type="stmt"/>
        <line num="423" count="3" type="cond" truecount="2" falsecount="0"/>
        <line num="424" count="2" type="stmt"/>
        <line num="428" count="2" type="stmt"/>
        <line num="429" count="2" type="stmt"/>
        <line num="432" count="2" type="stmt"/>
        <line num="441" count="2" type="stmt"/>
        <line num="442" count="2" type="cond" truecount="2" falsecount="0"/>
        <line num="444" count="2" type="stmt"/>
        <line num="456" count="1" type="stmt"/>
        <line num="470" count="3" type="stmt"/>
        <line num="472" count="3" type="stmt"/>
        <line num="473" count="3" type="cond" truecount="2" falsecount="0"/>
        <line num="475" count="1" type="stmt"/>
        <line num="476" count="2" type="cond" truecount="1" falsecount="1"/>
        <line num="478" count="2" type="stmt"/>
        <line num="482" count="3" type="stmt"/>
        <line num="490" count="3" type="stmt"/>
        <line num="491" count="3" type="stmt"/>
        <line num="494" count="3" type="stmt"/>
        <line num="495" count="3" type="stmt"/>
        <line num="496" count="3" type="stmt"/>
        <line num="497" count="3" type="stmt"/>
        <line num="500" count="3" type="stmt"/>
        <line num="501" count="9" type="stmt"/>
        <line num="502" count="9" type="stmt"/>
        <line num="505" count="3" type="stmt"/>
      </file>
    </package>
    <package name="engine.audio">
      <metrics statements="23" coveredstatements="0" conditionals="13" coveredconditionals="0" methods="10" coveredmethods="0"/>
      <file name="AdaptiveMusic.js" path="/home/tsonu/src/genai-game-engine/src/engine/audio/AdaptiveMusic.js">
        <metrics statements="4" coveredstatements="0" conditionals="0" coveredconditionals="0" methods="3" coveredmethods="0"/>
        <line num="7" count="0" type="stmt"/>
        <line num="8" count="0" type="stmt"/>
        <line num="9" count="0" type="stmt"/>
        <line num="13" count="0" type="stmt"/>
      </file>
      <file name="AudioManager.js" path="/home/tsonu/src/genai-game-engine/src/engine/audio/AudioManager.js">
        <metrics statements="19" coveredstatements="0" conditionals="13" coveredconditionals="0" methods="7" coveredmethods="0"/>
        <line num="7" count="0" type="stmt"/>
        <line num="8" count="0" type="stmt"/>
        <line num="9" count="0" type="stmt"/>
        <line num="10" count="0" type="stmt"/>
        <line num="11" count="0" type="stmt"/>
        <line num="15" count="0" type="cond" truecount="0" falsecount="2"/>
        <line num="16" count="0" type="stmt"/>
        <line num="17" count="0" type="stmt"/>
        <line num="18" count="0" type="stmt"/>
        <line num="22" count="0" type="cond" truecount="0" falsecount="2"/>
        <line num="23" count="0" type="stmt"/>
        <line num="29" count="0" type="cond" truecount="0" falsecount="2"/>
        <line num="30" count="0" type="stmt"/>
        <line num="36" count="0" type="cond" truecount="0" falsecount="2"/>
        <line num="37" count="0" type="stmt"/>
        <line num="42" count="0" type="cond" truecount="0" falsecount="2"/>
        <line num="43" count="0" type="stmt"/>
        <line num="48" count="0" type="cond" truecount="0" falsecount="2"/>
        <line num="49" count="0" type="stmt"/>
      </file>
    </package>
    <package name="engine.ecs">
      <metrics statements="262" coveredstatements="214" conditionals="125" coveredconditionals="95" methods="69" coveredmethods="46"/>
      <file name="Component.js" path="/home/tsonu/src/genai-game-engine/src/engine/ecs/Component.js">
        <metrics statements="32" coveredstatements="0" conditionals="14" coveredconditionals="0" methods="8" coveredmethods="0"/>
        <line num="22" count="0" type="stmt"/>
        <line num="30" count="0" type="stmt"/>
        <line num="44" count="0" type="stmt"/>
        <line num="45" count="0" type="stmt"/>
        <line num="46" count="0" type="stmt"/>
        <line num="47" count="0" type="stmt"/>
        <line num="56" count="0" type="stmt"/>
        <line num="57" count="0" type="stmt"/>
        <line num="58" count="0" type="stmt"/>
        <line num="67" count="0" type="stmt"/>
        <line num="68" count="0" type="stmt"/>
        <line num="69" count="0" type="stmt"/>
        <line num="70" count="0" type="stmt"/>
        <line num="71" count="0" type="stmt"/>
        <line num="72" count="0" type="stmt"/>
        <line num="73" count="0" type="stmt"/>
        <line num="74" count="0" type="stmt"/>
        <line num="75" count="0" type="stmt"/>
        <line num="84" count="0" type="stmt"/>
        <line num="85" count="0" type="stmt"/>
        <line num="86" count="0" type="stmt"/>
        <line num="87" count="0" type="stmt"/>
        <line num="88" count="0" type="stmt"/>
        <line num="89" count="0" type="stmt"/>
        <line num="90" count="0" type="stmt"/>
        <line num="99" count="0" type="stmt"/>
        <line num="100" count="0" type="stmt"/>
        <line num="101" count="0" type="stmt"/>
        <line num="102" count="0" type="stmt"/>
        <line num="111" count="0" type="stmt"/>
        <line num="112" count="0" type="stmt"/>
        <line num="113" count="0" type="stmt"/>
      </file>
      <file name="ComponentRegistry.js" path="/home/tsonu/src/genai-game-engine/src/engine/ecs/ComponentRegistry.js">
        <metrics statements="77" coveredstatements="75" conditionals="42" coveredconditionals="37" methods="13" coveredmethods="13"/>
        <line num="17" count="123" type="stmt"/>
        <line num="18" count="123" type="stmt"/>
        <line num="19" count="123" type="stmt"/>
        <line num="29" count="10954" type="cond" truecount="2" falsecount="0"/>
        <line num="30" count="1" type="stmt"/>
        <line num="33" count="10953" type="stmt"/>
        <line num="36" count="10953" type="cond" truecount="2" falsecount="0"/>
        <line num="37" count="120" type="stmt"/>
        <line num="41" count="10953" type="stmt"/>
        <line num="44" count="10953" type="stmt"/>
        <line num="47" count="10953" type="stmt"/>
        <line num="57" count="7" type="stmt"/>
        <line num="58" count="7" type="cond" truecount="2" falsecount="0"/>
        <line num="59" count="1" type="stmt"/>
        <line num="62" count="6" type="stmt"/>
        <line num="63" count="6" type="cond" truecount="1" falsecount="1"/>
        <line num="65" count="6" type="stmt"/>
        <line num="68" count="6" type="stmt"/>
        <line num="71" count="6" type="stmt"/>
        <line num="81" count="75447" type="stmt"/>
        <line num="82" count="75447" type="cond" truecount="2" falsecount="0"/>
        <line num="92" count="40" type="stmt"/>
        <line num="93" count="40" type="cond" truecount="2" falsecount="0"/>
        <line num="102" count="2" type="cond" truecount="2" falsecount="0"/>
        <line num="117" count="800" type="cond" truecount="2" falsecount="0"/>
        <line num="118" count="34" type="stmt"/>
        <line num="122" count="766" type="stmt"/>
        <line num="123" count="766" type="cond" truecount="2" falsecount="0"/>
        <line num="124" count="737" type="stmt"/>
        <line num="128" count="29" type="stmt"/>
        <line num="129" count="29" type="cond" truecount="2" falsecount="0"/>
        <line num="131" count="29" type="stmt"/>
        <line num="132" count="6" type="cond" truecount="1" falsecount="1"/>
        <line num="133" count="6" type="cond" truecount="2" falsecount="0"/>
        <line num="134" count="3" type="stmt"/>
        <line num="135" count="3" type="stmt"/>
        <line num="140" count="29" type="cond" truecount="2" falsecount="0"/>
        <line num="141" count="14" type="stmt"/>
        <line num="142" count="14" type="stmt"/>
        <line num="146" count="15" type="stmt"/>
        <line num="147" count="15" type="stmt"/>
        <line num="149" count="15" type="stmt"/>
        <line num="151" count="2041" type="cond" truecount="2" falsecount="0"/>
        <line num="152" count="1" type="stmt"/>
        <line num="156" count="2040" type="stmt"/>
        <line num="157" count="2040" type="stmt"/>
        <line num="158" count="2070" type="cond" truecount="2" falsecount="0"/>
        <line num="159" count="2040" type="stmt"/>
        <line num="161" count="30" type="cond" truecount="1" falsecount="1"/>
        <line num="162" count="0" type="stmt"/>
        <line num="163" count="0" type="stmt"/>
        <line num="167" count="2040" type="cond" truecount="1" falsecount="1"/>
        <line num="168" count="2040" type="stmt"/>
        <line num="173" count="15" type="stmt"/>
        <line num="174" count="15" type="stmt"/>
        <line num="183" count="4" type="cond" truecount="2" falsecount="0"/>
        <line num="184" count="1" type="stmt"/>
        <line num="187" count="3" type="stmt"/>
        <line num="189" count="3" type="stmt"/>
        <line num="190" count="6" type="stmt"/>
        <line num="191" count="6" type="cond" truecount="1" falsecount="1"/>
        <line num="192" count="6" type="stmt"/>
        <line num="193" count="6" type="cond" truecount="2" falsecount="0"/>
        <line num="194" count="5" type="stmt"/>
        <line num="200" count="3" type="stmt"/>
        <line num="210" count="1" type="stmt"/>
        <line num="212" count="1" type="stmt"/>
        <line num="213" count="3" type="stmt"/>
        <line num="222" count="2" type="stmt"/>
        <line num="223" count="2" type="stmt"/>
        <line num="224" count="3" type="stmt"/>
        <line num="226" count="2" type="stmt"/>
        <line num="235" count="3" type="stmt"/>
        <line num="236" count="3" type="cond" truecount="2" falsecount="0"/>
        <line num="243" count="1" type="stmt"/>
        <line num="244" count="1" type="stmt"/>
        <line num="252" count="2" type="stmt"/>
      </file>
      <file name="Entity.js" path="/home/tsonu/src/genai-game-engine/src/engine/ecs/Entity.js">
        <metrics statements="8" coveredstatements="0" conditionals="0" coveredconditionals="0" methods="6" coveredmethods="0"/>
        <line num="14" count="0" type="stmt"/>
        <line num="15" count="0" type="stmt"/>
        <line num="16" count="0" type="stmt"/>
        <line num="26" count="0" type="stmt"/>
        <line num="34" count="0" type="stmt"/>
        <line num="41" count="0" type="stmt"/>
        <line num="48" count="0" type="stmt"/>
        <line num="56" count="0" type="stmt"/>
      </file>
      <file name="EntityManager.js" path="/home/tsonu/src/genai-game-engine/src/engine/ecs/EntityManager.js">
        <metrics statements="81" coveredstatements="81" conditionals="49" coveredconditionals="40" methods="17" coveredmethods="17"/>
        <line num="10" count="155" type="stmt"/>
        <line num="11" count="155" type="stmt"/>
        <line num="12" count="155" type="stmt"/>
        <line num="13" count="155" type="stmt"/>
        <line num="27" count="9592" type="cond" truecount="2" falsecount="0"/>
        <line num="28" count="3" type="stmt"/>
        <line num="30" count="9589" type="stmt"/>
        <line num="34" count="9592" type="stmt"/>
        <line num="42" count="9592" type="cond" truecount="2" falsecount="0"/>
        <line num="43" count="112" type="cond" truecount="2" falsecount="0"/>
        <line num="44" count="10" type="stmt"/>
        <line num="46" count="112" type="stmt"/>
        <line num="49" count="9592" type="stmt"/>
        <line num="60" count="1008" type="stmt"/>
        <line num="61" count="1008" type="cond" truecount="2" falsecount="0"/>
        <line num="62" count="1" type="stmt"/>
        <line num="66" count="1007" type="cond" truecount="2" falsecount="0"/>
        <line num="67" count="1" type="stmt"/>
        <line num="68" count="1" type="cond" truecount="1" falsecount="1"/>
        <line num="69" count="1" type="stmt"/>
        <line num="70" count="1" type="cond" truecount="1" falsecount="1"/>
        <line num="71" count="1" type="stmt"/>
        <line num="77" count="1007" type="stmt"/>
        <line num="80" count="1007" type="stmt"/>
        <line num="82" count="1007" type="stmt"/>
        <line num="91" count="10958" type="stmt"/>
        <line num="99" count="36" type="stmt"/>
        <line num="100" count="36" type="stmt"/>
        <line num="101" count="8" type="cond" truecount="2" falsecount="0"/>
        <line num="102" count="7" type="stmt"/>
        <line num="105" count="36" type="stmt"/>
        <line num="114" count="13" type="stmt"/>
        <line num="115" count="13" type="cond" truecount="2" falsecount="0"/>
        <line num="116" count="7" type="stmt"/>
        <line num="120" count="6" type="stmt"/>
        <line num="121" count="6" type="stmt"/>
        <line num="122" count="107" type="stmt"/>
        <line num="123" count="107" type="cond" truecount="4" falsecount="0"/>
        <line num="124" count="106" type="stmt"/>
        <line num="127" count="6" type="stmt"/>
        <line num="136" count="3" type="stmt"/>
        <line num="137" count="3" type="cond" truecount="2" falsecount="0"/>
        <line num="138" count="1" type="stmt"/>
        <line num="142" count="2" type="cond" truecount="2" falsecount="0"/>
        <line num="143" count="1" type="stmt"/>
        <line num="144" count="1" type="cond" truecount="1" falsecount="1"/>
        <line num="145" count="1" type="stmt"/>
        <line num="146" count="1" type="cond" truecount="1" falsecount="1"/>
        <line num="147" count="1" type="stmt"/>
        <line num="153" count="2" type="stmt"/>
        <line num="154" count="2" type="cond" truecount="1" falsecount="1"/>
        <line num="155" count="2" type="stmt"/>
        <line num="157" count="2" type="stmt"/>
        <line num="166" count="4" type="stmt"/>
        <line num="167" count="4" type="cond" truecount="1" falsecount="1"/>
        <line num="175" count="2" type="stmt"/>
        <line num="176" count="2" type="cond" truecount="2" falsecount="0"/>
        <line num="177" count="1" type="stmt"/>
        <line num="186" count="8" type="stmt"/>
        <line num="187" count="8" type="cond" truecount="1" falsecount="1"/>
        <line num="188" count="8" type="stmt"/>
        <line num="198" count="2051" type="stmt"/>
        <line num="199" count="2051" type="cond" truecount="2" falsecount="0"/>
        <line num="208" count="10958" type="stmt"/>
        <line num="209" count="10958" type="cond" truecount="1" falsecount="1"/>
        <line num="210" count="10958" type="stmt"/>
        <line num="220" count="7" type="stmt"/>
        <line num="221" count="7" type="cond" truecount="1" falsecount="1"/>
        <line num="222" count="7" type="stmt"/>
        <line num="232" count="7" type="stmt"/>
        <line num="233" count="7" type="cond" truecount="2" falsecount="0"/>
        <line num="241" count="5" type="stmt"/>
        <line num="249" count="2" type="stmt"/>
        <line num="250" count="2" type="stmt"/>
        <line num="251" count="6" type="cond" truecount="2" falsecount="0"/>
        <line num="252" count="4" type="stmt"/>
        <line num="255" count="2" type="stmt"/>
        <line num="262" count="3" type="stmt"/>
        <line num="263" count="3" type="stmt"/>
        <line num="264" count="3" type="stmt"/>
        <line num="265" count="3" type="stmt"/>
      </file>
      <file name="System.js" path="/home/tsonu/src/genai-game-engine/src/engine/ecs/System.js">
        <metrics statements="13" coveredstatements="7" conditionals="1" coveredconditionals="0" methods="12" coveredmethods="3"/>
        <line num="31" count="59" type="stmt"/>
        <line num="32" count="59" type="stmt"/>
        <line num="33" count="59" type="stmt"/>
        <line num="34" count="59" type="stmt"/>
        <line num="35" count="59" type="stmt"/>
        <line num="72" count="75298" type="stmt"/>
        <line num="82" count="0" type="stmt"/>
        <line num="89" count="0" type="stmt"/>
        <line num="96" count="0" type="stmt"/>
        <line num="104" count="0" type="stmt"/>
        <line num="112" count="0" type="stmt"/>
        <line num="120" count="0" type="stmt"/>
        <line num="128" count="1" type="stmt"/>
      </file>
      <file name="SystemManager.js" path="/home/tsonu/src/genai-game-engine/src/engine/ecs/SystemManager.js">
        <metrics statements="51" coveredstatements="51" conditionals="19" coveredconditionals="18" methods="13" coveredmethods="13"/>
        <line num="16" count="46" type="stmt"/>
        <line num="17" count="46" type="stmt"/>
        <line num="18" count="46" type="stmt"/>
        <line num="19" count="46" type="stmt"/>
        <line num="20" count="46" type="stmt"/>
        <line num="33" count="196" type="cond" truecount="4" falsecount="0"/>
        <line num="34" count="1" type="stmt"/>
        <line num="38" count="195" type="stmt"/>
        <line num="39" count="195" type="stmt"/>
        <line num="42" count="195" type="stmt"/>
        <line num="45" count="195" type="cond" truecount="2" falsecount="0"/>
        <line num="46" count="194" type="stmt"/>
        <line num="50" count="5295" type="stmt"/>
        <line num="53" count="195" type="stmt"/>
        <line num="62" count="3" type="stmt"/>
        <line num="63" count="3" type="cond" truecount="2" falsecount="0"/>
        <line num="64" count="1" type="stmt"/>
        <line num="68" count="2" type="stmt"/>
        <line num="71" count="2" type="stmt"/>
        <line num="72" count="2" type="cond" truecount="1" falsecount="1"/>
        <line num="73" count="2" type="stmt"/>
        <line num="77" count="2" type="stmt"/>
        <line num="79" count="2" type="stmt"/>
        <line num="88" count="4" type="stmt"/>
        <line num="100" count="415" type="stmt"/>
        <line num="101" count="796" type="stmt"/>
        <line num="104" count="796" type="cond" truecount="2" falsecount="0"/>
        <line num="105" count="10" type="stmt"/>
        <line num="109" count="786" type="stmt"/>
        <line num="112" count="786" type="stmt"/>
        <line num="121" count="1" type="stmt"/>
        <line num="122" count="2" type="stmt"/>
        <line num="131" count="1" type="stmt"/>
        <line num="132" count="2" type="stmt"/>
        <line num="142" count="3" type="stmt"/>
        <line num="143" count="3" type="cond" truecount="2" falsecount="0"/>
        <line num="144" count="2" type="stmt"/>
        <line num="145" count="2" type="stmt"/>
        <line num="147" count="1" type="stmt"/>
        <line num="156" count="6" type="stmt"/>
        <line num="157" count="6" type="cond" truecount="2" falsecount="0"/>
        <line num="158" count="5" type="stmt"/>
        <line num="159" count="5" type="stmt"/>
        <line num="161" count="1" type="stmt"/>
        <line num="169" count="1" type="stmt"/>
        <line num="177" count="5" type="stmt"/>
        <line num="185" count="2" type="stmt"/>
        <line num="186" count="2" type="stmt"/>
        <line num="187" count="6" type="cond" truecount="2" falsecount="0"/>
        <line num="188" count="4" type="stmt"/>
        <line num="191" count="2" type="stmt"/>
      </file>
    </package>
    <package name="engine.events">
      <metrics statements="81" coveredstatements="80" conditionals="37" coveredconditionals="34" methods="19" coveredmethods="19"/>
      <file name="EventBus.js" path="/home/tsonu/src/genai-game-engine/src/engine/events/EventBus.js">
        <metrics statements="81" coveredstatements="80" conditionals="37" coveredconditionals="34" methods="19" coveredmethods="19"/>
        <line num="20" count="156" type="stmt"/>
        <line num="21" count="156" type="stmt"/>
        <line num="22" count="156" type="stmt"/>
        <line num="23" count="156" type="stmt"/>
        <line num="36" count="177" type="cond" truecount="2" falsecount="0"/>
        <line num="37" count="9" type="stmt"/>
        <line num="38" count="9" type="stmt"/>
        <line num="39" count="9" type="stmt"/>
        <line num="41" count="9" type="stmt"/>
        <line num="42" count="1" type="stmt"/>
        <line num="43" count="1" type="cond" truecount="1" falsecount="1"/>
        <line num="44" count="1" type="stmt"/>
        <line num="50" count="168" type="cond" truecount="2" falsecount="0"/>
        <line num="51" count="58" type="stmt"/>
        <line num="54" count="168" type="stmt"/>
        <line num="55" count="168" type="stmt"/>
        <line num="56" count="168" type="stmt"/>
        <line num="59" count="4966" type="stmt"/>
        <line num="62" count="168" type="stmt"/>
        <line num="63" count="4" type="stmt"/>
        <line num="64" count="4" type="cond" truecount="1" falsecount="1"/>
        <line num="65" count="4" type="stmt"/>
        <line num="66" count="4" type="cond" truecount="1" falsecount="1"/>
        <line num="67" count="4" type="stmt"/>
        <line num="79" count="4" type="stmt"/>
        <line num="80" count="4" type="cond" truecount="2" falsecount="0"/>
        <line num="81" count="1" type="stmt"/>
        <line num="84" count="3" type="stmt"/>
        <line num="85" count="3" type="cond" truecount="2" falsecount="0"/>
        <line num="86" count="2" type="stmt"/>
        <line num="99" count="3" type="stmt"/>
        <line num="102" count="2" type="stmt"/>
        <line num="103" count="2" type="stmt"/>
        <line num="108" count="3" type="stmt"/>
        <line num="118" count="2636" type="stmt"/>
        <line num="119" count="2636" type="cond" truecount="2" falsecount="0"/>
        <line num="120" count="2079" type="stmt"/>
        <line num="121" count="2182" type="stmt"/>
        <line num="122" count="2182" type="stmt"/>
        <line num="123" count="2182" type="stmt"/>
        <line num="125" count="2" type="stmt"/>
        <line num="131" count="2636" type="stmt"/>
        <line num="132" count="110" type="stmt"/>
        <line num="133" count="110" type="cond" truecount="2" falsecount="0"/>
        <line num="134" count="106" type="stmt"/>
        <line num="135" count="106" type="stmt"/>
        <line num="137" count="0" type="stmt"/>
        <line num="151" count="1012" type="stmt"/>
        <line num="159" count="7" type="cond" truecount="2" falsecount="0"/>
        <line num="160" count="1" type="stmt"/>
        <line num="163" count="6" type="stmt"/>
        <line num="166" count="6" type="stmt"/>
        <line num="167" count="6" type="stmt"/>
        <line num="170" count="6" type="stmt"/>
        <line num="171" count="1006" type="stmt"/>
        <line num="172" count="1006" type="stmt"/>
        <line num="175" count="6" type="stmt"/>
        <line num="185" count="110" type="stmt"/>
        <line num="186" count="110" type="stmt"/>
        <line num="188" count="110" type="cond" truecount="2" falsecount="0"/>
        <line num="189" count="2" type="stmt"/>
        <line num="192" count="108" type="stmt"/>
        <line num="193" count="218" type="cond" truecount="2" falsecount="0"/>
        <line num="194" count="107" type="stmt"/>
        <line num="196" count="111" type="cond" truecount="2" falsecount="0"/>
        <line num="197" count="2" type="stmt"/>
        <line num="201" count="106" type="stmt"/>
        <line num="209" count="88" type="cond" truecount="2" falsecount="0"/>
        <line num="210" count="1" type="stmt"/>
        <line num="212" count="87" type="stmt"/>
        <line num="213" count="87" type="stmt"/>
        <line num="214" count="87" type="stmt"/>
        <line num="224" count="2" type="stmt"/>
        <line num="225" count="2" type="cond" truecount="2" falsecount="0"/>
        <line num="233" count="2" type="stmt"/>
        <line num="241" count="1" type="stmt"/>
        <line num="242" count="1" type="stmt"/>
        <line num="243" count="2" type="stmt"/>
        <line num="245" count="1" type="stmt"/>
        <line num="253" count="4" type="stmt"/>
        <line num="258" count="8" type="stmt"/>
      </file>
    </package>
    <package name="engine.physics">
      <metrics statements="236" coveredstatements="203" conditionals="133" coveredconditionals="103" methods="22" coveredmethods="20"/>
      <file name="CollisionSystem.js" path="/home/tsonu/src/genai-game-engine/src/engine/physics/CollisionSystem.js">
        <metrics statements="96" coveredstatements="81" conditionals="78" coveredconditionals="56" methods="7" coveredmethods="7"/>
        <line num="21" count="35" type="stmt"/>
        <line num="22" count="35" type="cond" truecount="2" falsecount="0"/>
        <line num="23" count="35" type="stmt"/>
        <line num="24" count="35" type="stmt"/>
        <line num="25" count="35" type="cond" truecount="2" falsecount="0"/>
        <line num="26" count="35" type="stmt"/>
        <line num="27" count="35" type="stmt"/>
        <line num="36" count="156" type="stmt"/>
        <line num="37" count="156" type="stmt"/>
        <line num="40" count="156" type="stmt"/>
        <line num="41" count="156" type="stmt"/>
        <line num="44" count="156" type="stmt"/>
        <line num="45" count="5601" type="stmt"/>
        <line num="46" count="5601" type="stmt"/>
        <line num="48" count="5601" type="cond" truecount="4" falsecount="0"/>
        <line num="50" count="5472" type="stmt"/>
        <line num="51" count="5472" type="stmt"/>
        <line num="60" count="156" type="stmt"/>
        <line num="63" count="156" type="stmt"/>
        <line num="64" count="5601" type="stmt"/>
        <line num="65" count="5601" type="stmt"/>
        <line num="67" count="5601" type="cond" truecount="4" falsecount="0"/>
        <line num="69" count="5472" type="stmt"/>
        <line num="71" count="5472" type="stmt"/>
        <line num="78" count="5472" type="stmt"/>
        <line num="79" count="45244" type="cond" truecount="2" falsecount="0"/>
        <line num="81" count="19886" type="stmt"/>
        <line num="82" count="19886" type="cond" truecount="1" falsecount="1"/>
        <line num="84" count="19886" type="stmt"/>
        <line num="86" count="19886" type="stmt"/>
        <line num="87" count="19886" type="stmt"/>
        <line num="89" count="19886" type="cond" truecount="3" falsecount="1"/>
        <line num="92" count="19886" type="cond" truecount="1" falsecount="1"/>
        <line num="93" count="0" type="stmt"/>
        <line num="96" count="19886" type="stmt"/>
        <line num="98" count="19886" type="stmt"/>
        <line num="105" count="19886" type="cond" truecount="2" falsecount="0"/>
        <line num="106" count="193" type="stmt"/>
        <line num="109" count="193" type="stmt"/>
        <line num="111" count="193" type="cond" truecount="2" falsecount="0"/>
        <line num="113" count="155" type="cond" truecount="3" falsecount="1"/>
        <line num="114" count="0" type="stmt"/>
        <line num="120" count="155" type="stmt"/>
        <line num="129" count="193" type="cond" truecount="3" falsecount="1"/>
        <line num="130" count="0" type="stmt"/>
        <line num="136" count="193" type="stmt"/>
        <line num="143" count="193" type="cond" truecount="4" falsecount="1"/>
        <line num="144" count="193" type="stmt"/>
        <line num="160" count="156" type="stmt"/>
        <line num="161" count="39" type="cond" truecount="2" falsecount="0"/>
        <line num="162" count="1" type="stmt"/>
        <line num="163" count="1" type="stmt"/>
        <line num="164" count="1" type="stmt"/>
        <line num="166" count="1" type="cond" truecount="3" falsecount="1"/>
        <line num="167" count="1" type="cond" truecount="3" falsecount="1"/>
        <line num="168" count="0" type="stmt"/>
        <line num="173" count="1" type="stmt"/>
        <line num="192" count="19886" type="stmt"/>
        <line num="193" count="19886" type="stmt"/>
        <line num="195" count="19886" type="stmt"/>
        <line num="205" count="39772" type="stmt"/>
        <line num="206" count="39772" type="stmt"/>
        <line num="209" count="39772" type="cond" truecount="1" falsecount="1"/>
        <line num="211" count="39772" type="cond" truecount="2" falsecount="0"/>
        <line num="212" count="2564" type="stmt"/>
        <line num="219" count="37208" type="cond" truecount="1" falsecount="1"/>
        <line num="220" count="37208" type="stmt"/>
        <line num="228" count="0" type="stmt"/>
        <line num="243" count="193" type="cond" truecount="3" falsecount="1"/>
        <line num="244" count="0" type="stmt"/>
        <line num="247" count="193" type="stmt"/>
        <line num="250" count="193" type="stmt"/>
        <line num="251" count="193" type="stmt"/>
        <line num="253" count="193" type="cond" truecount="2" falsecount="0"/>
        <line num="254" count="3" type="stmt"/>
        <line num="255" count="190" type="cond" truecount="1" falsecount="1"/>
        <line num="256" count="0" type="stmt"/>
        <line num="259" count="190" type="stmt"/>
        <line num="260" count="190" type="stmt"/>
        <line num="264" count="193" type="cond" truecount="2" falsecount="0"/>
        <line num="265" count="190" type="stmt"/>
        <line num="266" count="190" type="stmt"/>
        <line num="269" count="193" type="cond" truecount="1" falsecount="1"/>
        <line num="270" count="193" type="stmt"/>
        <line num="271" count="193" type="stmt"/>
        <line num="283" count="19886" type="cond" truecount="1" falsecount="1"/>
        <line num="284" count="19886" type="stmt"/>
        <line num="288" count="0" type="cond" truecount="0" falsecount="4"/>
        <line num="289" count="0" type="stmt"/>
        <line num="293" count="0" type="stmt"/>
        <line num="294" count="0" type="stmt"/>
        <line num="295" count="0" type="stmt"/>
        <line num="296" count="0" type="cond" truecount="0" falsecount="4"/>
        <line num="297" count="0" type="stmt"/>
        <line num="302" count="0" type="stmt"/>
        <line num="310" count="4" type="stmt"/>
      </file>
      <file name="MovementSystem.js" path="/home/tsonu/src/genai-game-engine/src/engine/physics/MovementSystem.js">
        <metrics statements="10" coveredstatements="10" conditionals="4" coveredconditionals="4" methods="2" coveredmethods="2"/>
        <line num="14" count="24" type="stmt"/>
        <line num="15" count="24" type="stmt"/>
        <line num="24" count="349" type="stmt"/>
        <line num="25" count="6560" type="stmt"/>
        <line num="26" count="6560" type="stmt"/>
        <line num="28" count="6560" type="cond" truecount="4" falsecount="0"/>
        <line num="31" count="6540" type="stmt"/>
        <line num="34" count="6540" type="stmt"/>
        <line num="37" count="6540" type="stmt"/>
        <line num="38" count="6540" type="stmt"/>
      </file>
      <file name="SpatialHash.js" path="/home/tsonu/src/genai-game-engine/src/engine/physics/SpatialHash.js">
        <metrics statements="28" coveredstatements="28" conditionals="5" coveredconditionals="5" methods="6" coveredmethods="6"/>
        <line num="8" count="71" type="stmt"/>
        <line num="9" count="71" type="stmt"/>
        <line num="13" count="159" type="stmt"/>
        <line num="17" count="10" type="stmt"/>
        <line num="18" count="10" type="stmt"/>
        <line num="19" count="10" type="stmt"/>
        <line num="23" count="8823" type="stmt"/>
        <line num="24" count="8823" type="stmt"/>
        <line num="25" count="8823" type="stmt"/>
        <line num="26" count="8823" type="stmt"/>
        <line num="28" count="8823" type="stmt"/>
        <line num="29" count="11365" type="stmt"/>
        <line num="30" count="14958" type="stmt"/>
        <line num="31" count="14958" type="cond" truecount="2" falsecount="0"/>
        <line num="32" count="4256" type="stmt"/>
        <line num="34" count="14958" type="stmt"/>
        <line num="40" count="5600" type="stmt"/>
        <line num="41" count="5600" type="stmt"/>
        <line num="42" count="5600" type="stmt"/>
        <line num="43" count="5600" type="stmt"/>
        <line num="44" count="5600" type="stmt"/>
        <line num="46" count="5600" type="stmt"/>
        <line num="47" count="7425" type="stmt"/>
        <line num="48" count="10114" type="stmt"/>
        <line num="49" count="10114" type="stmt"/>
        <line num="50" count="10114" type="cond" truecount="2" falsecount="0"/>
        <line num="51" count="56352" type="stmt"/>
        <line num="56" count="5600" type="stmt"/>
      </file>
      <file name="TriggerSystem.js" path="/home/tsonu/src/genai-game-engine/src/engine/physics/TriggerSystem.js">
        <metrics statements="13" coveredstatements="0" conditionals="4" coveredconditionals="0" methods="2" coveredmethods="0"/>
        <line num="10" count="0" type="stmt"/>
        <line num="11" count="0" type="stmt"/>
        <line num="15" count="0" type="stmt"/>
        <line num="17" count="0" type="stmt"/>
        <line num="18" count="0" type="stmt"/>
        <line num="19" count="0" type="stmt"/>
        <line num="21" count="0" type="stmt"/>
        <line num="22" count="0" type="cond" truecount="0" falsecount="2"/>
        <line num="23" count="0" type="stmt"/>
        <line num="26" count="0" type="stmt"/>
        <line num="27" count="0" type="stmt"/>
        <line num="29" count="0" type="cond" truecount="0" falsecount="2"/>
        <line num="30" count="0" type="stmt"/>
      </file>
      <file name="collisionDetectors.js" path="/home/tsonu/src/genai-game-engine/src/engine/physics/collisionDetectors.js">
        <metrics statements="89" coveredstatements="84" conditionals="42" coveredconditionals="38" methods="5" coveredmethods="5"/>
        <line num="15" count="11301" type="stmt"/>
        <line num="16" count="11301" type="stmt"/>
        <line num="17" count="11301" type="stmt"/>
        <line num="18" count="11301" type="stmt"/>
        <line num="20" count="11301" type="stmt"/>
        <line num="21" count="11301" type="stmt"/>
        <line num="22" count="11301" type="stmt"/>
        <line num="23" count="11301" type="stmt"/>
        <line num="25" count="11301" type="stmt"/>
        <line num="26" count="11301" type="stmt"/>
        <line num="28" count="11301" type="stmt"/>
        <line num="29" count="11301" type="stmt"/>
        <line num="31" count="11301" type="cond" truecount="4" falsecount="0"/>
        <line num="32" count="1143" type="stmt"/>
        <line num="38" count="10158" type="cond" truecount="2" falsecount="0"/>
        <line num="40" count="66" type="stmt"/>
        <line num="41" count="66" type="cond" truecount="2" falsecount="0"/>
        <line num="42" count="66" type="stmt"/>
        <line num="45" count="10092" type="stmt"/>
        <line num="46" count="10092" type="stmt"/>
        <line num="47" count="10092" type="cond" truecount="2" falsecount="0"/>
        <line num="50" count="10158" type="stmt"/>
        <line num="65" count="28619" type="stmt"/>
        <line num="66" count="28619" type="stmt"/>
        <line num="67" count="28619" type="stmt"/>
        <line num="68" count="28619" type="stmt"/>
        <line num="69" count="28619" type="stmt"/>
        <line num="71" count="28619" type="cond" truecount="2" falsecount="0"/>
        <line num="72" count="18559" type="stmt"/>
        <line num="75" count="10060" type="stmt"/>
        <line num="76" count="10060" type="stmt"/>
        <line num="79" count="10060" type="stmt"/>
        <line num="80" count="10060" type="stmt"/>
        <line num="82" count="10060" type="cond" truecount="2" falsecount="0"/>
        <line num="83" count="10059" type="stmt"/>
        <line num="84" count="10059" type="stmt"/>
        <line num="87" count="10060" type="stmt"/>
        <line num="103" count="10024" type="stmt"/>
        <line num="104" count="10024" type="stmt"/>
        <line num="106" count="10024" type="stmt"/>
        <line num="107" count="10024" type="stmt"/>
        <line num="108" count="10024" type="stmt"/>
        <line num="109" count="10024" type="stmt"/>
        <line num="111" count="10024" type="cond" truecount="2" falsecount="0"/>
        <line num="112" count="8" type="stmt"/>
        <line num="115" count="10016" type="stmt"/>
        <line num="116" count="10016" type="stmt"/>
        <line num="119" count="10016" type="stmt"/>
        <line num="120" count="10016" type="stmt"/>
        <line num="122" count="10016" type="cond" truecount="2" falsecount="0"/>
        <line num="124" count="10010" type="stmt"/>
        <line num="125" count="10010" type="stmt"/>
        <line num="128" count="6" type="stmt"/>
        <line num="129" count="6" type="stmt"/>
        <line num="130" count="6" type="stmt"/>
        <line num="131" count="6" type="stmt"/>
        <line num="133" count="6" type="stmt"/>
        <line num="134" count="6" type="stmt"/>
        <line num="135" count="6" type="stmt"/>
        <line num="136" count="6" type="stmt"/>
        <line num="138" count="6" type="stmt"/>
        <line num="140" count="6" type="cond" truecount="2" falsecount="0"/>
        <line num="141" count="4" type="stmt"/>
        <line num="142" count="4" type="stmt"/>
        <line num="143" count="2" type="cond" truecount="1" falsecount="1"/>
        <line num="144" count="2" type="stmt"/>
        <line num="145" count="2" type="stmt"/>
        <line num="146" count="0" type="cond" truecount="0" falsecount="2"/>
        <line num="147" count="0" type="stmt"/>
        <line num="148" count="0" type="stmt"/>
        <line num="150" count="0" type="stmt"/>
        <line num="151" count="0" type="stmt"/>
        <line num="155" count="10016" type="stmt"/>
        <line num="170" count="19897" type="stmt"/>
        <line num="171" count="19897" type="stmt"/>
        <line num="173" count="19897" type="cond" truecount="4" falsecount="0"/>
        <line num="174" count="1281" type="stmt"/>
        <line num="175" count="18616" type="cond" truecount="4" falsecount="0"/>
        <line num="176" count="18601" type="stmt"/>
        <line num="177" count="15" type="cond" truecount="4" falsecount="0"/>
        <line num="178" count="11" type="stmt"/>
        <line num="179" count="4" type="cond" truecount="4" falsecount="0"/>
        <line num="180" count="3" type="stmt"/>
        <line num="181" count="3" type="cond" truecount="1" falsecount="1"/>
        <line num="183" count="3" type="stmt"/>
        <line num="184" count="3" type="stmt"/>
        <line num="186" count="3" type="stmt"/>
        <line num="189" count="1" type="stmt"/>
        <line num="199" count="3" type="stmt"/>
      </file>
    </package>
    <package name="engine.renderer">
      <metrics statements="314" coveredstatements="286" conditionals="108" coveredconditionals="80" methods="90" coveredmethods="81"/>
      <file name="Camera.js" path="/home/tsonu/src/genai-game-engine/src/engine/renderer/Camera.js">
        <metrics statements="50" coveredstatements="50" conditionals="26" coveredconditionals="20" methods="14" coveredmethods="14"/>
        <line num="22" count="74" type="stmt"/>
        <line num="23" count="74" type="stmt"/>
        <line num="24" count="74" type="stmt"/>
        <line num="25" count="74" type="stmt"/>
        <line num="26" count="74" type="stmt"/>
        <line num="29" count="74" type="stmt"/>
        <line num="30" count="74" type="stmt"/>
        <line num="31" count="74" type="stmt"/>
        <line num="32" count="74" type="stmt"/>
        <line num="35" count="74" type="stmt"/>
        <line num="36" count="74" type="stmt"/>
        <line num="37" count="74" type="stmt"/>
        <line num="38" count="74" type="stmt"/>
        <line num="49" count="6" type="stmt"/>
        <line num="50" count="6" type="stmt"/>
        <line num="51" count="6" type="stmt"/>
        <line num="52" count="6" type="stmt"/>
        <line num="59" count="1" type="stmt"/>
        <line num="69" count="6" type="cond" truecount="4" falsecount="0"/>
        <line num="70" count="1" type="stmt"/>
        <line num="71" count="1" type="cond" truecount="1" falsecount="1"/>
        <line num="73" count="1" type="stmt"/>
        <line num="74" count="1" type="stmt"/>
        <line num="77" count="1" type="stmt"/>
        <line num="78" count="1" type="stmt"/>
        <line num="79" count="1" type="stmt"/>
        <line num="84" count="6" type="cond" truecount="2" falsecount="0"/>
        <line num="85" count="2" type="stmt"/>
        <line num="86" count="2" type="stmt"/>
        <line num="87" count="2" type="stmt"/>
        <line num="89" count="4" type="stmt"/>
        <line num="90" count="4" type="stmt"/>
        <line num="91" count="4" type="stmt"/>
        <line num="101" count="6" type="stmt"/>
        <line num="102" count="6" type="stmt"/>
        <line num="112" count="11" type="stmt"/>
        <line num="125" count="4" type="stmt"/>
        <line num="139" count="11" type="stmt"/>
        <line num="156" count="14" type="stmt"/>
        <line num="157" count="14" type="stmt"/>
        <line num="158" count="14" type="stmt"/>
        <line num="159" count="14" type="stmt"/>
        <line num="161" count="14" type="stmt"/>
        <line num="175" count="22" type="stmt"/>
        <line num="176" count="22" type="stmt"/>
        <line num="185" count="1" type="stmt"/>
        <line num="186" count="1" type="stmt"/>
        <line num="194" count="9" type="stmt"/>
        <line num="202" count="2" type="stmt"/>
        <line num="215" count="2" type="stmt"/>
      </file>
      <file name="DirtyRectManager.js" path="/home/tsonu/src/genai-game-engine/src/engine/renderer/DirtyRectManager.js">
        <metrics statements="63" coveredstatements="63" conditionals="19" coveredconditionals="18" methods="12" coveredmethods="12"/>
        <line num="25" count="24" type="stmt"/>
        <line num="26" count="24" type="stmt"/>
        <line num="27" count="24" type="stmt"/>
        <line num="28" count="24" type="stmt"/>
        <line num="29" count="24" type="stmt"/>
        <line num="36" count="1" type="stmt"/>
        <line num="37" count="1" type="stmt"/>
        <line num="49" count="134" type="stmt"/>
        <line num="50" count="134" type="stmt"/>
        <line num="51" count="134" type="stmt"/>
        <line num="52" count="134" type="stmt"/>
        <line num="55" count="134" type="cond" truecount="4" falsecount="0"/>
        <line num="56" count="1" type="stmt"/>
        <line num="59" count="133" type="stmt"/>
        <line num="62" count="133" type="cond" truecount="2" falsecount="0"/>
        <line num="63" count="1" type="stmt"/>
        <line num="71" count="6" type="stmt"/>
        <line num="72" count="6" type="stmt"/>
        <line num="82" count="2" type="stmt"/>
        <line num="90" count="12" type="cond" truecount="2" falsecount="0"/>
        <line num="91" count="3" type="stmt"/>
        <line num="94" count="9" type="cond" truecount="2" falsecount="0"/>
        <line num="95" count="1" type="stmt"/>
        <line num="99" count="8" type="stmt"/>
        <line num="100" count="8" type="stmt"/>
        <line num="102" count="8" type="cond" truecount="2" falsecount="0"/>
        <line num="103" count="8" type="stmt"/>
        <line num="104" count="8" type="stmt"/>
        <line num="106" count="8" type="stmt"/>
        <line num="107" count="11" type="stmt"/>
        <line num="108" count="11" type="stmt"/>
        <line num="111" count="11" type="stmt"/>
        <line num="112" count="21" type="cond" truecount="2" falsecount="0"/>
        <line num="113" count="17" type="stmt"/>
        <line num="114" count="17" type="stmt"/>
        <line num="115" count="17" type="stmt"/>
        <line num="116" count="17" type="stmt"/>
        <line num="117" count="17" type="stmt"/>
        <line num="121" count="11" type="stmt"/>
        <line num="124" count="8" type="stmt"/>
        <line num="127" count="8" type="stmt"/>
        <line num="139" count="21" type="stmt"/>
        <line num="140" count="21" type="stmt"/>
        <line num="141" count="21" type="stmt"/>
        <line num="142" count="21" type="stmt"/>
        <line num="145" count="21" type="stmt"/>
        <line num="147" count="21" type="stmt"/>
        <line num="149" count="21" type="stmt"/>
        <line num="163" count="17" type="stmt"/>
        <line num="164" count="17" type="stmt"/>
        <line num="165" count="17" type="stmt"/>
        <line num="166" count="17" type="stmt"/>
        <line num="168" count="17" type="stmt"/>
        <line num="181" count="3" type="stmt"/>
        <line num="189" count="2" type="stmt"/>
        <line num="197" count="2" type="stmt"/>
        <line num="198" count="2" type="stmt"/>
        <line num="200" count="2" type="cond" truecount="2" falsecount="0"/>
        <line num="201" count="1" type="stmt"/>
        <line num="204" count="1" type="stmt"/>
        <line num="213" count="2" type="stmt"/>
        <line num="214" count="2" type="stmt"/>
        <line num="215" count="2" type="stmt"/>
      </file>
      <file name="Layer.js" path="/home/tsonu/src/genai-game-engine/src/engine/renderer/Layer.js">
        <metrics statements="15" coveredstatements="15" conditionals="1" coveredconditionals="0" methods="5" coveredmethods="5"/>
        <line num="7" count="232" type="stmt"/>
        <line num="8" count="232" type="stmt"/>
        <line num="9" count="232" type="stmt"/>
        <line num="10" count="232" type="stmt"/>
        <line num="11" count="232" type="stmt"/>
        <line num="12" count="232" type="stmt"/>
        <line num="13" count="232" type="stmt"/>
        <line num="14" count="232" type="stmt"/>
        <line num="15" count="232" type="stmt"/>
        <line num="16" count="232" type="stmt"/>
        <line num="17" count="232" type="stmt"/>
        <line num="21" count="12" type="stmt"/>
        <line num="25" count="24" type="stmt"/>
        <line num="29" count="48" type="stmt"/>
        <line num="33" count="1" type="stmt"/>
      </file>
      <file name="LayeredRenderer.js" path="/home/tsonu/src/genai-game-engine/src/engine/renderer/LayeredRenderer.js">
        <metrics statements="56" coveredstatements="56" conditionals="16" coveredconditionals="15" methods="18" coveredmethods="18"/>
        <line num="27" count="46" type="stmt"/>
        <line num="28" count="46" type="stmt"/>
        <line num="29" count="46" type="stmt"/>
        <line num="32" count="46" type="stmt"/>
        <line num="40" count="46" type="stmt"/>
        <line num="48" count="46" type="stmt"/>
        <line num="49" count="230" type="stmt"/>
        <line num="50" count="230" type="stmt"/>
        <line num="60" count="30" type="stmt"/>
        <line num="71" count="3" type="cond" truecount="2" falsecount="0"/>
        <line num="72" count="1" type="stmt"/>
        <line num="75" count="2" type="stmt"/>
        <line num="76" count="2" type="stmt"/>
        <line num="77" count="2" type="stmt"/>
        <line num="86" count="3" type="stmt"/>
        <line num="94" count="8" type="stmt"/>
        <line num="95" count="8" type="cond" truecount="2" falsecount="0"/>
        <line num="96" count="7" type="stmt"/>
        <line num="104" count="1" type="stmt"/>
        <line num="105" count="5" type="stmt"/>
        <line num="114" count="2" type="stmt"/>
        <line num="115" count="2" type="cond" truecount="2" falsecount="0"/>
        <line num="116" count="1" type="stmt"/>
        <line num="124" count="1" type="stmt"/>
        <line num="125" count="5" type="stmt"/>
        <line num="137" count="3" type="stmt"/>
        <line num="138" count="12" type="stmt"/>
        <line num="142" count="3" type="stmt"/>
        <line num="143" count="15" type="cond" truecount="2" falsecount="0"/>
        <line num="144" count="1" type="stmt"/>
        <line num="148" count="14" type="stmt"/>
        <line num="149" count="14" type="stmt"/>
        <line num="150" count="14" type="stmt"/>
        <line num="162" count="4" type="stmt"/>
        <line num="163" count="4" type="cond" truecount="4" falsecount="0"/>
        <line num="164" count="2" type="stmt"/>
        <line num="168" count="2" type="cond" truecount="1" falsecount="1"/>
        <line num="169" count="2" type="stmt"/>
        <line num="173" count="2" type="stmt"/>
        <line num="176" count="2" type="stmt"/>
        <line num="187" count="2" type="stmt"/>
        <line num="188" count="2" type="stmt"/>
        <line num="190" count="2" type="stmt"/>
        <line num="191" count="10" type="stmt"/>
        <line num="192" count="10" type="stmt"/>
        <line num="193" count="10" type="stmt"/>
        <line num="194" count="10" type="stmt"/>
        <line num="195" count="10" type="stmt"/>
        <line num="204" count="1" type="stmt"/>
        <line num="212" count="28" type="stmt"/>
        <line num="220" count="2" type="stmt"/>
        <line num="221" count="2" type="stmt"/>
        <line num="222" count="10" type="cond" truecount="2" falsecount="0"/>
        <line num="223" count="8" type="stmt"/>
        <line num="226" count="2" type="stmt"/>
        <line num="234" count="3" type="stmt"/>
      </file>
      <file name="ObjectPool.js" path="/home/tsonu/src/genai-game-engine/src/engine/renderer/ObjectPool.js">
        <metrics statements="17" coveredstatements="0" conditionals="7" coveredconditionals="0" methods="6" coveredmethods="0"/>
        <line num="8" count="0" type="stmt"/>
        <line num="9" count="0" type="stmt"/>
        <line num="10" count="0" type="stmt"/>
        <line num="12" count="0" type="stmt"/>
        <line num="13" count="0" type="stmt"/>
        <line num="18" count="0" type="cond" truecount="0" falsecount="2"/>
        <line num="19" count="0" type="stmt"/>
        <line num="20" count="0" type="stmt"/>
        <line num="24" count="0" type="cond" truecount="0" falsecount="2"/>
        <line num="25" count="0" type="stmt"/>
        <line num="26" count="0" type="cond" truecount="0" falsecount="2"/>
        <line num="27" count="0" type="stmt"/>
        <line num="29" count="0" type="stmt"/>
        <line num="34" count="0" type="stmt"/>
        <line num="35" count="0" type="stmt"/>
        <line num="39" count="0" type="stmt"/>
        <line num="43" count="0" type="stmt"/>
      </file>
      <file name="RenderSystem.js" path="/home/tsonu/src/genai-game-engine/src/engine/renderer/RenderSystem.js">
        <metrics statements="71" coveredstatements="67" conditionals="28" coveredconditionals="21" methods="18" coveredmethods="17"/>
        <line num="24" count="18" type="stmt"/>
        <line num="25" count="18" type="stmt"/>
        <line num="26" count="18" type="stmt"/>
        <line num="27" count="18" type="stmt"/>
        <line num="29" count="18" type="stmt"/>
        <line num="30" count="18" type="stmt"/>
        <line num="31" count="18" type="stmt"/>
        <line num="34" count="18" type="stmt"/>
        <line num="35" count="18" type="stmt"/>
        <line num="36" count="18" type="stmt"/>
        <line num="45" count="3" type="stmt"/>
        <line num="46" count="3" type="stmt"/>
        <line num="47" count="3" type="stmt"/>
        <line num="55" count="1" type="stmt"/>
        <line num="56" count="1" type="stmt"/>
        <line num="64" count="1" type="stmt"/>
        <line num="75" count="6" type="stmt"/>
        <line num="76" count="6" type="stmt"/>
        <line num="77" count="6" type="stmt"/>
        <line num="80" count="6" type="stmt"/>
        <line num="83" count="6" type="stmt"/>
        <line num="84" count="4" type="stmt"/>
        <line num="88" count="6" type="stmt"/>
        <line num="90" count="6" type="stmt"/>
        <line num="100" count="6" type="stmt"/>
        <line num="102" count="6" type="stmt"/>
        <line num="103" count="9" type="stmt"/>
        <line num="104" count="9" type="stmt"/>
        <line num="106" count="9" type="cond" truecount="5" falsecount="0"/>
        <line num="107" count="1" type="stmt"/>
        <line num="111" count="8" type="cond" truecount="2" falsecount="0"/>
        <line num="112" count="1" type="stmt"/>
        <line num="113" count="1" type="stmt"/>
        <line num="116" count="7" type="cond" truecount="1" falsecount="1"/>
        <line num="117" count="7" type="cond" truecount="2" falsecount="0"/>
        <line num="118" count="4" type="stmt"/>
        <line num="121" count="7" type="stmt"/>
        <line num="124" count="6" type="stmt"/>
        <line num="135" count="8" type="stmt"/>
        <line num="136" count="8" type="stmt"/>
        <line num="153" count="4" type="stmt"/>
        <line num="154" count="4" type="cond" truecount="3" falsecount="1"/>
        <line num="155" count="0" type="stmt"/>
        <line num="159" count="4" type="stmt"/>
        <line num="162" count="4" type="stmt"/>
        <line num="165" count="4" type="stmt"/>
        <line num="166" count="7" type="stmt"/>
        <line num="167" count="7" type="stmt"/>
        <line num="171" count="4" type="stmt"/>
        <line num="185" count="7" type="stmt"/>
        <line num="188" count="7" type="stmt"/>
        <line num="191" count="7" type="stmt"/>
        <line num="194" count="7" type="stmt"/>
        <line num="197" count="7" type="cond" truecount="1" falsecount="1"/>
        <line num="198" count="0" type="stmt"/>
        <line num="202" count="7" type="cond" truecount="3" falsecount="1"/>
        <line num="203" count="0" type="stmt"/>
        <line num="207" count="7" type="stmt"/>
        <line num="208" count="7" type="stmt"/>
        <line num="211" count="7" type="cond" truecount="2" falsecount="3"/>
        <line num="212" count="0" type="stmt"/>
        <line num="215" count="7" type="stmt"/>
        <line num="216" count="7" type="stmt"/>
        <line num="220" count="7" type="stmt"/>
        <line num="221" count="7" type="stmt"/>
        <line num="229" count="6" type="stmt"/>
        <line num="230" count="30" type="cond" truecount="2" falsecount="0"/>
        <line num="231" count="26" type="stmt"/>
        <line num="247" count="1" type="stmt"/>
        <line num="254" count="2" type="stmt"/>
        <line num="262" count="1" type="stmt"/>
      </file>
      <file name="Renderer.js" path="/home/tsonu/src/genai-game-engine/src/engine/renderer/Renderer.js">
        <metrics statements="42" coveredstatements="35" conditionals="11" coveredconditionals="6" methods="17" coveredmethods="15"/>
        <line num="19" count="21" type="stmt"/>
        <line num="20" count="21" type="stmt"/>
        <line num="21" count="21" type="stmt"/>
        <line num="22" count="21" type="stmt"/>
        <line num="25" count="21" type="stmt"/>
        <line num="28" count="21" type="stmt"/>
        <line num="29" count="21" type="stmt"/>
        <line num="30" count="21" type="stmt"/>
        <line num="33" count="21" type="stmt"/>
        <line num="34" count="21" type="stmt"/>
        <line num="37" count="21" type="stmt"/>
        <line num="40" count="21" type="stmt"/>
        <line num="48" count="21" type="cond" truecount="1" falsecount="1"/>
        <line num="49" count="0" type="stmt"/>
        <line num="50" count="0" type="stmt"/>
        <line num="51" count="0" type="cond" truecount="0" falsecount="2"/>
        <line num="52" count="0" type="stmt"/>
        <line num="56" count="0" type="stmt"/>
        <line num="65" count="1" type="stmt"/>
        <line num="66" count="1" type="stmt"/>
        <line num="67" count="1" type="stmt"/>
        <line num="68" count="1" type="stmt"/>
        <line num="75" count="1" type="stmt"/>
        <line num="76" count="1" type="stmt"/>
        <line num="85" count="1" type="stmt"/>
        <line num="86" count="1" type="stmt"/>
        <line num="94" count="1" type="stmt"/>
        <line num="95" count="1" type="stmt"/>
        <line num="96" count="1" type="stmt"/>
        <line num="104" count="1" type="stmt"/>
        <line num="112" count="1" type="stmt"/>
        <line num="120" count="2" type="stmt"/>
        <line num="121" count="2" type="stmt"/>
        <line num="129" count="1" type="stmt"/>
        <line num="139" count="1" type="stmt"/>
        <line num="149" count="1" type="stmt"/>
        <line num="160" count="4" type="stmt"/>
        <line num="172" count="3" type="stmt"/>
        <line num="173" count="3" type="stmt"/>
        <line num="187" count="1" type="stmt"/>
        <line num="194" count="0" type="cond" truecount="0" falsecount="2"/>
        <line num="195" count="0" type="stmt"/>
      </file>
    </package>
    <package name="game">
      <metrics statements="88" coveredstatements="0" conditionals="12" coveredconditionals="0" methods="19" coveredmethods="0"/>
      <file name="Game.js" path="/home/tsonu/src/genai-game-engine/src/game/Game.js">
        <metrics statements="88" coveredstatements="0" conditionals="12" coveredconditionals="0" methods="19" coveredmethods="0"/>
        <line num="46" count="0" type="stmt"/>
        <line num="47" count="0" type="stmt"/>
        <line num="48" count="0" type="stmt"/>
        <line num="49" count="0" type="stmt"/>
        <line num="50" count="0" type="stmt"/>
        <line num="51" count="0" type="stmt"/>
        <line num="52" count="0" type="stmt"/>
        <line num="55" count="0" type="stmt"/>
        <line num="56" count="0" type="stmt"/>
        <line num="57" count="0" type="stmt"/>
        <line num="60" count="0" type="stmt"/>
        <line num="74" count="0" type="stmt"/>
        <line num="77" count="0" type="stmt"/>
        <line num="80" count="0" type="stmt"/>
        <line num="83" count="0" type="stmt"/>
        <line num="85" count="0" type="stmt"/>
        <line num="87" count="0" type="stmt"/>
        <line num="96" count="0" type="stmt"/>
        <line num="103" count="0" type="stmt"/>
        <line num="106" count="0" type="stmt"/>
        <line num="110" count="0" type="stmt"/>
        <line num="113" count="0" type="stmt"/>
        <line num="118" count="0" type="stmt"/>
        <line num="121" count="0" type="stmt"/>
        <line num="125" count="0" type="stmt"/>
        <line num="128" count="0" type="stmt"/>
        <line num="133" count="0" type="stmt"/>
        <line num="136" count="0" type="stmt"/>
        <line num="140" count="0" type="stmt"/>
        <line num="143" count="0" type="stmt"/>
        <line num="148" count="0" type="stmt"/>
        <line num="152" count="0" type="stmt"/>
        <line num="153" count="0" type="stmt"/>
        <line num="154" count="0" type="stmt"/>
        <line num="155" count="0" type="stmt"/>
[...]
        <line num="17" count="0" type="stmt"/>
        <line num="20" count="0" type="stmt"/>
        <line num="23" count="0" type="stmt"/>
        <line num="26" count="0" type="stmt"/>
        <line num="34" count="0" type="stmt"/>
        <line num="37" count="0" type="stmt"/>
        <line num="43" count="0" type="stmt"/>
        <line num="49" count="0" type="stmt"/>
        <line num="55" count="0" type="stmt"/>
        <line num="61" count="0" type="stmt"/>
        <line num="66" count="0" type="stmt"/>
        <line num="74" count="0" type="stmt"/>
        <line num="75" count="0" type="stmt"/>
        <line num="78" count="0" type="stmt"/>
        <line num="79" count="0" type="stmt"/>
        <line num="83" count="0" type="stmt"/>
        <line num="84" count="0" type="stmt"/>
        <line num="85" count="0" type="stmt"/>
        <line num="86" count="0" type="stmt"/>
        <line num="88" count="0" type="stmt"/>
        <line num="98" count="0" type="cond" truecount="0" falsecount="2"/>
        <line num="99" count="0" type="cond" truecount="0" falsecount="2"/>
        <line num="100" count="0" type="cond" truecount="0" falsecount="2"/>
        <line num="101" count="0" type="stmt"/>
        <line num="106" count="0" type="cond" truecount="0" falsecount="4"/>
        <line num="107" count="0" type="stmt"/>
        <line num="119" count="0" type="stmt"/>
        <line num="129" count="0" type="cond" truecount="0" falsecount="2"/>
        <line num="130" count="0" type="stmt"/>
        <line num="142" count="0" type="cond" truecount="0" falsecount="2"/>
        <line num="144" count="0" type="stmt"/>
        <line num="145" count="0" type="stmt"/>
        <line num="151" count="0" type="stmt"/>
        <line num="153" count="0" type="stmt"/>
        <line num="154" count="0" type="stmt"/>
        <line num="160" count="0" type="stmt"/>
        <line num="170" count="0" type="cond" truecount="0" falsecount="2"/>
        <line num="171" count="0" type="stmt"/>
        <line num="177" count="0" type="stmt"/>
        <line num="181" count="0" type="stmt"/>
        <line num="183" count="0" type="stmt"/>
        <line num="193" count="0" type="stmt"/>
        <line num="194" count="0" type="cond" truecount="0" falsecount="2"/>
        <line num="196" count="0" type="stmt"/>
        <line num="199" count="0" type="stmt"/>
        <line num="200" count="0" type="stmt"/>
        <line num="201" count="0" type="stmt"/>
        <line num="203" count="0" type="cond" truecount="0" falsecount="4"/>
        <line num="204" count="0" type="stmt"/>
        <line num="206" count="0" type="cond" truecount="0" falsecount="2"/>
        <line num="211" count="0" type="stmt"/>
        <line num="212" count="0" type="stmt"/>
        <line num="213" count="0" type="stmt"/>
        <line num="215" count="0" type="cond" truecount="0" falsecount="4"/>
        <line num="216" count="0" type="stmt"/>
        <line num="218" count="0" type="stmt"/>
        <line num="238" count="0" type="cond" truecount="0" falsecount="2"/>
        <line num="240" count="0" type="stmt"/>
        <line num="242" count="0" type="stmt"/>
        <line num="246" count="0" type="stmt"/>
        <line num="253" count="0" type="cond" truecount="0" falsecount="2"/>
        <line num="255" count="0" type="stmt"/>
        <line num="256" count="0" type="stmt"/>
        <line num="258" count="0" type="stmt"/>
        <line num="262" count="0" type="stmt"/>
        <line num="271" count="0" type="cond" truecount="0" falsecount="2"/>
        <line num="278" count="0" type="stmt"/>
        <line num="279" count="0" type="stmt"/>
      </file>
      <file name="InvestigationSystem.js" path="/home/tsonu/src/genai-game-engine/src/game/systems/InvestigationSystem.js">
        <metrics statements="99" coveredstatements="0" conditionals="63" coveredconditionals="0" methods="16" coveredmethods="0"/>
        <line num="15" count="0" type="stmt"/>
        <line num="16" count="0" type="stmt"/>
        <line num="17" count="0" type="stmt"/>
        <line num="20" count="0" type="stmt"/>
        <line num="21" count="0" type="stmt"/>
        <line num="22" count="0" type="stmt"/>
        <line num="23" count="0" type="stmt"/>
        <line num="24" count="0" type="stmt"/>
        <line num="25" count="0" type="stmt"/>
        <line num="28" count="0" type="stmt"/>
        <line num="29" count="0" type="stmt"/>
        <line num="30" count="0" type="stmt"/>
        <line num="38" count="0" type="stmt"/>
        <line num="40" count="0" type="stmt"/>
        <line num="50" count="0" type="stmt"/>
        <line num="53" count="0" type="cond" truecount="0" falsecount="2"/>
        <line num="54" count="0" type="cond" truecount="0" falsecount="2"/>
        <line num="56" count="0" type="stmt"/>
        <line num="57" count="0" type="cond" truecount="0" falsecount="2"/>
        <line num="60" count="0" type="stmt"/>
        <line num="63" count="0" type="stmt"/>
        <line num="71" count="0" type="cond" truecount="0" falsecount="2"/>
        <line num="72" count="0" type="stmt"/>
        <line num="73" count="0" type="cond" truecount="0" falsecount="2"/>
        <line num="74" count="0" type="stmt"/>
        <line num="78" count="0" type="cond" truecount="0" falsecount="2"/>
        <line num="79" count="0" type="stmt"/>
        <line num="89" count="0" type="stmt"/>
        <line num="90" count="0" type="stmt"/>
        <line num="92" count="0" type="stmt"/>
        <line num="93" count="0" type="stmt"/>
        <line num="94" count="0" type="cond" truecount="0" falsecount="4"/>
        <line num="96" count="0" type="stmt"/>
        <line num="97" count="0" type="cond" truecount="0" falsecount="2"/>
        <line num="100" count="0" type="stmt"/>
        <line num="101" count="0" type="stmt"/>
        <line num="102" count="0" type="stmt"/>
        <line num="104" count="0" type="cond" truecount="0" falsecount="2"/>
        <line num="106" count="0" type="cond" truecount="0" falsecount="2"/>
        <line num="108" count="0" type="cond" truecount="0" falsecount="2"/>
        <line num="109" count="0" type="stmt"/>
        <line num="127" count="0" type="stmt"/>
        <line num="128" count="0" type="cond" truecount="0" falsecount="2"/>
        <line num="130" count="0" type="stmt"/>
        <line num="132" count="0" type="stmt"/>
        <line num="133" count="0" type="stmt"/>
        <line num="134" count="0" type="cond" truecount="0" falsecount="4"/>
        <line num="136" count="0" type="stmt"/>
        <line num="137" count="0" type="cond" truecount="0" falsecount="2"/>
        <line num="140" count="0" type="cond" truecount="0" falsecount="2"/>
        <line num="143" count="0" type="cond" truecount="0" falsecount="2"/>
        <line num="144" count="0" type="cond" truecount="0" falsecount="4"/>
        <line num="145" count="0" type="stmt"/>
        <line num="148" count="0" type="stmt"/>
        <line num="163" count="0" type="stmt"/>
        <line num="164" count="0" type="cond" truecount="0" falsecount="4"/>
        <line num="167" count="0" type="cond" truecount="0" falsecount="2"/>
        <line num="168" count="0" type="stmt"/>
        <line num="173" count="0" type="stmt"/>
        <line num="177" count="0" type="stmt"/>
        <line num="180" count="0" type="cond" truecount="0" falsecount="2"/>
        <line num="181" count="0" type="stmt"/>
        <line num="183" count="0" type="stmt"/>
        <line num="186" count="0" type="stmt"/>
        <line num="195" count="0" type="stmt"/>
        <line num="197" count="0" type="stmt"/>
        <line num="205" count="0" type="stmt"/>
        <line num="206" count="0" type="cond" truecount="0" falsecount="2"/>
        <line num="207" count="0" type="stmt"/>
        <line num="213" count="0" type="stmt"/>
        <line num="222" count="0" type="cond" truecount="0" falsecount="2"/>
        <line num="223" count="0" type="stmt"/>
        <line num="227" count="0" type="stmt"/>
        <line num="230" count="0" type="cond" truecount="0" falsecount="2"/>
        <line num="231" count="0" type="stmt"/>
        <line num="234" count="0" type="stmt"/>
        <line num="237" count="0" type="stmt"/>
        <line num="238" count="0" type="stmt"/>
        <line num="240" count="0" type="stmt"/>
        <line num="244" count="0" type="stmt"/>
        <line num="251" count="0" type="stmt"/>
        <line num="252" count="0" type="stmt"/>
        <line num="254" count="0" type="stmt"/>
        <line num="258" count="0" type="stmt"/>
        <line num="266" count="0" type="cond" truecount="0" falsecount="2"/>
        <line num="268" count="0" type="stmt"/>
        <line num="270" count="0" type="stmt"/>
        <line num="274" count="0" type="stmt"/>
        <line num="282" count="0" type="cond" truecount="0" falsecount="2"/>
        <line num="284" count="0" type="stmt"/>
        <line num="286" count="0" type="stmt"/>
        <line num="290" count="0" type="stmt"/>
        <line num="299" count="0" type="cond" truecount="0" falsecount="2"/>
        <line num="301" count="0" type="stmt"/>
        <line num="303" count="0" type="stmt"/>
        <line num="309" count="0" type="stmt"/>
        <line num="317" count="0" type="stmt"/>
        <line num="329" count="0" type="stmt"/>
        <line num="330" count="0" type="stmt"/>
      </file>
      <file name="KnowledgeProgressionSystem.js" path="/home/tsonu/src/genai-game-engine/src/game/systems/KnowledgeProgressionSystem.js">
        <metrics statements="35" coveredstatements="0" conditionals="12" coveredconditionals="0" methods="11" coveredmethods="0"/>
        <line num="15" count="0" type="stmt"/>
        <line num="16" count="0" type="stmt"/>
        <line num="17" count="0" type="stmt"/>
        <line num="18" count="0" type="stmt"/>
        <line num="21" count="0" type="stmt"/>
        <line num="22" count="0" type="stmt"/>
        <line num="30" count="0" type="stmt"/>
        <line num="31" count="0" type="stmt"/>
        <line num="34" count="0" type="stmt"/>
        <line num="35" count="0" type="stmt"/>
        <line num="38" count="0" type="stmt"/>
        <line num="39" count="0" type="stmt"/>
        <line num="42" count="0" type="stmt"/>
        <line num="52" count="0" type="stmt"/>
        <line num="53" count="0" type="cond" truecount="0" falsecount="2"/>
        <line num="54" count="0" type="stmt"/>
        <line num="55" count="0" type="stmt"/>
        <line num="64" count="0" type="cond" truecount="0" falsecount="2"/>
        <line num="66" count="0" type="stmt"/>
        <line num="68" count="0" type="stmt"/>
        <line num="69" count="0" type="stmt"/>
        <line num="70" count="0" type="cond" truecount="0" falsecount="4"/>
        <line num="73" count="0" type="cond" truecount="0" falsecount="2"/>
        <line num="74" count="0" type="stmt"/>
        <line num="85" count="0" type="stmt"/>
        <line num="87" count="0" type="stmt"/>
        <line num="89" count="0" type="stmt"/>
        <line num="96" count="0" type="stmt"/>
        <line num="105" count="0" type="stmt"/>
        <line num="109" count="0" type="stmt"/>
        <line num="111" count="0" type="stmt"/>
        <line num="122" count="0" type="stmt"/>
        <line num="129" count="0" type="stmt"/>
        <line num="130" count="0" type="stmt"/>
        <line num="131" count="0" type="stmt"/>
      </file>
      <file name="PlayerMovementSystem.js" path="/home/tsonu/src/genai-game-engine/src/game/systems/PlayerMovementSystem.js">
        <metrics statements="49" coveredstatements="0" conditionals="22" coveredconditionals="0" methods="8" coveredmethods="0"/>
        <line num="15" count="0" type="stmt"/>
        <line num="16" count="0" type="stmt"/>
        <line num="17" count="0" type="stmt"/>
        <line num="18" count="0" type="stmt"/>
        <line num="26" count="0" type="stmt"/>
        <line num="27" count="0" type="stmt"/>
        <line num="30" count="0" type="stmt"/>
        <line num="31" count="0" type="stmt"/>
        <line num="34" count="0" type="stmt"/>
        <line num="43" count="0" type="cond" truecount="0" falsecount="2"/>
        <line num="46" count="0" type="cond" truecount="0" falsecount="2"/>
        <line num="47" count="0" type="cond" truecount="0" falsecount="2"/>
        <line num="49" count="0" type="stmt"/>
        <line num="50" count="0" type="stmt"/>
        <line num="51" count="0" type="stmt"/>
        <line num="53" count="0" type="cond" truecount="0" falsecount="4"/>
        <line num="56" count="0" type="stmt"/>
        <line num="59" count="0" type="cond" truecount="0" falsecount="4"/>
        <line num="60" count="0" type="stmt"/>
        <line num="61" count="0" type="stmt"/>
        <line num="62" count="0" type="stmt"/>
        <line num="65" count="0" type="stmt"/>
        <line num="72" count="0" type="stmt"/>
        <line num="73" count="0" type="stmt"/>
        <line num="76" count="0" type="stmt"/>
        <line num="81" count="0" type="cond" truecount="0" falsecount="2"/>
        <line num="82" count="0" type="stmt"/>
        <line num="83" count="0" type="stmt"/>
        <line num="84" count="0" type="stmt"/>
        <line num="88" count="0" type="cond" truecount="0" falsecount="2"/>
        <line num="89" count="0" type="cond" truecount="0" falsecount="2"/>
        <line num="92" count="0" type="stmt"/>
        <line num="93" count="0" type="stmt"/>
        <line num="95" count="0" type="stmt"/>
        <line num="96" count="0" type="stmt"/>
        <line num="99" count="0" type="stmt"/>
        <line num="103" count="0" type="cond" truecount="0" falsecount="2"/>
        <line num="104" count="0" type="stmt"/>
        <line num="112" count="0" type="stmt"/>
        <line num="120" count="0" type="stmt"/>
        <line num="121" count="0" type="stmt"/>
        <line num="122" count="0" type="stmt"/>
        <line num="123" count="0" type="stmt"/>
        <line num="124" count="0" type="stmt"/>
        <line num="125" count="0" type="stmt"/>
        <line num="126" count="0" type="stmt"/>
        <line num="127" count="0" type="stmt"/>
        <line num="134" count="0" type="stmt"/>
        <line num="135" count="0" type="stmt"/>
      </file>
    </package>
    <package name="utils">
      <metrics statements="99" coveredstatements="63" conditionals="21" coveredconditionals="9" methods="37" coveredmethods="25"/>
      <file name="Logger.js" path="/home/tsonu/src/genai-game-engine/src/utils/Logger.js">
        <metrics statements="36" coveredstatements="0" conditionals="12" coveredconditionals="0" methods="12" coveredmethods="0"/>
        <line num="8" count="0" type="stmt"/>
        <line num="22" count="0" type="stmt"/>
        <line num="23" count="0" type="stmt"/>
        <line num="24" count="0" type="stmt"/>
        <line num="25" count="0" type="stmt"/>
        <line num="33" count="0" type="stmt"/>
        <line num="41" count="0" type="stmt"/>
        <line num="42" count="0" type="stmt"/>
        <line num="43" count="0" type="stmt"/>
        <line num="44" count="0" type="stmt"/>
        <line num="45" count="0" type="stmt"/>
        <line num="46" count="0" type="stmt"/>
        <line num="56" count="0" type="stmt"/>
        <line num="65" count="0" type="stmt"/>
        <line num="73" count="0" type="cond" truecount="0" falsecount="2"/>
        <line num="74" count="0" type="stmt"/>
        <line num="83" count="0" type="cond" truecount="0" falsecount="2"/>
        <line num="84" count="0" type="stmt"/>
        <line num="85" count="0" type="stmt"/>
        <line num="86" count="0" type="stmt"/>
        <line num="95" count="0" type="cond" truecount="0" falsecount="2"/>
        <line num="96" count="0" type="stmt"/>
        <line num="97" count="0" type="stmt"/>
        <line num="98" count="0" type="stmt"/>
        <line num="107" count="0" type="cond" truecount="0" falsecount="2"/>
        <line num="108" count="0" type="stmt"/>
        <line num="109" count="0" type="stmt"/>
        <line num="110" count="0" type="stmt"/>
        <line num="119" count="0" type="cond" truecount="0" falsecount="2"/>
        <line num="120" count="0" type="stmt"/>
        <line num="121" count="0" type="stmt"/>
        <line num="122" count="0" type="stmt"/>
        <line num="131" count="0" type="stmt"/>
        <line num="138" count="0" type="stmt"/>
        <line num="146" count="0" type="stmt"/>
        <line num="151" count="0" type="stmt"/>
      </file>
      <file name="Vector2.js" path="/home/tsonu/src/genai-game-engine/src/utils/Vector2.js">
        <metrics statements="63" coveredstatements="63" conditionals="9" coveredconditionals="9" methods="25" coveredmethods="25"/>
        <line num="15" count="10196" type="stmt"/>
        <line num="16" count="10196" type="stmt"/>
        <line num="26" count="2" type="stmt"/>
        <line num="27" count="2" type="stmt"/>
        <line num="28" count="2" type="stmt"/>
        <line num="37" count="1" type="stmt"/>
        <line num="38" count="1" type="stmt"/>
        <line num="39" count="1" type="stmt"/>
        <line num="47" count="1" type="stmt"/>
        <line num="56" count="10005" type="stmt"/>
        <line num="57" count="10005" type="stmt"/>
        <line num="58" count="10005" type="stmt"/>
        <line num="67" count="2" type="stmt"/>
        <line num="68" count="2" type="stmt"/>
        <line num="69" count="2" type="stmt"/>
        <line num="78" count="6" type="stmt"/>
        <line num="79" count="6" type="stmt"/>
        <line num="80" count="6" type="stmt"/>
        <line num="89" count="4" type="cond" truecount="2" falsecount="0"/>
        <line num="90" count="3" type="stmt"/>
        <line num="91" count="3" type="stmt"/>
        <line num="93" count="4" type="stmt"/>
        <line num="101" count="10017" type="stmt"/>
        <line num="109" count="2" type="stmt"/>
        <line num="117" count="10006" type="stmt"/>
        <line num="118" count="10006" type="cond" truecount="2" falsecount="0"/>
        <line num="119" count="10005" type="stmt"/>
        <line num="120" count="10005" type="stmt"/>
        <line num="122" count="10006" type="stmt"/>
        <line num="131" count="3" type="stmt"/>
        <line num="140" count="2" type="stmt"/>
        <line num="141" count="2" type="stmt"/>
        <line num="142" count="2" type="stmt"/>
        <line num="151" count="1" type="stmt"/>
        <line num="152" count="1" type="stmt"/>
        <line num="153" count="1" type="stmt"/>
        <line num="162" count="6" type="stmt"/>
        <line num="163" count="6" type="stmt"/>
        <line num="164" count="6" type="stmt"/>
        <line num="165" count="6" type="stmt"/>
        <line num="166" count="6" type="stmt"/>
        <line num="167" count="6" type="stmt"/>
        <line num="168" count="6" type="stmt"/>
        <line num="178" count="5" type="stmt"/>
        <line num="179" count="5" type="stmt"/>
        <line num="180" count="5" type="stmt"/>
        <line num="190" count="5" type="cond" truecount="2" falsecount="0"/>
        <line num="203" count="10001" type="stmt"/>
        <line num="204" count="10001" type="stmt"/>
        <line num="205" count="10001" type="stmt"/>
        <line num="216" count="1" type="stmt"/>
        <line num="217" count="1" type="stmt"/>
        <line num="218" count="1" type="stmt"/>
        <line num="228" count="1" type="stmt"/>
        <line num="229" count="1" type="stmt"/>
        <line num="230" count="1" type="stmt"/>
        <line num="240" count="1" type="stmt"/>
        <line num="241" count="1" type="stmt"/>
        <line num="242" count="1" type="stmt"/>
        <line num="250" count="1" type="stmt"/>
        <line num="258" count="1" type="stmt"/>
        <line num="266" count="1" type="stmt"/>
        <line num="274" count="1" type="stmt"/>
      </file>
    </package>
  </project>
</coverage>
