{"/home/tsonu/src/genai-game-engine/src/engine/Engine.js": {"path":"/home/tsonu/src/genai-game-engine/src/engine/Engine.js","statementMap":{"0":{"start":{"line":18,"column":4},"end":{"line":18,"column":25}},"1":{"start":{"line":19,"column":4},"end":{"line":19,"column":61}},"2":{"start":{"line":22,"column":4},"end":{"line":22,"column":35}},"3":{"start":{"line":23,"column":4},"end":{"line":23,"column":45}},"4":{"start":{"line":24,"column":4},"end":{"line":24,"column":71}},"5":{"start":{"line":25,"column":4},"end":{"line":29,"column":6}},"6":{"start":{"line":32,"column":4},"end":{"line":35,"column":7}},"7":{"start":{"line":34,"column":28},"end":{"line":34,"column":50}},"8":{"start":{"line":38,"column":4},"end":{"line":38,"column":41}},"9":{"start":{"line":39,"column":4},"end":{"line":39,"column":43}},"10":{"start":{"line":40,"column":4},"end":{"line":40,"column":43}},"11":{"start":{"line":42,"column":4},"end":{"line":42,"column":43}},"12":{"start":{"line":46,"column":4},"end":{"line":46,"column":47}},"13":{"start":{"line":49,"column":4},"end":{"line":49,"column":35}},"14":{"start":{"line":52,"column":4},"end":{"line":52,"column":30}},"15":{"start":{"line":54,"column":4},"end":{"line":54,"column":37}},"16":{"start":{"line":58,"column":4},"end":{"line":58,"column":52}},"17":{"start":{"line":59,"column":4},"end":{"line":59,"column":52}},"18":{"start":{"line":63,"column":4},"end":{"line":66,"column":5}},"19":{"start":{"line":64,"column":6},"end":{"line":64,"column":49}},"20":{"start":{"line":65,"column":6},"end":{"line":65,"column":13}},"21":{"start":{"line":68,"column":4},"end":{"line":68,"column":39}},"22":{"start":{"line":69,"column":4},"end":{"line":69,"column":26}},"23":{"start":{"line":73,"column":4},"end":{"line":73,"column":39}},"24":{"start":{"line":74,"column":4},"end":{"line":74,"column":25}},"25":{"start":{"line":78,"column":4},"end":{"line":78,"column":38}},"26":{"start":{"line":79,"column":4},"end":{"line":79,"column":26}},"27":{"start":{"line":83,"column":4},"end":{"line":83,"column":39}},"28":{"start":{"line":84,"column":4},"end":{"line":84,"column":27}},"29":{"start":{"line":95,"column":4},"end":{"line":95,"column":49}},"30":{"start":{"line":98,"column":4},"end":{"line":98,"column":33}},"31":{"start":{"line":102,"column":4},"end":{"line":102,"column":30}},"32":{"start":{"line":106,"column":4},"end":{"line":106,"column":34}},"33":{"start":{"line":110,"column":4},"end":{"line":110,"column":30}},"34":{"start":{"line":114,"column":4},"end":{"line":114,"column":25}},"35":{"start":{"line":118,"column":4},"end":{"line":118,"column":25}},"36":{"start":{"line":122,"column":4},"end":{"line":122,"column":29}},"37":{"start":{"line":126,"column":4},"end":{"line":126,"column":29}},"38":{"start":{"line":130,"column":4},"end":{"line":130,"column":34}},"39":{"start":{"line":134,"column":4},"end":{"line":134,"column":40}},"40":{"start":{"line":138,"column":4},"end":{"line":138,"column":25}},"41":{"start":{"line":142,"column":4},"end":{"line":142,"column":37}},"42":{"start":{"line":146,"column":4},"end":{"line":146,"column":36}},"43":{"start":{"line":150,"column":4},"end":{"line":150,"column":46}},"44":{"start":{"line":151,"column":4},"end":{"line":151,"column":25}},"45":{"start":{"line":152,"column":4},"end":{"line":152,"column":33}},"46":{"start":{"line":153,"column":4},"end":{"line":153,"column":26}},"47":{"start":{"line":154,"column":4},"end":{"line":154,"column":42}}},"fnMap":{"0":{"name":"(anonymous_0)","decl":{"start":{"line":17,"column":2},"end":{"line":17,"column":3}},"loc":{"start":{"line":17,"column":22},"end":{"line":43,"column":3}},"line":17},"1":{"name":"(anonymous_1)","decl":{"start":{"line":34,"column":15},"end":{"line":34,"column":16}},"loc":{"start":{"line":34,"column":28},"end":{"line":34,"column":50}},"line":34},"2":{"name":"(anonymous_2)","decl":{"start":{"line":45,"column":2},"end":{"line":45,"column":3}},"loc":{"start":{"line":45,"column":15},"end":{"line":55,"column":3}},"line":45},"3":{"name":"(anonymous_3)","decl":{"start":{"line":57,"column":2},"end":{"line":57,"column":3}},"loc":{"start":{"line":57,"column":31},"end":{"line":60,"column":3}},"line":57},"4":{"name":"(anonymous_4)","decl":{"start":{"line":62,"column":2},"end":{"line":62,"column":3}},"loc":{"start":{"line":62,"column":10},"end":{"line":70,"column":3}},"line":62},"5":{"name":"(anonymous_5)","decl":{"start":{"line":72,"column":2},"end":{"line":72,"column":3}},"loc":{"start":{"line":72,"column":9},"end":{"line":75,"column":3}},"line":72},"6":{"name":"(anonymous_6)","decl":{"start":{"line":77,"column":2},"end":{"line":77,"column":3}},"loc":{"start":{"line":77,"column":10},"end":{"line":80,"column":3}},"line":77},"7":{"name":"(anonymous_7)","decl":{"start":{"line":82,"column":2},"end":{"line":82,"column":3}},"loc":{"start":{"line":82,"column":11},"end":{"line":85,"column":3}},"line":82},"8":{"name":"(anonymous_8)","decl":{"start":{"line":93,"column":2},"end":{"line":93,"column":3}},"loc":{"start":{"line":93,"column":20},"end":{"line":99,"column":3}},"line":93},"9":{"name":"(anonymous_9)","decl":{"start":{"line":101,"column":2},"end":{"line":101,"column":3}},"loc":{"start":{"line":101,"column":21},"end":{"line":103,"column":3}},"line":101},"10":{"name":"(anonymous_10)","decl":{"start":{"line":105,"column":2},"end":{"line":105,"column":3}},"loc":{"start":{"line":105,"column":25},"end":{"line":107,"column":3}},"line":105},"11":{"name":"(anonymous_11)","decl":{"start":{"line":109,"column":2},"end":{"line":109,"column":3}},"loc":{"start":{"line":109,"column":21},"end":{"line":111,"column":3}},"line":109},"12":{"name":"(anonymous_12)","decl":{"start":{"line":113,"column":2},"end":{"line":113,"column":3}},"loc":{"start":{"line":113,"column":16},"end":{"line":115,"column":3}},"line":113},"13":{"name":"(anonymous_13)","decl":{"start":{"line":117,"column":2},"end":{"line":117,"column":3}},"loc":{"start":{"line":117,"column":16},"end":{"line":119,"column":3}},"line":117},"14":{"name":"(anonymous_14)","decl":{"start":{"line":121,"column":2},"end":{"line":121,"column":3}},"loc":{"start":{"line":121,"column":20},"end":{"line":123,"column":3}},"line":121},"15":{"name":"(anonymous_15)","decl":{"start":{"line":125,"column":2},"end":{"line":125,"column":3}},"loc":{"start":{"line":125,"column":20},"end":{"line":127,"column":3}},"line":125},"16":{"name":"(anonymous_16)","decl":{"start":{"line":129,"column":2},"end":{"line":129,"column":3}},"loc":{"start":{"line":129,"column":11},"end":{"line":131,"column":3}},"line":129},"17":{"name":"(anonymous_17)","decl":{"start":{"line":133,"column":2},"end":{"line":133,"column":3}},"loc":{"start":{"line":133,"column":17},"end":{"line":135,"column":3}},"line":133},"18":{"name":"(anonymous_18)","decl":{"start":{"line":137,"column":2},"end":{"line":137,"column":3}},"loc":{"start":{"line":137,"column":16},"end":{"line":139,"column":3}},"line":137},"19":{"name":"(anonymous_19)","decl":{"start":{"line":141,"column":2},"end":{"line":141,"column":3}},"loc":{"start":{"line":141,"column":14},"end":{"line":143,"column":3}},"line":141},"20":{"name":"(anonymous_20)","decl":{"start":{"line":145,"column":2},"end":{"line":145,"column":3}},"loc":{"start":{"line":145,"column":13},"end":{"line":147,"column":3}},"line":145},"21":{"name":"(anonymous_21)","decl":{"start":{"line":149,"column":2},"end":{"line":149,"column":3}},"loc":{"start":{"line":149,"column":12},"end":{"line":155,"column":3}},"line":149}},"branchMap":{"0":{"loc":{"start":{"line":63,"column":4},"end":{"line":66,"column":5}},"type":"if","locations":[{"start":{"line":63,"column":4},"end":{"line":66,"column":5}},{"start":{},"end":{}}],"line":63}},"s":{"0":0,"1":0,"2":0,"3":0,"4":0,"5":0,"6":0,"7":0,"8":0,"9":0,"10":0,"11":0,"12":0,"13":0,"14":0,"15":0,"16":0,"17":0,"18":0,"19":0,"20":0,"21":0,"22":0,"23":0,"24":0,"25":0,"26":0,"27":0,"28":0,"29":0,"30":0,"31":0,"32":0,"33":0,"34":0,"35":0,"36":0,"37":0,"38":0,"39":0,"40":0,"41":0,"42":0,"43":0,"44":0,"45":0,"46":0,"47":0},"f":{"0":0,"1":0,"2":0,"3":0,"4":0,"5":0,"6":0,"7":0,"8":0,"9":0,"10":0,"11":0,"12":0,"13":0,"14":0,"15":0,"16":0,"17":0,"18":0,"19":0,"20":0,"21":0},"b":{"0":[0,0]}}
,"/home/tsonu/src/genai-game-engine/src/engine/GameLoop.js": {"path":"/home/tsonu/src/genai-game-engine/src/engine/GameLoop.js","statementMap":{"0":{"start":{"line":19,"column":4},"end":{"line":19,"column":39}},"1":{"start":{"line":20,"column":4},"end":{"line":20,"column":45}},"2":{"start":{"line":21,"column":4},"end":{"line":21,"column":43}},"3":{"start":{"line":24,"column":4},"end":{"line":24,"column":49}},"4":{"start":{"line":27,"column":4},"end":{"line":27,"column":25}},"5":{"start":{"line":28,"column":4},"end":{"line":28,"column":24}},"6":{"start":{"line":31,"column":4},"end":{"line":31,"column":27}},"7":{"start":{"line":32,"column":4},"end":{"line":32,"column":23}},"8":{"start":{"line":35,"column":4},"end":{"line":35,"column":24}},"9":{"start":{"line":36,"column":4},"end":{"line":36,"column":17}},"10":{"start":{"line":37,"column":4},"end":{"line":37,"column":27}},"11":{"start":{"line":38,"column":4},"end":{"line":38,"column":27}},"12":{"start":{"line":41,"column":4},"end":{"line":41,"column":23}},"13":{"start":{"line":42,"column":4},"end":{"line":42,"column":33}},"14":{"start":{"line":43,"column":4},"end":{"line":43,"column":26}},"15":{"start":{"line":44,"column":4},"end":{"line":44,"column":28}},"16":{"start":{"line":47,"column":4},"end":{"line":47,"column":22}},"17":{"start":{"line":55,"column":4},"end":{"line":58,"column":5}},"18":{"start":{"line":56,"column":6},"end":{"line":56,"column":48}},"19":{"start":{"line":57,"column":6},"end":{"line":57,"column":13}},"20":{"start":{"line":60,"column":4},"end":{"line":60,"column":24}},"21":{"start":{"line":61,"column":4},"end":{"line":61,"column":24}},"22":{"start":{"line":62,"column":4},"end":{"line":62,"column":43}},"23":{"start":{"line":63,"column":4},"end":{"line":63,"column":44}},"24":{"start":{"line":64,"column":4},"end":{"line":64,"column":24}},"25":{"start":{"line":65,"column":4},"end":{"line":65,"column":27}},"26":{"start":{"line":68,"column":4},"end":{"line":68,"column":67}},"27":{"start":{"line":68,"column":49},"end":{"line":68,"column":65}},"28":{"start":{"line":76,"column":4},"end":{"line":78,"column":5}},"29":{"start":{"line":77,"column":6},"end":{"line":77,"column":13}},"30":{"start":{"line":80,"column":4},"end":{"line":80,"column":25}},"31":{"start":{"line":81,"column":4},"end":{"line":81,"column":24}},"32":{"start":{"line":83,"column":4},"end":{"line":86,"column":5}},"33":{"start":{"line":84,"column":6},"end":{"line":84,"column":39}},"34":{"start":{"line":85,"column":6},"end":{"line":85,"column":24}},"35":{"start":{"line":95,"column":4},"end":{"line":98,"column":5}},"36":{"start":{"line":96,"column":6},"end":{"line":96,"column":59}},"37":{"start":{"line":97,"column":6},"end":{"line":97,"column":13}},"38":{"start":{"line":100,"column":4},"end":{"line":102,"column":5}},"39":{"start":{"line":101,"column":6},"end":{"line":101,"column":13}},"40":{"start":{"line":104,"column":4},"end":{"line":104,"column":23}},"41":{"start":{"line":112,"column":4},"end":{"line":115,"column":5}},"42":{"start":{"line":113,"column":6},"end":{"line":113,"column":60}},"43":{"start":{"line":114,"column":6},"end":{"line":114,"column":13}},"44":{"start":{"line":117,"column":4},"end":{"line":119,"column":5}},"45":{"start":{"line":118,"column":6},"end":{"line":118,"column":13}},"46":{"start":{"line":121,"column":4},"end":{"line":121,"column":24}},"47":{"start":{"line":123,"column":4},"end":{"line":123,"column":43}},"48":{"start":{"line":134,"column":4},"end":{"line":136,"column":5}},"49":{"start":{"line":135,"column":6},"end":{"line":135,"column":13}},"50":{"start":{"line":139,"column":4},"end":{"line":139,"column":54}},"51":{"start":{"line":142,"column":4},"end":{"line":142,"column":43}},"52":{"start":{"line":145,"column":4},"end":{"line":145,"column":37}},"53":{"start":{"line":148,"column":4},"end":{"line":148,"column":22}},"54":{"start":{"line":149,"column":4},"end":{"line":149,"column":25}},"55":{"start":{"line":152,"column":4},"end":{"line":156,"column":5}},"56":{"start":{"line":153,"column":6},"end":{"line":153,"column":44}},"57":{"start":{"line":154,"column":6},"end":{"line":154,"column":70}},"58":{"start":{"line":155,"column":6},"end":{"line":155,"column":70}},"59":{"start":{"line":159,"column":4},"end":{"line":163,"column":5}},"60":{"start":{"line":160,"column":6},"end":{"line":160,"column":36}},"61":{"start":{"line":161,"column":6},"end":{"line":161,"column":29}},"62":{"start":{"line":162,"column":6},"end":{"line":162,"column":39}},"63":{"start":{"line":166,"column":4},"end":{"line":168,"column":5}},"64":{"start":{"line":167,"column":6},"end":{"line":167,"column":48}},"65":{"start":{"line":171,"column":4},"end":{"line":179,"column":5}},"66":{"start":{"line":172,"column":6},"end":{"line":178,"column":9}},"67":{"start":{"line":182,"column":4},"end":{"line":182,"column":67}},"68":{"start":{"line":182,"column":49},"end":{"line":182,"column":65}},"69":{"start":{"line":190,"column":4},"end":{"line":190,"column":20}},"70":{"start":{"line":198,"column":4},"end":{"line":198,"column":26}},"71":{"start":{"line":206,"column":4},"end":{"line":206,"column":27}},"72":{"start":{"line":214,"column":4},"end":{"line":214,"column":26}},"73":{"start":{"line":222,"column":4},"end":{"line":224,"column":5}},"74":{"start":{"line":223,"column":6},"end":{"line":223,"column":15}},"75":{"start":{"line":225,"column":4},"end":{"line":225,"column":49}},"76":{"start":{"line":233,"column":4},"end":{"line":233,"column":66}},"77":{"start":{"line":241,"column":4},"end":{"line":241,"column":29}},"78":{"start":{"line":249,"column":4},"end":{"line":249,"column":24}},"79":{"start":{"line":257,"column":4},"end":{"line":257,"column":23}},"80":{"start":{"line":265,"column":4},"end":{"line":265,"column":33}},"81":{"start":{"line":266,"column":4},"end":{"line":266,"column":26}},"82":{"start":{"line":267,"column":4},"end":{"line":267,"column":28}},"83":{"start":{"line":268,"column":4},"end":{"line":268,"column":24}},"84":{"start":{"line":269,"column":4},"end":{"line":269,"column":27}}},"fnMap":{"0":{"name":"(anonymous_0)","decl":{"start":{"line":18,"column":2},"end":{"line":18,"column":3}},"loc":{"start":{"line":18,"column":43},"end":{"line":48,"column":3}},"line":18},"1":{"name":"(anonymous_1)","decl":{"start":{"line":54,"column":2},"end":{"line":54,"column":3}},"loc":{"start":{"line":54,"column":10},"end":{"line":69,"column":3}},"line":54},"2":{"name":"(anonymous_2)","decl":{"start":{"line":68,"column":39},"end":{"line":68,"column":40}},"loc":{"start":{"line":68,"column":49},"end":{"line":68,"column":65}},"line":68},"3":{"name":"(anonymous_3)","decl":{"start":{"line":75,"column":2},"end":{"line":75,"column":3}},"loc":{"start":{"line":75,"column":9},"end":{"line":87,"column":3}},"line":75},"4":{"name":"(anonymous_4)","decl":{"start":{"line":94,"column":2},"end":{"line":94,"column":3}},"loc":{"start":{"line":94,"column":10},"end":{"line":105,"column":3}},"line":94},"5":{"name":"(anonymous_5)","decl":{"start":{"line":111,"column":2},"end":{"line":111,"column":3}},"loc":{"start":{"line":111,"column":11},"end":{"line":124,"column":3}},"line":111},"6":{"name":"(anonymous_6)","decl":{"start":{"line":133,"column":2},"end":{"line":133,"column":3}},"loc":{"start":{"line":133,"column":21},"end":{"line":183,"column":3}},"line":133},"7":{"name":"(anonymous_7)","decl":{"start":{"line":182,"column":39},"end":{"line":182,"column":40}},"loc":{"start":{"line":182,"column":49},"end":{"line":182,"column":65}},"line":182},"8":{"name":"(anonymous_8)","decl":{"start":{"line":189,"column":2},"end":{"line":189,"column":3}},"loc":{"start":{"line":189,"column":11},"end":{"line":191,"column":3}},"line":189},"9":{"name":"(anonymous_9)","decl":{"start":{"line":197,"column":2},"end":{"line":197,"column":3}},"loc":{"start":{"line":197,"column":17},"end":{"line":199,"column":3}},"line":197},"10":{"name":"(anonymous_10)","decl":{"start":{"line":205,"column":2},"end":{"line":205,"column":3}},"loc":{"start":{"line":205,"column":18},"end":{"line":207,"column":3}},"line":205},"11":{"name":"(anonymous_11)","decl":{"start":{"line":213,"column":2},"end":{"line":213,"column":3}},"loc":{"start":{"line":213,"column":17},"end":{"line":215,"column":3}},"line":213},"12":{"name":"(anonymous_12)","decl":{"start":{"line":221,"column":2},"end":{"line":221,"column":3}},"loc":{"start":{"line":221,"column":24},"end":{"line":226,"column":3}},"line":221},"13":{"name":"(anonymous_13)","decl":{"start":{"line":232,"column":2},"end":{"line":232,"column":3}},"loc":{"start":{"line":232,"column":20},"end":{"line":234,"column":3}},"line":232},"14":{"name":"(anonymous_14)","decl":{"start":{"line":240,"column":2},"end":{"line":240,"column":3}},"loc":{"start":{"line":240,"column":20},"end":{"line":242,"column":3}},"line":240},"15":{"name":"(anonymous_15)","decl":{"start":{"line":248,"column":2},"end":{"line":248,"column":3}},"loc":{"start":{"line":248,"column":14},"end":{"line":250,"column":3}},"line":248},"16":{"name":"(anonymous_16)","decl":{"start":{"line":256,"column":2},"end":{"line":256,"column":3}},"loc":{"start":{"line":256,"column":13},"end":{"line":258,"column":3}},"line":256},"17":{"name":"(anonymous_17)","decl":{"start":{"line":264,"column":2},"end":{"line":264,"column":3}},"loc":{"start":{"line":264,"column":15},"end":{"line":270,"column":3}},"line":264}},"branchMap":{"0":{"loc":{"start":{"line":18,"column":29},"end":{"line":18,"column":41}},"type":"default-arg","locations":[{"start":{"line":18,"column":39},"end":{"line":18,"column":41}}],"line":18},"1":{"loc":{"start":{"line":20,"column":21},"end":{"line":20,"column":44}},"type":"binary-expr","locations":[{"start":{"line":20,"column":21},"end":{"line":20,"column":38}},{"start":{"line":20,"column":42},"end":{"line":20,"column":44}}],"line":20},"2":{"loc":{"start":{"line":21,"column":19},"end":{"line":21,"column":42}},"type":"binary-expr","locations":[{"start":{"line":21,"column":19},"end":{"line":21,"column":34}},{"start":{"line":21,"column":38},"end":{"line":21,"column":42}}],"line":21},"3":{"loc":{"start":{"line":55,"column":4},"end":{"line":58,"column":5}},"type":"if","locations":[{"start":{"line":55,"column":4},"end":{"line":58,"column":5}},{"start":{},"end":{}}],"line":55},"4":{"loc":{"start":{"line":76,"column":4},"end":{"line":78,"column":5}},"type":"if","locations":[{"start":{"line":76,"column":4},"end":{"line":78,"column":5}},{"start":{},"end":{}}],"line":76},"5":{"loc":{"start":{"line":83,"column":4},"end":{"line":86,"column":5}},"type":"if","locations":[{"start":{"line":83,"column":4},"end":{"line":86,"column":5}},{"start":{},"end":{}}],"line":83},"6":{"loc":{"start":{"line":95,"column":4},"end":{"line":98,"column":5}},"type":"if","locations":[{"start":{"line":95,"column":4},"end":{"line":98,"column":5}},{"start":{},"end":{}}],"line":95},"7":{"loc":{"start":{"line":100,"column":4},"end":{"line":102,"column":5}},"type":"if","locations":[{"start":{"line":100,"column":4},"end":{"line":102,"column":5}},{"start":{},"end":{}}],"line":100},"8":{"loc":{"start":{"line":112,"column":4},"end":{"line":115,"column":5}},"type":"if","locations":[{"start":{"line":112,"column":4},"end":{"line":115,"column":5}},{"start":{},"end":{}}],"line":112},"9":{"loc":{"start":{"line":117,"column":4},"end":{"line":119,"column":5}},"type":"if","locations":[{"start":{"line":117,"column":4},"end":{"line":119,"column":5}},{"start":{},"end":{}}],"line":117},"10":{"loc":{"start":{"line":134,"column":4},"end":{"line":136,"column":5}},"type":"if","locations":[{"start":{"line":134,"column":4},"end":{"line":136,"column":5}},{"start":{},"end":{}}],"line":134},"11":{"loc":{"start":{"line":152,"column":4},"end":{"line":156,"column":5}},"type":"if","locations":[{"start":{"line":152,"column":4},"end":{"line":156,"column":5}},{"start":{},"end":{}}],"line":152},"12":{"loc":{"start":{"line":159,"column":4},"end":{"line":163,"column":5}},"type":"if","locations":[{"start":{"line":159,"column":4},"end":{"line":163,"column":5}},{"start":{},"end":{}}],"line":159},"13":{"loc":{"start":{"line":166,"column":4},"end":{"line":168,"column":5}},"type":"if","locations":[{"start":{"line":166,"column":4},"end":{"line":168,"column":5}},{"start":{},"end":{}}],"line":166},"14":{"loc":{"start":{"line":171,"column":4},"end":{"line":179,"column":5}},"type":"if","locations":[{"start":{"line":171,"column":4},"end":{"line":179,"column":5}},{"start":{},"end":{}}],"line":171},"15":{"loc":{"start":{"line":222,"column":4},"end":{"line":224,"column":5}},"type":"if","locations":[{"start":{"line":222,"column":4},"end":{"line":224,"column":5}},{"start":{},"end":{}}],"line":222},"16":{"loc":{"start":{"line":233,"column":11},"end":{"line":233,"column":65}},"type":"cond-expr","locations":[{"start":{"line":233,"column":44},"end":{"line":233,"column":45}},{"start":{"line":233,"column":48},"end":{"line":233,"column":65}}],"line":233}},"s":{"0":68,"1":68,"2":68,"3":68,"4":68,"5":68,"6":68,"7":68,"8":68,"9":68,"10":68,"11":68,"12":68,"13":68,"14":68,"15":68,"16":68,"17":63,"18":1,"19":1,"20":62,"21":62,"22":62,"23":62,"24":62,"25":62,"26":62,"27":57,"28":65,"29":3,"30":62,"31":62,"32":62,"33":62,"34":62,"35":21,"36":1,"37":1,"38":20,"39":2,"40":18,"41":13,"42":1,"43":1,"44":12,"45":2,"46":10,"47":10,"48":1058,"49":0,"50":1058,"51":1058,"52":1058,"53":1058,"54":1058,"55":1058,"56":1007,"57":1007,"58":1007,"59":1058,"60":8,"61":8,"62":8,"63":1058,"64":1007,"65":1058,"66":43,"67":1058,"68":1001,"69":10,"70":1,"71":9,"72":1,"73":7,"74":2,"75":5,"76":5,"77":4,"78":75,"79":9,"80":1,"81":1,"82":1,"83":1,"84":1},"f":{"0":68,"1":63,"2":57,"3":65,"4":21,"5":13,"6":1058,"7":1001,"8":10,"9":1,"10":9,"11":1,"12":7,"13":5,"14":4,"15":75,"16":9,"17":1},"b":{"0":[53],"1":[68,60],"2":[68,61],"3":[1,62],"4":[3,62],"5":[62,0],"6":[1,20],"7":[2,18],"8":[1,12],"9":[2,10],"10":[0,1058],"11":[1007,51],"12":[8,1050],"13":[1007,51],"14":[43,1015],"15":[2,5],"16":[2,3]},"_coverageSchema":"1a1c01bbd47fc00a2c39e90264f33305004495a9","hash":"2b9bae127e1ada04ca216d5de6cf519770cf37ac"}
,"/home/tsonu/src/genai-game-engine/src/engine/assets/AssetLoader.js": {"path":"/home/tsonu/src/genai-game-engine/src/engine/assets/AssetLoader.js","statementMap":{"0":{"start":{"line":30,"column":4},"end":{"line":30,"column":46}},"1":{"start":{"line":31,"column":4},"end":{"line":31,"column":49}},"2":{"start":{"line":32,"column":4},"end":{"line":32,"column":44}},"3":{"start":{"line":33,"column":4},"end":{"line":33,"column":32}},"4":{"start":{"line":34,"column":4},"end":{"line":34,"column":25}},"5":{"start":{"line":35,"column":4},"end":{"line":35,"column":24}},"6":{"start":{"line":44,"column":4},"end":{"line":44,"column":42}},"7":{"start":{"line":45,"column":4},"end":{"line":50,"column":6}},"8":{"start":{"line":46,"column":20},"end":{"line":46,"column":60}},"9":{"start":{"line":47,"column":6},"end":{"line":49,"column":7}},"10":{"start":{"line":48,"column":8},"end":{"line":48,"column":48}},"11":{"start":{"line":58,"column":23},"end":{"line":60,"column":9}},"12":{"start":{"line":62,"column":4},"end":{"line":68,"column":5}},"13":{"start":{"line":62,"column":17},"end":{"line":62,"column":18}},"14":{"start":{"line":63,"column":6},"end":{"line":67,"column":7}},"15":{"start":{"line":64,"column":8},"end":{"line":64,"column":81}},"16":{"start":{"line":66,"column":8},"end":{"line":66,"column":60}},"17":{"start":{"line":79,"column":4},"end":{"line":116,"column":7}},"18":{"start":{"line":80,"column":18},"end":{"line":80,"column":29}},"19":{"start":{"line":81,"column":21},"end":{"line":81,"column":26}},"20":{"start":{"line":84,"column":24},"end":{"line":87,"column":22}},"21":{"start":{"line":85,"column":8},"end":{"line":85,"column":24}},"22":{"start":{"line":86,"column":8},"end":{"line":86,"column":56}},"23":{"start":{"line":89,"column":6},"end":{"line":94,"column":8}},"24":{"start":{"line":90,"column":8},"end":{"line":90,"column":32}},"25":{"start":{"line":91,"column":8},"end":{"line":93,"column":9}},"26":{"start":{"line":92,"column":10},"end":{"line":92,"column":23}},"27":{"start":{"line":96,"column":6},"end":{"line":112,"column":8}},"28":{"start":{"line":97,"column":8},"end":{"line":97,"column":32}},"29":{"start":{"line":98,"column":8},"end":{"line":111,"column":9}},"30":{"start":{"line":99,"column":10},"end":{"line":110,"column":11}},"31":{"start":{"line":100,"column":12},"end":{"line":100,"column":89}},"32":{"start":{"line":101,"column":12},"end":{"line":101,"column":47}},"33":{"start":{"line":102,"column":12},"end":{"line":107,"column":13}},"34":{"start":{"line":103,"column":34},"end":{"line":103,"column":75}},"35":{"start":{"line":104,"column":14},"end":{"line":104,"column":35}},"36":{"start":{"line":106,"column":14},"end":{"line":106,"column":28}},"37":{"start":{"line":109,"column":12},"end":{"line":109,"column":96}},"38":{"start":{"line":115,"column":6},"end":{"line":115,"column":20}},"39":{"start":{"line":127,"column":4},"end":{"line":152,"column":5}},"40":{"start":{"line":128,"column":25},"end":{"line":128,"column":46}},"41":{"start":{"line":129,"column":24},"end":{"line":129,"column":74}},"42":{"start":{"line":129,"column":41},"end":{"line":129,"column":59}},"43":{"start":{"line":131,"column":23},"end":{"line":133,"column":8}},"44":{"start":{"line":135,"column":6},"end":{"line":135,"column":30}},"45":{"start":{"line":137,"column":6},"end":{"line":139,"column":7}},"46":{"start":{"line":138,"column":8},"end":{"line":138,"column":75}},"47":{"start":{"line":141,"column":19},"end":{"line":141,"column":40}},"48":{"start":{"line":142,"column":6},"end":{"line":142,"column":18}},"49":{"start":{"line":145,"column":6},"end":{"line":151,"column":7}},"50":{"start":{"line":146,"column":8},"end":{"line":146,"column":84}},"51":{"start":{"line":147,"column":8},"end":{"line":147,"column":43}},"52":{"start":{"line":148,"column":8},"end":{"line":148,"column":50}},"53":{"start":{"line":150,"column":8},"end":{"line":150,"column":108}},"54":{"start":{"line":163,"column":4},"end":{"line":202,"column":7}},"55":{"start":{"line":164,"column":20},"end":{"line":164,"column":31}},"56":{"start":{"line":165,"column":21},"end":{"line":165,"column":26}},"57":{"start":{"line":168,"column":24},"end":{"line":171,"column":22}},"58":{"start":{"line":169,"column":8},"end":{"line":169,"column":24}},"59":{"start":{"line":170,"column":8},"end":{"line":170,"column":56}},"60":{"start":{"line":174,"column":6},"end":{"line":179,"column":25}},"61":{"start":{"line":175,"column":8},"end":{"line":175,"column":32}},"62":{"start":{"line":176,"column":8},"end":{"line":178,"column":9}},"63":{"start":{"line":177,"column":10},"end":{"line":177,"column":25}},"64":{"start":{"line":181,"column":6},"end":{"line":197,"column":25}},"65":{"start":{"line":182,"column":8},"end":{"line":182,"column":32}},"66":{"start":{"line":183,"column":8},"end":{"line":196,"column":9}},"67":{"start":{"line":184,"column":10},"end":{"line":195,"column":11}},"68":{"start":{"line":185,"column":12},"end":{"line":185,"column":89}},"69":{"start":{"line":186,"column":12},"end":{"line":186,"column":47}},"70":{"start":{"line":187,"column":12},"end":{"line":192,"column":13}},"71":{"start":{"line":188,"column":34},"end":{"line":188,"column":75}},"72":{"start":{"line":189,"column":14},"end":{"line":189,"column":35}},"73":{"start":{"line":191,"column":14},"end":{"line":191,"column":28}},"74":{"start":{"line":194,"column":12},"end":{"line":194,"column":96}},"75":{"start":{"line":200,"column":6},"end":{"line":200,"column":22}},"76":{"start":{"line":201,"column":6},"end":{"line":201,"column":19}},"77":{"start":{"line":211,"column":4},"end":{"line":211,"column":25}},"78":{"start":{"line":212,"column":4},"end":{"line":212,"column":36}},"79":{"start":{"line":213,"column":4},"end":{"line":213,"column":25}},"80":{"start":{"line":215,"column":20},"end":{"line":215,"column":29}},"81":{"start":{"line":216,"column":21},"end":{"line":216,"column":23}},"82":{"start":{"line":218,"column":4},"end":{"line":235,"column":5}},"83":{"start":{"line":218,"column":17},"end":{"line":218,"column":18}},"84":{"start":{"line":219,"column":20},"end":{"line":219,"column":29}},"85":{"start":{"line":220,"column":22},"end":{"line":232,"column":10}},"86":{"start":{"line":222,"column":10},"end":{"line":222,"column":39}},"87":{"start":{"line":223,"column":10},"end":{"line":223,"column":29}},"88":{"start":{"line":224,"column":10},"end":{"line":224,"column":31}},"89":{"start":{"line":225,"column":10},"end":{"line":225,"column":57}},"90":{"start":{"line":228,"column":10},"end":{"line":228,"column":69}},"91":{"start":{"line":229,"column":10},"end":{"line":229,"column":29}},"92":{"start":{"line":230,"column":10},"end":{"line":230,"column":31}},"93":{"start":{"line":231,"column":10},"end":{"line":231,"column":59}},"94":{"start":{"line":234,"column":6},"end":{"line":234,"column":29}},"95":{"start":{"line":237,"column":4},"end":{"line":237,"column":32}},"96":{"start":{"line":238,"column":4},"end":{"line":238,"column":19}},"97":{"start":{"line":249,"column":4},"end":{"line":273,"column":5}},"98":{"start":{"line":257,"column":8},"end":{"line":257,"column":35}},"99":{"start":{"line":261,"column":8},"end":{"line":261,"column":34}},"100":{"start":{"line":269,"column":8},"end":{"line":269,"column":35}},"101":{"start":{"line":272,"column":8},"end":{"line":272,"column":55}},"102":{"start":{"line":283,"column":4},"end":{"line":283,"column":59}},"103":{"start":{"line":283,"column":34},"end":{"line":283,"column":57}},"104":{"start":{"line":290,"column":4},"end":{"line":290,"column":25}},"105":{"start":{"line":291,"column":4},"end":{"line":291,"column":24}},"106":{"start":{"line":299,"column":23},"end":{"line":301,"column":9}},"107":{"start":{"line":303,"column":4},"end":{"line":307,"column":6}}},"fnMap":{"0":{"name":"(anonymous_0)","decl":{"start":{"line":29,"column":2},"end":{"line":29,"column":3}},"loc":{"start":{"line":29,"column":28},"end":{"line":36,"column":3}},"line":29},"1":{"name":"(anonymous_1)","decl":{"start":{"line":43,"column":2},"end":{"line":43,"column":3}},"loc":{"start":{"line":43,"column":23},"end":{"line":51,"column":3}},"line":43},"2":{"name":"(anonymous_2)","decl":{"start":{"line":45,"column":11},"end":{"line":45,"column":12}},"loc":{"start":{"line":45,"column":17},"end":{"line":50,"column":5}},"line":45},"3":{"name":"(anonymous_3)","decl":{"start":{"line":57,"column":2},"end":{"line":57,"column":3}},"loc":{"start":{"line":57,"column":18},"end":{"line":69,"column":3}},"line":57},"4":{"name":"(anonymous_4)","decl":{"start":{"line":78,"column":2},"end":{"line":78,"column":3}},"loc":{"start":{"line":78,"column":39},"end":{"line":117,"column":3}},"line":78},"5":{"name":"(anonymous_5)","decl":{"start":{"line":79,"column":23},"end":{"line":79,"column":24}},"loc":{"start":{"line":79,"column":44},"end":{"line":116,"column":5}},"line":79},"6":{"name":"(anonymous_6)","decl":{"start":{"line":84,"column":35},"end":{"line":84,"column":36}},"loc":{"start":{"line":84,"column":41},"end":{"line":87,"column":7}},"line":84},"7":{"name":"(anonymous_7)","decl":{"start":{"line":89,"column":19},"end":{"line":89,"column":20}},"loc":{"start":{"line":89,"column":25},"end":{"line":94,"column":7}},"line":89},"8":{"name":"(anonymous_8)","decl":{"start":{"line":96,"column":20},"end":{"line":96,"column":21}},"loc":{"start":{"line":96,"column":32},"end":{"line":112,"column":7}},"line":96},"9":{"name":"(anonymous_9)","decl":{"start":{"line":126,"column":2},"end":{"line":126,"column":3}},"loc":{"start":{"line":126,"column":38},"end":{"line":153,"column":3}},"line":126},"10":{"name":"(anonymous_10)","decl":{"start":{"line":129,"column":35},"end":{"line":129,"column":36}},"loc":{"start":{"line":129,"column":41},"end":{"line":129,"column":59}},"line":129},"11":{"name":"(anonymous_11)","decl":{"start":{"line":162,"column":2},"end":{"line":162,"column":3}},"loc":{"start":{"line":162,"column":39},"end":{"line":203,"column":3}},"line":162},"12":{"name":"(anonymous_12)","decl":{"start":{"line":163,"column":23},"end":{"line":163,"column":24}},"loc":{"start":{"line":163,"column":44},"end":{"line":202,"column":5}},"line":163},"13":{"name":"(anonymous_13)","decl":{"start":{"line":168,"column":35},"end":{"line":168,"column":36}},"loc":{"start":{"line":168,"column":41},"end":{"line":171,"column":7}},"line":168},"14":{"name":"(anonymous_14)","decl":{"start":{"line":174,"column":47},"end":{"line":174,"column":48}},"loc":{"start":{"line":174,"column":53},"end":{"line":179,"column":7}},"line":174},"15":{"name":"(anonymous_15)","decl":{"start":{"line":181,"column":38},"end":{"line":181,"column":39}},"loc":{"start":{"line":181,"column":50},"end":{"line":197,"column":7}},"line":181},"16":{"name":"(anonymous_16)","decl":{"start":{"line":210,"column":2},"end":{"line":210,"column":3}},"loc":{"start":{"line":210,"column":26},"end":{"line":239,"column":3}},"line":210},"17":{"name":"(anonymous_17)","decl":{"start":{"line":221,"column":14},"end":{"line":221,"column":15}},"loc":{"start":{"line":221,"column":24},"end":{"line":226,"column":9}},"line":221},"18":{"name":"(anonymous_18)","decl":{"start":{"line":227,"column":15},"end":{"line":227,"column":16}},"loc":{"start":{"line":227,"column":26},"end":{"line":232,"column":9}},"line":227},"19":{"name":"(anonymous_19)","decl":{"start":{"line":248,"column":2},"end":{"line":248,"column":3}},"loc":{"start":{"line":248,"column":36},"end":{"line":274,"column":3}},"line":248},"20":{"name":"(anonymous_20)","decl":{"start":{"line":282,"column":2},"end":{"line":282,"column":3}},"loc":{"start":{"line":282,"column":13},"end":{"line":284,"column":3}},"line":282},"21":{"name":"(anonymous_21)","decl":{"start":{"line":283,"column":23},"end":{"line":283,"column":24}},"loc":{"start":{"line":283,"column":34},"end":{"line":283,"column":57}},"line":283},"22":{"name":"(anonymous_22)","decl":{"start":{"line":289,"column":2},"end":{"line":289,"column":3}},"loc":{"start":{"line":289,"column":18},"end":{"line":292,"column":3}},"line":289},"23":{"name":"(anonymous_23)","decl":{"start":{"line":298,"column":2},"end":{"line":298,"column":3}},"loc":{"start":{"line":298,"column":16},"end":{"line":308,"column":3}},"line":298}},"branchMap":{"0":{"loc":{"start":{"line":29,"column":14},"end":{"line":29,"column":26}},"type":"default-arg","locations":[{"start":{"line":29,"column":24},"end":{"line":29,"column":26}}],"line":29},"1":{"loc":{"start":{"line":30,"column":22},"end":{"line":30,"column":45}},"type":"binary-expr","locations":[{"start":{"line":30,"column":22},"end":{"line":30,"column":40}},{"start":{"line":30,"column":44},"end":{"line":30,"column":45}}],"line":30},"2":{"loc":{"start":{"line":31,"column":22},"end":{"line":31,"column":48}},"type":"binary-expr","locations":[{"start":{"line":31,"column":22},"end":{"line":31,"column":40}},{"start":{"line":31,"column":44},"end":{"line":31,"column":48}}],"line":31},"3":{"loc":{"start":{"line":32,"column":19},"end":{"line":32,"column":43}},"type":"binary-expr","locations":[{"start":{"line":32,"column":19},"end":{"line":32,"column":34}},{"start":{"line":32,"column":38},"end":{"line":32,"column":43}}],"line":32},"4":{"loc":{"start":{"line":47,"column":6},"end":{"line":49,"column":7}},"type":"if","locations":[{"start":{"line":47,"column":6},"end":{"line":49,"column":7}},{"start":{},"end":{}}],"line":47},"5":{"loc":{"start":{"line":58,"column":23},"end":{"line":60,"column":9}},"type":"cond-expr","locations":[{"start":{"line":59,"column":8},"end":{"line":59,"column":50}},{"start":{"line":60,"column":8},"end":{"line":60,"column":9}}],"line":58},"6":{"loc":{"start":{"line":78,"column":23},"end":{"line":78,"column":37}},"type":"default-arg","locations":[{"start":{"line":78,"column":36},"end":{"line":78,"column":37}}],"line":78},"7":{"loc":{"start":{"line":91,"column":8},"end":{"line":93,"column":9}},"type":"if","locations":[{"start":{"line":91,"column":8},"end":{"line":93,"column":9}},{"start":{},"end":{}}],"line":91},"8":{"loc":{"start":{"line":98,"column":8},"end":{"line":111,"column":9}},"type":"if","locations":[{"start":{"line":98,"column":8},"end":{"line":111,"column":9}},{"start":{},"end":{}}],"line":98},"9":{"loc":{"start":{"line":99,"column":10},"end":{"line":110,"column":11}},"type":"if","locations":[{"start":{"line":99,"column":10},"end":{"line":110,"column":11}},{"start":{"line":108,"column":17},"end":{"line":110,"column":11}}],"line":99},"10":{"loc":{"start":{"line":126,"column":22},"end":{"line":126,"column":36}},"type":"default-arg","locations":[{"start":{"line":126,"column":35},"end":{"line":126,"column":36}}],"line":126},"11":{"loc":{"start":{"line":137,"column":6},"end":{"line":139,"column":7}},"type":"if","locations":[{"start":{"line":137,"column":6},"end":{"line":139,"column":7}},{"start":{},"end":{}}],"line":137},"12":{"loc":{"start":{"line":145,"column":6},"end":{"line":151,"column":7}},"type":"if","locations":[{"start":{"line":145,"column":6},"end":{"line":151,"column":7}},{"start":{"line":149,"column":13},"end":{"line":151,"column":7}}],"line":145},"13":{"loc":{"start":{"line":162,"column":23},"end":{"line":162,"column":37}},"type":"default-arg","locations":[{"start":{"line":162,"column":36},"end":{"line":162,"column":37}}],"line":162},"14":{"loc":{"start":{"line":176,"column":8},"end":{"line":178,"column":9}},"type":"if","locations":[{"start":{"line":176,"column":8},"end":{"line":178,"column":9}},{"start":{},"end":{}}],"line":176},"15":{"loc":{"start":{"line":183,"column":8},"end":{"line":196,"column":9}},"type":"if","locations":[{"start":{"line":183,"column":8},"end":{"line":196,"column":9}},{"start":{},"end":{}}],"line":183},"16":{"loc":{"start":{"line":184,"column":10},"end":{"line":195,"column":11}},"type":"if","locations":[{"start":{"line":184,"column":10},"end":{"line":195,"column":11}},{"start":{"line":193,"column":17},"end":{"line":195,"column":11}}],"line":184},"17":{"loc":{"start":{"line":249,"column":4},"end":{"line":273,"column":5}},"type":"switch","locations":[{"start":{"line":250,"column":6},"end":{"line":250,"column":19}},{"start":{"line":251,"column":6},"end":{"line":251,"column":17}},{"start":{"line":252,"column":6},"end":{"line":252,"column":17}},{"start":{"line":253,"column":6},"end":{"line":253,"column":17}},{"start":{"line":254,"column":6},"end":{"line":254,"column":18}},{"start":{"line":255,"column":6},"end":{"line":255,"column":17}},{"start":{"line":256,"column":6},"end":{"line":257,"column":35}},{"start":{"line":259,"column":6},"end":{"line":259,"column":18}},{"start":{"line":260,"column":6},"end":{"line":261,"column":34}},{"start":{"line":263,"column":6},"end":{"line":263,"column":19}},{"start":{"line":264,"column":6},"end":{"line":264,"column":19}},{"start":{"line":265,"column":6},"end":{"line":265,"column":17}},{"start":{"line":266,"column":6},"end":{"line":266,"column":17}},{"start":{"line":267,"column":6},"end":{"line":267,"column":17}},{"start":{"line":268,"column":6},"end":{"line":269,"column":35}},{"start":{"line":271,"column":6},"end":{"line":272,"column":55}}],"line":249},"18":{"loc":{"start":{"line":299,"column":23},"end":{"line":301,"column":9}},"type":"cond-expr","locations":[{"start":{"line":300,"column":8},"end":{"line":300,"column":50}},{"start":{"line":301,"column":8},"end":{"line":301,"column":9}}],"line":299}},"s":{"0":38,"1":38,"2":38,"3":38,"4":38,"5":38,"6":8,"7":8,"8":1,"9":1,"10":1,"11":14,"12":14,"13":14,"14":6,"15":6,"16":1,"17":12,"18":12,"19":12,"20":12,"21":1,"22":1,"23":12,"24":7,"25":7,"26":7,"27":12,"28":4,"29":4,"30":4,"31":3,"32":3,"33":3,"34":3,"35":1,"36":2,"37":1,"38":12,"39":13,"40":13,"41":13,"42":0,"43":13,"44":9,"45":9,"46":3,"47":6,"48":3,"49":10,"50":7,"51":7,"52":7,"53":3,"54":8,"55":8,"56":8,"57":8,"58":1,"59":1,"60":8,"61":3,"62":3,"63":3,"64":8,"65":4,"66":4,"67":4,"68":3,"69":3,"70":3,"71":3,"72":1,"73":2,"74":1,"75":8,"76":8,"77":4,"78":4,"79":4,"80":4,"81":4,"82":4,"83":4,"84":8,"85":8,"86":7,"87":7,"88":7,"89":7,"90":1,"91":1,"92":1,"93":1,"94":8,"95":4,"96":4,"97":15,"98":7,"99":3,"100":3,"101":2,"102":14,"103":14,"104":1,"105":1,"106":2,"107":2},"f":{"0":38,"1":8,"2":1,"3":14,"4":12,"5":12,"6":1,"7":7,"8":4,"9":13,"10":0,"11":8,"12":8,"13":1,"14":3,"15":4,"16":4,"17":7,"18":1,"19":15,"20":14,"21":14,"22":1,"23":2},"b":{"0":[2],"1":[38,4],"2":[38,4],"3":[38,2],"4":[1,0],"5":[14,0],"6":[9],"7":[7,0],"8":[4,0],"9":[3,1],"10":[6],"11":[3,6],"12":[7,3],"13":[5],"14":[3,0],"15":[4,0],"16":[3,1],"17":[6,6,6,7,7,7,7,2,3,2,2,2,3,3,3,2],"18":[1,1]},"_coverageSchema":"1a1c01bbd47fc00a2c39e90264f33305004495a9","hash":"276e6b4d54e27876208417687a11fbb93325f89e"}
,"/home/tsonu/src/genai-game-engine/src/engine/assets/AssetManager.js": {"path":"/home/tsonu/src/genai-game-engine/src/engine/assets/AssetManager.js","statementMap":{"0":{"start":{"line":8,"column":29},"end":{"line":12,"column":1}},"1":{"start":{"line":47,"column":4},"end":{"line":47,"column":54}},"2":{"start":{"line":48,"column":4},"end":{"line":48,"column":28}},"3":{"start":{"line":49,"column":4},"end":{"line":49,"column":29}},"4":{"start":{"line":50,"column":4},"end":{"line":50,"column":25}},"5":{"start":{"line":51,"column":4},"end":{"line":51,"column":28}},"6":{"start":{"line":52,"column":4},"end":{"line":56,"column":6}},"7":{"start":{"line":57,"column":4},"end":{"line":61,"column":6}},"8":{"start":{"line":71,"column":4},"end":{"line":78,"column":5}},"9":{"start":{"line":72,"column":6},"end":{"line":72,"column":54}},"10":{"start":{"line":73,"column":6},"end":{"line":73,"column":26}},"11":{"start":{"line":74,"column":6},"end":{"line":74,"column":74}},"12":{"start":{"line":76,"column":6},"end":{"line":76,"column":55}},"13":{"start":{"line":77,"column":6},"end":{"line":77,"column":18}},"14":{"start":{"line":86,"column":4},"end":{"line":88,"column":5}},"15":{"start":{"line":87,"column":6},"end":{"line":87,"column":13}},"16":{"start":{"line":90,"column":4},"end":{"line":90,"column":24}},"17":{"start":{"line":92,"column":4},"end":{"line":100,"column":5}},"18":{"start":{"line":92,"column":17},"end":{"line":92,"column":18}},"19":{"start":{"line":93,"column":20},"end":{"line":93,"column":43}},"20":{"start":{"line":94,"column":6},"end":{"line":99,"column":7}},"21":{"start":{"line":95,"column":8},"end":{"line":97,"column":9}},"22":{"start":{"line":96,"column":10},"end":{"line":96,"column":50}},"23":{"start":{"line":98,"column":8},"end":{"line":98,"column":51}},"24":{"start":{"line":114,"column":4},"end":{"line":119,"column":5}},"25":{"start":{"line":115,"column":20},"end":{"line":115,"column":44}},"26":{"start":{"line":116,"column":6},"end":{"line":116,"column":23}},"27":{"start":{"line":117,"column":6},"end":{"line":117,"column":87}},"28":{"start":{"line":118,"column":6},"end":{"line":118,"column":24}},"29":{"start":{"line":122,"column":4},"end":{"line":124,"column":5}},"30":{"start":{"line":123,"column":6},"end":{"line":123,"column":39}},"31":{"start":{"line":127,"column":20},"end":{"line":127,"column":48}},"32":{"start":{"line":128,"column":4},"end":{"line":128,"column":39}},"33":{"start":{"line":130,"column":4},"end":{"line":150,"column":5}},"34":{"start":{"line":131,"column":19},"end":{"line":131,"column":32}},"35":{"start":{"line":132,"column":6},"end":{"line":132,"column":35}},"36":{"start":{"line":134,"column":24},"end":{"line":134,"column":51}},"37":{"start":{"line":135,"column":6},"end":{"line":141,"column":9}},"38":{"start":{"line":143,"column":6},"end":{"line":143,"column":71}},"39":{"start":{"line":144,"column":6},"end":{"line":144,"column":18}},"40":{"start":{"line":147,"column":6},"end":{"line":147,"column":35}},"41":{"start":{"line":148,"column":6},"end":{"line":148,"column":71}},"42":{"start":{"line":149,"column":6},"end":{"line":149,"column":18}},"43":{"start":{"line":160,"column":22},"end":{"line":160,"column":49}},"44":{"start":{"line":161,"column":4},"end":{"line":163,"column":5}},"45":{"start":{"line":162,"column":6},"end":{"line":162,"column":65}},"46":{"start":{"line":165,"column":4},"end":{"line":165,"column":90}},"47":{"start":{"line":167,"column":4},"end":{"line":167,"column":77}},"48":{"start":{"line":177,"column":4},"end":{"line":179,"column":5}},"49":{"start":{"line":178,"column":6},"end":{"line":178,"column":18}},"50":{"start":{"line":181,"column":4},"end":{"line":185,"column":5}},"51":{"start":{"line":181,"column":17},"end":{"line":181,"column":18}},"52":{"start":{"line":182,"column":6},"end":{"line":184,"column":7}},"53":{"start":{"line":183,"column":8},"end":{"line":183,"column":39}},"54":{"start":{"line":187,"column":4},"end":{"line":187,"column":16}},"55":{"start":{"line":196,"column":18},"end":{"line":196,"column":42}},"56":{"start":{"line":197,"column":4},"end":{"line":197,"column":37}},"57":{"start":{"line":205,"column":18},"end":{"line":205,"column":42}},"58":{"start":{"line":206,"column":4},"end":{"line":208,"column":5}},"59":{"start":{"line":207,"column":6},"end":{"line":207,"column":13}},"60":{"start":{"line":210,"column":4},"end":{"line":210,"column":21}},"61":{"start":{"line":211,"column":4},"end":{"line":211,"column":85}},"62":{"start":{"line":213,"column":4},"end":{"line":215,"column":5}},"63":{"start":{"line":214,"column":6},"end":{"line":214,"column":33}},"64":{"start":{"line":224,"column":18},"end":{"line":224,"column":42}},"65":{"start":{"line":225,"column":4},"end":{"line":227,"column":5}},"66":{"start":{"line":226,"column":6},"end":{"line":226,"column":13}},"67":{"start":{"line":230,"column":4},"end":{"line":240,"column":5}},"68":{"start":{"line":232,"column":6},"end":{"line":234,"column":7}},"69":{"start":{"line":233,"column":8},"end":{"line":233,"column":28}},"70":{"start":{"line":236,"column":6},"end":{"line":239,"column":7}},"71":{"start":{"line":237,"column":8},"end":{"line":237,"column":27}},"72":{"start":{"line":238,"column":8},"end":{"line":238,"column":28}},"73":{"start":{"line":242,"column":4},"end":{"line":242,"column":32}},"74":{"start":{"line":243,"column":4},"end":{"line":243,"column":49}},"75":{"start":{"line":253,"column":21},"end":{"line":253,"column":47}},"76":{"start":{"line":254,"column":4},"end":{"line":257,"column":5}},"77":{"start":{"line":255,"column":6},"end":{"line":255,"column":61}},"78":{"start":{"line":256,"column":6},"end":{"line":256,"column":23}},"79":{"start":{"line":259,"column":19},"end":{"line":267,"column":6}},"80":{"start":{"line":260,"column":19},"end":{"line":260,"column":41}},"81":{"start":{"line":261,"column":6},"end":{"line":266,"column":8}},"82":{"start":{"line":269,"column":4},"end":{"line":269,"column":38}},"83":{"start":{"line":279,"column":21},"end":{"line":279,"column":23}},"84":{"start":{"line":280,"column":21},"end":{"line":280,"column":23}},"85":{"start":{"line":281,"column":21},"end":{"line":281,"column":23}},"86":{"start":{"line":283,"column":4},"end":{"line":298,"column":5}},"87":{"start":{"line":283,"column":17},"end":{"line":283,"column":18}},"88":{"start":{"line":284,"column":20},"end":{"line":284,"column":29}},"89":{"start":{"line":285,"column":6},"end":{"line":297,"column":7}},"90":{"start":{"line":287,"column":10},"end":{"line":287,"column":31}},"91":{"start":{"line":288,"column":10},"end":{"line":288,"column":16}},"92":{"start":{"line":290,"column":10},"end":{"line":290,"column":31}},"93":{"start":{"line":291,"column":10},"end":{"line":291,"column":16}},"94":{"start":{"line":293,"column":10},"end":{"line":293,"column":31}},"95":{"start":{"line":294,"column":10},"end":{"line":294,"column":16}},"96":{"start":{"line":296,"column":10},"end":{"line":296,"column":31}},"97":{"start":{"line":300,"column":20},"end":{"line":300,"column":29}},"98":{"start":{"line":303,"column":4},"end":{"line":312,"column":5}},"99":{"start":{"line":304,"column":6},"end":{"line":307,"column":9}},"100":{"start":{"line":308,"column":30},"end":{"line":308,"column":93}},"101":{"start":{"line":309,"column":6},"end":{"line":311,"column":7}},"102":{"start":{"line":310,"column":8},"end":{"line":310,"column":30}},"103":{"start":{"line":315,"column":4},"end":{"line":324,"column":5}},"104":{"start":{"line":316,"column":6},"end":{"line":319,"column":9}},"105":{"start":{"line":320,"column":30},"end":{"line":320,"column":93}},"106":{"start":{"line":321,"column":6},"end":{"line":323,"column":7}},"107":{"start":{"line":322,"column":8},"end":{"line":322,"column":30}},"108":{"start":{"line":327,"column":4},"end":{"line":336,"column":5}},"109":{"start":{"line":328,"column":6},"end":{"line":331,"column":9}},"110":{"start":{"line":333,"column":6},"end":{"line":335,"column":9}},"111":{"start":{"line":334,"column":8},"end":{"line":334,"column":62}},"112":{"start":{"line":338,"column":4},"end":{"line":338,"column":19}},"113":{"start":{"line":349,"column":4},"end":{"line":349,"column":43}},"114":{"start":{"line":350,"column":4},"end":{"line":350,"column":54}},"115":{"start":{"line":352,"column":20},"end":{"line":352,"column":29}},"116":{"start":{"line":353,"column":21},"end":{"line":353,"column":23}},"117":{"start":{"line":355,"column":4},"end":{"line":370,"column":5}},"118":{"start":{"line":355,"column":17},"end":{"line":355,"column":18}},"119":{"start":{"line":356,"column":20},"end":{"line":356,"column":29}},"120":{"start":{"line":357,"column":22},"end":{"line":367,"column":10}},"121":{"start":{"line":359,"column":10},"end":{"line":359,"column":38}},"122":{"start":{"line":360,"column":10},"end":{"line":360,"column":47}},"123":{"start":{"line":361,"column":10},"end":{"line":361,"column":47}},"124":{"start":{"line":364,"column":10},"end":{"line":364,"column":80}},"125":{"start":{"line":365,"column":10},"end":{"line":365,"column":47}},"126":{"start":{"line":366,"column":10},"end":{"line":366,"column":47}},"127":{"start":{"line":369,"column":6},"end":{"line":369,"column":29}},"128":{"start":{"line":372,"column":4},"end":{"line":372,"column":32}},"129":{"start":{"line":373,"column":4},"end":{"line":373,"column":19}},"130":{"start":{"line":382,"column":18},"end":{"line":382,"column":45}},"131":{"start":{"line":383,"column":23},"end":{"line":383,"column":79}},"132":{"start":{"line":385,"column":4},"end":{"line":390,"column":7}},"133":{"start":{"line":398,"column":21},"end":{"line":398,"column":47}},"134":{"start":{"line":399,"column":4},"end":{"line":401,"column":5}},"135":{"start":{"line":400,"column":6},"end":{"line":400,"column":13}},"136":{"start":{"line":403,"column":4},"end":{"line":410,"column":5}},"137":{"start":{"line":404,"column":20},"end":{"line":404,"column":44}},"138":{"start":{"line":405,"column":6},"end":{"line":409,"column":7}},"139":{"start":{"line":407,"column":8},"end":{"line":407,"column":27}},"140":{"start":{"line":408,"column":8},"end":{"line":408,"column":35}},"141":{"start":{"line":412,"column":4},"end":{"line":412,"column":57}},"142":{"start":{"line":420,"column":21},"end":{"line":420,"column":23}},"143":{"start":{"line":422,"column":4},"end":{"line":426,"column":5}},"144":{"start":{"line":423,"column":6},"end":{"line":425,"column":7}},"145":{"start":{"line":424,"column":8},"end":{"line":424,"column":31}},"146":{"start":{"line":428,"column":4},"end":{"line":430,"column":5}},"147":{"start":{"line":428,"column":17},"end":{"line":428,"column":18}},"148":{"start":{"line":429,"column":6},"end":{"line":429,"column":37}},"149":{"start":{"line":432,"column":4},"end":{"line":432,"column":66}},"150":{"start":{"line":441,"column":18},"end":{"line":441,"column":45}},"151":{"start":{"line":442,"column":23},"end":{"line":442,"column":79}},"152":{"start":{"line":444,"column":4},"end":{"line":448,"column":6}},"153":{"start":{"line":456,"column":4},"end":{"line":461,"column":6}},"154":{"start":{"line":470,"column":16},"end":{"line":470,"column":17}},"155":{"start":{"line":472,"column":4},"end":{"line":480,"column":5}},"156":{"start":{"line":473,"column":6},"end":{"line":479,"column":7}},"157":{"start":{"line":475,"column":8},"end":{"line":475,"column":58}},"158":{"start":{"line":476,"column":13},"end":{"line":479,"column":7}},"159":{"start":{"line":478,"column":8},"end":{"line":478,"column":55}},"160":{"start":{"line":482,"column":4},"end":{"line":482,"column":17}},"161":{"start":{"line":490,"column":4},"end":{"line":492,"column":5}},"162":{"start":{"line":491,"column":6},"end":{"line":491,"column":33}},"163":{"start":{"line":494,"column":4},"end":{"line":494,"column":24}},"164":{"start":{"line":495,"column":4},"end":{"line":495,"column":25}},"165":{"start":{"line":496,"column":4},"end":{"line":496,"column":24}},"166":{"start":{"line":497,"column":4},"end":{"line":497,"column":25}},"167":{"start":{"line":500,"column":4},"end":{"line":503,"column":5}},"168":{"start":{"line":501,"column":6},"end":{"line":501,"column":45}},"169":{"start":{"line":502,"column":6},"end":{"line":502,"column":44}},"170":{"start":{"line":505,"column":4},"end":{"line":505,"column":35}}},"fnMap":{"0":{"name":"(anonymous_0)","decl":{"start":{"line":46,"column":2},"end":{"line":46,"column":3}},"loc":{"start":{"line":46,"column":28},"end":{"line":62,"column":3}},"line":46},"1":{"name":"(anonymous_1)","decl":{"start":{"line":70,"column":2},"end":{"line":70,"column":3}},"loc":{"start":{"line":70,"column":26},"end":{"line":79,"column":3}},"line":70},"2":{"name":"(anonymous_2)","decl":{"start":{"line":85,"column":2},"end":{"line":85,"column":3}},"loc":{"start":{"line":85,"column":17},"end":{"line":101,"column":3}},"line":85},"3":{"name":"(anonymous_3)","decl":{"start":{"line":112,"column":2},"end":{"line":112,"column":3}},"loc":{"start":{"line":112,"column":27},"end":{"line":151,"column":3}},"line":112},"4":{"name":"(anonymous_4)","decl":{"start":{"line":159,"column":2},"end":{"line":159,"column":3}},"loc":{"start":{"line":159,"column":32},"end":{"line":168,"column":3}},"line":159},"5":{"name":"(anonymous_5)","decl":{"start":{"line":176,"column":2},"end":{"line":176,"column":3}},"loc":{"start":{"line":176,"column":25},"end":{"line":188,"column":3}},"line":176},"6":{"name":"(anonymous_6)","decl":{"start":{"line":195,"column":2},"end":{"line":195,"column":3}},"loc":{"start":{"line":195,"column":20},"end":{"line":198,"column":3}},"line":195},"7":{"name":"(anonymous_7)","decl":{"start":{"line":204,"column":2},"end":{"line":204,"column":3}},"loc":{"start":{"line":204,"column":24},"end":{"line":216,"column":3}},"line":204},"8":{"name":"(anonymous_8)","decl":{"start":{"line":223,"column":2},"end":{"line":223,"column":3}},"loc":{"start":{"line":223,"column":24},"end":{"line":244,"column":3}},"line":223},"9":{"name":"(anonymous_9)","decl":{"start":{"line":252,"column":2},"end":{"line":252,"column":3}},"loc":{"start":{"line":252,"column":49},"end":{"line":270,"column":3}},"line":252},"10":{"name":"(anonymous_10)","decl":{"start":{"line":259,"column":44},"end":{"line":259,"column":45}},"loc":{"start":{"line":259,"column":50},"end":{"line":267,"column":5}},"line":259},"11":{"name":"(anonymous_11)","decl":{"start":{"line":277,"column":2},"end":{"line":277,"column":3}},"loc":{"start":{"line":277,"column":30},"end":{"line":339,"column":3}},"line":277},"12":{"name":"(anonymous_12)","decl":{"start":{"line":333,"column":70},"end":{"line":333,"column":71}},"loc":{"start":{"line":333,"column":79},"end":{"line":335,"column":7}},"line":333},"13":{"name":"(anonymous_13)","decl":{"start":{"line":348,"column":2},"end":{"line":348,"column":3}},"loc":{"start":{"line":348,"column":45},"end":{"line":374,"column":3}},"line":348},"14":{"name":"(anonymous_14)","decl":{"start":{"line":358,"column":14},"end":{"line":358,"column":15}},"loc":{"start":{"line":358,"column":22},"end":{"line":362,"column":9}},"line":358},"15":{"name":"(anonymous_15)","decl":{"start":{"line":363,"column":15},"end":{"line":363,"column":16}},"loc":{"start":{"line":363,"column":24},"end":{"line":367,"column":9}},"line":363},"16":{"name":"(anonymous_16)","decl":{"start":{"line":381,"column":2},"end":{"line":381,"column":3}},"loc":{"start":{"line":381,"column":34},"end":{"line":391,"column":3}},"line":381},"17":{"name":"(anonymous_17)","decl":{"start":{"line":397,"column":2},"end":{"line":397,"column":3}},"loc":{"start":{"line":397,"column":25},"end":{"line":413,"column":3}},"line":397},"18":{"name":"(anonymous_18)","decl":{"start":{"line":419,"column":2},"end":{"line":419,"column":3}},"loc":{"start":{"line":419,"column":17},"end":{"line":433,"column":3}},"line":419},"19":{"name":"(anonymous_19)","decl":{"start":{"line":440,"column":2},"end":{"line":440,"column":3}},"loc":{"start":{"line":440,"column":28},"end":{"line":449,"column":3}},"line":440},"20":{"name":"(anonymous_20)","decl":{"start":{"line":455,"column":2},"end":{"line":455,"column":3}},"loc":{"start":{"line":455,"column":13},"end":{"line":462,"column":3}},"line":455},"21":{"name":"(anonymous_21)","decl":{"start":{"line":469,"column":2},"end":{"line":469,"column":3}},"loc":{"start":{"line":469,"column":25},"end":{"line":483,"column":3}},"line":469},"22":{"name":"(anonymous_22)","decl":{"start":{"line":488,"column":2},"end":{"line":488,"column":3}},"loc":{"start":{"line":488,"column":10},"end":{"line":506,"column":3}},"line":488}},"branchMap":{"0":{"loc":{"start":{"line":46,"column":14},"end":{"line":46,"column":26}},"type":"default-arg","locations":[{"start":{"line":46,"column":24},"end":{"line":46,"column":26}}],"line":46},"1":{"loc":{"start":{"line":47,"column":18},"end":{"line":47,"column":53}},"type":"binary-expr","locations":[{"start":{"line":47,"column":18},"end":{"line":47,"column":32}},{"start":{"line":47,"column":36},"end":{"line":47,"column":53}}],"line":47},"2":{"loc":{"start":{"line":86,"column":4},"end":{"line":88,"column":5}},"type":"if","locations":[{"start":{"line":86,"column":4},"end":{"line":88,"column":5}},{"start":{},"end":{}}],"line":86},"3":{"loc":{"start":{"line":86,"column":8},"end":{"line":86,"column":47}},"type":"binary-expr","locations":[{"start":{"line":86,"column":8},"end":{"line":86,"column":22}},{"start":{"line":86,"column":26},"end":{"line":86,"column":47}}],"line":86},"4":{"loc":{"start":{"line":94,"column":6},"end":{"line":99,"column":7}},"type":"if","locations":[{"start":{"line":94,"column":6},"end":{"line":99,"column":7}},{"start":{},"end":{}}],"line":94},"5":{"loc":{"start":{"line":95,"column":8},"end":{"line":97,"column":9}},"type":"if","locations":[{"start":{"line":95,"column":8},"end":{"line":97,"column":9}},{"start":{},"end":{}}],"line":95},"6":{"loc":{"start":{"line":114,"column":4},"end":{"line":119,"column":5}},"type":"if","locations":[{"start":{"line":114,"column":4},"end":{"line":119,"column":5}},{"start":{},"end":{}}],"line":114},"7":{"loc":{"start":{"line":122,"column":4},"end":{"line":124,"column":5}},"type":"if","locations":[{"start":{"line":122,"column":4},"end":{"line":124,"column":5}},{"start":{},"end":{}}],"line":122},"8":{"loc":{"start":{"line":161,"column":4},"end":{"line":163,"column":5}},"type":"if","locations":[{"start":{"line":161,"column":4},"end":{"line":163,"column":5}},{"start":{},"end":{}}],"line":161},"9":{"loc":{"start":{"line":177,"column":4},"end":{"line":179,"column":5}},"type":"if","locations":[{"start":{"line":177,"column":4},"end":{"line":179,"column":5}},{"start":{},"end":{}}],"line":177},"10":{"loc":{"start":{"line":177,"column":8},"end":{"line":177,"column":47}},"type":"binary-expr","locations":[{"start":{"line":177,"column":8},"end":{"line":177,"column":22}},{"start":{"line":177,"column":26},"end":{"line":177,"column":47}}],"line":177},"11":{"loc":{"start":{"line":182,"column":6},"end":{"line":184,"column":7}},"type":"if","locations":[{"start":{"line":182,"column":6},"end":{"line":184,"column":7}},{"start":{},"end":{}}],"line":182},"12":{"loc":{"start":{"line":197,"column":11},"end":{"line":197,"column":36}},"type":"cond-expr","locations":[{"start":{"line":197,"column":19},"end":{"line":197,"column":29}},{"start":{"line":197,"column":32},"end":{"line":197,"column":36}}],"line":197},"13":{"loc":{"start":{"line":206,"column":4},"end":{"line":208,"column":5}},"type":"if","locations":[{"start":{"line":206,"column":4},"end":{"line":208,"column":5}},{"start":{},"end":{}}],"line":206},"14":{"loc":{"start":{"line":213,"column":4},"end":{"line":215,"column":5}},"type":"if","locations":[{"start":{"line":213,"column":4},"end":{"line":215,"column":5}},{"start":{},"end":{}}],"line":213},"15":{"loc":{"start":{"line":225,"column":4},"end":{"line":227,"column":5}},"type":"if","locations":[{"start":{"line":225,"column":4},"end":{"line":227,"column":5}},{"start":{},"end":{}}],"line":225},"16":{"loc":{"start":{"line":230,"column":4},"end":{"line":240,"column":5}},"type":"if","locations":[{"start":{"line":230,"column":4},"end":{"line":240,"column":5}},{"start":{},"end":{}}],"line":230},"17":{"loc":{"start":{"line":232,"column":6},"end":{"line":234,"column":7}},"type":"if","locations":[{"start":{"line":232,"column":6},"end":{"line":234,"column":7}},{"start":{},"end":{}}],"line":232},"18":{"loc":{"start":{"line":236,"column":6},"end":{"line":239,"column":7}},"type":"if","locations":[{"start":{"line":236,"column":6},"end":{"line":239,"column":7}},{"start":{},"end":{}}],"line":236},"19":{"loc":{"start":{"line":252,"column":32},"end":{"line":252,"column":47}},"type":"default-arg","locations":[{"start":{"line":252,"column":43},"end":{"line":252,"column":47}}],"line":252},"20":{"loc":{"start":{"line":254,"column":4},"end":{"line":257,"column":5}},"type":"if","locations":[{"start":{"line":254,"column":4},"end":{"line":257,"column":5}},{"start":{},"end":{}}],"line":254},"21":{"loc":{"start":{"line":254,"column":8},"end":{"line":254,"column":40}},"type":"binary-expr","locations":[{"start":{"line":254,"column":8},"end":{"line":254,"column":17}},{"start":{"line":254,"column":21},"end":{"line":254,"column":40}}],"line":254},"22":{"loc":{"start":{"line":265,"column":18},"end":{"line":265,"column":43}},"type":"binary-expr","locations":[{"start":{"line":265,"column":18},"end":{"line":265,"column":26}},{"start":{"line":265,"column":30},"end":{"line":265,"column":43}}],"line":265},"23":{"loc":{"start":{"line":285,"column":6},"end":{"line":297,"column":7}},"type":"switch","locations":[{"start":{"line":286,"column":8},"end":{"line":288,"column":16}},{"start":{"line":289,"column":8},"end":{"line":291,"column":16}},{"start":{"line":292,"column":8},"end":{"line":294,"column":16}},{"start":{"line":295,"column":8},"end":{"line":296,"column":31}}],"line":285},"24":{"loc":{"start":{"line":303,"column":4},"end":{"line":312,"column":5}},"type":"if","locations":[{"start":{"line":303,"column":4},"end":{"line":312,"column":5}},{"start":{},"end":{}}],"line":303},"25":{"loc":{"start":{"line":315,"column":4},"end":{"line":324,"column":5}},"type":"if","locations":[{"start":{"line":315,"column":4},"end":{"line":324,"column":5}},{"start":{},"end":{}}],"line":315},"26":{"loc":{"start":{"line":327,"column":4},"end":{"line":336,"column":5}},"type":"if","locations":[{"start":{"line":327,"column":4},"end":{"line":336,"column":5}},{"start":{},"end":{}}],"line":327},"27":{"loc":{"start":{"line":383,"column":23},"end":{"line":383,"column":79}},"type":"cond-expr","locations":[{"start":{"line":383,"column":41},"end":{"line":383,"column":75}},{"start":{"line":383,"column":78},"end":{"line":383,"column":79}}],"line":383},"28":{"loc":{"start":{"line":399,"column":4},"end":{"line":401,"column":5}},"type":"if","locations":[{"start":{"line":399,"column":4},"end":{"line":401,"column":5}},{"start":{},"end":{}}],"line":399},"29":{"loc":{"start":{"line":405,"column":6},"end":{"line":409,"column":7}},"type":"if","locations":[{"start":{"line":405,"column":6},"end":{"line":409,"column":7}},{"start":{},"end":{}}],"line":405},"30":{"loc":{"start":{"line":423,"column":6},"end":{"line":425,"column":7}},"type":"if","locations":[{"start":{"line":423,"column":6},"end":{"line":425,"column":7}},{"start":{},"end":{}}],"line":423},"31":{"loc":{"start":{"line":442,"column":23},"end":{"line":442,"column":79}},"type":"cond-expr","locations":[{"start":{"line":442,"column":41},"end":{"line":442,"column":75}},{"start":{"line":442,"column":78},"end":{"line":442,"column":79}}],"line":442},"32":{"loc":{"start":{"line":473,"column":6},"end":{"line":479,"column":7}},"type":"if","locations":[{"start":{"line":473,"column":6},"end":{"line":479,"column":7}},{"start":{"line":476,"column":13},"end":{"line":479,"column":7}}],"line":473},"33":{"loc":{"start":{"line":476,"column":13},"end":{"line":479,"column":7}},"type":"if","locations":[{"start":{"line":476,"column":13},"end":{"line":479,"column":7}},{"start":{},"end":{}}],"line":476}},"s":{"0":1,"1":43,"2":43,"3":43,"4":43,"5":43,"6":43,"7":43,"8":30,"9":30,"10":29,"11":29,"12":1,"13":1,"14":29,"15":0,"16":29,"17":29,"18":29,"19":48,"20":48,"21":26,"22":19,"23":26,"24":35,"25":1,"26":1,"27":1,"28":1,"29":34,"30":1,"31":33,"32":33,"33":33,"34":33,"35":30,"36":30,"37":30,"38":30,"39":30,"40":3,"41":3,"42":3,"43":33,"44":33,"45":1,"46":32,"47":32,"48":73,"49":0,"50":73,"51":73,"52":96,"53":72,"54":1,"55":2,"56":2,"57":4,"58":4,"59":1,"60":3,"61":3,"62":3,"63":1,"64":12,"65":12,"66":0,"67":12,"68":12,"69":1,"70":12,"71":1,"72":1,"73":12,"74":12,"75":6,"76":6,"77":1,"78":1,"79":5,"80":10,"81":10,"82":5,"83":9,"84":9,"85":9,"86":9,"87":9,"88":16,"89":16,"90":6,"91":6,"92":3,"93":3,"94":1,"95":1,"96":6,"97":9,"98":9,"99":5,"100":5,"101":5,"102":5,"103":9,"104":2,"105":2,"106":2,"107":3,"108":9,"109":4,"110":4,"111":0,"112":9,"113":11,"114":11,"115":11,"116":11,"117":11,"118":11,"119":16,"120":16,"121":15,"122":15,"123":15,"124":1,"125":1,"126":1,"127":16,"128":11,"129":11,"130":16,"131":16,"132":16,"133":3,"134":3,"135":1,"136":2,"137":4,"138":4,"139":4,"140":4,"141":2,"142":2,"143":2,"144":3,"145":2,"146":2,"147":2,"148":2,"149":2,"150":2,"151":2,"152":2,"153":1,"154":3,"155":3,"156":3,"157":1,"158":2,"159":2,"160":3,"161":3,"162":3,"163":3,"164":3,"165":3,"166":3,"167":3,"168":9,"169":9,"170":3},"f":{"0":43,"1":30,"2":29,"3":35,"4":33,"5":73,"6":2,"7":4,"8":12,"9":6,"10":10,"11":9,"12":0,"13":11,"14":15,"15":1,"16":16,"17":3,"18":2,"19":2,"20":1,"21":3,"22":3},"b":{"0":[1],"1":[43,1],"2":[0,29],"3":[29,29],"4":[26,22],"5":[19,7],"6":[1,34],"7":[1,33],"8":[1,32],"9":[0,73],"10":[73,73],"11":[72,24],"12":[1,1],"13":[1,3],"14":[1,2],"15":[0,12],"16":[12,0],"17":[1,11],"18":[1,11],"19":[5],"20":[1,5],"21":[6,5],"22":[10,8],"23":[6,3,1,6],"24":[5,4],"25":[2,7],"26":[4,5],"27":[16,0],"28":[1,2],"29":[4,0],"30":[2,1],"31":[1,1],"32":[1,2],"33":[2,0]},"_coverageSchema":"1a1c01bbd47fc00a2c39e90264f33305004495a9","hash":"ae50669273496d969c6c3769232d01837b2f75e1"}
,"/home/tsonu/src/genai-game-engine/src/engine/audio/AdaptiveMusic.js": {"path":"/home/tsonu/src/genai-game-engine/src/engine/audio/AdaptiveMusic.js","statementMap":{"0":{"start":{"line":7,"column":4},"end":{"line":7,"column":37}},"1":{"start":{"line":8,"column":4},"end":{"line":8,"column":37}},"2":{"start":{"line":9,"column":4},"end":{"line":9,"column":28}},"3":{"start":{"line":13,"column":4},"end":{"line":13,"column":28}}},"fnMap":{"0":{"name":"(anonymous_0)","decl":{"start":{"line":6,"column":2},"end":{"line":6,"column":3}},"loc":{"start":{"line":6,"column":28},"end":{"line":10,"column":3}},"line":6},"1":{"name":"(anonymous_1)","decl":{"start":{"line":12,"column":2},"end":{"line":12,"column":3}},"loc":{"start":{"line":12,"column":16},"end":{"line":15,"column":3}},"line":12},"2":{"name":"(anonymous_2)","decl":{"start":{"line":17,"column":2},"end":{"line":17,"column":3}},"loc":{"start":{"line":17,"column":20},"end":{"line":19,"column":3}},"line":17}},"branchMap":{},"s":{"0":0,"1":0,"2":0,"3":0},"f":{"0":0,"1":0,"2":0},"b":{}}
,"/home/tsonu/src/genai-game-engine/src/engine/audio/AudioManager.js": {"path":"/home/tsonu/src/genai-game-engine/src/engine/audio/AudioManager.js","statementMap":{"0":{"start":{"line":7,"column":4},"end":{"line":7,"column":29}},"1":{"start":{"line":8,"column":4},"end":{"line":8,"column":27}},"2":{"start":{"line":9,"column":4},"end":{"line":9,"column":28}},"3":{"start":{"line":10,"column":4},"end":{"line":10,"column":27}},"4":{"start":{"line":11,"column":4},"end":{"line":11,"column":29}},"5":{"start":{"line":15,"column":4},"end":{"line":15,"column":81}},"6":{"start":{"line":16,"column":4},"end":{"line":16,"column":53}},"7":{"start":{"line":17,"column":4},"end":{"line":17,"column":59}},"8":{"start":{"line":18,"column":4},"end":{"line":18,"column":28}},"9":{"start":{"line":22,"column":4},"end":{"line":24,"column":5}},"10":{"start":{"line":23,"column":6},"end":{"line":23,"column":13}},"11":{"start":{"line":29,"column":4},"end":{"line":31,"column":5}},"12":{"start":{"line":30,"column":6},"end":{"line":30,"column":13}},"13":{"start":{"line":36,"column":4},"end":{"line":38,"column":5}},"14":{"start":{"line":37,"column":6},"end":{"line":37,"column":68}},"15":{"start":{"line":42,"column":4},"end":{"line":44,"column":5}},"16":{"start":{"line":43,"column":6},"end":{"line":43,"column":34}},"17":{"start":{"line":48,"column":4},"end":{"line":50,"column":5}},"18":{"start":{"line":49,"column":6},"end":{"line":49,"column":33}}},"fnMap":{"0":{"name":"(anonymous_0)","decl":{"start":{"line":6,"column":2},"end":{"line":6,"column":3}},"loc":{"start":{"line":6,"column":16},"end":{"line":12,"column":3}},"line":6},"1":{"name":"(anonymous_1)","decl":{"start":{"line":14,"column":2},"end":{"line":14,"column":3}},"loc":{"start":{"line":14,"column":15},"end":{"line":19,"column":3}},"line":14},"2":{"name":"(anonymous_2)","decl":{"start":{"line":21,"column":2},"end":{"line":21,"column":3}},"loc":{"start":{"line":21,"column":33},"end":{"line":26,"column":3}},"line":21},"3":{"name":"(anonymous_3)","decl":{"start":{"line":28,"column":2},"end":{"line":28,"column":3}},"loc":{"start":{"line":28,"column":21},"end":{"line":33,"column":3}},"line":28},"4":{"name":"(anonymous_4)","decl":{"start":{"line":35,"column":2},"end":{"line":35,"column":3}},"loc":{"start":{"line":35,"column":26},"end":{"line":39,"column":3}},"line":35},"5":{"name":"(anonymous_5)","decl":{"start":{"line":41,"column":2},"end":{"line":41,"column":3}},"loc":{"start":{"line":41,"column":10},"end":{"line":45,"column":3}},"line":41},"6":{"name":"(anonymous_6)","decl":{"start":{"line":47,"column":2},"end":{"line":47,"column":3}},"loc":{"start":{"line":47,"column":11},"end":{"line":51,"column":3}},"line":47}},"branchMap":{"0":{"loc":{"start":{"line":15,"column":29},"end":{"line":15,"column":77}},"type":"binary-expr","locations":[{"start":{"line":15,"column":29},"end":{"line":15,"column":48}},{"start":{"line":15,"column":52},"end":{"line":15,"column":77}}],"line":15},"1":{"loc":{"start":{"line":21,"column":19},"end":{"line":21,"column":31}},"type":"default-arg","locations":[{"start":{"line":21,"column":28},"end":{"line":21,"column":31}}],"line":21},"2":{"loc":{"start":{"line":22,"column":4},"end":{"line":24,"column":5}},"type":"if","locations":[{"start":{"line":22,"column":4},"end":{"line":24,"column":5}},{"start":{},"end":{}}],"line":22},"3":{"loc":{"start":{"line":29,"column":4},"end":{"line":31,"column":5}},"type":"if","locations":[{"start":{"line":29,"column":4},"end":{"line":31,"column":5}},{"start":{},"end":{}}],"line":29},"4":{"loc":{"start":{"line":36,"column":4},"end":{"line":38,"column":5}},"type":"if","locations":[{"start":{"line":36,"column":4},"end":{"line":38,"column":5}},{"start":{},"end":{}}],"line":36},"5":{"loc":{"start":{"line":42,"column":4},"end":{"line":44,"column":5}},"type":"if","locations":[{"start":{"line":42,"column":4},"end":{"line":44,"column":5}},{"start":{},"end":{}}],"line":42},"6":{"loc":{"start":{"line":48,"column":4},"end":{"line":50,"column":5}},"type":"if","locations":[{"start":{"line":48,"column":4},"end":{"line":50,"column":5}},{"start":{},"end":{}}],"line":48}},"s":{"0":0,"1":0,"2":0,"3":0,"4":0,"5":0,"6":0,"7":0,"8":0,"9":0,"10":0,"11":0,"12":0,"13":0,"14":0,"15":0,"16":0,"17":0,"18":0},"f":{"0":0,"1":0,"2":0,"3":0,"4":0,"5":0,"6":0},"b":{"0":[0,0],"1":[0],"2":[0,0],"3":[0,0],"4":[0,0],"5":[0,0],"6":[0,0]}}
,"/home/tsonu/src/genai-game-engine/src/engine/ecs/Component.js": {"path":"/home/tsonu/src/genai-game-engine/src/engine/ecs/Component.js","statementMap":{"0":{"start":{"line":22,"column":4},"end":{"line":22,"column":21}},"1":{"start":{"line":30,"column":4},"end":{"line":30,"column":21}},"2":{"start":{"line":44,"column":4},"end":{"line":44,"column":22}},"3":{"start":{"line":45,"column":4},"end":{"line":45,"column":15}},"4":{"start":{"line":46,"column":4},"end":{"line":46,"column":15}},"5":{"start":{"line":47,"column":4},"end":{"line":47,"column":29}},"6":{"start":{"line":56,"column":4},"end":{"line":56,"column":22}},"7":{"start":{"line":57,"column":4},"end":{"line":57,"column":17}},"8":{"start":{"line":58,"column":4},"end":{"line":58,"column":17}},"9":{"start":{"line":67,"column":4},"end":{"line":67,"column":20}},"10":{"start":{"line":68,"column":4},"end":{"line":68,"column":29}},"11":{"start":{"line":69,"column":4},"end":{"line":69,"column":23}},"12":{"start":{"line":70,"column":4},"end":{"line":70,"column":25}},"13":{"start":{"line":71,"column":4},"end":{"line":71,"column":23}},"14":{"start":{"line":72,"column":4},"end":{"line":72,"column":24}},"15":{"start":{"line":73,"column":4},"end":{"line":73,"column":23}},"16":{"start":{"line":74,"column":4},"end":{"line":74,"column":21}},"17":{"start":{"line":75,"column":4},"end":{"line":75,"column":21}},"18":{"start":{"line":84,"column":4},"end":{"line":84,"column":22}},"19":{"start":{"line":85,"column":4},"end":{"line":85,"column":21}},"20":{"start":{"line":86,"column":4},"end":{"line":86,"column":23}},"21":{"start":{"line":87,"column":4},"end":{"line":87,"column":25}},"22":{"start":{"line":88,"column":4},"end":{"line":88,"column":25}},"23":{"start":{"line":89,"column":4},"end":{"line":89,"column":27}},"24":{"start":{"line":90,"column":4},"end":{"line":90,"column":26}},"25":{"start":{"line":99,"column":4},"end":{"line":99,"column":21}},"26":{"start":{"line":100,"column":4},"end":{"line":100,"column":21}},"27":{"start":{"line":101,"column":4},"end":{"line":101,"column":35}},"28":{"start":{"line":102,"column":4},"end":{"line":102,"column":24}},"29":{"start":{"line":111,"column":4},"end":{"line":111,"column":20}},"30":{"start":{"line":112,"column":4},"end":{"line":112,"column":19}},"31":{"start":{"line":113,"column":4},"end":{"line":113,"column":27}}},"fnMap":{"0":{"name":"(anonymous_0)","decl":{"start":{"line":21,"column":2},"end":{"line":21,"column":3}},"loc":{"start":{"line":21,"column":20},"end":{"line":23,"column":3}},"line":21},"1":{"name":"(anonymous_1)","decl":{"start":{"line":29,"column":2},"end":{"line":29,"column":3}},"loc":{"start":{"line":29,"column":12},"end":{"line":31,"column":3}},"line":29},"2":{"name":"(anonymous_2)","decl":{"start":{"line":43,"column":2},"end":{"line":43,"column":3}},"loc":{"start":{"line":43,"column":42},"end":{"line":48,"column":3}},"line":43},"3":{"name":"(anonymous_3)","decl":{"start":{"line":55,"column":2},"end":{"line":55,"column":3}},"loc":{"start":{"line":55,"column":30},"end":{"line":59,"column":3}},"line":55},"4":{"name":"(anonymous_4)","decl":{"start":{"line":66,"column":2},"end":{"line":66,"column":3}},"loc":{"start":{"line":66,"column":59},"end":{"line":76,"column":3}},"line":66},"5":{"name":"(anonymous_5)","decl":{"start":{"line":83,"column":2},"end":{"line":83,"column":3}},"loc":{"start":{"line":83,"column":67},"end":{"line":91,"column":3}},"line":83},"6":{"name":"(anonymous_6)","decl":{"start":{"line":98,"column":2},"end":{"line":98,"column":3}},"loc":{"start":{"line":98,"column":45},"end":{"line":103,"column":3}},"line":98},"7":{"name":"(anonymous_7)","decl":{"start":{"line":110,"column":2},"end":{"line":110,"column":3}},"loc":{"start":{"line":110,"column":40},"end":{"line":114,"column":3}},"line":110}},"branchMap":{"0":{"loc":{"start":{"line":43,"column":14},"end":{"line":43,"column":19}},"type":"default-arg","locations":[{"start":{"line":43,"column":18},"end":{"line":43,"column":19}}],"line":43},"1":{"loc":{"start":{"line":43,"column":21},"end":{"line":43,"column":26}},"type":"default-arg","locations":[{"start":{"line":43,"column":25},"end":{"line":43,"column":26}}],"line":43},"2":{"loc":{"start":{"line":43,"column":28},"end":{"line":43,"column":40}},"type":"default-arg","locations":[{"start":{"line":43,"column":39},"end":{"line":43,"column":40}}],"line":43},"3":{"loc":{"start":{"line":55,"column":14},"end":{"line":55,"column":20}},"type":"default-arg","locations":[{"start":{"line":55,"column":19},"end":{"line":55,"column":20}}],"line":55},"4":{"loc":{"start":{"line":55,"column":22},"end":{"line":55,"column":28}},"type":"default-arg","locations":[{"start":{"line":55,"column":27},"end":{"line":55,"column":28}}],"line":55},"5":{"loc":{"start":{"line":66,"column":39},"end":{"line":66,"column":57}},"type":"default-arg","locations":[{"start":{"line":66,"column":47},"end":{"line":66,"column":57}}],"line":66},"6":{"loc":{"start":{"line":83,"column":14},"end":{"line":83,"column":27}},"type":"default-arg","locations":[{"start":{"line":83,"column":21},"end":{"line":83,"column":27}}],"line":83},"7":{"loc":{"start":{"line":83,"column":29},"end":{"line":83,"column":39}},"type":"default-arg","locations":[{"start":{"line":83,"column":37},"end":{"line":83,"column":39}}],"line":83},"8":{"loc":{"start":{"line":83,"column":41},"end":{"line":83,"column":52}},"type":"default-arg","locations":[{"start":{"line":83,"column":50},"end":{"line":83,"column":52}}],"line":83},"9":{"loc":{"start":{"line":83,"column":54},"end":{"line":83,"column":65}},"type":"default-arg","locations":[{"start":{"line":83,"column":63},"end":{"line":83,"column":65}}],"line":83},"10":{"loc":{"start":{"line":98,"column":14},"end":{"line":98,"column":24}},"type":"default-arg","locations":[{"start":{"line":98,"column":21},"end":{"line":98,"column":24}}],"line":98},"11":{"loc":{"start":{"line":98,"column":26},"end":{"line":98,"column":43}},"type":"default-arg","locations":[{"start":{"line":98,"column":40},"end":{"line":98,"column":43}}],"line":98},"12":{"loc":{"start":{"line":110,"column":14},"end":{"line":110,"column":23}},"type":"default-arg","locations":[{"start":{"line":110,"column":20},"end":{"line":110,"column":23}}],"line":110},"13":{"loc":{"start":{"line":110,"column":25},"end":{"line":110,"column":38}},"type":"default-arg","locations":[{"start":{"line":110,"column":35},"end":{"line":110,"column":38}}],"line":110}},"s":{"0":0,"1":0,"2":0,"3":0,"4":0,"5":0,"6":0,"7":0,"8":0,"9":0,"10":0,"11":0,"12":0,"13":0,"14":0,"15":0,"16":0,"17":0,"18":0,"19":0,"20":0,"21":0,"22":0,"23":0,"24":0,"25":0,"26":0,"27":0,"28":0,"29":0,"30":0,"31":0},"f":{"0":0,"1":0,"2":0,"3":0,"4":0,"5":0,"6":0,"7":0},"b":{"0":[0],"1":[0],"2":[0],"3":[0],"4":[0],"5":[0],"6":[0],"7":[0],"8":[0],"9":[0],"10":[0],"11":[0],"12":[0],"13":[0]}}
[...]
ons":[{"start":{"line":47,"column":4},"end":{"line":47,"column":44}},{"start":{},"end":{}}],"line":47},"3":{"loc":{"start":{"line":53,"column":4},"end":{"line":53,"column":42}},"type":"if","locations":[{"start":{"line":53,"column":4},"end":{"line":53,"column":42}},{"start":{},"end":{}}],"line":53},"4":{"loc":{"start":{"line":53,"column":8},"end":{"line":53,"column":33}},"type":"binary-expr","locations":[{"start":{"line":53,"column":8},"end":{"line":53,"column":19}},{"start":{"line":53,"column":23},"end":{"line":53,"column":33}}],"line":53},"5":{"loc":{"start":{"line":59,"column":4},"end":{"line":69,"column":5}},"type":"if","locations":[{"start":{"line":59,"column":4},"end":{"line":69,"column":5}},{"start":{},"end":{}}],"line":59},"6":{"loc":{"start":{"line":59,"column":8},"end":{"line":59,"column":48}},"type":"binary-expr","locations":[{"start":{"line":59,"column":8},"end":{"line":59,"column":26}},{"start":{"line":59,"column":30},"end":{"line":59,"column":48}}],"line":59},"7":{"loc":{"start":{"line":81,"column":4},"end":{"line":85,"column":5}},"type":"if","locations":[{"start":{"line":81,"column":4},"end":{"line":85,"column":5}},{"start":{},"end":{}}],"line":81},"8":{"loc":{"start":{"line":88,"column":4},"end":{"line":88,"column":71}},"type":"if","locations":[{"start":{"line":88,"column":4},"end":{"line":88,"column":71}},{"start":{},"end":{}}],"line":88},"9":{"loc":{"start":{"line":89,"column":4},"end":{"line":89,"column":71}},"type":"if","locations":[{"start":{"line":89,"column":4},"end":{"line":89,"column":71}},{"start":{},"end":{}}],"line":89},"10":{"loc":{"start":{"line":103,"column":4},"end":{"line":109,"column":5}},"type":"if","locations":[{"start":{"line":103,"column":4},"end":{"line":109,"column":5}},{"start":{},"end":{}}],"line":103}},"s":{"0":0,"1":0,"2":0,"3":0,"4":0,"5":0,"6":0,"7":0,"8":0,"9":0,"10":0,"11":0,"12":0,"13":0,"14":0,"15":0,"16":0,"17":0,"18":0,"19":0,"20":0,"21":0,"22":0,"23":0,"24":0,"25":0,"26":0,"27":0,"28":0,"29":0,"30":0,"31":0,"32":0,"33":0,"34":0,"35":0,"36":0,"37":0,"38":0,"39":0,"40":0,"41":0,"42":0,"43":0,"44":0,"45":0,"46":0,"47":0,"48":0,"49":0,"50":0,"51":0,"52":0,"53":0,"54":0},"f":{"0":0,"1":0,"2":0,"3":0,"4":0,"5":0,"6":0,"7":0},"b":{"0":[0,0],"1":[0,0],"2":[0,0],"3":[0,0],"4":[0,0],"5":[0,0],"6":[0,0],"7":[0,0],"8":[0,0],"9":[0,0],"10":[0,0]}}
,"/home/tsonu/src/genai-game-engine/src/utils/Logger.js": {"path":"/home/tsonu/src/genai-game-engine/src/utils/Logger.js","statementMap":{"0":{"start":{"line":8,"column":20},"end":{"line":14,"column":3}},"1":{"start":{"line":22,"column":4},"end":{"line":22,"column":27}},"2":{"start":{"line":23,"column":4},"end":{"line":23,"column":23}},"3":{"start":{"line":24,"column":4},"end":{"line":24,"column":19}},"4":{"start":{"line":25,"column":4},"end":{"line":25,"column":23}},"5":{"start":{"line":33,"column":4},"end":{"line":33,"column":23}},"6":{"start":{"line":41,"column":16},"end":{"line":41,"column":26}},"7":{"start":{"line":42,"column":18},"end":{"line":42,"column":57}},"8":{"start":{"line":43,"column":20},"end":{"line":43,"column":61}},"9":{"start":{"line":44,"column":20},"end":{"line":44,"column":61}},"10":{"start":{"line":45,"column":15},"end":{"line":45,"column":61}},"11":{"start":{"line":46,"column":4},"end":{"line":46,"column":50}},"12":{"start":{"line":56,"column":4},"end":{"line":56,"column":78}},"13":{"start":{"line":65,"column":4},"end":{"line":70,"column":7}},"14":{"start":{"line":73,"column":4},"end":{"line":75,"column":5}},"15":{"start":{"line":74,"column":6},"end":{"line":74,"column":24}},"16":{"start":{"line":83,"column":4},"end":{"line":87,"column":5}},"17":{"start":{"line":84,"column":22},"end":{"line":84,"column":36}},"18":{"start":{"line":85,"column":6},"end":{"line":85,"column":49}},"19":{"start":{"line":86,"column":6},"end":{"line":86,"column":35}},"20":{"start":{"line":95,"column":4},"end":{"line":99,"column":5}},"21":{"start":{"line":96,"column":22},"end":{"line":96,"column":36}},"22":{"start":{"line":97,"column":6},"end":{"line":97,"column":48}},"23":{"start":{"line":98,"column":6},"end":{"line":98,"column":34}},"24":{"start":{"line":107,"column":4},"end":{"line":111,"column":5}},"25":{"start":{"line":108,"column":22},"end":{"line":108,"column":36}},"26":{"start":{"line":109,"column":6},"end":{"line":109,"column":49}},"27":{"start":{"line":110,"column":6},"end":{"line":110,"column":34}},"28":{"start":{"line":119,"column":4},"end":{"line":123,"column":5}},"29":{"start":{"line":120,"column":22},"end":{"line":120,"column":36}},"30":{"start":{"line":121,"column":6},"end":{"line":121,"column":51}},"31":{"start":{"line":122,"column":6},"end":{"line":122,"column":35}},"32":{"start":{"line":131,"column":4},"end":{"line":131,"column":21}},"33":{"start":{"line":138,"column":4},"end":{"line":138,"column":19}},"34":{"start":{"line":146,"column":4},"end":{"line":146,"column":46}},"35":{"start":{"line":151,"column":22},"end":{"line":151,"column":64}}},"fnMap":{"0":{"name":"(anonymous_0)","decl":{"start":{"line":21,"column":2},"end":{"line":21,"column":3}},"loc":{"start":{"line":21,"column":64},"end":{"line":26,"column":3}},"line":21},"1":{"name":"(anonymous_1)","decl":{"start":{"line":32,"column":2},"end":{"line":32,"column":3}},"loc":{"start":{"line":32,"column":18},"end":{"line":34,"column":3}},"line":32},"2":{"name":"(anonymous_2)","decl":{"start":{"line":40,"column":2},"end":{"line":40,"column":3}},"loc":{"start":{"line":40,"column":17},"end":{"line":47,"column":3}},"line":40},"3":{"name":"(anonymous_3)","decl":{"start":{"line":55,"column":2},"end":{"line":55,"column":3}},"loc":{"start":{"line":55,"column":25},"end":{"line":57,"column":3}},"line":55},"4":{"name":"(anonymous_4)","decl":{"start":{"line":64,"column":2},"end":{"line":64,"column":3}},"loc":{"start":{"line":64,"column":24},"end":{"line":76,"column":3}},"line":64},"5":{"name":"(anonymous_5)","decl":{"start":{"line":82,"column":2},"end":{"line":82,"column":3}},"loc":{"start":{"line":82,"column":17},"end":{"line":88,"column":3}},"line":82},"6":{"name":"(anonymous_6)","decl":{"start":{"line":94,"column":2},"end":{"line":94,"column":3}},"loc":{"start":{"line":94,"column":16},"end":{"line":100,"column":3}},"line":94},"7":{"name":"(anonymous_7)","decl":{"start":{"line":106,"column":2},"end":{"line":106,"column":3}},"loc":{"start":{"line":106,"column":16},"end":{"line":112,"column":3}},"line":106},"8":{"name":"(anonymous_8)","decl":{"start":{"line":118,"column":2},"end":{"line":118,"column":3}},"loc":{"start":{"line":118,"column":17},"end":{"line":124,"column":3}},"line":118},"9":{"name":"(anonymous_9)","decl":{"start":{"line":130,"column":2},"end":{"line":130,"column":3}},"loc":{"start":{"line":130,"column":12},"end":{"line":132,"column":3}},"line":130},"10":{"name":"(anonymous_10)","decl":{"start":{"line":137,"column":2},"end":{"line":137,"column":3}},"loc":{"start":{"line":137,"column":14},"end":{"line":139,"column":3}},"line":137},"11":{"name":"(anonymous_11)","decl":{"start":{"line":145,"column":2},"end":{"line":145,"column":3}},"loc":{"start":{"line":145,"column":15},"end":{"line":147,"column":3}},"line":145}},"branchMap":{"0":{"loc":{"start":{"line":21,"column":14},"end":{"line":21,"column":32}},"type":"default-arg","locations":[{"start":{"line":21,"column":24},"end":{"line":21,"column":32}}],"line":21},"1":{"loc":{"start":{"line":21,"column":34},"end":{"line":21,"column":62}},"type":"default-arg","locations":[{"start":{"line":21,"column":42},"end":{"line":21,"column":62}}],"line":21},"2":{"loc":{"start":{"line":73,"column":4},"end":{"line":75,"column":5}},"type":"if","locations":[{"start":{"line":73,"column":4},"end":{"line":75,"column":5}},{"start":{},"end":{}}],"line":73},"3":{"loc":{"start":{"line":83,"column":4},"end":{"line":87,"column":5}},"type":"if","locations":[{"start":{"line":83,"column":4},"end":{"line":87,"column":5}},{"start":{},"end":{}}],"line":83},"4":{"loc":{"start":{"line":95,"column":4},"end":{"line":99,"column":5}},"type":"if","locations":[{"start":{"line":95,"column":4},"end":{"line":99,"column":5}},{"start":{},"end":{}}],"line":95},"5":{"loc":{"start":{"line":107,"column":4},"end":{"line":111,"column":5}},"type":"if","locations":[{"start":{"line":107,"column":4},"end":{"line":111,"column":5}},{"start":{},"end":{}}],"line":107},"6":{"loc":{"start":{"line":119,"column":4},"end":{"line":123,"column":5}},"type":"if","locations":[{"start":{"line":119,"column":4},"end":{"line":123,"column":5}},{"start":{},"end":{}}],"line":119}},"s":{"0":0,"1":0,"2":0,"3":0,"4":0,"5":0,"6":0,"7":0,"8":0,"9":0,"10":0,"11":0,"12":0,"13":0,"14":0,"15":0,"16":0,"17":0,"18":0,"19":0,"20":0,"21":0,"22":0,"23":0,"24":0,"25":0,"26":0,"27":0,"28":0,"29":0,"30":0,"31":0,"32":0,"33":0,"34":0,"35":0},"f":{"0":0,"1":0,"2":0,"3":0,"4":0,"5":0,"6":0,"7":0,"8":0,"9":0,"10":0,"11":0},"b":{"0":[0],"1":[0],"2":[0,0],"3":[0,0],"4":[0,0],"5":[0,0],"6":[0,0]}}
,"/home/tsonu/src/genai-game-engine/src/utils/Vector2.js": {"path":"/home/tsonu/src/genai-game-engine/src/utils/Vector2.js","statementMap":{"0":{"start":{"line":15,"column":4},"end":{"line":15,"column":15}},"1":{"start":{"line":16,"column":4},"end":{"line":16,"column":15}},"2":{"start":{"line":26,"column":4},"end":{"line":26,"column":15}},"3":{"start":{"line":27,"column":4},"end":{"line":27,"column":15}},"4":{"start":{"line":28,"column":4},"end":{"line":28,"column":16}},"5":{"start":{"line":37,"column":4},"end":{"line":37,"column":17}},"6":{"start":{"line":38,"column":4},"end":{"line":38,"column":17}},"7":{"start":{"line":39,"column":4},"end":{"line":39,"column":16}},"8":{"start":{"line":47,"column":4},"end":{"line":47,"column":39}},"9":{"start":{"line":56,"column":4},"end":{"line":56,"column":18}},"10":{"start":{"line":57,"column":4},"end":{"line":57,"column":18}},"11":{"start":{"line":58,"column":4},"end":{"line":58,"column":16}},"12":{"start":{"line":67,"column":4},"end":{"line":67,"column":18}},"13":{"start":{"line":68,"column":4},"end":{"line":68,"column":18}},"14":{"start":{"line":69,"column":4},"end":{"line":69,"column":16}},"15":{"start":{"line":78,"column":4},"end":{"line":78,"column":21}},"16":{"start":{"line":79,"column":4},"end":{"line":79,"column":21}},"17":{"start":{"line":80,"column":4},"end":{"line":80,"column":16}},"18":{"start":{"line":89,"column":4},"end":{"line":92,"column":5}},"19":{"start":{"line":90,"column":6},"end":{"line":90,"column":23}},"20":{"start":{"line":91,"column":6},"end":{"line":91,"column":23}},"21":{"start":{"line":93,"column":4},"end":{"line":93,"column":16}},"22":{"start":{"line":101,"column":4},"end":{"line":101,"column":56}},"23":{"start":{"line":109,"column":4},"end":{"line":109,"column":45}},"24":{"start":{"line":117,"column":16},"end":{"line":117,"column":29}},"25":{"start":{"line":118,"column":4},"end":{"line":121,"column":5}},"26":{"start":{"line":119,"column":6},"end":{"line":119,"column":20}},"27":{"start":{"line":120,"column":6},"end":{"line":120,"column":20}},"28":{"start":{"line":122,"column":4},"end":{"line":122,"column":16}},"29":{"start":{"line":131,"column":4},"end":{"line":131,"column":39}},"30":{"start":{"line":140,"column":15},"end":{"line":140,"column":27}},"31":{"start":{"line":141,"column":15},"end":{"line":141,"column":27}},"32":{"start":{"line":142,"column":4},"end":{"line":142,"column":40}},"33":{"start":{"line":151,"column":15},"end":{"line":151,"column":27}},"34":{"start":{"line":152,"column":15},"end":{"line":152,"column":27}},"35":{"start":{"line":153,"column":4},"end":{"line":153,"column":29}},"36":{"start":{"line":162,"column":16},"end":{"line":162,"column":31}},"37":{"start":{"line":163,"column":16},"end":{"line":163,"column":31}},"38":{"start":{"line":164,"column":17},"end":{"line":164,"column":44}},"39":{"start":{"line":165,"column":17},"end":{"line":165,"column":44}},"40":{"start":{"line":166,"column":4},"end":{"line":166,"column":18}},"41":{"start":{"line":167,"column":4},"end":{"line":167,"column":18}},"42":{"start":{"line":168,"column":4},"end":{"line":168,"column":16}},"43":{"start":{"line":178,"column":4},"end":{"line":178,"column":33}},"44":{"start":{"line":179,"column":4},"end":{"line":179,"column":33}},"45":{"start":{"line":180,"column":4},"end":{"line":180,"column":16}},"46":{"start":{"line":190,"column":4},"end":{"line":190,"column":80}},"47":{"start":{"line":203,"column":4},"end":{"line":203,"column":22}},"48":{"start":{"line":204,"column":4},"end":{"line":204,"column":22}},"49":{"start":{"line":205,"column":4},"end":{"line":205,"column":15}},"50":{"start":{"line":216,"column":4},"end":{"line":216,"column":22}},"51":{"start":{"line":217,"column":4},"end":{"line":217,"column":22}},"52":{"start":{"line":218,"column":4},"end":{"line":218,"column":15}},"53":{"start":{"line":228,"column":15},"end":{"line":228,"column":24}},"54":{"start":{"line":229,"column":15},"end":{"line":229,"column":24}},"55":{"start":{"line":230,"column":4},"end":{"line":230,"column":40}},"56":{"start":{"line":240,"column":15},"end":{"line":240,"column":24}},"57":{"start":{"line":241,"column":15},"end":{"line":241,"column":24}},"58":{"start":{"line":242,"column":4},"end":{"line":242,"column":29}},"59":{"start":{"line":250,"column":4},"end":{"line":250,"column":29}},"60":{"start":{"line":258,"column":4},"end":{"line":258,"column":29}},"61":{"start":{"line":266,"column":4},"end":{"line":266,"column":29}},"62":{"start":{"line":274,"column":4},"end":{"line":274,"column":30}}},"fnMap":{"0":{"name":"(anonymous_0)","decl":{"start":{"line":14,"column":2},"end":{"line":14,"column":3}},"loc":{"start":{"line":14,"column":28},"end":{"line":17,"column":3}},"line":14},"1":{"name":"(anonymous_1)","decl":{"start":{"line":25,"column":2},"end":{"line":25,"column":3}},"loc":{"start":{"line":25,"column":12},"end":{"line":29,"column":3}},"line":25},"2":{"name":"(anonymous_2)","decl":{"start":{"line":36,"column":2},"end":{"line":36,"column":3}},"loc":{"start":{"line":36,"column":10},"end":{"line":40,"column":3}},"line":36},"3":{"name":"(anonymous_3)","decl":{"start":{"line":46,"column":2},"end":{"line":46,"column":3}},"loc":{"start":{"line":46,"column":10},"end":{"line":48,"column":3}},"line":46},"4":{"name":"(anonymous_4)","decl":{"start":{"line":55,"column":2},"end":{"line":55,"column":3}},"loc":{"start":{"line":55,"column":9},"end":{"line":59,"column":3}},"line":55},"5":{"name":"(anonymous_5)","decl":{"start":{"line":66,"column":2},"end":{"line":66,"column":3}},"loc":{"start":{"line":66,"column":9},"end":{"line":70,"column":3}},"line":66},"6":{"name":"(anonymous_6)","decl":{"start":{"line":77,"column":2},"end":{"line":77,"column":3}},"loc":{"start":{"line":77,"column":19},"end":{"line":81,"column":3}},"line":77},"7":{"name":"(anonymous_7)","decl":{"start":{"line":88,"column":2},"end":{"line":88,"column":3}},"loc":{"start":{"line":88,"column":17},"end":{"line":94,"column":3}},"line":88},"8":{"name":"(anonymous_8)","decl":{"start":{"line":100,"column":2},"end":{"line":100,"column":3}},"loc":{"start":{"line":100,"column":11},"end":{"line":102,"column":3}},"line":100},"9":{"name":"(anonymous_9)","decl":{"start":{"line":108,"column":2},"end":{"line":108,"column":3}},"loc":{"start":{"line":108,"column":13},"end":{"line":110,"column":3}},"line":108},"10":{"name":"(anonymous_10)","decl":{"start":{"line":116,"column":2},"end":{"line":116,"column":3}},"loc":{"start":{"line":116,"column":14},"end":{"line":123,"column":3}},"line":116},"11":{"name":"(anonymous_11)","decl":{"start":{"line":130,"column":2},"end":{"line":130,"column":3}},"loc":{"start":{"line":130,"column":9},"end":{"line":132,"column":3}},"line":130},"12":{"name":"(anonymous_12)","decl":{"start":{"line":139,"column":2},"end":{"line":139,"column":3}},"loc":{"start":{"line":139,"column":16},"end":{"line":143,"column":3}},"line":139},"13":{"name":"(anonymous_13)","decl":{"start":{"line":150,"column":2},"end":{"line":150,"column":3}},"loc":{"start":{"line":150,"column":18},"end":{"line":154,"column":3}},"line":150},"14":{"name":"(anonymous_14)","decl":{"start":{"line":161,"column":2},"end":{"line":161,"column":3}},"loc":{"start":{"line":161,"column":16},"end":{"line":169,"column":3}},"line":161},"15":{"name":"(anonymous_15)","decl":{"start":{"line":177,"column":2},"end":{"line":177,"column":3}},"loc":{"start":{"line":177,"column":13},"end":{"line":181,"column":3}},"line":177},"16":{"name":"(anonymous_16)","decl":{"start":{"line":189,"column":2},"end":{"line":189,"column":3}},"loc":{"start":{"line":189,"column":30},"end":{"line":191,"column":3}},"line":189},"17":{"name":"(anonymous_17)","decl":{"start":{"line":202,"column":2},"end":{"line":202,"column":3}},"loc":{"start":{"line":202,"column":24},"end":{"line":206,"column":3}},"line":202},"18":{"name":"(anonymous_18)","decl":{"start":{"line":215,"column":2},"end":{"line":215,"column":3}},"loc":{"start":{"line":215,"column":24},"end":{"line":219,"column":3}},"line":215},"19":{"name":"(anonymous_19)","decl":{"start":{"line":227,"column":2},"end":{"line":227,"column":3}},"loc":{"start":{"line":227,"column":24},"end":{"line":231,"column":3}},"line":227},"20":{"name":"(anonymous_20)","decl":{"start":{"line":239,"column":2},"end":{"line":239,"column":3}},"loc":{"start":{"line":239,"column":26},"end":{"line":243,"column":3}},"line":239},"21":{"name":"(anonymous_21)","decl":{"start":{"line":249,"column":2},"end":{"line":249,"column":3}},"loc":{"start":{"line":249,"column":16},"end":{"line":251,"column":3}},"line":249},"22":{"name":"(anonymous_22)","decl":{"start":{"line":257,"column":2},"end":{"line":257,"column":3}},"loc":{"start":{"line":257,"column":15},"end":{"line":259,"column":3}},"line":257},"23":{"name":"(anonymous_23)","decl":{"start":{"line":265,"column":2},"end":{"line":265,"column":3}},"loc":{"start":{"line":265,"column":17},"end":{"line":267,"column":3}},"line":265},"24":{"name":"(anonymous_24)","decl":{"start":{"line":273,"column":2},"end":{"line":273,"column":3}},"loc":{"start":{"line":273,"column":14},"end":{"line":275,"column":3}},"line":273}},"branchMap":{"0":{"loc":{"start":{"line":14,"column":14},"end":{"line":14,"column":19}},"type":"default-arg","locations":[{"start":{"line":14,"column":18},"end":{"line":14,"column":19}}],"line":14},"1":{"loc":{"start":{"line":14,"column":21},"end":{"line":14,"column":26}},"type":"default-arg","locations":[{"start":{"line":14,"column":25},"end":{"line":14,"column":26}}],"line":14},"2":{"loc":{"start":{"line":89,"column":4},"end":{"line":92,"column":5}},"type":"if","locations":[{"start":{"line":89,"column":4},"end":{"line":92,"column":5}},{"start":{},"end":{}}],"line":89},"3":{"loc":{"start":{"line":118,"column":4},"end":{"line":121,"column":5}},"type":"if","locations":[{"start":{"line":118,"column":4},"end":{"line":121,"column":5}},{"start":{},"end":{}}],"line":118},"4":{"loc":{"start":{"line":189,"column":12},"end":{"line":189,"column":28}},"type":"default-arg","locations":[{"start":{"line":189,"column":22},"end":{"line":189,"column":28}}],"line":189},"5":{"loc":{"start":{"line":190,"column":11},"end":{"line":190,"column":79}},"type":"binary-expr","locations":[{"start":{"line":190,"column":11},"end":{"line":190,"column":43}},{"start":{"line":190,"column":47},"end":{"line":190,"column":79}}],"line":190}},"s":{"0":10196,"1":10196,"2":2,"3":2,"4":2,"5":1,"6":1,"7":1,"8":1,"9":10005,"10":10005,"11":10005,"12":2,"13":2,"14":2,"15":6,"16":6,"17":6,"18":4,"19":3,"20":3,"21":4,"22":10017,"23":2,"24":10006,"25":10006,"26":10005,"27":10005,"28":10006,"29":3,"30":2,"31":2,"32":2,"33":1,"34":1,"35":1,"36":6,"37":6,"38":6,"39":6,"40":6,"41":6,"42":6,"43":5,"44":5,"45":5,"46":5,"47":10001,"48":10001,"49":10001,"50":1,"51":1,"52":1,"53":1,"54":1,"55":1,"56":1,"57":1,"58":1,"59":1,"60":1,"61":1,"62":1},"f":{"0":10196,"1":2,"2":1,"3":1,"4":10005,"5":2,"6":6,"7":4,"8":10017,"9":2,"10":10006,"11":3,"12":2,"13":1,"14":6,"15":5,"16":5,"17":10001,"18":1,"19":1,"20":1,"21":1,"22":1,"23":1,"24":1},"b":{"0":[6],"1":[6],"2":[3,1],"3":[10005,1],"4":[3],"5":[5,4]},"_coverageSchema":"1a1c01bbd47fc00a2c39e90264f33305004495a9","hash":"89610ed7685e4ecbd5e88f0870c92f2391683458"}
}
