{"/home/tsonu/src/genai-game-engine/src/engine/Engine.js": {"path":"/home/tsonu/src/genai-game-engine/src/engine/Engine.js","statementMap":{"0":{"start":{"line":17,"column":4},"end":{"line":17,"column":25}},"1":{"start":{"line":18,"column":4},"end":{"line":18,"column":61}},"2":{"start":{"line":19,"column":4},"end":{"line":19,"column":25}},"3":{"start":{"line":20,"column":4},"end":{"line":20,"column":22}},"4":{"start":{"line":21,"column":4},"end":{"line":21,"column":23}},"5":{"start":{"line":22,"column":4},"end":{"line":22,"column":18}},"6":{"start":{"line":23,"column":4},"end":{"line":23,"column":24}},"7":{"start":{"line":24,"column":4},"end":{"line":24,"column":27}},"8":{"start":{"line":27,"column":4},"end":{"line":27,"column":35}},"9":{"start":{"line":28,"column":4},"end":{"line":28,"column":45}},"10":{"start":{"line":29,"column":4},"end":{"line":29,"column":71}},"11":{"start":{"line":30,"column":4},"end":{"line":34,"column":6}},"12":{"start":{"line":37,"column":4},"end":{"line":37,"column":41}},"13":{"start":{"line":38,"column":4},"end":{"line":38,"column":43}},"14":{"start":{"line":39,"column":4},"end":{"line":39,"column":43}},"15":{"start":{"line":41,"column":4},"end":{"line":41,"column":43}},"16":{"start":{"line":45,"column":4},"end":{"line":45,"column":47}},"17":{"start":{"line":48,"column":4},"end":{"line":48,"column":35}},"18":{"start":{"line":51,"column":4},"end":{"line":51,"column":30}},"19":{"start":{"line":53,"column":4},"end":{"line":53,"column":37}},"20":{"start":{"line":57,"column":4},"end":{"line":57,"column":52}},"21":{"start":{"line":58,"column":4},"end":{"line":58,"column":52}},"22":{"start":{"line":62,"column":4},"end":{"line":65,"column":5}},"23":{"start":{"line":63,"column":6},"end":{"line":63,"column":49}},"24":{"start":{"line":64,"column":6},"end":{"line":64,"column":13}},"25":{"start":{"line":67,"column":4},"end":{"line":67,"column":24}},"26":{"start":{"line":68,"column":4},"end":{"line":68,"column":38}},"27":{"start":{"line":69,"column":4},"end":{"line":69,"column":39}},"28":{"start":{"line":72,"column":4},"end":{"line":72,"column":57}},"29":{"start":{"line":72,"column":36},"end":{"line":72,"column":55}},"30":{"start":{"line":76,"column":4},"end":{"line":76,"column":25}},"31":{"start":{"line":77,"column":4},"end":{"line":77,"column":39}},"32":{"start":{"line":81,"column":4},"end":{"line":83,"column":5}},"33":{"start":{"line":82,"column":6},"end":{"line":82,"column":13}},"34":{"start":{"line":86,"column":4},"end":{"line":86,"column":58}},"35":{"start":{"line":87,"column":4},"end":{"line":87,"column":32}},"36":{"start":{"line":90,"column":4},"end":{"line":90,"column":22}},"37":{"start":{"line":91,"column":4},"end":{"line":95,"column":5}},"38":{"start":{"line":92,"column":6},"end":{"line":92,"column":33}},"39":{"start":{"line":93,"column":6},"end":{"line":93,"column":26}},"40":{"start":{"line":94,"column":6},"end":{"line":94,"column":39}},"41":{"start":{"line":98,"column":4},"end":{"line":98,"column":46}},"42":{"start":{"line":101,"column":4},"end":{"line":101,"column":49}},"43":{"start":{"line":104,"column":4},"end":{"line":104,"column":33}},"44":{"start":{"line":107,"column":4},"end":{"line":107,"column":57}},"45":{"start":{"line":107,"column":36},"end":{"line":107,"column":55}},"46":{"start":{"line":111,"column":4},"end":{"line":111,"column":30}},"47":{"start":{"line":115,"column":4},"end":{"line":115,"column":34}},"48":{"start":{"line":119,"column":4},"end":{"line":119,"column":30}},"49":{"start":{"line":123,"column":4},"end":{"line":123,"column":25}},"50":{"start":{"line":127,"column":4},"end":{"line":127,"column":25}},"51":{"start":{"line":131,"column":4},"end":{"line":131,"column":29}},"52":{"start":{"line":135,"column":4},"end":{"line":135,"column":29}},"53":{"start":{"line":139,"column":4},"end":{"line":139,"column":20}},"54":{"start":{"line":143,"column":4},"end":{"line":143,"column":26}},"55":{"start":{"line":147,"column":4},"end":{"line":147,"column":46}},"56":{"start":{"line":148,"column":4},"end":{"line":148,"column":16}},"57":{"start":{"line":149,"column":4},"end":{"line":149,"column":33}},"58":{"start":{"line":150,"column":4},"end":{"line":150,"column":26}},"59":{"start":{"line":151,"column":4},"end":{"line":151,"column":42}}},"fnMap":{"0":{"name":"(anonymous_0)","decl":{"start":{"line":16,"column":2},"end":{"line":16,"column":3}},"loc":{"start":{"line":16,"column":22},"end":{"line":42,"column":3}},"line":16},"1":{"name":"(anonymous_1)","decl":{"start":{"line":44,"column":2},"end":{"line":44,"column":3}},"loc":{"start":{"line":44,"column":15},"end":{"line":54,"column":3}},"line":44},"2":{"name":"(anonymous_2)","decl":{"start":{"line":56,"column":2},"end":{"line":56,"column":3}},"loc":{"start":{"line":56,"column":31},"end":{"line":59,"column":3}},"line":56},"3":{"name":"(anonymous_3)","decl":{"start":{"line":61,"column":2},"end":{"line":61,"column":3}},"loc":{"start":{"line":61,"column":10},"end":{"line":73,"column":3}},"line":61},"4":{"name":"(anonymous_4)","decl":{"start":{"line":72,"column":26},"end":{"line":72,"column":27}},"loc":{"start":{"line":72,"column":36},"end":{"line":72,"column":55}},"line":72},"5":{"name":"(anonymous_5)","decl":{"start":{"line":75,"column":2},"end":{"line":75,"column":3}},"loc":{"start":{"line":75,"column":9},"end":{"line":78,"column":3}},"line":75},"6":{"name":"(anonymous_6)","decl":{"start":{"line":80,"column":2},"end":{"line":80,"column":3}},"loc":{"start":{"line":80,"column":24},"end":{"line":108,"column":3}},"line":80},"7":{"name":"(anonymous_7)","decl":{"start":{"line":107,"column":26},"end":{"line":107,"column":27}},"loc":{"start":{"line":107,"column":36},"end":{"line":107,"column":55}},"line":107},"8":{"name":"(anonymous_8)","decl":{"start":{"line":110,"column":2},"end":{"line":110,"column":3}},"loc":{"start":{"line":110,"column":21},"end":{"line":112,"column":3}},"line":110},"9":{"name":"(anonymous_9)","decl":{"start":{"line":114,"column":2},"end":{"line":114,"column":3}},"loc":{"start":{"line":114,"column":25},"end":{"line":116,"column":3}},"line":114},"10":{"name":"(anonymous_10)","decl":{"start":{"line":118,"column":2},"end":{"line":118,"column":3}},"loc":{"start":{"line":118,"column":21},"end":{"line":120,"column":3}},"line":118},"11":{"name":"(anonymous_11)","decl":{"start":{"line":122,"column":2},"end":{"line":122,"column":3}},"loc":{"start":{"line":122,"column":16},"end":{"line":124,"column":3}},"line":122},"12":{"name":"(anonymous_12)","decl":{"start":{"line":126,"column":2},"end":{"line":126,"column":3}},"loc":{"start":{"line":126,"column":16},"end":{"line":128,"column":3}},"line":126},"13":{"name":"(anonymous_13)","decl":{"start":{"line":130,"column":2},"end":{"line":130,"column":3}},"loc":{"start":{"line":130,"column":20},"end":{"line":132,"column":3}},"line":130},"14":{"name":"(anonymous_14)","decl":{"start":{"line":134,"column":2},"end":{"line":134,"column":3}},"loc":{"start":{"line":134,"column":20},"end":{"line":136,"column":3}},"line":134},"15":{"name":"(anonymous_15)","decl":{"start":{"line":138,"column":2},"end":{"line":138,"column":3}},"loc":{"start":{"line":138,"column":11},"end":{"line":140,"column":3}},"line":138},"16":{"name":"(anonymous_16)","decl":{"start":{"line":142,"column":2},"end":{"line":142,"column":3}},"loc":{"start":{"line":142,"column":17},"end":{"line":144,"column":3}},"line":142},"17":{"name":"(anonymous_17)","decl":{"start":{"line":146,"column":2},"end":{"line":146,"column":3}},"loc":{"start":{"line":146,"column":12},"end":{"line":152,"column":3}},"line":146}},"branchMap":{"0":{"loc":{"start":{"line":62,"column":4},"end":{"line":65,"column":5}},"type":"if","locations":[{"start":{"line":62,"column":4},"end":{"line":65,"column":5}},{"start":{},"end":{}}],"line":62},"1":{"loc":{"start":{"line":81,"column":4},"end":{"line":83,"column":5}},"type":"if","locations":[{"start":{"line":81,"column":4},"end":{"line":83,"column":5}},{"start":{},"end":{}}],"line":81},"2":{"loc":{"start":{"line":91,"column":4},"end":{"line":95,"column":5}},"type":"if","locations":[{"start":{"line":91,"column":4},"end":{"line":95,"column":5}},{"start":{},"end":{}}],"line":91}},"s":{"0":0,"1":0,"2":0,"3":0,"4":0,"5":0,"6":0,"7":0,"8":0,"9":0,"10":0,"11":0,"12":0,"13":0,"14":0,"15":0,"16":0,"17":0,"18":0,"19":0,"20":0,"21":0,"22":0,"23":0,"24":0,"25":0,"26":0,"27":0,"28":0,"29":0,"30":0,"31":0,"32":0,"33":0,"34":0,"35":0,"36":0,"37":0,"38":0,"39":0,"40":0,"41":0,"42":0,"43":0,"44":0,"45":0,"46":0,"47":0,"48":0,"49":0,"50":0,"51":0,"52":0,"53":0,"54":0,"55":0,"56":0,"57":0,"58":0,"59":0},"f":{"0":0,"1":0,"2":0,"3":0,"4":0,"5":0,"6":0,"7":0,"8":0,"9":0,"10":0,"11":0,"12":0,"13":0,"14":0,"15":0,"16":0,"17":0},"b":{"0":[0,0],"1":[0,0],"2":[0,0]}}
,"/home/tsonu/src/genai-game-engine/src/engine/assets/AssetManager.js": {"path":"/home/tsonu/src/genai-game-engine/src/engine/assets/AssetManager.js","statementMap":{"0":{"start":{"line":7,"column":4},"end":{"line":7,"column":28}},"1":{"start":{"line":8,"column":4},"end":{"line":8,"column":29}},"2":{"start":{"line":9,"column":4},"end":{"line":9,"column":25}},"3":{"start":{"line":13,"column":21},"end":{"line":13,"column":37}},"4":{"start":{"line":14,"column":4},"end":{"line":14,"column":42}},"5":{"start":{"line":18,"column":4},"end":{"line":22,"column":5}},"6":{"start":{"line":19,"column":20},"end":{"line":19,"column":44}},"7":{"start":{"line":20,"column":6},"end":{"line":20,"column":23}},"8":{"start":{"line":21,"column":6},"end":{"line":21,"column":24}},"9":{"start":{"line":24,"column":4},"end":{"line":26,"column":5}},"10":{"start":{"line":25,"column":6},"end":{"line":25,"column":39}},"11":{"start":{"line":28,"column":20},"end":{"line":28,"column":48}},"12":{"start":{"line":29,"column":4},"end":{"line":29,"column":39}},"13":{"start":{"line":31,"column":17},"end":{"line":31,"column":30}},"14":{"start":{"line":32,"column":4},"end":{"line":32,"column":33}},"15":{"start":{"line":34,"column":4},"end":{"line":34,"column":52}},"16":{"start":{"line":35,"column":4},"end":{"line":35,"column":16}},"17":{"start":{"line":40,"column":4},"end":{"line":40,"column":16}},"18":{"start":{"line":44,"column":18},"end":{"line":44,"column":42}},"19":{"start":{"line":45,"column":4},"end":{"line":50,"column":5}},"20":{"start":{"line":46,"column":6},"end":{"line":46,"column":23}},"21":{"start":{"line":47,"column":6},"end":{"line":49,"column":7}},"22":{"start":{"line":48,"column":8},"end":{"line":48,"column":36}},"23":{"start":{"line":54,"column":18},"end":{"line":54,"column":42}},"24":{"start":{"line":55,"column":4},"end":{"line":55,"column":37}}},"fnMap":{"0":{"name":"(anonymous_0)","decl":{"start":{"line":6,"column":2},"end":{"line":6,"column":3}},"loc":{"start":{"line":6,"column":16},"end":{"line":10,"column":3}},"line":6},"1":{"name":"(anonymous_1)","decl":{"start":{"line":12,"column":2},"end":{"line":12,"column":3}},"loc":{"start":{"line":12,"column":26},"end":{"line":15,"column":3}},"line":12},"2":{"name":"(anonymous_2)","decl":{"start":{"line":17,"column":2},"end":{"line":17,"column":3}},"loc":{"start":{"line":17,"column":27},"end":{"line":36,"column":3}},"line":17},"3":{"name":"(anonymous_3)","decl":{"start":{"line":38,"column":2},"end":{"line":38,"column":3}},"loc":{"start":{"line":38,"column":32},"end":{"line":41,"column":3}},"line":38},"4":{"name":"(anonymous_4)","decl":{"start":{"line":43,"column":2},"end":{"line":43,"column":3}},"loc":{"start":{"line":43,"column":23},"end":{"line":51,"column":3}},"line":43},"5":{"name":"(anonymous_5)","decl":{"start":{"line":53,"column":2},"end":{"line":53,"column":3}},"loc":{"start":{"line":53,"column":20},"end":{"line":56,"column":3}},"line":53}},"branchMap":{"0":{"loc":{"start":{"line":18,"column":4},"end":{"line":22,"column":5}},"type":"if","locations":[{"start":{"line":18,"column":4},"end":{"line":22,"column":5}},{"start":{},"end":{}}],"line":18},"1":{"loc":{"start":{"line":24,"column":4},"end":{"line":26,"column":5}},"type":"if","locations":[{"start":{"line":24,"column":4},"end":{"line":26,"column":5}},{"start":{},"end":{}}],"line":24},"2":{"loc":{"start":{"line":45,"column":4},"end":{"line":50,"column":5}},"type":"if","locations":[{"start":{"line":45,"column":4},"end":{"line":50,"column":5}},{"start":{},"end":{}}],"line":45},"3":{"loc":{"start":{"line":47,"column":6},"end":{"line":49,"column":7}},"type":"if","locations":[{"start":{"line":47,"column":6},"end":{"line":49,"column":7}},{"start":{},"end":{}}],"line":47},"4":{"loc":{"start":{"line":55,"column":11},"end":{"line":55,"column":36}},"type":"cond-expr","locations":[{"start":{"line":55,"column":19},"end":{"line":55,"column":29}},{"start":{"line":55,"column":32},"end":{"line":55,"column":36}}],"line":55}},"s":{"0":0,"1":0,"2":0,"3":0,"4":0,"5":0,"6":0,"7":0,"8":0,"9":0,"10":0,"11":0,"12":0,"13":0,"14":0,"15":0,"16":0,"17":0,"18":0,"19":0,"20":0,"21":0,"22":0,"23":0,"24":0},"f":{"0":0,"1":0,"2":0,"3":0,"4":0,"5":0},"b":{"0":[0,0],"1":[0,0],"2":[0,0],"3":[0,0],"4":[0,0]}}
,"/home/tsonu/src/genai-game-engine/src/engine/audio/AdaptiveMusic.js": {"path":"/home/tsonu/src/genai-game-engine/src/engine/audio/AdaptiveMusic.js","statementMap":{"0":{"start":{"line":7,"column":4},"end":{"line":7,"column":37}},"1":{"start":{"line":8,"column":4},"end":{"line":8,"column":37}},"2":{"start":{"line":9,"column":4},"end":{"line":9,"column":28}},"3":{"start":{"line":13,"column":4},"end":{"line":13,"column":28}}},"fnMap":{"0":{"name":"(anonymous_0)","decl":{"start":{"line":6,"column":2},"end":{"line":6,"column":3}},"loc":{"start":{"line":6,"column":28},"end":{"line":10,"column":3}},"line":6},"1":{"name":"(anonymous_1)","decl":{"start":{"line":12,"column":2},"end":{"line":12,"column":3}},"loc":{"start":{"line":12,"column":16},"end":{"line":15,"column":3}},"line":12},"2":{"name":"(anonymous_2)","decl":{"start":{"line":17,"column":2},"end":{"line":17,"column":3}},"loc":{"start":{"line":17,"column":20},"end":{"line":19,"column":3}},"line":17}},"branchMap":{},"s":{"0":0,"1":0,"2":0,"3":0},"f":{"0":0,"1":0,"2":0},"b":{}}
,"/home/tsonu/src/genai-game-engine/src/engine/audio/AudioManager.js": {"path":"/home/tsonu/src/genai-game-engine/src/engine/audio/AudioManager.js","statementMap":{"0":{"start":{"line":7,"column":4},"end":{"line":7,"column":29}},"1":{"start":{"line":8,"column":4},"end":{"line":8,"column":27}},"2":{"start":{"line":9,"column":4},"end":{"line":9,"column":28}},"3":{"start":{"line":10,"column":4},"end":{"line":10,"column":27}},"4":{"start":{"line":11,"column":4},"end":{"line":11,"column":29}},"5":{"start":{"line":15,"column":4},"end":{"line":15,"column":81}},"6":{"start":{"line":16,"column":4},"end":{"line":16,"column":53}},"7":{"start":{"line":17,"column":4},"end":{"line":17,"column":59}},"8":{"start":{"line":18,"column":4},"end":{"line":18,"column":28}},"9":{"start":{"line":22,"column":4},"end":{"line":24,"column":5}},"10":{"start":{"line":23,"column":6},"end":{"line":23,"column":13}},"11":{"start":{"line":29,"column":4},"end":{"line":31,"column":5}},"12":{"start":{"line":30,"column":6},"end":{"line":30,"column":13}},"13":{"start":{"line":36,"column":4},"end":{"line":38,"column":5}},"14":{"start":{"line":37,"column":6},"end":{"line":37,"column":68}},"15":{"start":{"line":42,"column":4},"end":{"line":44,"column":5}},"16":{"start":{"line":43,"column":6},"end":{"line":43,"column":34}},"17":{"start":{"line":48,"column":4},"end":{"line":50,"column":5}},"18":{"start":{"line":49,"column":6},"end":{"line":49,"column":33}}},"fnMap":{"0":{"name":"(anonymous_0)","decl":{"start":{"line":6,"column":2},"end":{"line":6,"column":3}},"loc":{"start":{"line":6,"column":16},"end":{"line":12,"column":3}},"line":6},"1":{"name":"(anonymous_1)","decl":{"start":{"line":14,"column":2},"end":{"line":14,"column":3}},"loc":{"start":{"line":14,"column":15},"end":{"line":19,"column":3}},"line":14},"2":{"name":"(anonymous_2)","decl":{"start":{"line":21,"column":2},"end":{"line":21,"column":3}},"loc":{"start":{"line":21,"column":33},"end":{"line":26,"column":3}},"line":21},"3":{"name":"(anonymous_3)","decl":{"start":{"line":28,"column":2},"end":{"line":28,"column":3}},"loc":{"start":{"line":28,"column":21},"end":{"line":33,"column":3}},"line":28},"4":{"name":"(anonymous_4)","decl":{"start":{"line":35,"column":2},"end":{"line":35,"column":3}},"loc":{"start":{"line":35,"column":26},"end":{"line":39,"column":3}},"line":35},"5":{"name":"(anonymous_5)","decl":{"start":{"line":41,"column":2},"end":{"line":41,"column":3}},"loc":{"start":{"line":41,"column":10},"end":{"line":45,"column":3}},"line":41},"6":{"name":"(anonymous_6)","decl":{"start":{"line":47,"column":2},"end":{"line":47,"column":3}},"loc":{"start":{"line":47,"column":11},"end":{"line":51,"column":3}},"line":47}},"branchMap":{"0":{"loc":{"start":{"line":15,"column":29},"end":{"line":15,"column":77}},"type":"binary-expr","locations":[{"start":{"line":15,"column":29},"end":{"line":15,"column":48}},{"start":{"line":15,"column":52},"end":{"line":15,"column":77}}],"line":15},"1":{"loc":{"start":{"line":21,"column":19},"end":{"line":21,"column":31}},"type":"default-arg","locations":[{"start":{"line":21,"column":28},"end":{"line":21,"column":31}}],"line":21},"2":{"loc":{"start":{"line":22,"column":4},"end":{"line":24,"column":5}},"type":"if","locations":[{"start":{"line":22,"column":4},"end":{"line":24,"column":5}},{"start":{},"end":{}}],"line":22},"3":{"loc":{"start":{"line":29,"column":4},"end":{"line":31,"column":5}},"type":"if","locations":[{"start":{"line":29,"column":4},"end":{"line":31,"column":5}},{"start":{},"end":{}}],"line":29},"4":{"loc":{"start":{"line":36,"column":4},"end":{"line":38,"column":5}},"type":"if","locations":[{"start":{"line":36,"column":4},"end":{"line":38,"column":5}},{"start":{},"end":{}}],"line":36},"5":{"loc":{"start":{"line":42,"column":4},"end":{"line":44,"column":5}},"type":"if","locations":[{"start":{"line":42,"column":4},"end":{"line":44,"column":5}},{"start":{},"end":{}}],"line":42},"6":{"loc":{"start":{"line":48,"column":4},"end":{"line":50,"column":5}},"type":"if","locations":[{"start":{"line":48,"column":4},"end":{"line":50,"column":5}},{"start":{},"end":{}}],"line":48}},"s":{"0":0,"1":0,"2":0,"3":0,"4":0,"5":0,"6":0,"7":0,"8":0,"9":0,"10":0,"11":0,"12":0,"13":0,"14":0,"15":0,"16":0,"17":0,"18":0},"f":{"0":0,"1":0,"2":0,"3":0,"4":0,"5":0,"6":0},"b":{"0":[0,0],"1":[0],"2":[0,0],"3":[0,0],"4":[0,0],"5":[0,0],"6":[0,0]}}
,"/home/tsonu/src/genai-game-engine/src/engine/ecs/Component.js": {"path":"/home/tsonu/src/genai-game-engine/src/engine/ecs/Component.js","statementMap":{"0":{"start":{"line":22,"column":4},"end":{"line":22,"column":21}},"1":{"start":{"line":30,"column":4},"end":{"line":30,"column":21}},"2":{"start":{"line":44,"column":4},"end":{"line":44,"column":22}},"3":{"start":{"line":45,"column":4},"end":{"line":45,"column":15}},"4":{"start":{"line":46,"column":4},"end":{"line":46,"column":15}},"5":{"start":{"line":47,"column":4},"end":{"line":47,"column":29}},"6":{"start":{"line":56,"column":4},"end":{"line":56,"column":22}},"7":{"start":{"line":57,"column":4},"end":{"line":57,"column":17}},"8":{"start":{"line":58,"column":4},"end":{"line":58,"column":17}},"9":{"start":{"line":67,"column":4},"end":{"line":67,"column":20}},"10":{"start":{"line":68,"column":4},"end":{"line":68,"column":29}},"11":{"start":{"line":69,"column":4},"end":{"line":69,"column":23}},"12":{"start":{"line":70,"column":4},"end":{"line":70,"column":25}},"13":{"start":{"line":71,"column":4},"end":{"line":71,"column":23}},"14":{"start":{"line":72,"column":4},"end":{"line":72,"column":24}},"15":{"start":{"line":73,"column":4},"end":{"line":73,"column":23}},"16":{"start":{"line":74,"column":4},"end":{"line":74,"column":21}},"17":{"start":{"line":75,"column":4},"end":{"line":75,"column":21}},"18":{"start":{"line":84,"column":4},"end":{"line":84,"column":22}},"19":{"start":{"line":85,"column":4},"end":{"line":85,"column":21}},"20":{"start":{"line":86,"column":4},"end":{"line":86,"column":23}},"21":{"start":{"line":87,"column":4},"end":{"line":87,"column":25}},"22":{"start":{"line":88,"column":4},"end":{"line":88,"column":25}},"23":{"start":{"line":89,"column":4},"end":{"line":89,"column":27}},"24":{"start":{"line":90,"column":4},"end":{"line":90,"column":26}},"25":{"start":{"line":99,"column":4},"end":{"line":99,"column":21}},"26":{"start":{"line":100,"column":4},"end":{"line":100,"column":21}},"27":{"start":{"line":101,"column":4},"end":{"line":101,"column":35}},"28":{"start":{"line":102,"column":4},"end":{"line":102,"column":24}},"29":{"start":{"line":111,"column":4},"end":{"line":111,"column":20}},"30":{"start":{"line":112,"column":4},"end":{"line":112,"column":19}},"31":{"start":{"line":113,"column":4},"end":{"line":113,"column":27}}},"fnMap":{"0":{"name":"(anonymous_0)","decl":{"start":{"line":21,"column":2},"end":{"line":21,"column":3}},"loc":{"start":{"line":21,"column":20},"end":{"line":23,"column":3}},"line":21},"1":{"name":"(anonymous_1)","decl":{"start":{"line":29,"column":2},"end":{"line":29,"column":3}},"loc":{"start":{"line":29,"column":12},"end":{"line":31,"column":3}},"line":29},"2":{"name":"(anonymous_2)","decl":{"start":{"line":43,"column":2},"end":{"line":43,"column":3}},"loc":{"start":{"line":43,"column":42},"end":{"line":48,"column":3}},"line":43},"3":{"name":"(anonymous_3)","decl":{"start":{"line":55,"column":2},"end":{"line":55,"column":3}},"loc":{"start":{"line":55,"column":30},"end":{"line":59,"column":3}},"line":55},"4":{"name":"(anonymous_4)","decl":{"start":{"line":66,"column":2},"end":{"line":66,"column":3}},"loc":{"start":{"line":66,"column":59},"end":{"line":76,"column":3}},"line":66},"5":{"name":"(anonymous_5)","decl":{"start":{"line":83,"column":2},"end":{"line":83,"column":3}},"loc":{"start":{"line":83,"column":67},"end":{"line":91,"column":3}},"line":83},"6":{"name":"(anonymous_6)","decl":{"start":{"line":98,"column":2},"end":{"line":98,"column":3}},"loc":{"start":{"line":98,"column":45},"end":{"line":103,"column":3}},"line":98},"7":{"name":"(anonymous_7)","decl":{"start":{"line":110,"column":2},"end":{"line":110,"column":3}},"loc":{"start":{"line":110,"column":40},"end":{"line":114,"column":3}},"line":110}},"branchMap":{"0":{"loc":{"start":{"line":43,"column":14},"end":{"line":43,"column":19}},"type":"default-arg","locations":[{"start":{"line":43,"column":18},"end":{"line":43,"column":19}}],"line":43},"1":{"loc":{"start":{"line":43,"column":21},"end":{"line":43,"column":26}},"type":"default-arg","locations":[{"start":{"line":43,"column":25},"end":{"line":43,"column":26}}],"line":43},"2":{"loc":{"start":{"line":43,"column":28},"end":{"line":43,"column":40}},"type":"default-arg","locations":[{"start":{"line":43,"column":39},"end":{"line":43,"column":40}}],"line":43},"3":{"loc":{"start":{"line":55,"column":14},"end":{"line":55,"column":20}},"type":"default-arg","locations":[{"start":{"line":55,"column":19},"end":{"line":55,"column":20}}],"line":55},"4":{"loc":{"start":{"line":55,"column":22},"end":{"line":55,"column":28}},"type":"default-arg","locations":[{"start":{"line":55,"column":27},"end":{"line":55,"column":28}}],"line":55},"5":{"loc":{"start":{"line":66,"column":39},"end":{"line":66,"column":57}},"type":"default-arg","locations":[{"start":{"line":66,"column":47},"end":{"line":66,"column":57}}],"line":66},"6":{"loc":{"start":{"line":83,"column":14},"end":{"line":83,"column":27}},"type":"default-arg","locations":[{"start":{"line":83,"column":21},"end":{"line":83,"column":27}}],"line":83},"7":{"loc":{"start":{"line":83,"column":29},"end":{"line":83,"column":39}},"type":"default-arg","locations":[{"start":{"line":83,"column":37},"end":{"line":83,"column":39}}],"line":83},"8":{"loc":{"start":{"line":83,"column":41},"end":{"line":83,"column":52}},"type":"default-arg","locations":[{"start":{"line":83,"column":50},"end":{"line":83,"column":52}}],"line":83},"9":{"loc":{"start":{"line":83,"column":54},"end":{"line":83,"column":65}},"type":"default-arg","locations":[{"start":{"line":83,"column":63},"end":{"line":83,"column":65}}],"line":83},"10":{"loc":{"start":{"line":98,"column":14},"end":{"line":98,"column":24}},"type":"default-arg","locations":[{"start":{"line":98,"column":21},"end":{"line":98,"column":24}}],"line":98},"11":{"loc":{"start":{"line":98,"column":26},"end":{"line":98,"column":43}},"type":"default-arg","locations":[{"start":{"line":98,"column":40},"end":{"line":98,"column":43}}],"line":98},"12":{"loc":{"start":{"line":110,"column":14},"end":{"line":110,"column":23}},"type":"default-arg","locations":[{"start":{"line":110,"column":20},"end":{"line":110,"column":23}}],"line":110},"13":{"loc":{"start":{"line":110,"column":25},"end":{"line":110,"column":38}},"type":"default-arg","locations":[{"start":{"line":110,"column":35},"end":{"line":110,"column":38}}],"line":110}},"s":{"0":0,"1":0,"2":0,"3":0,"4":0,"5":0,"6":0,"7":0,"8":0,"9":0,"10":0,"11":0,"12":0,"13":0,"14":0,"15":0,"16":0,"17":0,"18":0,"19":0,"20":0,"21":0,"22":0,"23":0,"24":0,"25":0,"26":0,"27":0,"28":0,"29":0,"30":0,"31":0},"f":{"0":0,"1":0,"2":0,"3":0,"4":0,"5":0,"6":0,"7":0},"b":{"0":[0],"1":[0],"2":[0],"3":[0],"4":[0],"5":[0],"6":[0],"7":[0],"8":[0],"9":[0],"10":[0],"11":[0],"12":[0],"13":[0]}}
,"/home/tsonu/src/genai-game-engine/src/engine/ecs/ComponentRegistry.js": {"path":"/home/tsonu/src/genai-game-engine/src/engine/ecs/ComponentRegistry.js","statementMap":{"0":{"start":{"line":17,"column":4},"end":{"line":17,"column":39}},"1":{"start":{"line":18,"column":4},"end":{"line":18,"column":32}},"2":{"start":{"line":19,"column":4},"end":{"line":19,"column":32}},"3":{"start":{"line":29,"column":4},"end":{"line":31,"column":5}},"4":{"start":{"line":30,"column":6},"end":{"line":30,"column":81}},"5":{"start":{"line":33,"column":26},"end":{"line":33,"column":40}},"6":{"start":{"line":36,"column":4},"end":{"line":38,"column":5}},"7":{"start":{"line":37,"column":6},"end":{"line":37,"column":52}},"8":{"start":{"line":41,"column":4},"end":{"line":41,"column":64}},"9":{"start":{"line":44,"column":4},"end":{"line":44,"column":65}},"10":{"start":{"line":47,"column":4},"end":{"line":47,"column":28}},"11":{"start":{"line":57,"column":20},"end":{"line":57,"column":54}},"12":{"start":{"line":58,"column":4},"end":{"line":60,"column":5}},"13":{"start":{"line":59,"column":6},"end":{"line":59,"column":19}},"14":{"start":{"line":62,"column":20},"end":{"line":62,"column":44}},"15":{"start":{"line":63,"column":4},"end":{"line":69,"column":5}},"16":{"start":{"line":65,"column":6},"end":{"line":65,"column":70}},"17":{"start":{"line":68,"column":6},"end":{"line":68,"column":30}},"18":{"start":{"line":71,"column":4},"end":{"line":71,"column":19}},"19":{"start":{"line":81,"column":20},"end":{"line":81,"column":54}},"20":{"start":{"line":82,"column":4},"end":{"line":82,"column":55}},"21":{"start":{"line":92,"column":20},"end":{"line":92,"column":54}},"22":{"start":{"line":93,"column":4},"end":{"line":93,"column":51}},"23":{"start":{"line":102,"column":4},"end":{"line":102,"column":59}},"24":{"start":{"line":117,"column":4},"end":{"line":119,"column":5}},"25":{"start":{"line":118,"column":6},"end":{"line":118,"column":49}},"26":{"start":{"line":122,"column":21},"end":{"line":122,"column":52}},"27":{"start":{"line":123,"column":4},"end":{"line":125,"column":5}},"28":{"start":{"line":124,"column":6},"end":{"line":124,"column":43}},"29":{"start":{"line":128,"column":23},"end":{"line":128,"column":40}},"30":{"start":{"line":129,"column":23},"end":{"line":129,"column":72}},"31":{"start":{"line":131,"column":4},"end":{"line":137,"column":5}},"32":{"start":{"line":131,"column":17},"end":{"line":131,"column":18}},"33":{"start":{"line":132,"column":26},"end":{"line":132,"column":75}},"34":{"start":{"line":133,"column":6},"end":{"line":136,"column":7}},"35":{"start":{"line":134,"column":8},"end":{"line":134,"column":41}},"36":{"start":{"line":135,"column":8},"end":{"line":135,"column":35}},"37":{"start":{"line":140,"column":4},"end":{"line":143,"column":5}},"38":{"start":{"line":141,"column":6},"end":{"line":141,"column":40}},"39":{"start":{"line":142,"column":6},"end":{"line":142,"column":16}},"40":{"start":{"line":146,"column":24},"end":{"line":146,"column":57}},"41":{"start":{"line":147,"column":19},"end":{"line":147,"column":21}},"42":{"start":{"line":149,"column":4},"end":{"line":170,"column":5}},"43":{"start":{"line":151,"column":6},"end":{"line":153,"column":7}},"44":{"start":{"line":152,"column":8},"end":{"line":152,"column":17}},"45":{"start":{"line":156,"column":19},"end":{"line":156,"column":23}},"46":{"start":{"line":157,"column":6},"end":{"line":165,"column":7}},"47":{"start":{"line":158,"column":8},"end":{"line":160,"column":9}},"48":{"start":{"line":159,"column":10},"end":{"line":159,"column":19}},"49":{"start":{"line":161,"column":8},"end":{"line":164,"column":9}},"50":{"start":{"line":162,"column":10},"end":{"line":162,"column":25}},"51":{"start":{"line":163,"column":10},"end":{"line":163,"column":16}},"52":{"start":{"line":167,"column":6},"end":{"line":169,"column":7}},"53":{"start":{"line":168,"column":8},"end":{"line":168,"column":30}},"54":{"start":{"line":173,"column":4},"end":{"line":173,"column":42}},"55":{"start":{"line":174,"column":4},"end":{"line":174,"column":18}},"56":{"start":{"line":183,"column":4},"end":{"line":185,"column":5}},"57":{"start":{"line":184,"column":6},"end":{"line":184,"column":16}},"58":{"start":{"line":187,"column":22},"end":{"line":187,"column":31}},"59":{"start":{"line":189,"column":4},"end":{"line":198,"column":5}},"60":{"start":{"line":190,"column":22},"end":{"line":190,"column":47}},"61":{"start":{"line":191,"column":6},"end":{"line":197,"column":7}},"62":{"start":{"line":192,"column":8},"end":{"line":196,"column":9}},"63":{"start":{"line":193,"column":10},"end":{"line":195,"column":11}},"64":{"start":{"line":194,"column":12},"end":{"line":194,"column":36}},"65":{"start":{"line":200,"column":4},"end":{"line":200,"column":33}},"66":{"start":{"line":210,"column":27},"end":{"line":210,"column":73}},"67":{"start":{"line":212,"column":4},"end":{"line":214,"column":5}},"68":{"start":{"line":213,"column":6},"end":{"line":213,"column":43}},"69":{"start":{"line":222,"column":16},"end":{"line":222,"column":17}},"70":{"start":{"line":223,"column":4},"end":{"line":225,"column":5}},"71":{"start":{"line":224,"column":6},"end":{"line":224,"column":28}},"72":{"start":{"line":226,"column":4},"end":{"line":226,"column":17}},"73":{"start":{"line":235,"column":20},"end":{"line":235,"column":54}},"74":{"start":{"line":236,"column":4},"end":{"line":236,"column":38}},"75":{"start":{"line":243,"column":4},"end":{"line":243,"column":28}},"76":{"start":{"line":244,"column":4},"end":{"line":244,"column":28}},"77":{"start":{"line":252,"column":4},"end":{"line":252,"column":46}}},"fnMap":{"0":{"name":"(anonymous_0)","decl":{"start":{"line":16,"column":2},"end":{"line":16,"column":3}},"loc":{"start":{"line":16,"column":29},"end":{"line":20,"column":3}},"line":16},"1":{"name":"(anonymous_1)","decl":{"start":{"line":28,"column":2},"end":{"line":28,"column":3}},"loc":{"start":{"line":28,"column":36},"end":{"line":48,"column":3}},"line":28},"2":{"name":"(anonymous_2)","decl":{"start":{"line":56,"column":2},"end":{"line":56,"column":3}},"loc":{"start":{"line":56,"column":43},"end":{"line":72,"column":3}},"line":56},"3":{"name":"(anonymous_3)","decl":{"start":{"line":80,"column":2},"end":{"line":80,"column":3}},"loc":{"start":{"line":80,"column":40},"end":{"line":83,"column":3}},"line":80},"4":{"name":"(anonymous_4)","decl":{"start":{"line":91,"column":2},"end":{"line":91,"column":3}},"loc":{"start":{"line":91,"column":40},"end":{"line":94,"column":3}},"line":91},"5":{"name":"(anonymous_5)","decl":{"start":{"line":101,"column":2},"end":{"line":101,"column":3}},"loc":{"start":{"line":101,"column":37},"end":{"line":103,"column":3}},"line":101},"6":{"name":"(anonymous_6)","decl":{"start":{"line":116,"column":2},"end":{"line":116,"column":3}},"loc":{"start":{"line":116,"column":35},"end":{"line":175,"column":3}},"line":116},"7":{"name":"(anonymous_7)","decl":{"start":{"line":182,"column":2},"end":{"line":182,"column":3}},"loc":{"start":{"line":182,"column":38},"end":{"line":201,"column":3}},"line":182},"8":{"name":"(anonymous_8)","decl":{"start":{"line":209,"column":2},"end":{"line":209,"column":3}},"loc":{"start":{"line":209,"column":32},"end":{"line":215,"column":3}},"line":209},"9":{"name":"(anonymous_9)","decl":{"start":{"line":221,"column":2},"end":{"line":221,"column":3}},"loc":{"start":{"line":221,"column":22},"end":{"line":227,"column":3}},"line":221},"10":{"name":"(anonymous_10)","decl":{"start":{"line":234,"column":2},"end":{"line":234,"column":3}},"loc":{"start":{"line":234,"column":41},"end":{"line":237,"column":3}},"line":234},"11":{"name":"(anonymous_11)","decl":{"start":{"line":242,"column":2},"end":{"line":242,"column":3}},"loc":{"start":{"line":242,"column":10},"end":{"line":245,"column":3}},"line":242},"12":{"name":"(anonymous_12)","decl":{"start":{"line":251,"column":2},"end":{"line":251,"column":3}},"loc":{"start":{"line":251,"column":22},"end":{"line":253,"column":3}},"line":251}},"branchMap":{"0":{"loc":{"start":{"line":29,"column":4},"end":{"line":31,"column":5}},"type":"if","locations":[{"start":{"line":29,"column":4},"end":{"line":31,"column":5}},{"start":{},"end":{}}],"line":29},"1":{"loc":{"start":{"line":36,"column":4},"end":{"line":38,"column":5}},"type":"if","locations":[{"start":{"line":36,"column":4},"end":{"line":38,"column":5}},{"start":{},"end":{}}],"line":36},"2":{"loc":{"start":{"line":58,"column":4},"end":{"line":60,"column":5}},"type":"if","locations":[{"start":{"line":58,"column":4},"end":{"line":60,"column":5}},{"start":{},"end":{}}],"line":58},"3":{"loc":{"start":{"line":63,"column":4},"end":{"line":69,"column":5}},"type":"if","locations":[{"start":{"line":63,"column":4},"end":{"line":69,"column":5}},{"start":{},"end":{}}],"line":63},"4":{"loc":{"start":{"line":82,"column":11},"end":{"line":82,"column":54}},"type":"cond-expr","locations":[{"start":{"line":82,"column":21},"end":{"line":82,"column":42}},{"start":{"line":82,"column":45},"end":{"line":82,"column":54}}],"line":82},"5":{"loc":{"start":{"line":93,"column":11},"end":{"line":93,"column":50}},"type":"cond-expr","locations":[{"start":{"line":93,"column":21},"end":{"line":93,"column":42}},{"start":{"line":93,"column":45},"end":{"line":93,"column":50}}],"line":93},"6":{"loc":{"start":{"line":102,"column":11},"end":{"line":102,"column":58}},"type":"binary-expr","locations":[{"start":{"line":102,"column":11},"end":{"line":102,"column":45}},{"start":{"line":102,"column":49},"end":{"line":102,"column":58}}],"line":102},"7":{"loc":{"start":{"line":117,"column":4},"end":{"line":119,"column":5}},"type":"if","locations":[{"start":{"line":117,"column":4},"end":{"line":119,"column":5}},{"start":{},"end":{}}],"line":117},"8":{"loc":{"start":{"line":123,"column":4},"end":{"line":125,"column":5}},"type":"if","locations":[{"start":{"line":123,"column":4},"end":{"line":125,"column":5}},{"start":{},"end":{}}],"line":123},"9":{"loc":{"start":{"line":129,"column":23},"end":{"line":129,"column":72}},"type":"binary-expr","locations":[{"start":{"line":129,"column":23},"end":{"line":129,"column":67}},{"start":{"line":129,"column":71},"end":{"line":129,"column":72}}],"line":129},"10":{"loc":{"start":{"line":132,"column":26},"end":{"line":132,"column":75}},"type":"binary-expr","locations":[{"start":{"line":132,"column":26},"end":{"line":132,"column":70}},{"start":{"line":132,"column":74},"end":{"line":132,"column":75}}],"line":132},"11":{"loc":{"start":{"line":133,"column":6},"end":{"line":136,"column":7}},"type":"if","locations":[{"start":{"line":133,"column":6},"end":{"line":136,"column":7}},{"start":{},"end":{}}],"line":133},"12":{"loc":{"start":{"line":140,"column":4},"end":{"line":143,"column":5}},"type":"if","locations":[{"start":{"line":140,"column":4},"end":{"line":143,"column":5}},{"start":{},"end":{}}],"line":140},"13":{"loc":{"start":{"line":151,"column":6},"end":{"line":153,"column":7}},"type":"if","locations":[{"start":{"line":151,"column":6},"end":{"line":153,"column":7}},{"start":{},"end":{}}],"line":151},"14":{"loc":{"start":{"line":158,"column":8},"end":{"line":160,"column":9}},"type":"if","locations":[{"start":{"line":158,"column":8},"end":{"line":160,"column":9}},{"start":{},"end":{}}],"line":158},"15":{"loc":{"start":{"line":161,"column":8},"end":{"line":164,"column":9}},"type":"if","locations":[{"start":{"line":161,"column":8},"end":{"line":164,"column":9}},{"start":{},"end":{}}],"line":161},"16":{"loc":{"start":{"line":167,"column":6},"end":{"line":169,"column":7}},"type":"if","locations":[{"start":{"line":167,"column":6},"end":{"line":169,"column":7}},{"start":{},"end":{}}],"line":167},"17":{"loc":{"start":{"line":183,"column":4},"end":{"line":185,"column":5}},"type":"if","locations":[{"start":{"line":183,"column":4},"end":{"line":185,"column":5}},{"start":{},"end":{}}],"line":183},"18":{"loc":{"start":{"line":191,"column":6},"end":{"line":197,"column":7}},"type":"if","locations":[{"start":{"line":191,"column":6},"end":{"line":197,"column":7}},{"start":{},"end":{}}],"line":191},"19":{"loc":{"start":{"line":193,"column":10},"end":{"line":195,"column":11}},"type":"if","locations":[{"start":{"line":193,"column":10},"end":{"line":195,"column":11}},{"start":{},"end":{}}],"line":193},"20":{"loc":{"start":{"line":236,"column":11},"end":{"line":236,"column":37}},"type":"cond-expr","locations":[{"start":{"line":236,"column":21},"end":{"line":236,"column":33}},{"start":{"line":236,"column":36},"end":{"line":236,"column":37}}],"line":236}},"s":{"0":63,"1":63,"2":63,"3":3895,"4":1,"5":3894,"6":3894,"7":50,"8":3894,"9":3894,"10":3894,"11":7,"12":7,"13":1,"14":6,"15":6,"16":6,"17":6,"18":6,"19":126,"20":126,"21":40,"22":40,"23":2,"24":118,"25":34,"26":84,"27":84,"28":69,"29":15,"30":15,"31":15,"32":15,"33":6,"34":6,"35":3,"36":3,"37":15,"38":1,"39":1,"40":14,"41":14,"42":14,"43":2031,"44":1,"45":2030,"46":2030,"47":2060,"48":2030,"49":30,"50":0,"51":0,"52":2030,"53":2030,"54":14,"55":14,"56":4,"57":1,"58":3,"59":3,"60":6,"61":6,"62":6,"63":6,"64":5,"65":3,"66":1,"67":1,"68":3,"69":2,"70":2,"71":3,"72":2,"73":3,"74":3,"75":1,"76":1,"77":2},"f":{"0":63,"1":3895,"2":7,"3":126,"4":40,"5":2,"6":118,"7":4,"8":1,"9":2,"10":3,"11":1,"12":2},"b":{"0":[1,3894],"1":[50,3844],"2":[1,6],"3":[6,0],"4":[125,1],"5":[39,1],"6":[2,1],"7":[34,84],"8":[69,15],"9":[15,1],"10":[6,0],"11":[3,3],"12":[1,14],"13":[1,2030],"14":[2030,30],"15":[0,30],"16":[2030,0],"17":[1,3],"18":[6,0],"19":[5,1],"20":[2,1]},"_coverageSchema":"1a1c01bbd47fc00a2c39e90264f33305004495a9","hash":"7d4aee33271543f18ba0730ca992d66dfb8a6d1a"}
,"/home/tsonu/src/genai-game-engine/src/engine/ecs/Entity.js": {"path":"/home/tsonu/src/genai-game-engine/src/engine/ecs/Entity.js","statementMap":{"0":{"start":{"line":14,"column":4},"end":{"line":14,"column":17}},"1":{"start":{"line":15,"column":4},"end":{"line":15,"column":23}},"2":{"start":{"line":16,"column":4},"end":{"line":16,"column":20}},"3":{"start":{"line":26,"column":4},"end":{"line":26,"column":19}},"4":{"start":{"line":34,"column":4},"end":{"line":34,"column":20}},"5":{"start":{"line":41,"column":4},"end":{"line":41,"column":23}},"6":{"start":{"line":48,"column":4},"end":{"line":48,"column":24}},"7":{"start":{"line":56,"column":4},"end":{"line":56,"column":23}}},"fnMap":{"0":{"name":"(anonymous_0)","decl":{"start":{"line":13,"column":2},"end":{"line":13,"column":3}},"loc":{"start":{"line":13,"column":18},"end":{"line":17,"column":3}},"line":13},"1":{"name":"(anonymous_1)","decl":{"start":{"line":25,"column":2},"end":{"line":25,"column":3}},"loc":{"start":{"line":25,"column":14},"end":{"line":27,"column":3}},"line":25},"2":{"name":"(anonymous_2)","decl":{"start":{"line":33,"column":2},"end":{"line":33,"column":3}},"loc":{"start":{"line":33,"column":11},"end":{"line":35,"column":3}},"line":33},"3":{"name":"(anonymous_3)","decl":{"start":{"line":40,"column":2},"end":{"line":40,"column":3}},"loc":{"start":{"line":40,"column":13},"end":{"line":42,"column":3}},"line":40},"4":{"name":"(anonymous_4)","decl":{"start":{"line":47,"column":2},"end":{"line":47,"column":3}},"loc":{"start":{"line":47,"column":15},"end":{"line":49,"column":3}},"line":47},"5":{"name":"(anonymous_5)","decl":{"start":{"line":55,"column":2},"end":{"line":55,"column":3}},"loc":{"start":{"line":55,"column":13},"end":{"line":57,"column":3}},"line":55}},"branchMap":{},"s":{"0":0,"1":0,"2":0,"3":0,"4":0,"5":0,"6":0,"7":0},"f":{"0":0,"1":0,"2":0,"3":0,"4":0,"5":0},"b":{}}
,"/home/tsonu/src/genai-game-engine/src/engine/ecs/EntityManager.js": {"path":"/home/tsonu/src/genai-game-engine/src/engine/ecs/EntityManager.js","statementMap":{"0":{"start":{"line":10,"column":4},"end":{"line":10,"column":26}},"1":{"start":{"line":11,"column":4},"end":{"line":11,"column":30}},"2":{"start":{"line":12,"column":4},"end":{"line":12,"column":35}},"3":{"start":{"line":13,"column":4},"end":{"line":13,"column":26}},"4":{"start":{"line":27,"column":4},"end":{"line":31,"column":5}},"5":{"start":{"line":28,"column":6},"end":{"line":28,"column":34}},"6":{"start":{"line":30,"column":6},"end":{"line":30,"column":31}},"7":{"start":{"line":34,"column":4},"end":{"line":39,"column":7}},"8":{"start":{"line":42,"column":4},"end":{"line":47,"column":5}},"9":{"start":{"line":43,"column":6},"end":{"line":45,"column":7}},"10":{"start":{"line":44,"column":8},"end":{"line":44,"column":47}},"11":{"start":{"line":46,"column":6},"end":{"line":46,"column":42}},"12":{"start":{"line":49,"column":4},"end":{"line":49,"column":14}},"13":{"start":{"line":60,"column":19},"end":{"line":60,"column":46}},"14":{"start":{"line":61,"column":4},"end":{"line":63,"column":5}},"15":{"start":{"line":62,"column":6},"end":{"line":62,"column":19}},"16":{"start":{"line":66,"column":4},"end":{"line":74,"column":5}},"17":{"start":{"line":67,"column":21},"end":{"line":67,"column":55}},"18":{"start":{"line":68,"column":6},"end":{"line":73,"column":7}},"19":{"start":{"line":69,"column":8},"end":{"line":69,"column":32}},"20":{"start":{"line":70,"column":8},"end":{"line":72,"column":9}},"21":{"start":{"line":71,"column":10},"end":{"line":71,"column":48}},"22":{"start":{"line":77,"column":4},"end":{"line":77,"column":35}},"23":{"start":{"line":80,"column":4},"end":{"line":80,"column":36}},"24":{"start":{"line":82,"column":4},"end":{"line":82,"column":16}},"25":{"start":{"line":91,"column":4},"end":{"line":91,"column":39}},"26":{"start":{"line":99,"column":19},"end":{"line":99,"column":21}},"27":{"start":{"line":100,"column":4},"end":{"line":104,"column":5}},"28":{"start":{"line":101,"column":6},"end":{"line":103,"column":7}},"29":{"start":{"line":102,"column":8},"end":{"line":102,"column":24}},"30":{"start":{"line":105,"column":4},"end":{"line":105,"column":18}},"31":{"start":{"line":114,"column":19},"end":{"line":114,"column":46}},"32":{"start":{"line":115,"column":4},"end":{"line":117,"column":5}},"33":{"start":{"line":116,"column":6},"end":{"line":116,"column":16}},"34":{"start":{"line":120,"column":19},"end":{"line":120,"column":21}},"35":{"start":{"line":121,"column":4},"end":{"line":126,"column":5}},"36":{"start":{"line":122,"column":21},"end":{"line":122,"column":42}},"37":{"start":{"line":123,"column":6},"end":{"line":125,"column":7}},"38":{"start":{"line":124,"column":8},"end":{"line":124,"column":24}},"39":{"start":{"line":127,"column":4},"end":{"line":127,"column":18}},"40":{"start":{"line":136,"column":19},"end":{"line":136,"column":46}},"41":{"start":{"line":137,"column":4},"end":{"line":139,"column":5}},"42":{"start":{"line":138,"column":6},"end":{"line":138,"column":13}},"43":{"start":{"line":142,"column":4},"end":{"line":150,"column":5}},"44":{"start":{"line":143,"column":24},"end":{"line":143,"column":58}},"45":{"start":{"line":144,"column":6},"end":{"line":149,"column":7}},"46":{"start":{"line":145,"column":8},"end":{"line":145,"column":35}},"47":{"start":{"line":146,"column":8},"end":{"line":148,"column":9}},"48":{"start":{"line":147,"column":10},"end":{"line":147,"column":48}},"49":{"start":{"line":153,"column":4},"end":{"line":153,"column":21}},"50":{"start":{"line":154,"column":4},"end":{"line":156,"column":5}},"51":{"start":{"line":155,"column":6},"end":{"line":155,"column":45}},"52":{"start":{"line":157,"column":4},"end":{"line":157,"column":46}},"53":{"start":{"line":166,"column":19},"end":{"line":166,"column":46}},"54":{"start":{"line":167,"column":4},"end":{"line":167,"column":38}},"55":{"start":{"line":175,"column":19},"end":{"line":175,"column":46}},"56":{"start":{"line":176,"column":4},"end":{"line":178,"column":5}},"57":{"start":{"line":177,"column":6},"end":{"line":177,"column":27}},"58":{"start":{"line":186,"column":19},"end":{"line":186,"column":46}},"59":{"start":{"line":187,"column":4},"end":{"line":189,"column":5}},"60":{"start":{"line":188,"column":6},"end":{"line":188,"column":28}},"61":{"start":{"line":198,"column":19},"end":{"line":198,"column":46}},"62":{"start":{"line":199,"column":4},"end":{"line":199,"column":42}},"63":{"start":{"line":208,"column":19},"end":{"line":208,"column":46}},"64":{"start":{"line":209,"column":4},"end":{"line":211,"column":5}},"65":{"start":{"line":210,"column":6},"end":{"line":210,"column":47}},"66":{"start":{"line":220,"column":19},"end":{"line":220,"column":46}},"67":{"start":{"line":221,"column":4},"end":{"line":223,"column":5}},"68":{"start":{"line":222,"column":6},"end":{"line":222,"column":50}},"69":{"start":{"line":232,"column":19},"end":{"line":232,"column":46}},"70":{"start":{"line":233,"column":4},"end":{"line":233,"column":54}},"71":{"start":{"line":241,"column":4},"end":{"line":241,"column":30}},"72":{"start":{"line":249,"column":16},"end":{"line":249,"column":17}},"73":{"start":{"line":250,"column":4},"end":{"line":254,"column":5}},"74":{"start":{"line":251,"column":6},"end":{"line":253,"column":7}},"75":{"start":{"line":252,"column":8},"end":{"line":252,"column":16}},"76":{"start":{"line":255,"column":4},"end":{"line":255,"column":17}},"77":{"start":{"line":262,"column":4},"end":{"line":262,"column":26}},"78":{"start":{"line":263,"column":4},"end":{"line":263,"column":31}},"79":{"start":{"line":264,"column":4},"end":{"line":264,"column":26}},"80":{"start":{"line":265,"column":4},"end":{"line":265,"column":26}}},"fnMap":{"0":{"name":"(anonymous_0)","decl":{"start":{"line":9,"column":2},"end":{"line":9,"column":3}},"loc":{"start":{"line":9,"column":16},"end":{"line":14,"column":3}},"line":9},"1":{"name":"(anonymous_1)","decl":{"start":{"line":23,"column":2},"end":{"line":23,"column":3}},"loc":{"start":{"line":23,"column":27},"end":{"line":50,"column":3}},"line":23},"2":{"name":"(anonymous_2)","decl":{"start":{"line":59,"column":2},"end":{"line":59,"column":3}},"loc":{"start":{"line":59,"column":26},"end":{"line":83,"column":3}},"line":59},"3":{"name":"(anonymous_3)","decl":{"start":{"line":90,"column":2},"end":{"line":90,"column":3}},"loc":{"start":{"line":90,"column":22},"end":{"line":92,"column":3}},"line":90},"4":{"name":"(anonymous_4)","decl":{"start":{"line":98,"column":2},"end":{"line":98,"column":3}},"loc":{"start":{"line":98,"column":19},"end":{"line":106,"column":3}},"line":98},"5":{"name":"(anonymous_5)","decl":{"start":{"line":113,"column":2},"end":{"line":113,"column":3}},"loc":{"start":{"line":113,"column":24},"end":{"line":128,"column":3}},"line":113},"6":{"name":"(anonymous_6)","decl":{"start":{"line":135,"column":2},"end":{"line":135,"column":3}},"loc":{"start":{"line":135,"column":24},"end":{"line":158,"column":3}},"line":135},"7":{"name":"(anonymous_7)","decl":{"start":{"line":165,"column":2},"end":{"line":165,"column":3}},"loc":{"start":{"line":165,"column":19},"end":{"line":168,"column":3}},"line":165},"8":{"name":"(anonymous_8)","decl":{"start":{"line":174,"column":2},"end":{"line":174,"column":3}},"loc":{"start":{"line":174,"column":21},"end":{"line":179,"column":3}},"line":174},"9":{"name":"(anonymous_9)","decl":{"start":{"line":185,"column":2},"end":{"line":185,"column":3}},"loc":{"start":{"line":185,"column":23},"end":{"line":190,"column":3}},"line":185},"10":{"name":"(anonymous_10)","decl":{"start":{"line":197,"column":2},"end":{"line":197,"column":3}},"loc":{"start":{"line":197,"column":21},"end":{"line":200,"column":3}},"line":197},"11":{"name":"(anonymous_11)","decl":{"start":{"line":207,"column":2},"end":{"line":207,"column":3}},"loc":{"start":{"line":207,"column":44},"end":{"line":212,"column":3}},"line":207},"12":{"name":"(anonymous_12)","decl":{"start":{"line":219,"column":2},"end":{"line":219,"column":3}},"loc":{"start":{"line":219,"column":47},"end":{"line":224,"column":3}},"line":219},"13":{"name":"(anonymous_13)","decl":{"start":{"line":231,"column":2},"end":{"line":231,"column":3}},"loc":{"start":{"line":231,"column":30},"end":{"line":234,"column":3}},"line":231},"14":{"name":"(anonymous_14)","decl":{"start":{"line":240,"column":2},"end":{"line":240,"column":3}},"loc":{"start":{"line":240,"column":19},"end":{"line":242,"column":3}},"line":240},"15":{"name":"(anonymous_15)","decl":{"start":{"line":248,"column":2},"end":{"line":248,"column":3}},"loc":{"start":{"line":248,"column":25},"end":{"line":256,"column":3}},"line":248},"16":{"name":"(anonymous_16)","decl":{"start":{"line":261,"column":2},"end":{"line":261,"column":3}},"loc":{"start":{"line":261,"column":10},"end":{"line":266,"column":3}},"line":261}},"branchMap":{"0":{"loc":{"start":{"line":23,"column":15},"end":{"line":23,"column":25}},"type":"default-arg","locations":[{"start":{"line":23,"column":21},"end":{"line":23,"column":25}}],"line":23},"1":{"loc":{"start":{"line":27,"column":4},"end":{"line":31,"column":5}},"type":"if","locations":[{"start":{"line":27,"column":4},"end":{"line":31,"column":5}},{"start":{"line":29,"column":11},"end":{"line":31,"column":5}}],"line":27},"2":{"loc":{"start":{"line":42,"column":4},"end":{"line":47,"column":5}},"type":"if","locations":[{"start":{"line":42,"column":4},"end":{"line":47,"column":5}},{"start":{},"end":{}}],"line":42},"3":{"loc":{"start":{"line":43,"column":6},"end":{"line":45,"column":7}},"type":"if","locations":[{"start":{"line":43,"column":6},"end":{"line":45,"column":7}},{"start":{},"end":{}}],"line":43},"4":{"loc":{"start":{"line":61,"column":4},"end":{"line":63,"column":5}},"type":"if","locations":[{"start":{"line":61,"column":4},"end":{"line":63,"column":5}},{"start":{},"end":{}}],"line":61},"5":{"loc":{"start":{"line":66,"column":4},"end":{"line":74,"column":5}},"type":"if","locations":[{"start":{"line":66,"column":4},"end":{"line":74,"column":5}},{"start":{},"end":{}}],"line":66},"6":{"loc":{"start":{"line":68,"column":6},"end":{"line":73,"column":7}},"type":"if","locations":[{"start":{"line":68,"column":6},"end":{"line":73,"column":7}},{"start":{},"end":{}}],"line":68},"7":{"loc":{"start":{"line":70,"column":8},"end":{"line":72,"column":9}},"type":"if","locations":[{"start":{"line":70,"column":8},"end":{"line":72,"column":9}},{"start":{},"end":{}}],"line":70},"8":{"loc":{"start":{"line":101,"column":6},"end":{"line":103,"column":7}},"type":"if","locations":[{"start":{"line":101,"column":6},"end":{"line":103,"column":7}},{"start":{},"end":{}}],"line":101},"9":{"loc":{"start":{"line":115,"column":4},"end":{"line":117,"column":5}},"type":"if","locations":[{"start":{"line":115,"column":4},"end":{"line":117,"column":5}},{"start":{},"end":{}}],"line":115},"10":{"loc":{"start":{"line":123,"column":6},"end":{"line":125,"column":7}},"type":"if","locations":[{"start":{"line":123,"column":6},"end":{"line":125,"column":7}},{"start":{},"end":{}}],"line":123},"11":{"loc":{"start":{"line":123,"column":10},"end":{"line":123,"column":33}},"type":"binary-expr","locations":[{"start":{"line":123,"column":10},"end":{"line":123,"column":16}},{"start":{"line":123,"column":20},"end":{"line":123,"column":33}}],"line":123},"12":{"loc":{"start":{"line":137,"column":4},"end":{"line":139,"column":5}},"type":"if","locations":[{"start":{"line":137,"column":4},"end":{"line":139,"column":5}},{"start":{},"end":{}}],"line":137},"13":{"loc":{"start":{"line":142,"column":4},"end":{"line":150,"column":5}},"type":"if","locations":[{"start":{"line":142,"column":4},"end":{"line":150,"column":5}},{"start":{},"end":{}}],"line":142},"14":{"loc":{"start":{"line":144,"column":6},"end":{"line":149,"column":7}},"type":"if","locations":[{"start":{"line":144,"column":6},"end":{"line":149,"column":7}},{"start":{},"end":{}}],"line":144},"15":{"loc":{"start":{"line":146,"column":8},"end":{"line":148,"column":9}},"type":"if","locations":[{"start":{"line":146,"column":8},"end":{"line":148,"column":9}},{"start":{},"end":{}}],"line":146},"16":{"loc":{"start":{"line":154,"column":4},"end":{"line":156,"column":5}},"type":"if","locations":[{"start":{"line":154,"column":4},"end":{"line":156,"column":5}},{"start":{},"end":{}}],"line":154},"17":{"loc":{"start":{"line":167,"column":11},"end":{"line":167,"column":37}},"type":"cond-expr","locations":[{"start":{"line":167,"column":20},"end":{"line":167,"column":30}},{"start":{"line":167,"column":33},"end":{"line":167,"column":37}}],"line":167},"18":{"loc":{"start":{"line":176,"column":4},"end":{"line":178,"column":5}},"type":"if","locations":[{"start":{"line":176,"column":4},"end":{"line":178,"column":5}},{"start":{},"end":{}}],"line":176},"19":{"loc":{"start":{"line":187,"column":4},"end":{"line":189,"column":5}},"type":"if","locations":[{"start":{"line":187,"column":4},"end":{"line":189,"column":5}},{"start":{},"end":{}}],"line":187},"20":{"loc":{"start":{"line":199,"column":11},"end":{"line":199,"column":41}},"type":"cond-expr","locations":[{"start":{"line":199,"column":20},"end":{"line":199,"column":33}},{"start":{"line":199,"column":36},"end":{"line":199,"column":41}}],"line":199},"21":{"loc":{"start":{"line":209,"column":4},"end":{"line":211,"column":5}},"type":"if","locations":[{"start":{"line":209,"column":4},"end":{"line":211,"column":5}},{"start":{},"end":{}}],"line":209},"22":{"loc":{"start":{"line":221,"column":4},"end":{"line":223,"column":5}},"type":"if","locations":[{"start":{"line":221,"column":4},"end":{"line":223,"column":5}},{"start":{},"end":{}}],"line":221},"23":{"loc":{"start":{"line":233,"column":11},"end":{"line":233,"column":53}},"type":"cond-expr","locations":[{"start":{"line":233,"column":20},"end":{"line":233,"column":41}},{"start":{"line":233,"column":44},"end":{"line":233,"column":53}}],"line":233},"24":{"loc":{"start":{"line":251,"column":6},"end":{"line":253,"column":7}},"type":"if","locations":[{"start":{"line":251,"column":6},"end":{"line":253,"column":7}},{"start":{},"end":{}}],"line":251}},"s":{"0":95,"1":95,"2":95,"3":95,"4":6811,"5":3,"6":6808,"7":6811,"8":6811,"9":112,"10":10,"11":112,"12":6811,"13":1008,"14":1008,"15":1,"16":1007,"17":1,"18":1,"19":1,"20":1,"21":1,"22":1007,"23":1007,"24":1007,"25":3899,"26":36,"27":36,"28":8,"29":7,"30":36,"31":13,"32":13,"33":7,"34":6,"35":6,"36":107,"37":107,"38":106,"39":6,"40":3,"41":3,"42":1,"43":2,"44":1,"45":1,"46":1,"47":1,"48":1,"49":2,"50":2,"51":2,"52":2,"53":4,"54":4,"55":2,"56":2,"57":1,"58":8,"59":8,"60":8,"61":2041,"62":2041,"63":3899,"64":3899,"65":3899,"66":7,"67":7,"68":7,"69":7,"70":7,"71":5,"72":2,"73":2,"74":6,"75":4,"76":2,"77":3,"78":3,"79":3,"80":3},"f":{"0":95,"1":6811,"2":1008,"3":3899,"4":36,"5":13,"6":3,"7":4,"8":2,"9":8,"10":2041,"11":3899,"12":7,"13":7,"14":5,"15":2,"16":3},"b":{"0":[5799],"1":[3,6808],"2":[112,6699],"3":[10,102],"4":[1,1007],"5":[1,1006],"6":[1,0],"7":[1,0],"8":[7,1],"9":[7,6],"10":[106,1],"11":[107,107],"12":[1,2],"13":[1,1],"14":[1,0],"15":[1,0],"16":[2,0],"17":[4,0],"18":[1,1],"19":[8,0],"20":[2040,1],"21":[3899,0],"22":[7,0],"23":[6,1],"24":[4,2]},"_coverageSchema":"1a1c01bbd47fc00a2c39e90264f33305004495a9","hash":"6d14b207f1bec93f1be426cd66fddf7e31a67e83"}
,"/home/tsonu/src/genai-game-engine/src/engine/ecs/System.js": {"path":"/home/tsonu/src/genai-game-engine/src/engine/ecs/System.js","statementMap":{"0":{"start":{"line":31,"column":4},"end":{"line":31,"column":47}},"1":{"start":{"line":32,"column":4},"end":{"line":32,"column":29}},"2":{"start":{"line":33,"column":4},"end":{"line":33,"column":49}},"3":{"start":{"line":34,"column":4},"end":{"line":34,"column":23}},"4":{"start":{"line":35,"column":4},"end":{"line":35,"column":24}},"5":{"start":{"line":72,"column":4},"end":{"line":72,"column":72}},"6":{"start":{"line":82,"column":4},"end":{"line":82,"column":72}},"7":{"start":{"line":89,"column":4},"end":{"line":89,"column":24}},"8":{"start":{"line":96,"column":4},"end":{"line":96,"column":25}},"9":{"start":{"line":104,"column":4},"end":{"line":104,"column":24}},"10":{"start":{"line":112,"column":4},"end":{"line":112,"column":29}},"11":{"start":{"line":120,"column":4},"end":{"line":120,"column":25}},"12":{"start":{"line":128,"column":4},"end":{"line":128,"column":35}}},"fnMap":{"0":{"name":"(anonymous_0)","decl":{"start":{"line":30,"column":2},"end":{"line":30,"column":3}},"loc":{"start":{"line":30,"column":68},"end":{"line":36,"column":3}},"line":30},"1":{"name":"(anonymous_1)","decl":{"start":{"line":42,"column":2},"end":{"line":42,"column":3}},"loc":{"start":{"line":42,"column":9},"end":{"line":44,"column":3}},"line":42},"2":{"name":"(anonymous_2)","decl":{"start":{"line":53,"column":2},"end":{"line":53,"column":3}},"loc":{"start":{"line":53,"column":30},"end":{"line":55,"column":3}},"line":53},"3":{"name":"(anonymous_3)","decl":{"start":{"line":61,"column":2},"end":{"line":61,"column":3}},"loc":{"start":{"line":61,"column":12},"end":{"line":63,"column":3}},"line":61},"4":{"name":"(anonymous_4)","decl":{"start":{"line":71,"column":2},"end":{"line":71,"column":3}},"loc":{"start":{"line":71,"column":40},"end":{"line":73,"column":3}},"line":71},"5":{"name":"(anonymous_5)","decl":{"start":{"line":81,"column":2},"end":{"line":81,"column":3}},"loc":{"start":{"line":81,"column":40},"end":{"line":83,"column":3}},"line":81},"6":{"name":"(anonymous_6)","decl":{"start":{"line":88,"column":2},"end":{"line":88,"column":3}},"loc":{"start":{"line":88,"column":11},"end":{"line":90,"column":3}},"line":88},"7":{"name":"(anonymous_7)","decl":{"start":{"line":95,"column":2},"end":{"line":95,"column":3}},"loc":{"start":{"line":95,"column":12},"end":{"line":97,"column":3}},"line":95},"8":{"name":"(anonymous_8)","decl":{"start":{"line":103,"column":2},"end":{"line":103,"column":3}},"loc":{"start":{"line":103,"column":14},"end":{"line":105,"column":3}},"line":103},"9":{"name":"(anonymous_9)","decl":{"start":{"line":111,"column":2},"end":{"line":111,"column":3}},"loc":{"start":{"line":111,"column":24},"end":{"line":113,"column":3}},"line":111},"10":{"name":"(anonymous_10)","decl":{"start":{"line":119,"column":2},"end":{"line":119,"column":3}},"loc":{"start":{"line":119,"column":16},"end":{"line":121,"column":3}},"line":119},"11":{"name":"(anonymous_11)","decl":{"start":{"line":127,"column":2},"end":{"line":127,"column":3}},"loc":{"start":{"line":127,"column":26},"end":{"line":129,"column":3}},"line":127}},"branchMap":{"0":{"loc":{"start":{"line":30,"column":43},"end":{"line":30,"column":66}},"type":"default-arg","locations":[{"start":{"line":30,"column":64},"end":{"line":30,"column":66}}],"line":30}},"s":{"0":0,"1":0,"2":0,"3":0,"4":0,"5":0,"6":0,"7":0,"8":0,"9":0,"10":0,"11":0,"12":0},"f":{"0":0,"1":0,"2":0,"3":0,"4":0,"5":0,"6":0,"7":0,"8":0,"9":0,"10":0,"11":0},"b":{"0":[0]}}
,"/home/tsonu/src/genai-game-engine/src/engine/ecs/SystemManager.js": {"path":"/home/tsonu/src/genai-game-engine/src/engine/ecs/SystemManager.js","statementMap":{"0":{"start":{"line":16,"column":4},"end":{"line":16,"column":39}},"1":{"start":{"line":17,"column":4},"end":{"line":17,"column":47}},"2":{"start":{"line":18,"column":4},"end":{"line":18,"column":29}},"3":{"start":{"line":19,"column":4},"end":{"line":19,"column":22}},"4":{"start":{"line":20,"column":4},"end":{"line":20,"column":35}},"5":{"start":{"line":33,"column":4},"end":{"line":35,"column":5}},"6":{"start":{"line":34,"column":6},"end":{"line":34,"column":71}},"7":{"start":{"line":38,"column":4},"end":{"line":38,"column":54}},"8":{"start":{"line":39,"column":4},"end":{"line":39,"column":36}},"9":{"start":{"line":42,"column":4},"end":{"line":42,"column":30}},"10":{"start":{"line":45,"column":4},"end":{"line":47,"column":5}},"11":{"start":{"line":46,"column":6},"end":{"line":46,"column":43}},"12":{"start":{"line":50,"column":4},"end":{"line":50,"column":57}},"13":{"start":{"line":50,"column":32},"end":{"line":50,"column":55}},"14":{"start":{"line":53,"column":4},"end":{"line":53,"column":18}},"15":{"start":{"line":62,"column":19},"end":{"line":62,"column":47}},"16":{"start":{"line":63,"column":4},"end":{"line":65,"column":5}},"17":{"start":{"line":64,"column":6},"end":{"line":64,"column":19}},"18":{"start":{"line":68,"column":4},"end":{"line":68,"column":21}},"19":{"start":{"line":71,"column":18},"end":{"line":71,"column":46}},"20":{"start":{"line":72,"column":4},"end":{"line":74,"column":5}},"21":{"start":{"line":73,"column":6},"end":{"line":73,"column":36}},"22":{"start":{"line":77,"column":4},"end":{"line":77,"column":36}},"23":{"start":{"line":79,"column":4},"end":{"line":79,"column":16}},"24":{"start":{"line":88,"column":4},"end":{"line":88,"column":40}},"25":{"start":{"line":100,"column":4},"end":{"line":113,"column":5}},"26":{"start":{"line":100,"column":17},"end":{"line":100,"column":18}},"27":{"start":{"line":101,"column":21},"end":{"line":101,"column":36}},"28":{"start":{"line":104,"column":6},"end":{"line":106,"column":7}},"29":{"start":{"line":105,"column":8},"end":{"line":105,"column":17}},"30":{"start":{"line":109,"column":23},"end":{"line":109,"column":89}},"31":{"start":{"line":112,"column":6},"end":{"line":112,"column":41}},"32":{"start":{"line":121,"column":4},"end":{"line":123,"column":5}},"33":{"start":{"line":122,"column":6},"end":{"line":122,"column":20}},"34":{"start":{"line":131,"column":4},"end":{"line":133,"column":5}},"35":{"start":{"line":132,"column":6},"end":{"line":132,"column":23}},"36":{"start":{"line":142,"column":19},"end":{"line":142,"column":47}},"37":{"start":{"line":143,"column":4},"end":{"line":146,"column":5}},"38":{"start":{"line":144,"column":6},"end":{"line":144,"column":22}},"39":{"start":{"line":145,"column":6},"end":{"line":145,"column":18}},"40":{"start":{"line":147,"column":4},"end":{"line":147,"column":17}},"41":{"start":{"line":156,"column":19},"end":{"line":156,"column":47}},"42":{"start":{"line":157,"column":4},"end":{"line":160,"column":5}},"43":{"start":{"line":158,"column":6},"end":{"line":158,"column":23}},"44":{"start":{"line":159,"column":6},"end":{"line":159,"column":18}},"45":{"start":{"line":161,"column":4},"end":{"line":161,"column":17}},"46":{"start":{"line":169,"column":4},"end":{"line":169,"column":49}},"47":{"start":{"line":177,"column":4},"end":{"line":177,"column":31}},"48":{"start":{"line":185,"column":16},"end":{"line":185,"column":17}},"49":{"start":{"line":186,"column":4},"end":{"line":190,"column":5}},"50":{"start":{"line":187,"column":6},"end":{"line":189,"column":7}},"51":{"start":{"line":188,"column":8},"end":{"line":188,"column":16}},"52":{"start":{"line":191,"column":4},"end":{"line":191,"column":17}}},"fnMap":{"0":{"name":"(anonymous_0)","decl":{"start":{"line":15,"column":2},"end":{"line":15,"column":3}},"loc":{"start":{"line":15,"column":58},"end":{"line":21,"column":3}},"line":15},"1":{"name":"(anonymous_1)","decl":{"start":{"line":31,"column":2},"end":{"line":31,"column":3}},"loc":{"start":{"line":31,"column":38},"end":{"line":54,"column":3}},"line":31},"2":{"name":"(anonymous_2)","decl":{"start":{"line":50,"column":22},"end":{"line":50,"column":23}},"loc":{"start":{"line":50,"column":32},"end":{"line":50,"column":55}},"line":50},"3":{"name":"(anonymous_3)","decl":{"start":{"line":61,"column":2},"end":{"line":61,"column":3}},"loc":{"start":{"line":61,"column":25},"end":{"line":80,"column":3}},"line":61},"4":{"name":"(anonymous_4)","decl":{"start":{"line":87,"column":2},"end":{"line":87,"column":3}},"loc":{"start":{"line":87,"column":18},"end":{"line":89,"column":3}},"line":87},"5":{"name":"(anonymous_5)","decl":{"start":{"line":99,"column":2},"end":{"line":99,"column":3}},"loc":{"start":{"line":99,"column":20},"end":{"line":114,"column":3}},"line":99},"6":{"name":"(anonymous_6)","decl":{"start":{"line":120,"column":2},"end":{"line":120,"column":3}},"loc":{"start":{"line":120,"column":9},"end":{"line":124,"column":3}},"line":120},"7":{"name":"(anonymous_7)","decl":{"start":{"line":130,"column":2},"end":{"line":130,"column":3}},"loc":{"start":{"line":130,"column":12},"end":{"line":134,"column":3}},"line":130},"8":{"name":"(anonymous_8)","decl":{"start":{"line":141,"column":2},"end":{"line":141,"column":3}},"loc":{"start":{"line":141,"column":21},"end":{"line":148,"column":3}},"line":141},"9":{"name":"(anonymous_9)","decl":{"start":{"line":155,"column":2},"end":{"line":155,"column":3}},"loc":{"start":{"line":155,"column":22},"end":{"line":162,"column":3}},"line":155},"10":{"name":"(anonymous_10)","decl":{"start":{"line":168,"column":2},"end":{"line":168,"column":3}},"loc":{"start":{"line":168,"column":19},"end":{"line":170,"column":3}},"line":168},"11":{"name":"(anonymous_11)","decl":{"start":{"line":176,"column":2},"end":{"line":176,"column":3}},"loc":{"start":{"line":176,"column":19},"end":{"line":178,"column":3}},"line":176},"12":{"name":"(anonymous_12)","decl":{"start":{"line":184,"column":2},"end":{"line":184,"column":3}},"loc":{"start":{"line":184,"column":26},"end":{"line":192,"column":3}},"line":184}},"branchMap":{"0":{"loc":{"start":{"line":31,"column":25},"end":{"line":31,"column":36}},"type":"default-arg","locations":[{"start":{"line":31,"column":32},"end":{"line":31,"column":36}}],"line":31},"1":{"loc":{"start":{"line":33,"column":4},"end":{"line":35,"column":5}},"type":"if","locations":[{"start":{"line":33,"column":4},"end":{"line":35,"column":5}},{"start":{},"end":{}}],"line":33},"2":{"loc":{"start":{"line":33,"column":8},"end":{"line":33,"column":44}},"type":"binary-expr","locations":[{"start":{"line":33,"column":8},"end":{"line":33,"column":12}},{"start":{"line":33,"column":16},"end":{"line":33,"column":44}}],"line":33},"3":{"loc":{"start":{"line":45,"column":4},"end":{"line":47,"column":5}},"type":"if","locations":[{"start":{"line":45,"column":4},"end":{"line":47,"column":5}},{"start":{},"end":{}}],"line":45},"4":{"loc":{"start":{"line":63,"column":4},"end":{"line":65,"column":5}},"type":"if","locations":[{"start":{"line":63,"column":4},"end":{"line":65,"column":5}},{"start":{},"end":{}}],"line":63},"5":{"loc":{"start":{"line":72,"column":4},"end":{"line":74,"column":5}},"type":"if","locations":[{"start":{"line":72,"column":4},"end":{"line":74,"column":5}},{"start":{},"end":{}}],"line":72},"6":{"loc":{"start":{"line":104,"column":6},"end":{"line":106,"column":7}},"type":"if","locations":[{"start":{"line":104,"column":6},"end":{"line":106,"column":7}},{"start":{},"end":{}}],"line":104},"7":{"loc":{"start":{"line":143,"column":4},"end":{"line":146,"column":5}},"type":"if","locations":[{"start":{"line":143,"column":4},"end":{"line":146,"column":5}},{"start":{},"end":{}}],"line":143},"8":{"loc":{"start":{"line":157,"column":4},"end":{"line":160,"column":5}},"type":"if","locations":[{"start":{"line":157,"column":4},"end":{"line":160,"column":5}},{"start":{},"end":{}}],"line":157},"9":{"loc":{"start":{"line":187,"column":6},"end":{"line":189,"column":7}},"type":"if","locations":[{"start":{"line":187,"column":6},"end":{"line":189,"column":7}},{"start":{},"end":{}}],"line":187}},"s":{"0":30,"1":30,"2":30,"3":30,"4":30,"5":169,"6":1,"7":168,"8":168,"9":168,"10":168,"11":167,"12":168,"13":5265,"14":168,"15":3,"16":3,"17":1,"18":2,"19":2,"20":2,"21":2,"22":2,"23":2,"24":4,"25":73,"26":73,"27":105,"28":105,"29":1,"30":104,"31":104,"32":1,"33":2,"34":1,"35":2,"36":2,"37":2,"38":1,"39":1,"40":1,"41":4,"42":4,"43":3,"44":3,"45":1,"46":1,"47":5,"48":2,"49":2,"50":6,"51":4,"52":2},"f":{"0":30,"1":169,"2":5265,"3":3,"4":4,"5":73,"6":1,"7":1,"8":2,"9":4,"10":1,"11":5,"12":2},"b":{"0":[1],"1":[1,168],"2":[169,168],"3":[167,1],"4":[1,2],"5":[2,0],"6":[1,104],"7":[1,1],"8":[3,1],"9":[4,2]},"_coverageSchema":"1a1c01bbd47fc00a2c39e90264f33305004495a9","hash":"51fd9ea05443688035b678ea054afb04253273f6"}
,"/home/tsonu/src/genai-game-engine/src/engine/events/EventBus.js": {"path":"/home/tsonu/src/genai-game-engine/src/engine/events/EventBus.js","statementMap":{"0":{"start":{"line":20,"column":4},"end":{"line":20,"column":31}},"1":{"start":{"line":21,"column":4},"end":{"line":21,"column":25}},"2":{"start":{"line":22,"column":4},"end":{"line":22,"column":30}},"3":{"start":{"line":23,"column":4},"end":{"line":23,"column":32}},"4":{"start":{"line":36,"column":4},"end":{"line":47,"column":5}},"5":{"start":{"line":37,"column":23},"end":{"line":37,"column":74}},"6":{"start":{"line":38,"column":6},"end":{"line":38,"column":44}},"7":{"start":{"line":39,"column":6},"end":{"line":39,"column":69}},"8":{"start":{"line":39,"column":44},"end":{"line":39,"column":67}},"9":{"start":{"line":41,"column":6},"end":{"line":46,"column":8}},"10":{"start":{"line":42,"column":22},"end":{"line":42,"column":62}},"11":{"start":{"line":43,"column":8},"end":{"line":45,"column":9}},"12":{"start":{"line":44,"column":10},"end":{"line":44,"column":50}},"13":{"start":{"line":50,"column":4},"end":{"line":52,"column":5}},"14":{"start":{"line":51,"column":6},"end":{"line":51,"column":40}},"15":{"start":{"line":54,"column":21},"end":{"line":54,"column":52}},"16":{"start":{"line":55,"column":26},"end":{"line":55,"column":55}},"17":{"start":{"line":56,"column":4},"end":{"line":56,"column":33}},"18":{"start":{"line":59,"column":4},"end":{"line":59,"column":58}},"19":{"start":{"line":59,"column":33},"end":{"line":59,"column":56}},"20":{"start":{"line":62,"column":4},"end":{"line":70,"column":6}},"21":{"start":{"line":63,"column":20},"end":{"line":63,"column":49}},"22":{"start":{"line":64,"column":6},"end":{"line":69,"column":7}},"23":{"start":{"line":65,"column":22},"end":{"line":65,"column":45}},"24":{"start":{"line":66,"column":8},"end":{"line":68,"column":9}},"25":{"start":{"line":67,"column":10},"end":{"line":67,"column":33}},"26":{"start":{"line":79,"column":22},"end":{"line":79,"column":51}},"27":{"start":{"line":80,"column":4},"end":{"line":82,"column":5}},"28":{"start":{"line":81,"column":6},"end":{"line":81,"column":13}},"29":{"start":{"line":84,"column":18},"end":{"line":84,"column":69}},"30":{"start":{"line":84,"column":45},"end":{"line":84,"column":68}},"31":{"start":{"line":85,"column":4},"end":{"line":87,"column":5}},"32":{"start":{"line":86,"column":6},"end":{"line":86,"column":33}},"33":{"start":{"line":99,"column":24},"end":{"line":107,"column":5}},"34":{"start":{"line":102,"column":8},"end":{"line":102,"column":22}},"35":{"start":{"line":103,"column":8},"end":{"line":103,"column":37}},"36":{"start":{"line":108,"column":4},"end":{"line":108,"column":23}},"37":{"start":{"line":118,"column":22},"end":{"line":118,"column":51}},"38":{"start":{"line":119,"column":4},"end":{"line":128,"column":5}},"39":{"start":{"line":120,"column":6},"end":{"line":127,"column":7}},"40":{"start":{"line":120,"column":19},"end":{"line":120,"column":20}},"41":{"start":{"line":121,"column":25},"end":{"line":121,"column":37}},"42":{"start":{"line":122,"column":8},"end":{"line":126,"column":9}},"43":{"start":{"line":123,"column":10},"end":{"line":123,"column":57}},"44":{"start":{"line":125,"column":10},"end":{"line":125,"column":75}},"45":{"start":{"line":131,"column":4},"end":{"line":140,"column":5}},"46":{"start":{"line":131,"column":17},"end":{"line":131,"column":18}},"47":{"start":{"line":132,"column":23},"end":{"line":132,"column":48}},"48":{"start":{"line":133,"column":6},"end":{"line":139,"column":7}},"49":{"start":{"line":134,"column":8},"end":{"line":138,"column":9}},"50":{"start":{"line":135,"column":10},"end":{"line":135,"column":75}},"51":{"start":{"line":137,"column":10},"end":{"line":137,"column":85}},"52":{"start":{"line":151,"column":4},"end":{"line":151,"column":46}},"53":{"start":{"line":159,"column":4},"end":{"line":161,"column":5}},"54":{"start":{"line":160,"column":6},"end":{"line":160,"column":13}},"55":{"start":{"line":163,"column":4},"end":{"line":163,"column":29}},"56":{"start":{"line":166,"column":18},"end":{"line":166,"column":38}},"57":{"start":{"line":167,"column":4},"end":{"line":167,"column":25}},"58":{"start":{"line":170,"column":4},"end":{"line":173,"column":5}},"59":{"start":{"line":170,"column":17},"end":{"line":170,"column":18}},"60":{"start":{"line":171,"column":20},"end":{"line":171,"column":28}},"61":{"start":{"line":172,"column":6},"end":{"line":172,"column":45}},"62":{"start":{"line":175,"column":4},"end":{"line":175,"column":30}},"63":{"start":{"line":185,"column":25},"end":{"line":185,"column":43}},"64":{"start":{"line":186,"column":23},"end":{"line":186,"column":43}},"65":{"start":{"line":188,"column":4},"end":{"line":190,"column":5}},"66":{"start":{"line":189,"column":6},"end":{"line":189,"column":19}},"67":{"start":{"line":192,"column":4},"end":{"line":199,"column":5}},"68":{"start":{"line":192,"column":17},"end":{"line":192,"column":18}},"69":{"start":{"line":193,"column":6},"end":{"line":195,"column":7}},"70":{"start":{"line":194,"column":8},"end":{"line":194,"column":17}},"71":{"start":{"line":196,"column":6},"end":{"line":198,"column":7}},"72":{"start":{"line":197,"column":8},"end":{"line":197,"column":21}},"73":{"start":{"line":201,"column":4},"end":{"line":201,"column":16}},"74":{"start":{"line":209,"column":4},"end":{"line":215,"column":5}},"75":{"start":{"line":210,"column":6},"end":{"line":210,"column":39}},"76":{"start":{"line":212,"column":6},"end":{"line":212,"column":29}},"77":{"start":{"line":213,"column":6},"end":{"line":213,"column":34}},"78":{"start":{"line":214,"column":6},"end":{"line":214,"column":27}},"79":{"start":{"line":224,"column":22},"end":{"line":224,"column":51}},"80":{"start":{"line":225,"column":4},"end":{"line":225,"column":44}},"81":{"start":{"line":233,"column":4},"end":{"line":233,"column":45}},"82":{"start":{"line":241,"column":16},"end":{"line":241,"column":45}},"83":{"start":{"line":242,"column":4},"end":{"line":244,"column":5}},"84":{"start":{"line":243,"column":6},"end":{"line":243,"column":32}},"85":{"start":{"line":245,"column":4},"end":{"line":245,"column":17}},"86":{"start":{"line":253,"column":4},"end":{"line":253,"column":34}},"87":{"start":{"line":258,"column":24},"end":{"line":258,"column":38}}},"fnMap":{"0":{"name":"(anonymous_0)","decl":{"start":{"line":19,"column":2},"end":{"line":19,"column":3}},"loc":{"start":{"line":19,"column":16},"end":{"line":24,"column":3}},"line":19},"1":{"name":"(anonymous_1)","decl":{"start":{"line":34,"column":2},"end":{"line":34,"column":3}},"loc":{"start":{"line":34,"column":57},"end":{"line":71,"column":3}},"line":34},"2":{"name":"(anonymous_2)","decl":{"start":{"line":39,"column":34},"end":{"line":39,"column":35}},"loc":{"start":{"line":39,"column":44},"end":{"line":39,"column":67}},"line":39},"3":{"name":"(anonymous_3)","decl":{"start":{"line":41,"column":13},"end":{"line":41,"column":14}},"loc":{"start":{"line":41,"column":19},"end":{"line":46,"column":7}},"line":41},"4":{"name":"(anonymous_4)","decl":{"start":{"line":59,"column":23},"end":{"line":59,"column":24}},"loc":{"start":{"line":59,"column":33},"end":{"line":59,"column":56}},"line":59},"5":{"name":"(anonymous_5)","decl":{"start":{"line":62,"column":11},"end":{"line":62,"column":12}},"loc":{"start":{"line":62,"column":17},"end":{"line":70,"column":5}},"line":62},"6":{"name":"(anonymous_6)","decl":{"start":{"line":78,"column":2},"end":{"line":78,"column":3}},"loc":{"start":{"line":78,"column":27},"end":{"line":88,"column":3}},"line":78},"7":{"name":"(anonymous_7)","decl":{"start":{"line":84,"column":38},"end":{"line":84,"column":39}},"loc":{"start":{"line":84,"column":45},"end":{"line":84,"column":68}},"line":84},"8":{"name":"(anonymous_8)","decl":{"start":{"line":98,"column":2},"end":{"line":98,"column":3}},"loc":{"start":{"line":98,"column":59},"end":{"line":109,"column":3}},"line":98},"9":{"name":"(anonymous_9)","decl":{"start":{"line":101,"column":6},"end":{"line":101,"column":7}},"loc":{"start":{"line":101,"column":16},"end":{"line":104,"column":7}},"line":101},"10":{"name":"(anonymous_10)","decl":{"start":{"line":116,"column":2},"end":{"line":116,"column":3}},"loc":{"start":{"line":116,"column":29},"end":{"line":141,"column":3}},"line":116},"11":{"name":"(anonymous_11)","decl":{"start":{"line":150,"column":2},"end":{"line":150,"column":3}},"loc":{"start":{"line":150,"column":32},"end":{"line":152,"column":3}},"line":150},"12":{"name":"(anonymous_12)","decl":{"start":{"line":158,"column":2},"end":{"line":158,"column":3}},"loc":{"start":{"line":158,"column":17},"end":{"line":176,"column":3}},"line":158},"13":{"name":"(anonymous_13)","decl":{"start":{"line":184,"column":2},"end":{"line":184,"column":3}},"loc":{"start":{"line":184,"column":37},"end":{"line":202,"column":3}},"line":184},"14":{"name":"(anonymous_14)","decl":{"start":{"line":208,"column":2},"end":{"line":208,"column":3}},"loc":{"start":{"line":208,"column":26},"end":{"line":216,"column":3}},"line":208},"15":{"name":"(anonymous_15)","decl":{"start":{"line":223,"column":2},"end":{"line":223,"column":3}},"loc":{"start":{"line":223,"column":30},"end":{"line":226,"column":3}},"line":223},"16":{"name":"(anonymous_16)","decl":{"start":{"line":232,"column":2},"end":{"line":232,"column":3}},"loc":{"start":{"line":232,"column":18},"end":{"line":234,"column":3}},"line":232},"17":{"name":"(anonymous_17)","decl":{"start":{"line":240,"column":2},"end":{"line":240,"column":3}},"loc":{"start":{"line":240,"column":26},"end":{"line":246,"column":3}},"line":240},"18":{"name":"(anonymous_18)","decl":{"start":{"line":252,"column":2},"end":{"line":252,"column":3}},"loc":{"start":{"line":252,"column":24},"end":{"line":254,"column":3}},"line":252}},"branchMap":{"0":{"loc":{"start":{"line":34,"column":26},"end":{"line":34,"column":40}},"type":"default-arg","locations":[{"start":{"line":34,"column":36},"end":{"line":34,"column":40}}],"line":34},"1":{"loc":{"start":{"line":34,"column":42},"end":{"line":34,"column":55}},"type":"default-arg","locations":[{"start":{"line":34,"column":53},"end":{"line":34,"column":55}}],"line":34},"2":{"loc":{"start":{"line":36,"column":4},"end":{"line":47,"column":5}},"type":"if","locations":[{"start":{"line":36,"column":4},"end":{"line":47,"column":5}},{"start":{},"end":{}}],"line":36},"3":{"loc":{"start":{"line":43,"column":8},"end":{"line":45,"column":9}},"type":"if","locations":[{"start":{"line":43,"column":8},"end":{"line":45,"column":9}},{"start":{},"end":{}}],"line":43},"4":{"loc":{"start":{"line":50,"column":4},"end":{"line":52,"column":5}},"type":"if","locations":[{"start":{"line":50,"column":4},"end":{"line":52,"column":5}},{"start":{},"end":{}}],"line":50},"5":{"loc":{"start":{"line":64,"column":6},"end":{"line":69,"column":7}},"type":"if","locations":[{"start":{"line":64,"column":6},"end":{"line":69,"column":7}},{"start":{},"end":{}}],"line":64},"6":{"loc":{"start":{"line":66,"column":8},"end":{"line":68,"column":9}},"type":"if","locations":[{"start":{"line":66,"column":8},"end":{"line":68,"column":9}},{"start":{},"end":{}}],"line":66},"7":{"loc":{"start":{"line":80,"column":4},"end":{"line":82,"column":5}},"type":"if","locations":[{"start":{"line":80,"column":4},"end":{"line":82,"column":5}},{"start":{},"end":{}}],"line":80},"8":{"loc":{"start":{"line":85,"column":4},"end":{"line":87,"column":5}},"type":"if","locations":[{"start":{"line":85,"column":4},"end":{"line":87,"column":5}},{"start":{},"end":{}}],"line":85},"9":{"loc":{"start":{"line":98,"column":28},"end":{"line":98,"column":42}},"type":"default-arg","locations":[{"start":{"line":98,"column":38},"end":{"line":98,"column":42}}],"line":98},"10":{"loc":{"start":{"line":98,"column":44},"end":{"line":98,"column":57}},"type":"default-arg","locations":[{"start":{"line":98,"column":55},"end":{"line":98,"col
[...]
ons":[{"start":{"line":47,"column":4},"end":{"line":47,"column":44}},{"start":{},"end":{}}],"line":47},"3":{"loc":{"start":{"line":53,"column":4},"end":{"line":53,"column":42}},"type":"if","locations":[{"start":{"line":53,"column":4},"end":{"line":53,"column":42}},{"start":{},"end":{}}],"line":53},"4":{"loc":{"start":{"line":53,"column":8},"end":{"line":53,"column":33}},"type":"binary-expr","locations":[{"start":{"line":53,"column":8},"end":{"line":53,"column":19}},{"start":{"line":53,"column":23},"end":{"line":53,"column":33}}],"line":53},"5":{"loc":{"start":{"line":59,"column":4},"end":{"line":69,"column":5}},"type":"if","locations":[{"start":{"line":59,"column":4},"end":{"line":69,"column":5}},{"start":{},"end":{}}],"line":59},"6":{"loc":{"start":{"line":59,"column":8},"end":{"line":59,"column":48}},"type":"binary-expr","locations":[{"start":{"line":59,"column":8},"end":{"line":59,"column":26}},{"start":{"line":59,"column":30},"end":{"line":59,"column":48}}],"line":59},"7":{"loc":{"start":{"line":81,"column":4},"end":{"line":85,"column":5}},"type":"if","locations":[{"start":{"line":81,"column":4},"end":{"line":85,"column":5}},{"start":{},"end":{}}],"line":81},"8":{"loc":{"start":{"line":88,"column":4},"end":{"line":88,"column":71}},"type":"if","locations":[{"start":{"line":88,"column":4},"end":{"line":88,"column":71}},{"start":{},"end":{}}],"line":88},"9":{"loc":{"start":{"line":89,"column":4},"end":{"line":89,"column":71}},"type":"if","locations":[{"start":{"line":89,"column":4},"end":{"line":89,"column":71}},{"start":{},"end":{}}],"line":89},"10":{"loc":{"start":{"line":103,"column":4},"end":{"line":109,"column":5}},"type":"if","locations":[{"start":{"line":103,"column":4},"end":{"line":109,"column":5}},{"start":{},"end":{}}],"line":103}},"s":{"0":0,"1":0,"2":0,"3":0,"4":0,"5":0,"6":0,"7":0,"8":0,"9":0,"10":0,"11":0,"12":0,"13":0,"14":0,"15":0,"16":0,"17":0,"18":0,"19":0,"20":0,"21":0,"22":0,"23":0,"24":0,"25":0,"26":0,"27":0,"28":0,"29":0,"30":0,"31":0,"32":0,"33":0,"34":0,"35":0,"36":0,"37":0,"38":0,"39":0,"40":0,"41":0,"42":0,"43":0,"44":0,"45":0,"46":0,"47":0,"48":0,"49":0,"50":0,"51":0,"52":0,"53":0,"54":0},"f":{"0":0,"1":0,"2":0,"3":0,"4":0,"5":0,"6":0,"7":0},"b":{"0":[0,0],"1":[0,0],"2":[0,0],"3":[0,0],"4":[0,0],"5":[0,0],"6":[0,0],"7":[0,0],"8":[0,0],"9":[0,0],"10":[0,0]}}
,"/home/tsonu/src/genai-game-engine/src/utils/Logger.js": {"path":"/home/tsonu/src/genai-game-engine/src/utils/Logger.js","statementMap":{"0":{"start":{"line":8,"column":20},"end":{"line":14,"column":3}},"1":{"start":{"line":22,"column":4},"end":{"line":22,"column":27}},"2":{"start":{"line":23,"column":4},"end":{"line":23,"column":23}},"3":{"start":{"line":24,"column":4},"end":{"line":24,"column":19}},"4":{"start":{"line":25,"column":4},"end":{"line":25,"column":23}},"5":{"start":{"line":33,"column":4},"end":{"line":33,"column":23}},"6":{"start":{"line":41,"column":16},"end":{"line":41,"column":26}},"7":{"start":{"line":42,"column":18},"end":{"line":42,"column":57}},"8":{"start":{"line":43,"column":20},"end":{"line":43,"column":61}},"9":{"start":{"line":44,"column":20},"end":{"line":44,"column":61}},"10":{"start":{"line":45,"column":15},"end":{"line":45,"column":61}},"11":{"start":{"line":46,"column":4},"end":{"line":46,"column":50}},"12":{"start":{"line":56,"column":4},"end":{"line":56,"column":78}},"13":{"start":{"line":65,"column":4},"end":{"line":70,"column":7}},"14":{"start":{"line":73,"column":4},"end":{"line":75,"column":5}},"15":{"start":{"line":74,"column":6},"end":{"line":74,"column":24}},"16":{"start":{"line":83,"column":4},"end":{"line":87,"column":5}},"17":{"start":{"line":84,"column":22},"end":{"line":84,"column":36}},"18":{"start":{"line":85,"column":6},"end":{"line":85,"column":49}},"19":{"start":{"line":86,"column":6},"end":{"line":86,"column":35}},"20":{"start":{"line":95,"column":4},"end":{"line":99,"column":5}},"21":{"start":{"line":96,"column":22},"end":{"line":96,"column":36}},"22":{"start":{"line":97,"column":6},"end":{"line":97,"column":48}},"23":{"start":{"line":98,"column":6},"end":{"line":98,"column":34}},"24":{"start":{"line":107,"column":4},"end":{"line":111,"column":5}},"25":{"start":{"line":108,"column":22},"end":{"line":108,"column":36}},"26":{"start":{"line":109,"column":6},"end":{"line":109,"column":49}},"27":{"start":{"line":110,"column":6},"end":{"line":110,"column":34}},"28":{"start":{"line":119,"column":4},"end":{"line":123,"column":5}},"29":{"start":{"line":120,"column":22},"end":{"line":120,"column":36}},"30":{"start":{"line":121,"column":6},"end":{"line":121,"column":51}},"31":{"start":{"line":122,"column":6},"end":{"line":122,"column":35}},"32":{"start":{"line":131,"column":4},"end":{"line":131,"column":21}},"33":{"start":{"line":138,"column":4},"end":{"line":138,"column":19}},"34":{"start":{"line":146,"column":4},"end":{"line":146,"column":46}},"35":{"start":{"line":151,"column":22},"end":{"line":151,"column":64}}},"fnMap":{"0":{"name":"(anonymous_0)","decl":{"start":{"line":21,"column":2},"end":{"line":21,"column":3}},"loc":{"start":{"line":21,"column":64},"end":{"line":26,"column":3}},"line":21},"1":{"name":"(anonymous_1)","decl":{"start":{"line":32,"column":2},"end":{"line":32,"column":3}},"loc":{"start":{"line":32,"column":18},"end":{"line":34,"column":3}},"line":32},"2":{"name":"(anonymous_2)","decl":{"start":{"line":40,"column":2},"end":{"line":40,"column":3}},"loc":{"start":{"line":40,"column":17},"end":{"line":47,"column":3}},"line":40},"3":{"name":"(anonymous_3)","decl":{"start":{"line":55,"column":2},"end":{"line":55,"column":3}},"loc":{"start":{"line":55,"column":25},"end":{"line":57,"column":3}},"line":55},"4":{"name":"(anonymous_4)","decl":{"start":{"line":64,"column":2},"end":{"line":64,"column":3}},"loc":{"start":{"line":64,"column":24},"end":{"line":76,"column":3}},"line":64},"5":{"name":"(anonymous_5)","decl":{"start":{"line":82,"column":2},"end":{"line":82,"column":3}},"loc":{"start":{"line":82,"column":17},"end":{"line":88,"column":3}},"line":82},"6":{"name":"(anonymous_6)","decl":{"start":{"line":94,"column":2},"end":{"line":94,"column":3}},"loc":{"start":{"line":94,"column":16},"end":{"line":100,"column":3}},"line":94},"7":{"name":"(anonymous_7)","decl":{"start":{"line":106,"column":2},"end":{"line":106,"column":3}},"loc":{"start":{"line":106,"column":16},"end":{"line":112,"column":3}},"line":106},"8":{"name":"(anonymous_8)","decl":{"start":{"line":118,"column":2},"end":{"line":118,"column":3}},"loc":{"start":{"line":118,"column":17},"end":{"line":124,"column":3}},"line":118},"9":{"name":"(anonymous_9)","decl":{"start":{"line":130,"column":2},"end":{"line":130,"column":3}},"loc":{"start":{"line":130,"column":12},"end":{"line":132,"column":3}},"line":130},"10":{"name":"(anonymous_10)","decl":{"start":{"line":137,"column":2},"end":{"line":137,"column":3}},"loc":{"start":{"line":137,"column":14},"end":{"line":139,"column":3}},"line":137},"11":{"name":"(anonymous_11)","decl":{"start":{"line":145,"column":2},"end":{"line":145,"column":3}},"loc":{"start":{"line":145,"column":15},"end":{"line":147,"column":3}},"line":145}},"branchMap":{"0":{"loc":{"start":{"line":21,"column":14},"end":{"line":21,"column":32}},"type":"default-arg","locations":[{"start":{"line":21,"column":24},"end":{"line":21,"column":32}}],"line":21},"1":{"loc":{"start":{"line":21,"column":34},"end":{"line":21,"column":62}},"type":"default-arg","locations":[{"start":{"line":21,"column":42},"end":{"line":21,"column":62}}],"line":21},"2":{"loc":{"start":{"line":73,"column":4},"end":{"line":75,"column":5}},"type":"if","locations":[{"start":{"line":73,"column":4},"end":{"line":75,"column":5}},{"start":{},"end":{}}],"line":73},"3":{"loc":{"start":{"line":83,"column":4},"end":{"line":87,"column":5}},"type":"if","locations":[{"start":{"line":83,"column":4},"end":{"line":87,"column":5}},{"start":{},"end":{}}],"line":83},"4":{"loc":{"start":{"line":95,"column":4},"end":{"line":99,"column":5}},"type":"if","locations":[{"start":{"line":95,"column":4},"end":{"line":99,"column":5}},{"start":{},"end":{}}],"line":95},"5":{"loc":{"start":{"line":107,"column":4},"end":{"line":111,"column":5}},"type":"if","locations":[{"start":{"line":107,"column":4},"end":{"line":111,"column":5}},{"start":{},"end":{}}],"line":107},"6":{"loc":{"start":{"line":119,"column":4},"end":{"line":123,"column":5}},"type":"if","locations":[{"start":{"line":119,"column":4},"end":{"line":123,"column":5}},{"start":{},"end":{}}],"line":119}},"s":{"0":0,"1":0,"2":0,"3":0,"4":0,"5":0,"6":0,"7":0,"8":0,"9":0,"10":0,"11":0,"12":0,"13":0,"14":0,"15":0,"16":0,"17":0,"18":0,"19":0,"20":0,"21":0,"22":0,"23":0,"24":0,"25":0,"26":0,"27":0,"28":0,"29":0,"30":0,"31":0,"32":0,"33":0,"34":0,"35":0},"f":{"0":0,"1":0,"2":0,"3":0,"4":0,"5":0,"6":0,"7":0,"8":0,"9":0,"10":0,"11":0},"b":{"0":[0],"1":[0],"2":[0,0],"3":[0,0],"4":[0,0],"5":[0,0],"6":[0,0]}}
,"/home/tsonu/src/genai-game-engine/src/utils/Vector2.js": {"path":"/home/tsonu/src/genai-game-engine/src/utils/Vector2.js","statementMap":{"0":{"start":{"line":15,"column":4},"end":{"line":15,"column":15}},"1":{"start":{"line":16,"column":4},"end":{"line":16,"column":15}},"2":{"start":{"line":26,"column":4},"end":{"line":26,"column":15}},"3":{"start":{"line":27,"column":4},"end":{"line":27,"column":15}},"4":{"start":{"line":28,"column":4},"end":{"line":28,"column":16}},"5":{"start":{"line":37,"column":4},"end":{"line":37,"column":17}},"6":{"start":{"line":38,"column":4},"end":{"line":38,"column":17}},"7":{"start":{"line":39,"column":4},"end":{"line":39,"column":16}},"8":{"start":{"line":47,"column":4},"end":{"line":47,"column":39}},"9":{"start":{"line":56,"column":4},"end":{"line":56,"column":18}},"10":{"start":{"line":57,"column":4},"end":{"line":57,"column":18}},"11":{"start":{"line":58,"column":4},"end":{"line":58,"column":16}},"12":{"start":{"line":67,"column":4},"end":{"line":67,"column":18}},"13":{"start":{"line":68,"column":4},"end":{"line":68,"column":18}},"14":{"start":{"line":69,"column":4},"end":{"line":69,"column":16}},"15":{"start":{"line":78,"column":4},"end":{"line":78,"column":21}},"16":{"start":{"line":79,"column":4},"end":{"line":79,"column":21}},"17":{"start":{"line":80,"column":4},"end":{"line":80,"column":16}},"18":{"start":{"line":89,"column":4},"end":{"line":92,"column":5}},"19":{"start":{"line":90,"column":6},"end":{"line":90,"column":23}},"20":{"start":{"line":91,"column":6},"end":{"line":91,"column":23}},"21":{"start":{"line":93,"column":4},"end":{"line":93,"column":16}},"22":{"start":{"line":101,"column":4},"end":{"line":101,"column":56}},"23":{"start":{"line":109,"column":4},"end":{"line":109,"column":45}},"24":{"start":{"line":117,"column":16},"end":{"line":117,"column":29}},"25":{"start":{"line":118,"column":4},"end":{"line":121,"column":5}},"26":{"start":{"line":119,"column":6},"end":{"line":119,"column":20}},"27":{"start":{"line":120,"column":6},"end":{"line":120,"column":20}},"28":{"start":{"line":122,"column":4},"end":{"line":122,"column":16}},"29":{"start":{"line":131,"column":4},"end":{"line":131,"column":39}},"30":{"start":{"line":140,"column":15},"end":{"line":140,"column":27}},"31":{"start":{"line":141,"column":15},"end":{"line":141,"column":27}},"32":{"start":{"line":142,"column":4},"end":{"line":142,"column":40}},"33":{"start":{"line":151,"column":15},"end":{"line":151,"column":27}},"34":{"start":{"line":152,"column":15},"end":{"line":152,"column":27}},"35":{"start":{"line":153,"column":4},"end":{"line":153,"column":29}},"36":{"start":{"line":162,"column":16},"end":{"line":162,"column":31}},"37":{"start":{"line":163,"column":16},"end":{"line":163,"column":31}},"38":{"start":{"line":164,"column":17},"end":{"line":164,"column":44}},"39":{"start":{"line":165,"column":17},"end":{"line":165,"column":44}},"40":{"start":{"line":166,"column":4},"end":{"line":166,"column":18}},"41":{"start":{"line":167,"column":4},"end":{"line":167,"column":18}},"42":{"start":{"line":168,"column":4},"end":{"line":168,"column":16}},"43":{"start":{"line":178,"column":4},"end":{"line":178,"column":33}},"44":{"start":{"line":179,"column":4},"end":{"line":179,"column":33}},"45":{"start":{"line":180,"column":4},"end":{"line":180,"column":16}},"46":{"start":{"line":190,"column":4},"end":{"line":190,"column":80}},"47":{"start":{"line":203,"column":4},"end":{"line":203,"column":22}},"48":{"start":{"line":204,"column":4},"end":{"line":204,"column":22}},"49":{"start":{"line":205,"column":4},"end":{"line":205,"column":15}},"50":{"start":{"line":216,"column":4},"end":{"line":216,"column":22}},"51":{"start":{"line":217,"column":4},"end":{"line":217,"column":22}},"52":{"start":{"line":218,"column":4},"end":{"line":218,"column":15}},"53":{"start":{"line":228,"column":15},"end":{"line":228,"column":24}},"54":{"start":{"line":229,"column":15},"end":{"line":229,"column":24}},"55":{"start":{"line":230,"column":4},"end":{"line":230,"column":40}},"56":{"start":{"line":240,"column":15},"end":{"line":240,"column":24}},"57":{"start":{"line":241,"column":15},"end":{"line":241,"column":24}},"58":{"start":{"line":242,"column":4},"end":{"line":242,"column":29}},"59":{"start":{"line":250,"column":4},"end":{"line":250,"column":29}},"60":{"start":{"line":258,"column":4},"end":{"line":258,"column":29}},"61":{"start":{"line":266,"column":4},"end":{"line":266,"column":29}},"62":{"start":{"line":274,"column":4},"end":{"line":274,"column":30}}},"fnMap":{"0":{"name":"(anonymous_0)","decl":{"start":{"line":14,"column":2},"end":{"line":14,"column":3}},"loc":{"start":{"line":14,"column":28},"end":{"line":17,"column":3}},"line":14},"1":{"name":"(anonymous_1)","decl":{"start":{"line":25,"column":2},"end":{"line":25,"column":3}},"loc":{"start":{"line":25,"column":12},"end":{"line":29,"column":3}},"line":25},"2":{"name":"(anonymous_2)","decl":{"start":{"line":36,"column":2},"end":{"line":36,"column":3}},"loc":{"start":{"line":36,"column":10},"end":{"line":40,"column":3}},"line":36},"3":{"name":"(anonymous_3)","decl":{"start":{"line":46,"column":2},"end":{"line":46,"column":3}},"loc":{"start":{"line":46,"column":10},"end":{"line":48,"column":3}},"line":46},"4":{"name":"(anonymous_4)","decl":{"start":{"line":55,"column":2},"end":{"line":55,"column":3}},"loc":{"start":{"line":55,"column":9},"end":{"line":59,"column":3}},"line":55},"5":{"name":"(anonymous_5)","decl":{"start":{"line":66,"column":2},"end":{"line":66,"column":3}},"loc":{"start":{"line":66,"column":9},"end":{"line":70,"column":3}},"line":66},"6":{"name":"(anonymous_6)","decl":{"start":{"line":77,"column":2},"end":{"line":77,"column":3}},"loc":{"start":{"line":77,"column":19},"end":{"line":81,"column":3}},"line":77},"7":{"name":"(anonymous_7)","decl":{"start":{"line":88,"column":2},"end":{"line":88,"column":3}},"loc":{"start":{"line":88,"column":17},"end":{"line":94,"column":3}},"line":88},"8":{"name":"(anonymous_8)","decl":{"start":{"line":100,"column":2},"end":{"line":100,"column":3}},"loc":{"start":{"line":100,"column":11},"end":{"line":102,"column":3}},"line":100},"9":{"name":"(anonymous_9)","decl":{"start":{"line":108,"column":2},"end":{"line":108,"column":3}},"loc":{"start":{"line":108,"column":13},"end":{"line":110,"column":3}},"line":108},"10":{"name":"(anonymous_10)","decl":{"start":{"line":116,"column":2},"end":{"line":116,"column":3}},"loc":{"start":{"line":116,"column":14},"end":{"line":123,"column":3}},"line":116},"11":{"name":"(anonymous_11)","decl":{"start":{"line":130,"column":2},"end":{"line":130,"column":3}},"loc":{"start":{"line":130,"column":9},"end":{"line":132,"column":3}},"line":130},"12":{"name":"(anonymous_12)","decl":{"start":{"line":139,"column":2},"end":{"line":139,"column":3}},"loc":{"start":{"line":139,"column":16},"end":{"line":143,"column":3}},"line":139},"13":{"name":"(anonymous_13)","decl":{"start":{"line":150,"column":2},"end":{"line":150,"column":3}},"loc":{"start":{"line":150,"column":18},"end":{"line":154,"column":3}},"line":150},"14":{"name":"(anonymous_14)","decl":{"start":{"line":161,"column":2},"end":{"line":161,"column":3}},"loc":{"start":{"line":161,"column":16},"end":{"line":169,"column":3}},"line":161},"15":{"name":"(anonymous_15)","decl":{"start":{"line":177,"column":2},"end":{"line":177,"column":3}},"loc":{"start":{"line":177,"column":13},"end":{"line":181,"column":3}},"line":177},"16":{"name":"(anonymous_16)","decl":{"start":{"line":189,"column":2},"end":{"line":189,"column":3}},"loc":{"start":{"line":189,"column":30},"end":{"line":191,"column":3}},"line":189},"17":{"name":"(anonymous_17)","decl":{"start":{"line":202,"column":2},"end":{"line":202,"column":3}},"loc":{"start":{"line":202,"column":24},"end":{"line":206,"column":3}},"line":202},"18":{"name":"(anonymous_18)","decl":{"start":{"line":215,"column":2},"end":{"line":215,"column":3}},"loc":{"start":{"line":215,"column":24},"end":{"line":219,"column":3}},"line":215},"19":{"name":"(anonymous_19)","decl":{"start":{"line":227,"column":2},"end":{"line":227,"column":3}},"loc":{"start":{"line":227,"column":24},"end":{"line":231,"column":3}},"line":227},"20":{"name":"(anonymous_20)","decl":{"start":{"line":239,"column":2},"end":{"line":239,"column":3}},"loc":{"start":{"line":239,"column":26},"end":{"line":243,"column":3}},"line":239},"21":{"name":"(anonymous_21)","decl":{"start":{"line":249,"column":2},"end":{"line":249,"column":3}},"loc":{"start":{"line":249,"column":16},"end":{"line":251,"column":3}},"line":249},"22":{"name":"(anonymous_22)","decl":{"start":{"line":257,"column":2},"end":{"line":257,"column":3}},"loc":{"start":{"line":257,"column":15},"end":{"line":259,"column":3}},"line":257},"23":{"name":"(anonymous_23)","decl":{"start":{"line":265,"column":2},"end":{"line":265,"column":3}},"loc":{"start":{"line":265,"column":17},"end":{"line":267,"column":3}},"line":265},"24":{"name":"(anonymous_24)","decl":{"start":{"line":273,"column":2},"end":{"line":273,"column":3}},"loc":{"start":{"line":273,"column":14},"end":{"line":275,"column":3}},"line":273}},"branchMap":{"0":{"loc":{"start":{"line":14,"column":14},"end":{"line":14,"column":19}},"type":"default-arg","locations":[{"start":{"line":14,"column":18},"end":{"line":14,"column":19}}],"line":14},"1":{"loc":{"start":{"line":14,"column":21},"end":{"line":14,"column":26}},"type":"default-arg","locations":[{"start":{"line":14,"column":25},"end":{"line":14,"column":26}}],"line":14},"2":{"loc":{"start":{"line":89,"column":4},"end":{"line":92,"column":5}},"type":"if","locations":[{"start":{"line":89,"column":4},"end":{"line":92,"column":5}},{"start":{},"end":{}}],"line":89},"3":{"loc":{"start":{"line":118,"column":4},"end":{"line":121,"column":5}},"type":"if","locations":[{"start":{"line":118,"column":4},"end":{"line":121,"column":5}},{"start":{},"end":{}}],"line":118},"4":{"loc":{"start":{"line":189,"column":12},"end":{"line":189,"column":28}},"type":"default-arg","locations":[{"start":{"line":189,"column":22},"end":{"line":189,"column":28}}],"line":189},"5":{"loc":{"start":{"line":190,"column":11},"end":{"line":190,"column":79}},"type":"binary-expr","locations":[{"start":{"line":190,"column":11},"end":{"line":190,"column":43}},{"start":{"line":190,"column":47},"end":{"line":190,"column":79}}],"line":190}},"s":{"0":10196,"1":10196,"2":2,"3":2,"4":2,"5":1,"6":1,"7":1,"8":1,"9":10005,"10":10005,"11":10005,"12":2,"13":2,"14":2,"15":6,"16":6,"17":6,"18":4,"19":3,"20":3,"21":4,"22":10017,"23":2,"24":10006,"25":10006,"26":10005,"27":10005,"28":10006,"29":3,"30":2,"31":2,"32":2,"33":1,"34":1,"35":1,"36":6,"37":6,"38":6,"39":6,"40":6,"41":6,"42":6,"43":5,"44":5,"45":5,"46":5,"47":10001,"48":10001,"49":10001,"50":1,"51":1,"52":1,"53":1,"54":1,"55":1,"56":1,"57":1,"58":1,"59":1,"60":1,"61":1,"62":1},"f":{"0":10196,"1":2,"2":1,"3":1,"4":10005,"5":2,"6":6,"7":4,"8":10017,"9":2,"10":10006,"11":3,"12":2,"13":1,"14":6,"15":5,"16":5,"17":10001,"18":1,"19":1,"20":1,"21":1,"22":1,"23":1,"24":1},"b":{"0":[6],"1":[6],"2":[3,1],"3":[10005,1],"4":[3],"5":[5,4]},"_coverageSchema":"1a1c01bbd47fc00a2c39e90264f33305004495a9","hash":"89610ed7685e4ecbd5e88f0870c92f2391683458"}
}
