TN:
SF:src/engine/Engine.js
FN:17,(anonymous_0)
FN:34,(anonymous_1)
FN:45,(anonymous_2)
FN:57,(anonymous_3)
FN:62,(anonymous_4)
FN:72,(anonymous_5)
FN:77,(anonymous_6)
FN:82,(anonymous_7)
FN:93,(anonymous_8)
FN:101,(anonymous_9)
FN:105,(anonymous_10)
FN:109,(anonymous_11)
FN:113,(anonymous_12)
FN:117,(anonymous_13)
FN:121,(anonymous_14)
FN:125,(anonymous_15)
FN:129,(anonymous_16)
FN:133,(anonymous_17)
FN:137,(anonymous_18)
FN:141,(anonymous_19)
FN:145,(anonymous_20)
FN:149,(anonymous_21)
FNF:22
FNH:0
FNDA:0,(anonymous_0)
FNDA:0,(anonymous_1)
FNDA:0,(anonymous_2)
FNDA:0,(anonymous_3)
FNDA:0,(anonymous_4)
FNDA:0,(anonymous_5)
FNDA:0,(anonymous_6)
FNDA:0,(anonymous_7)
FNDA:0,(anonymous_8)
FNDA:0,(anonymous_9)
FNDA:0,(anonymous_10)
FNDA:0,(anonymous_11)
FNDA:0,(anonymous_12)
FNDA:0,(anonymous_13)
FNDA:0,(anonymous_14)
FNDA:0,(anonymous_15)
FNDA:0,(anonymous_16)
FNDA:0,(anonymous_17)
FNDA:0,(anonymous_18)
FNDA:0,(anonymous_19)
FNDA:0,(anonymous_20)
FNDA:0,(anonymous_21)
DA:18,0
DA:19,0
DA:22,0
DA:23,0
DA:24,0
DA:25,0
DA:32,0
DA:34,0
DA:38,0
DA:39,0
DA:40,0
DA:42,0
DA:46,0
DA:49,0
DA:52,0
DA:54,0
DA:58,0
DA:59,0
DA:63,0
DA:64,0
DA:65,0
DA:68,0
DA:69,0
DA:73,0
DA:74,0
DA:78,0
DA:79,0
DA:83,0
DA:84,0
DA:95,0
DA:98,0
DA:102,0
DA:106,0
DA:110,0
DA:114,0
DA:118,0
DA:122,0
DA:126,0
DA:130,0
DA:134,0
DA:138,0
DA:142,0
DA:146,0
DA:150,0
DA:151,0
DA:152,0
DA:153,0
DA:154,0
LF:48
LH:0
BRDA:63,0,0,0
BRDA:63,0,1,0
BRF:2
BRH:0
end_of_record
TN:
SF:src/engine/GameLoop.js
FN:18,(anonymous_0)
FN:54,(anonymous_1)
FN:68,(anonymous_2)
FN:75,(anonymous_3)
FN:94,(anonymous_4)
FN:111,(anonymous_5)
FN:133,(anonymous_6)
FN:182,(anonymous_7)
FN:189,(anonymous_8)
FN:197,(anonymous_9)
FN:205,(anonymous_10)
FN:213,(anonymous_11)
FN:221,(anonymous_12)
FN:232,(anonymous_13)
FN:240,(anonymous_14)
FN:248,(anonymous_15)
FN:256,(anonymous_16)
FN:264,(anonymous_17)
FNF:18
FNH:18
FNDA:68,(anonymous_0)
FNDA:63,(anonymous_1)
FNDA:57,(anonymous_2)
FNDA:65,(anonymous_3)
FNDA:21,(anonymous_4)
FNDA:13,(anonymous_5)
FNDA:1058,(anonymous_6)
FNDA:1001,(anonymous_7)
FNDA:10,(anonymous_8)
FNDA:1,(anonymous_9)
FNDA:9,(anonymous_10)
FNDA:1,(anonymous_11)
FNDA:7,(anonymous_12)
FNDA:5,(anonymous_13)
FNDA:4,(anonymous_14)
FNDA:75,(anonymous_15)
FNDA:9,(anonymous_16)
FNDA:1,(anonymous_17)
DA:19,68
DA:20,68
DA:21,68
DA:24,68
DA:27,68
DA:28,68
DA:31,68
DA:32,68
DA:35,68
DA:36,68
DA:37,68
DA:38,68
DA:41,68
DA:42,68
DA:43,68
DA:44,68
DA:47,68
DA:55,63
DA:56,1
DA:57,1
DA:60,62
DA:61,62
DA:62,62
DA:63,62
DA:64,62
DA:65,62
DA:68,62
DA:76,65
DA:77,3
DA:80,62
DA:81,62
DA:83,62
DA:84,62
DA:85,62
DA:95,21
DA:96,1
DA:97,1
DA:100,20
DA:101,2
DA:104,18
DA:112,13
DA:113,1
DA:114,1
DA:117,12
DA:118,2
DA:121,10
DA:123,10
DA:134,1058
DA:135,0
DA:139,1058
DA:142,1058
DA:145,1058
DA:148,1058
DA:149,1058
DA:152,1058
DA:153,1007
DA:154,1007
DA:155,1007
DA:159,1058
DA:160,8
DA:161,8
DA:162,8
DA:166,1058
DA:167,1007
DA:171,1058
DA:172,43
DA:182,1058
DA:190,10
DA:198,1
DA:206,9
DA:214,1
DA:222,7
DA:223,2
DA:225,5
DA:233,5
DA:241,4
DA:249,75
DA:257,9
DA:265,1
DA:266,1
DA:267,1
DA:268,1
DA:269,1
LF:83
LH:82
BRDA:18,0,0,53
BRDA:20,1,0,68
BRDA:20,1,1,60
BRDA:21,2,0,68
BRDA:21,2,1,61
BRDA:55,3,0,1
BRDA:55,3,1,62
BRDA:76,4,0,3
BRDA:76,4,1,62
BRDA:83,5,0,62
BRDA:83,5,1,0
BRDA:95,6,0,1
BRDA:95,6,1,20
BRDA:100,7,0,2
BRDA:100,7,1,18
BRDA:112,8,0,1
BRDA:112,8,1,12
BRDA:117,9,0,2
BRDA:117,9,1,10
BRDA:134,10,0,0
BRDA:134,10,1,1058
BRDA:152,11,0,1007
BRDA:152,11,1,51
BRDA:159,12,0,8
BRDA:159,12,1,1050
BRDA:166,13,0,1007
BRDA:166,13,1,51
BRDA:171,14,0,43
BRDA:171,14,1,1015
BRDA:222,15,0,2
BRDA:222,15,1,5
BRDA:233,16,0,2
BRDA:233,16,1,3
BRF:33
BRH:31
end_of_record
TN:
SF:src/engine/assets/AssetLoader.js
FN:29,(anonymous_0)
FN:43,(anonymous_1)
FN:45,(anonymous_2)
FN:57,(anonymous_3)
FN:78,(anonymous_4)
FN:79,(anonymous_5)
FN:84,(anonymous_6)
FN:89,(anonymous_7)
FN:96,(anonymous_8)
FN:126,(anonymous_9)
FN:129,(anonymous_10)
FN:162,(anonymous_11)
FN:163,(anonymous_12)
FN:168,(anonymous_13)
FN:174,(anonymous_14)
FN:181,(anonymous_15)
FN:210,(anonymous_16)
FN:221,(anonymous_17)
FN:227,(anonymous_18)
FN:248,(anonymous_19)
FN:282,(anonymous_20)
FN:283,(anonymous_21)
FN:289,(anonymous_22)
FN:298,(anonymous_23)
FNF:24
FNH:23
FNDA:38,(anonymous_0)
FNDA:8,(anonymous_1)
FNDA:1,(anonymous_2)
FNDA:14,(anonymous_3)
FNDA:12,(anonymous_4)
FNDA:12,(anonymous_5)
FNDA:1,(anonymous_6)
FNDA:7,(anonymous_7)
FNDA:4,(anonymous_8)
FNDA:13,(anonymous_9)
FNDA:0,(anonymous_10)
FNDA:8,(anonymous_11)
FNDA:8,(anonymous_12)
FNDA:1,(anonymous_13)
FNDA:3,(anonymous_14)
FNDA:4,(anonymous_15)
FNDA:4,(anonymous_16)
FNDA:7,(anonymous_17)
FNDA:1,(anonymous_18)
FNDA:15,(anonymous_19)
FNDA:14,(anonymous_20)
FNDA:14,(anonymous_21)
FNDA:1,(anonymous_22)
FNDA:2,(anonymous_23)
DA:30,38
DA:31,38
DA:32,38
DA:33,38
DA:34,38
DA:35,38
DA:44,8
DA:45,8
DA:46,1
DA:47,1
DA:48,1
DA:58,14
DA:62,14
DA:63,6
DA:64,6
DA:66,1
DA:79,12
DA:80,12
DA:81,12
DA:84,12
DA:85,1
DA:86,1
DA:89,12
DA:90,7
DA:91,7
DA:92,7
DA:96,12
DA:97,4
DA:98,4
DA:99,4
DA:100,3
DA:101,3
DA:102,3
DA:103,3
DA:104,1
DA:106,2
DA:109,1
DA:115,12
DA:127,13
DA:128,13
DA:129,13
DA:131,13
DA:135,9
DA:137,9
DA:138,3
DA:141,6
DA:142,3
DA:145,10
DA:146,7
DA:147,7
DA:148,7
DA:150,3
DA:163,8
DA:164,8
DA:165,8
DA:168,8
DA:169,1
DA:170,1
DA:174,8
DA:175,3
DA:176,3
DA:177,3
DA:181,8
DA:182,4
DA:183,4
DA:184,4
DA:185,3
DA:186,3
DA:187,3
DA:188,3
DA:189,1
DA:191,2
DA:194,1
DA:200,8
DA:201,8
DA:211,4
DA:212,4
DA:213,4
DA:215,4
DA:216,4
DA:218,4
DA:219,8
DA:220,8
DA:222,7
DA:223,7
DA:224,7
DA:225,7
DA:228,1
DA:229,1
DA:230,1
DA:231,1
DA:234,8
DA:237,4
DA:238,4
DA:249,15
DA:257,7
DA:261,3
DA:269,3
DA:272,2
DA:283,14
DA:290,1
DA:291,1
DA:299,2
DA:303,2
LF:104
LH:104
BRDA:29,0,0,2
BRDA:30,1,0,38
BRDA:30,1,1,4
BRDA:31,2,0,38
BRDA:31,2,1,4
BRDA:32,3,0,38
BRDA:32,3,1,2
BRDA:47,4,0,1
BRDA:47,4,1,0
BRDA:58,5,0,14
BRDA:58,5,1,0
BRDA:78,6,0,9
BRDA:91,7,0,7
BRDA:91,7,1,0
BRDA:98,8,0,4
BRDA:98,8,1,0
BRDA:99,9,0,3
BRDA:99,9,1,1
BRDA:126,10,0,6
BRDA:137,11,0,3
BRDA:137,11,1,6
BRDA:145,12,0,7
BRDA:145,12,1,3
BRDA:162,13,0,5
BRDA:176,14,0,3
BRDA:176,14,1,0
BRDA:183,15,0,4
BRDA:183,15,1,0
BRDA:184,16,0,3
BRDA:184,16,1,1
BRDA:249,17,0,6
BRDA:249,17,1,6
BRDA:249,17,2,6
BRDA:249,17,3,7
BRDA:249,17,4,7
BRDA:249,17,5,7
BRDA:249,17,6,7
BRDA:249,17,7,2
BRDA:249,17,8,3
BRDA:249,17,9,2
BRDA:249,17,10,2
BRDA:249,17,11,2
BRDA:249,17,12,3
BRDA:249,17,13,3
BRDA:249,17,14,3
BRDA:249,17,15,2
BRDA:299,18,0,1
BRDA:299,18,1,1
BRF:48
BRH:42
end_of_record
TN:
SF:src/engine/assets/AssetManager.js
FN:46,(anonymous_0)
FN:70,(anonymous_1)
FN:85,(anonymous_2)
FN:112,(anonymous_3)
FN:159,(anonymous_4)
FN:176,(anonymous_5)
FN:195,(anonymous_6)
FN:204,(anonymous_7)
FN:223,(anonymous_8)
FN:252,(anonymous_9)
FN:259,(anonymous_10)
FN:277,(anonymous_11)
FN:333,(anonymous_12)
FN:348,(anonymous_13)
FN:358,(anonymous_14)
FN:363,(anonymous_15)
FN:381,(anonymous_16)
FN:397,(anonymous_17)
FN:419,(anonymous_18)
FN:440,(anonymous_19)
FN:455,(anonymous_20)
FN:469,(anonymous_21)
FN:488,(anonymous_22)
FNF:23
FNH:22
FNDA:43,(anonymous_0)
FNDA:30,(anonymous_1)
FNDA:29,(anonymous_2)
FNDA:35,(anonymous_3)
FNDA:33,(anonymous_4)
FNDA:73,(anonymous_5)
FNDA:2,(anonymous_6)
FNDA:4,(anonymous_7)
FNDA:12,(anonymous_8)
FNDA:6,(anonymous_9)
FNDA:10,(anonymous_10)
FNDA:9,(anonymous_11)
FNDA:0,(anonymous_12)
FNDA:11,(anonymous_13)
FNDA:15,(anonymous_14)
FNDA:1,(anonymous_15)
FNDA:16,(anonymous_16)
FNDA:3,(anonymous_17)
FNDA:2,(anonymous_18)
FNDA:2,(anonymous_19)
FNDA:1,(anonymous_20)
FNDA:3,(anonymous_21)
FNDA:3,(anonymous_22)
DA:8,1
DA:47,43
DA:48,43
DA:49,43
DA:50,43
DA:51,43
DA:52,43
DA:57,43
DA:71,30
DA:72,30
DA:73,29
DA:74,29
DA:76,1
DA:77,1
DA:86,29
DA:87,0
DA:90,29
DA:92,29
DA:93,48
DA:94,48
DA:95,26
DA:96,19
DA:98,26
DA:114,35
DA:115,1
DA:116,1
DA:117,1
DA:118,1
DA:122,34
DA:123,1
DA:127,33
DA:128,33
DA:130,33
DA:131,33
DA:132,30
DA:134,30
DA:135,30
DA:143,30
DA:144,30
DA:147,3
DA:148,3
DA:149,3
DA:160,33
DA:161,33
DA:162,1
DA:165,32
DA:167,32
DA:177,73
DA:178,0
DA:181,73
DA:182,96
DA:183,72
DA:187,1
DA:196,2
DA:197,2
DA:205,4
DA:206,4
DA:207,1
DA:210,3
DA:211,3
DA:213,3
DA:214,1
DA:224,12
DA:225,12
DA:226,0
DA:230,12
DA:232,12
DA:233,1
DA:236,12
DA:237,1
DA:238,1
DA:242,12
DA:243,12
DA:253,6
DA:254,6
DA:255,1
DA:256,1
DA:259,5
DA:260,10
DA:261,10
DA:269,5
DA:279,9
DA:280,9
DA:281,9
DA:283,9
DA:284,16
DA:285,16
DA:287,6
DA:288,6
DA:290,3
DA:291,3
DA:293,1
DA:294,1
DA:296,6
DA:300,9
DA:303,9
DA:304,5
DA:308,5
DA:309,5
DA:310,5
DA:315,9
DA:316,2
DA:320,2
DA:321,2
DA:322,3
DA:327,9
DA:328,4
DA:333,4
DA:334,0
DA:338,9
DA:349,11
DA:350,11
DA:352,11
DA:353,11
DA:355,11
DA:356,16
DA:357,16
DA:359,15
DA:360,15
DA:361,15
DA:364,1
DA:365,1
DA:366,1
DA:369,16
DA:372,11
DA:373,11
DA:382,16
DA:383,16
DA:385,16
DA:398,3
DA:399,3
DA:400,1
DA:403,2
DA:404,4
DA:405,4
DA:407,4
DA:408,4
DA:412,2
DA:420,2
DA:422,2
DA:423,3
DA:424,2
DA:428,2
DA:429,2
DA:432,2
DA:441,2
DA:442,2
DA:444,2
DA:456,1
DA:470,3
DA:472,3
DA:473,3
DA:475,1
DA:476,2
DA:478,2
DA:482,3
DA:490,3
DA:491,3
DA:494,3
DA:495,3
DA:496,3
DA:497,3
DA:500,3
DA:501,9
DA:502,9
DA:505,3
LF:166
LH:162
BRDA:46,0,0,1
BRDA:47,1,0,43
BRDA:47,1,1,1
BRDA:86,2,0,0
BRDA:86,2,1,29
BRDA:86,3,0,29
BRDA:86,3,1,29
BRDA:94,4,0,26
BRDA:94,4,1,22
BRDA:95,5,0,19
BRDA:95,5,1,7
BRDA:114,6,0,1
BRDA:114,6,1,34
BRDA:122,7,0,1
BRDA:122,7,1,33
BRDA:161,8,0,1
BRDA:161,8,1,32
BRDA:177,9,0,0
BRDA:177,9,1,73
BRDA:177,10,0,73
BRDA:177,10,1,73
BRDA:182,11,0,72
BRDA:182,11,1,24
BRDA:197,12,0,1
BRDA:197,12,1,1
BRDA:206,13,0,1
BRDA:206,13,1,3
BRDA:213,14,0,1
BRDA:213,14,1,2
BRDA:225,15,0,0
BRDA:225,15,1,12
BRDA:230,16,0,12
BRDA:230,16,1,0
BRDA:232,17,0,1
BRDA:232,17,1,11
BRDA:236,18,0,1
BRDA:236,18,1,11
BRDA:252,19,0,5
BRDA:254,20,0,1
BRDA:254,20,1,5
BRDA:254,21,0,6
BRDA:254,21,1,5
BRDA:265,22,0,10
BRDA:265,22,1,8
BRDA:285,23,0,6
BRDA:285,23,1,3
BRDA:285,23,2,1
BRDA:285,23,3,6
BRDA:303,24,0,5
BRDA:303,24,1,4
BRDA:315,25,0,2
BRDA:315,25,1,7
BRDA:327,26,0,4
BRDA:327,26,1,5
BRDA:383,27,0,16
BRDA:383,27,1,0
BRDA:399,28,0,1
BRDA:399,28,1,2
BRDA:405,29,0,4
BRDA:405,29,1,0
BRDA:423,30,0,2
BRDA:423,30,1,1
BRDA:442,31,0,1
BRDA:442,31,1,1
BRDA:473,32,0,1
BRDA:473,32,1,2
BRDA:476,33,0,2
BRDA:476,33,1,0
BRF:68
BRH:61
end_of_record
TN:
SF:src/engine/audio/AdaptiveMusic.js
FN:6,(anonymous_0)
FN:12,(anonymous_1)
FN:17,(anonymous_2)
FNF:3
FNH:0
FNDA:0,(anonymous_0)
FNDA:0,(anonymous_1)
FNDA:0,(anonymous_2)
DA:7,0
DA:8,0
DA:9,0
DA:13,0
LF:4
LH:0
BRF:0
BRH:0
end_of_record
TN:
SF:src/engine/audio/AudioManager.js
FN:6,(anonymous_0)
FN:14,(anonymous_1)
FN:21,(anonymous_2)
FN:28,(anonymous_3)
FN:35,(anonymous_4)
FN:41,(anonymous_5)
FN:47,(anonymous_6)
FNF:7
FNH:0
FNDA:0,(anonymous_0)
FNDA:0,(anonymous_1)
FNDA:0,(anonymous_2)
FNDA:0,(anonymous_3)
FNDA:0,(anonymous_4)
FNDA:0,(anonymous_5)
FNDA:0,(anonymous_6)
DA:7,0
DA:8,0
DA:9,0
DA:10,0
DA:11,0
DA:15,0
DA:16,0
DA:17,0
DA:18,0
DA:22,0
DA:23,0
DA:29,0
DA:30,0
DA:36,0
DA:37,0
DA:42,0
DA:43,0
DA:48,0
DA:49,0
LF:19
LH:0
BRDA:15,0,0,0
BRDA:15,0,1,0
BRDA:21,1,0,0
BRDA:22,2,0,0
BRDA:22,2,1,0
BRDA:29,3,0,0
BRDA:29,3,1,0
BRDA:36,4,0,0
BRDA:36,4,1,0
BRDA:42,5,0,0
BRDA:42,5,1,0
BRDA:48,6,0,0
BRDA:48,6,1,0
BRF:13
BRH:0
end_of_record
TN:
SF:src/engine/ecs/Component.js
FN:21,(anonymous_0)
FN:29,(anonymous_1)
FN:43,(anonymous_2)
FN:55,(anonymous_3)
FN:66,(anonymous_4)
FN:83,(anonymous_5)
FN:98,(anonymous_6)
FN:110,(anonymous_7)
FNF:8
FNH:0
FNDA:0,(anonymous_0)
FNDA:0,(anonymous_1)
FNDA:0,(anonymous_2)
FNDA:0,(anonymous_3)
FNDA:0,(anonymous_4)
FNDA:0,(anonymous_5)
FNDA:0,(anonymous_6)
FNDA:0,(anonymous_7)
DA:22,0
DA:30,0
DA:44,0
DA:45,0
DA:46,0
DA:47,0
DA:56,0
DA:57,0
DA:58,0
DA:67,0
DA:68,0
DA:69,0
DA:70,0
DA:71,0
DA:72,0
DA:73,0
DA:74,0
DA:75,0
DA:84,0
DA:85,0
DA:86,0
DA:87,0
DA:88,0
DA:89,0
DA:90,0
DA:99,0
DA:100,0
DA:101,0
DA:102,0
DA:111,0
DA:112,0
DA:113,0
LF:32
LH:0
BRDA:43,0,0,0
BRDA:43,1,0,0
BRDA:43,2,0,0
BRDA:55,3,0,0
BRDA:55,4,0,0
BRDA:66,5,0,0
BRDA:83,6,0,0
BRDA:83,7,0,0
BRDA:83,8,0,0
BRDA:83,9,0,0
BRDA:98,10,0,0
BRDA:98,11,0,0
BRDA:110,12,0,0
BRDA:110,13,0,0
BRF:14
BRH:0
end_of_record
TN:
SF:src/engine/ecs/ComponentRegistry.js
FN:16,(anonymous_0)
FN:28,(anonymous_1)
FN:56,(anonymous_2)
FN:80,(anonymous_3)
FN:91,(anonymous_4)
FN:101,(anonymous_5)
FN:116,(anonymous_6)
FN:182,(anonymous_7)
FN:209,(anonymous_8)
FN:221,(anonymous_9)
FN:234,(anonymous_10)
FN:242,(anonymous_11)
FN:251,(anonymous_12)
FNF:13
FNH:13
FNDA:123,(anonymous_0)
FNDA:10954,(anonymous_1)
FNDA:7,(anonymous_2)
FNDA:75447,(anonymous_3)
FNDA:40,(anonymous_4)
FNDA:2,(anonymous_5)
FNDA:800,(anonymous_6)
FNDA:4,(anonymous_7)
FNDA:1,(anonymous_8)
FNDA:2,(anonymous_9)
FNDA:3,(anonymous_10)
FNDA:1,(anonymous_11)
FNDA:2,(anonymous_12)
DA:17,123
DA:18,123
DA:19,123
DA:29,10954
DA:30,1
DA:33,10953
DA:36,10953
DA:37,120
DA:41,10953
DA:44,10953
DA:47,10953
DA:57,7
DA:58,7
DA:59,1
DA:62,6
DA:63,6
DA:65,6
DA:68,6
DA:71,6
DA:81,75447
DA:82,75447
DA:92,40
DA:93,40
DA:102,2
DA:117,800
DA:118,34
DA:122,766
DA:123,766
DA:124,737
DA:128,29
DA:129,29
DA:131,29
DA:132,6
DA:133,6
DA:134,3
DA:135,3
DA:140,29
DA:141,14
DA:142,14
DA:146,15
DA:147,15
DA:149,15
DA:151,2041
DA:152,1
DA:156,2040
DA:157,2040
DA:158,2070
DA:159,2040
DA:161,30
DA:162,0
DA:163,0
DA:167,2040
DA:168,2040
DA:173,15
DA:174,15
DA:183,4
DA:184,1
DA:187,3
DA:189,3
DA:190,6
DA:191,6
DA:192,6
DA:193,6
DA:194,5
DA:200,3
DA:210,1
DA:212,1
DA:213,3
DA:222,2
DA:223,2
DA:224,3
DA:226,2
DA:235,3
DA:236,3
DA:243,1
DA:244,1
DA:252,2
LF:77
LH:75
BRDA:29,0,0,1
BRDA:29,0,1,10953
BRDA:36,1,0,120
BRDA:36,1,1,10833
BRDA:58,2,0,1
BRDA:58,2,1,6
BRDA:63,3,0,6
BRDA:63,3,1,0
BRDA:82,4,0,74920
BRDA:82,4,1,527
BRDA:93,5,0,39
BRDA:93,5,1,1
BRDA:102,6,0,2
BRDA:102,6,1,1
BRDA:117,7,0,34
BRDA:117,7,1,766
BRDA:123,8,0,737
BRDA:123,8,1,29
BRDA:129,9,0,29
BRDA:129,9,1,14
BRDA:132,10,0,6
BRDA:132,10,1,0
BRDA:133,11,0,3
BRDA:133,11,1,3
BRDA:140,12,0,14
BRDA:140,12,1,15
BRDA:151,13,0,1
BRDA:151,13,1,2040
BRDA:158,14,0,2040
BRDA:158,14,1,30
BRDA:161,15,0,0
BRDA:161,15,1,30
BRDA:167,16,0,2040
BRDA:167,16,1,0
BRDA:183,17,0,1
BRDA:183,17,1,3
BRDA:191,18,0,6
BRDA:191,18,1,0
BRDA:193,19,0,5
BRDA:193,19,1,1
BRDA:236,20,0,2
BRDA:236,20,1,1
BRF:42
BRH:37
end_of_record
TN:
SF:src/engine/ecs/Entity.js
FN:13,(anonymous_0)
FN:25,(anonymous_1)
FN:33,(anonymous_2)
FN:40,(anonymous_3)
FN:47,(anonymous_4)
FN:55,(anonymous_5)
FNF:6
FNH:0
FNDA:0,(anonymous_0)
FNDA:0,(anonymous_1)
FNDA:0,(anonymous_2)
FNDA:0,(anonymous_3)
FNDA:0,(anonymous_4)
FNDA:0,(anonymous_5)
DA:14,0
DA:15,0
DA:16,0
DA:26,0
DA:34,0
DA:41,0
DA:48,0
DA:56,0
LF:8
LH:0
BRF:0
BRH:0
end_of_record
TN:
SF:src/engine/ecs/EntityManager.js
FN:9,(anonymous_0)
FN:23,(anonymous_1)
FN:59,(anonymous_2)
FN:90,(anonymous_3)
FN:98,(anonymous_4)
FN:113,(anonymous_5)
FN:135,(anonymous_6)
FN:165,(anonymous_7)
FN:174,(anonymous_8)
FN:185,(anonymous_9)
FN:197,(anonymous_10)
FN:207,(anonymous_11)
FN:219,(anonymous_12)
FN:231,(anonymous_13)
FN:240,(anonymous_14)
FN:248,(anonymous_15)
FN:261,(anonymous_16)
FNF:17
FNH:17
FNDA:155,(anonymous_0)
FNDA:9592,(anonymous_1)
FNDA:1008,(anonymous_2)
FNDA:10958,(anonymous_3)
FNDA:36,(anonymous_4)
FNDA:13,(anonymous_5)
FNDA:3,(anonymous_6)
FNDA:4,(anonymous_7)
FNDA:2,(anonymous_8)
FNDA:8,(anonymous_9)
FNDA:2051,(anonymous_10)
FNDA:10958,(anonymous_11)
FNDA:7,(anonymous_12)
FNDA:7,(anonymous_13)
FNDA:5,(anonymous_14)
FNDA:2,(anonymous_15)
FNDA:3,(anonymous_16)
DA:10,155
DA:11,155
DA:12,155
DA:13,155
DA:27,9592
DA:28,3
DA:30,9589
DA:34,9592
DA:42,9592
DA:43,112
DA:44,10
DA:46,112
DA:49,9592
DA:60,1008
DA:61,1008
DA:62,1
DA:66,1007
DA:67,1
DA:68,1
DA:69,1
DA:70,1
DA:71,1
DA:77,1007
DA:80,1007
DA:82,1007
DA:91,10958
DA:99,36
DA:100,36
DA:101,8
DA:102,7
DA:105,36
DA:114,13
DA:115,13
DA:116,7
DA:120,6
DA:121,6
DA:122,107
DA:123,107
DA:124,106
DA:127,6
DA:136,3
DA:137,3
DA:138,1
DA:142,2
DA:143,1
DA:144,1
DA:145,1
DA:146,1
DA:147,1
DA:153,2
DA:154,2
DA:155,2
DA:157,2
DA:166,4
DA:167,4
DA:175,2
DA:176,2
DA:177,1
DA:186,8
DA:187,8
DA:188,8
DA:198,2051
DA:199,2051
DA:208,10958
DA:209,10958
DA:210,10958
DA:220,7
DA:221,7
DA:222,7
DA:232,7
DA:233,7
DA:241,5
DA:249,2
DA:250,2
DA:251,6
DA:252,4
DA:255,2
DA:262,3
DA:263,3
DA:264,3
DA:265,3
LF:81
LH:81
BRDA:23,0,0,8580
BRDA:27,1,0,3
BRDA:27,1,1,9589
BRDA:42,2,0,112
BRDA:42,2,1,9480
BRDA:43,3,0,10
BRDA:43,3,1,102
BRDA:61,4,0,1
BRDA:61,4,1,1007
BRDA:66,5,0,1
BRDA:66,5,1,1006
BRDA:68,6,0,1
BRDA:68,6,1,0
BRDA:70,7,0,1
BRDA:70,7,1,0
BRDA:101,8,0,7
BRDA:101,8,1,1
BRDA:115,9,0,7
BRDA:115,9,1,6
BRDA:123,10,0,106
BRDA:123,10,1,1
BRDA:123,11,0,107
BRDA:123,11,1,107
BRDA:137,12,0,1
BRDA:137,12,1,2
BRDA:142,13,0,1
BRDA:142,13,1,1
BRDA:144,14,0,1
BRDA:144,14,1,0
BRDA:146,15,0,1
BRDA:146,15,1,0
BRDA:154,16,0,2
BRDA:154,16,1,0
BRDA:167,17,0,4
BRDA:167,17,1,0
BRDA:176,18,0,1
BRDA:176,18,1,1
BRDA:187,19,0,8
BRDA:187,19,1,0
BRDA:199,20,0,2050
BRDA:199,20,1,1
BRDA:209,21,0,10958
BRDA:209,21,1,0
BRDA:221,22,0,7
BRDA:221,22,1,0
BRDA:233,23,0,6
BRDA:233,23,1,1
BRDA:251,24,0,4
BRDA:251,24,1,2
BRF:49
BRH:40
end_of_record
TN:
SF:src/engine/ecs/System.js
FN:30,(anonymous_0)
FN:42,(anonymous_1)
FN:53,(anonymous_2)
FN:61,(anonymous_3)
FN:71,(anonymous_4)
FN:81,(anonymous_5)
FN:88,(anonymous_6)
FN:95,(anonymous_7)
FN:103,(anonymous_8)
FN:111,(anonymous_9)
FN:119,(anonymous_10)
FN:127,(anonymous_11)
FNF:12
FNH:3
FNDA:59,(anonymous_0)
FNDA:0,(anonymous_1)
FNDA:0,(anonymous_2)
FNDA:0,(anonymous_3)
FNDA:75298,(anonymous_4)
FNDA:0,(anonymous_5)
FNDA:0,(anonymous_6)
FNDA:0,(anonymous_7)
FNDA:0,(anonymous_8)
FNDA:0,(anonymous_9)
FNDA:0,(anonymous_10)
FNDA:1,(anonymous_11)
DA:31,59
DA:32,59
DA:33,59
DA:34,59
DA:35,59
DA:72,75298
DA:82,0
DA:89,0
DA:96,0
DA:104,0
DA:112,0
DA:120,0
DA:128,1
LF:13
LH:7
BRDA:30,0,0,0
BRF:1
BRH:0
end_of_record
TN:
SF:src/engine/ecs/SystemManager.js
FN:15,(anonymous_0)
FN:31,(anonymous_1)
FN:50,(anonymous_2)
FN:61,(anonymous_3)
FN:87,(anonymous_4)
FN:99,(anonymous_5)
FN:120,(anonymous_6)
FN:130,(anonymous_7)
FN:141,(anonymous_8)
FN:155,(anonymous_9)
FN:168,(anonymous_10)
FN:176,(anonymous_11)
FN:184,(anonymous_12)
FNF:13
FNH:13
FNDA:46,(anonymous_0)
FNDA:196,(anonymous_1)
FNDA:5295,(anonymous_2)
FNDA:3,(anonymous_3)
FNDA:4,(anonymous_4)
FNDA:415,(anonymous_5)
FNDA:1,(anonymous_6)
FNDA:1,(anonymous_7)
FNDA:3,(anonymous_8)
FNDA:6,(anonymous_9)
FNDA:1,(anonymous_10)
FNDA:5,(anonymous_11)
FNDA:2,(anonymous_12)
DA:16,46
DA:17,46
DA:18,46
DA:19,46
DA:20,46
DA:33,196
DA:34,1
DA:38,195
DA:39,195
DA:42,195
DA:45,195
DA:46,194
DA:50,5295
DA:53,195
DA:62,3
DA:63,3
DA:64,1
DA:68,2
DA:71,2
DA:72,2
DA:73,2
DA:77,2
DA:79,2
DA:88,4
DA:100,415
DA:101,796
DA:104,796
DA:105,10
DA:109,786
DA:112,786
DA:121,1
DA:122,2
DA:131,1
DA:132,2
DA:142,3
DA:143,3
DA:144,2
DA:145,2
DA:147,1
DA:156,6
DA:157,6
DA:158,5
DA:159,5
DA:161,1
DA:169,1
DA:177,5
DA:185,2
DA:186,2
DA:187,6
DA:188,4
DA:191,2
LF:51
LH:51
BRDA:31,0,0,1
BRDA:33,1,0,1
BRDA:33,1,1,195
BRDA:33,2,0,196
BRDA:33,2,1,195
BRDA:45,3,0,194
BRDA:45,3,1,1
BRDA:63,4,0,1
BRDA:63,4,1,2
BRDA:72,5,0,2
BRDA:72,5,1,0
BRDA:104,6,0,10
BRDA:104,6,1,786
BRDA:143,7,0,2
BRDA:143,7,1,1
BRDA:157,8,0,5
BRDA:157,8,1,1
BRDA:187,9,0,4
BRDA:187,9,1,2
BRF:19
BRH:18
end_of_record
TN:
SF:src/engine/events/EventBus.js
FN:19,(anonymous_0)
FN:34,(anonymous_1)
FN:39,(anonymous_2)
FN:41,(anonymous_3)
FN:59,(anonymous_4)
FN:62,(anonymous_5)
FN:78,(anonymous_6)
FN:84,(anonymous_7)
FN:98,(anonymous_8)
FN:101,(anonymous_9)
FN:116,(anonymous_10)
FN:150,(anonymous_11)
FN:158,(anonymous_12)
FN:184,(anonymous_13)
FN:208,(anonymous_14)
FN:223,(anonymous_15)
FN:232,(anonymous_16)
FN:240,(anonymous_17)
FN:252,(anonymous_18)
FNF:19
FNH:19
FNDA:156,(anonymous_0)
FNDA:177,(anonymous_1)
FNDA:1,(anonymous_2)
FNDA:1,(anonymous_3)
FNDA:4966,(anonymous_4)
FNDA:4,(anonymous_5)
FNDA:4,(anonymous_6)
FNDA:3,(anonymous_7)
FNDA:3,(anonymous_8)
FNDA:2,(anonymous_9)
FNDA:2636,(anonymous_10)
FNDA:1012,(anonymous_11)
FNDA:7,(anonymous_12)
FNDA:110,(anonymous_13)
FNDA:88,(anonymous_14)
FNDA:2,(anonymous_15)
FNDA:2,(anonymous_16)
FNDA:1,(anonymous_17)
FNDA:4,(anonymous_18)
DA:20,156
DA:21,156
DA:22,156
DA:23,156
DA:36,177
DA:37,9
DA:38,9
DA:39,9
DA:41,9
DA:42,1
DA:43,1
DA:44,1
DA:50,168
DA:51,58
DA:54,168
DA:55,168
DA:56,168
DA:59,4966
DA:62,168
DA:63,4
DA:64,4
DA:65,4
DA:66,4
DA:67,4
DA:79,4
DA:80,4
DA:81,1
DA:84,3
DA:85,3
DA:86,2
DA:99,3
DA:102,2
DA:103,2
DA:108,3
DA:118,2636
DA:119,2636
DA:120,2079
DA:121,2182
DA:122,2182
DA:123,2182
DA:125,2
DA:131,2636
DA:132,110
DA:133,110
DA:134,106
DA:135,106
DA:137,0
DA:151,1012
DA:159,7
DA:160,1
DA:163,6
DA:166,6
DA:167,6
DA:170,6
DA:171,1006
DA:172,1006
DA:175,6
DA:185,110
DA:186,110
DA:188,110
DA:189,2
DA:192,108
DA:193,218
DA:194,107
DA:196,111
DA:197,2
DA:201,106
DA:209,88
DA:210,1
DA:212,87
DA:213,87
DA:214,87
DA:224,2
DA:225,2
DA:233,2
DA:241,1
DA:242,1
DA:243,2
DA:245,1
DA:253,4
DA:258,8
LF:81
LH:80
BRDA:34,0,0,166
BRDA:34,1,0,167
BRDA:36,2,0,9
BRDA:36,2,1,168
BRDA:43,3,0,1
BRDA:43,3,1,0
BRDA:50,4,0,58
BRDA:50,4,1,110
BRDA:64,5,0,4
BRDA:64,5,1,0
BRDA:66,6,0,4
BRDA:66,6,1,0
BRDA:80,7,0,1
BRDA:80,7,1,3
BRDA:85,8,0,2
BRDA:85,8,1,1
BRDA:98,9,0,2
BRDA:98,10,0,3
BRDA:116,11,0,124
BRDA:119,12,0,2079
BRDA:119,12,1,557
BRDA:133,13,0,106
BRDA:133,13,1,4
BRDA:150,14,0,6
BRDA:159,15,0,1
BRDA:159,15,1,6
BRDA:188,16,0,2
BRDA:188,16,1,108
BRDA:193,17,0,107
BRDA:193,17,1,111
BRDA:196,18,0,2
BRDA:196,18,1,109
BRDA:208,19,0,87
BRDA:209,20,0,1
BRDA:209,20,1,87
BRDA:225,21,0,1
BRDA:225,21,1,1
BRF:37
BRH:34
end_of_record
TN:
SF:src/engine/physics/CollisionSystem.js
FN:20,(anonymous_0)
FN:35,(anonymous_1)
FN:191,(anonymous_2)
FN:204,(anonymous_3)
FN:241,(anonymous_4)
FN:281,(anonymous_5)
FN:309,(anonymous_6)
FNF:7
FNH:7
FNDA:35,(anonymous_0)
FNDA:156,(anonymous_1)
FNDA:19886,(anonymous_2)
FNDA:39772,(anonymous_3)
FNDA:193,(anonymous_4)
FNDA:19886,(anonymous_5)
FNDA:4,(anonymous_6)
DA:21,35
DA:22,35
DA:23,35
DA:24,35
DA:25,35
DA:26,35
DA:27,35
DA:36,156
DA:37,156
DA:40,156
DA:41,156
DA:44,156
DA:45,5601
DA:46,5601
DA:48,5601
DA:50,5472
DA:51,5472
DA:60,156
DA:63,156
DA:64,5601
DA:65,5601
DA:67,5601
DA:69,5472
DA:71,5472
DA:78,5472
DA:79,45244
DA:81,19886
DA:82,19886
DA:84,19886
DA:86,19886
DA:87,19886
DA:89,19886
DA:92,19886
DA:93,0
DA:96,19886
DA:98,19886
DA:105,19886
DA:106,193
DA:109,193
DA:111,193
DA:113,155
DA:114,0
DA:120,155
DA:129,193
DA:130,0
DA:136,193
DA:143,193
DA:144,193
DA:160,156
DA:161,39
DA:162,1
DA:163,1
DA:164,1
DA:166,1
DA:167,1
DA:168,0
DA:173,1
DA:192,19886
DA:193,19886
DA:195,19886
DA:205,39772
DA:206,39772
DA:209,39772
DA:211,39772
DA:212,2564
DA:219,37208
DA:220,37208
DA:228,0
DA:243,193
DA:244,0
DA:247,193
DA:250,193
DA:251,193
DA:253,193
DA:254,3
DA:255,190
DA:256,0
DA:259,190
DA:260,190
DA:264,193
DA:265,190
DA:266,190
DA:269,193
DA:270,193
DA:271,193
DA:283,19886
DA:284,19886
DA:288,0
DA:289,0
DA:293,0
DA:294,0
DA:295,0
DA:296,0
DA:297,0
DA:302,0
DA:310,4
LF:96
LH:81
BRDA:20,0,0,30
BRDA:22,1,0,35
BRDA:22,1,1,34
BRDA:25,2,0,35
BRDA:25,2,1,33
BRDA:48,3,0,129
BRDA:48,3,1,5472
BRDA:48,4,0,5601
BRDA:48,4,1,5472
BRDA:67,5,0,129
BRDA:67,5,1,5472
BRDA:67,6,0,5601
BRDA:67,6,1,5472
BRDA:79,7,0,25358
BRDA:79,7,1,19886
BRDA:82,8,0,0
BRDA:82,8,1,19886
BRDA:89,9,0,0
BRDA:89,9,1,19886
BRDA:89,10,0,19886
BRDA:89,10,1,19886
BRDA:92,11,0,0
BRDA:92,11,1,19886
BRDA:105,12,0,193
BRDA:105,12,1,19693
BRDA:111,13,0,155
BRDA:111,13,1,38
BRDA:113,14,0,0
BRDA:113,14,1,155
BRDA:113,15,0,155
BRDA:113,15,1,155
BRDA:129,16,0,0
BRDA:129,16,1,193
BRDA:129,17,0,193
BRDA:129,17,1,193
BRDA:143,18,0,193
BRDA:143,18,1,0
BRDA:143,19,0,193
BRDA:143,19,1,193
BRDA:143,19,2,193
BRDA:161,20,0,1
BRDA:161,20,1,38
BRDA:166,21,0,1
BRDA:166,21,1,0
BRDA:166,22,0,1
BRDA:166,22,1,1
BRDA:167,23,0,0
BRDA:167,23,1,1
BRDA:167,24,0,1
BRDA:167,24,1,1
BRDA:209,25,0,39772
BRDA:209,25,1,0
BRDA:211,26,0,2564
BRDA:211,26,1,37208
BRDA:219,27,0,37208
BRDA:219,27,1,0
BRDA:243,28,0,0
BRDA:243,28,1,193
BRDA:243,29,0,193
BRDA:243,29,1,3
BRDA:253,30,0,3
BRDA:253,30,1,190
BRDA:255,31,0,0
BRDA:255,31,1,190
BRDA:264,32,0,190
BRDA:264,32,1,3
BRDA:269,33,0,193
BRDA:269,33,1,0
BRDA:283,34,0,19886
BRDA:283,34,1,0
BRDA:288,35,0,0
BRDA:288,35,1,0
BRDA:288,36,0,0
BRDA:288,36,1,0
BRDA:296,37,0,0
BRDA:296,37,1,0
BRDA:296,38,0,0
BRDA:296,38,1,0
BRF:78
BRH:56
end_of_record
TN:
SF:src/engine/physics/MovementSystem.js
FN:13,(anonymous_0)
FN:23,(anonymous_1)
FNF:2
FNH:2
FNDA:24,(anonymous_0)
FNDA:349,(anonymous_1)
DA:14,24
DA:15,24
DA:24,349
DA:25,6560
DA:26,6560
DA:28,6560
DA:31,6540
DA:34,6540
DA:37,6540
DA:38,6540
LF:10
LH:10
BRDA:28,0,0,20
BRDA:28,0,1,6540
BRDA:28,1,0,6560
BRDA:28,1,1,6560
BRF:4
BRH:4
end_of_record
TN:
SF:src/engine/physics/SpatialHash.js
FN:7,(anonymous_0)
FN:12,(anonymous_1)
FN:16,(anonymous_2)
FN:22,(anonymous_3)
FN:39,(anonymous_4)
FN:51,(anonymous_5)
FNF:6
FNH:6
FNDA:71,(anonymous_0)
FNDA:159,(anonymous_1)
FNDA:10,(anonymous_2)
FNDA:8823,(anonymous_3)
FNDA:5600,(anonymous_4)
FNDA:56352,(anonymous_5)
DA:8,71
DA:9,71
DA:13,159
DA:17,10
DA:18,10
DA:19,10
DA:23,8823
DA:24,8823
DA:25,8823
DA:26,8823
DA:28,8823
DA:29,11365
DA:30,14958
DA:31,14958
DA:32,4256
DA:34,14958
DA:40,5600
DA:41,5600
DA:42,5600
DA:43,5600
DA:44,5600
DA:46,5600
DA:47,7425
DA:48,10114
DA:49,10114
DA:50,10114
DA:51,56352
DA:56,5600
LF:28
LH:28
BRDA:7,0,0,1
BRDA:31,1,0,4256
BRDA:31,1,1,10702
BRDA:50,2,0,9790
BRDA:50,2,1,324
BRF:5
BRH:5
end_of_record
TN:
SF:src/engine/physics/TriggerSystem.js
FN:9,(anonymous_0)
FN:14,(anonymous_1)
FNF:2
FNH:0
FNDA:0,(anonymous_0)
FNDA:0,(anonymous_1)
DA:10,0
DA:11,0
DA:15,0
DA:17,0
DA:18,0
DA:19,0
DA:21,0
DA:22,0
DA:23,0
DA:26,0
DA:27,0
DA:29,0
DA:30,0
LF:13
LH:0
BRDA:22,0,0,0
BRDA:22,0,1,0
BRDA:29,1,0,0
BRDA:29,1,1,0
BRF:4
BRH:0
end_of_record
TN:
SF:src/engine/physics/collisionDetectors.js
FN:14,aabbVsAabb
FN:64,circleVsCircle
FN:101,aabbVsCircle
FN:169,detectCollision
FN:198,testCollision
FNF:5
FNH:5
FNDA:11301,aabbVsAabb
FNDA:28619,circleVsCircle
FNDA:10024,aabbVsCircle
FNDA:19897,detectCollision
FNDA:3,testCollision
DA:15,11301
DA:16,11301
DA:17,11301
DA:18,11301
DA:20,11301
DA:21,11301
DA:22,11301
DA:23,11301
DA:25,11301
DA:26,11301
DA:28,11301
DA:29,11301
DA:31,11301
DA:32,1143
DA:38,10158
DA:40,66
DA:41,66
DA:42,66
DA:45,10092
DA:46,10092
DA:47,10092
DA:50,10158
DA:65,28619
DA:66,28619
DA:67,28619
DA:68,28619
DA:69,28619
DA:71,28619
DA:72,18559
DA:75,10060
DA:76,10060
DA:79,10060
DA:80,10060
DA:82,10060
DA:83,10059
DA:84,10059
DA:87,10060
DA:103,10024
DA:104,10024
DA:106,10024
DA:107,10024
DA:108,10024
DA:109,10024
DA:111,10024
DA:112,8
DA:115,10016
DA:116,10016
DA:119,10016
DA:120,10016
DA:122,10016
DA:124,10010
DA:125,10010
DA:128,6
DA:129,6
DA:130,6
DA:131,6
DA:133,6
DA:134,6
DA:135,6
DA:136,6
DA:138,6
DA:140,6
DA:141,4
DA:142,4
DA:143,2
DA:144,2
DA:145,2
DA:146,0
DA:147,0
DA:148,0
DA:150,0
DA:151,0
DA:155,10016
DA:170,19897
DA:171,19897
DA:173,19897
DA:174,1281
DA:175,18616
DA:176,18601
DA:177,15
DA:178,11
DA:179,4
DA:180,3
DA:181,3
DA:183,3
DA:184,3
DA:186,3
DA:189,1
DA:199,3
LF:89
LH:84
BRDA:31,0,0,1143
BRDA:31,0,1,10158
BRDA:31,1,0,11301
BRDA:31,1,1,10471
BRDA:38,2,0,66
BRDA:38,2,1,10092
BRDA:41,3,0,29
BRDA:41,3,1,37
BRDA:47,4,0,10049
BRDA:47,4,1,43
BRDA:71,5,0,18559
BRDA:71,5,1,10060
BRDA:82,6,0,10059
BRDA:82,6,1,1
BRDA:111,7,0,8
BRDA:111,7,1,10016
BRDA:122,8,0,10010
BRDA:122,8,1,6
BRDA:140,9,0,4
BRDA:140,9,1,2
BRDA:143,10,0,2
BRDA:143,10,1,0
BRDA:146,11,0,0
BRDA:146,11,1,0
BRDA:173,12,0,1281
BRDA:173,12,1,18616
BRDA:173,13,0,19897
BRDA:173,13,1,1292
BRDA:175,14,0,18601
BRDA:175,14,1,15
BRDA:175,15,0,18616
BRDA:175,15,1,18604
BRDA:177,16,0,11
BRDA:177,16,1,4
BRDA:177,17,0,15
BRDA:177,17,1,11
BRDA:179,18,0,3
BRDA:179,18,1,1
BRDA:179,19,0,4
BRDA:179,19,1,3
BRDA:181,20,0,3
BRDA:181,20,1,0
BRF:42
BRH:38
end_of_record
TN:
SF:src/engine/renderer/Camera.js
FN:21,(anonymous_0)
FN:48,(anonymous_1)
FN:58,(anonymous_2)
FN:67,(anonymous_3)
FN:100,(anonymous_4)
FN:111,(anonymous_5)
FN:124,(anonymous_6)
FN:138,(anonymous_7)
FN:155,(anonymous_8)
FN:174,(anonymous_9)
FN:184,(anonymous_10)
FN:193,(anonymous_11)
FN:201,(anonymous_12)
FN:214,(anonymous_13)
FNF:14
FNH:14
FNDA:74,(anonymous_0)
FNDA:6,(anonymous_1)
FNDA:1,(anonymous_2)
FNDA:6,(anonymous_3)
FNDA:6,(anonymous_4)
FNDA:11,(anonymous_5)
FNDA:4,(anonymous_6)
FNDA:11,(anonymous_7)
FNDA:14,(anonymous_8)
FNDA:22,(anonymous_9)
FNDA:1,(anonymous_10)
FNDA:9,(anonymous_11)
FNDA:2,(anonymous_12)
FNDA:2,(anonymous_13)
DA:22,74
DA:23,74
DA:24,74
DA:25,74
DA:26,74
DA:29,74
DA:30,74
DA:31,74
DA:32,74
DA:35,74
DA:36,74
DA:37,74
DA:38,74
DA:49,6
DA:50,6
DA:51,6
DA:52,6
DA:59,1
DA:69,6
DA:70,1
DA:71,1
DA:73,1
DA:74,1
DA:77,1
DA:78,1
DA:79,1
DA:84,6
DA:85,2
DA:86,2
DA:87,2
DA:89,4
DA:90,4
DA:91,4
DA:101,6
DA:102,6
DA:112,11
DA:125,4
DA:139,11
DA:156,14
DA:157,14
DA:158,14
DA:159,14
DA:161,14
DA:175,22
DA:176,22
DA:185,1
DA:186,1
DA:194,9
DA:202,2
DA:215,2
LF:50
LH:50
BRDA:21,0,0,0
BRDA:21,1,0,0
BRDA:21,2,0,0
BRDA:21,3,0,0
BRDA:48,4,0,1
BRDA:48,5,0,5
BRDA:48,6,0,5
BRDA:69,7,0,1
BRDA:69,7,1,5
BRDA:69,8,0,6
BRDA:69,8,1,1
BRDA:71,9,0,1
BRDA:71,9,1,0
BRDA:84,10,0,2
BRDA:84,10,1,4
BRDA:100,11,0,0
BRDA:100,12,0,5
BRDA:138,13,0,5
BRDA:140,14,0,11
BRDA:140,14,1,11
BRDA:140,14,2,6
BRDA:140,14,3,6
BRDA:162,15,0,14
BRDA:162,15,1,14
BRDA:162,15,2,11
BRDA:162,15,3,11
BRF:26
BRH:20
end_of_record
TN:
SF:src/engine/renderer/DirtyRectManager.js
FN:24,(anonymous_0)
FN:35,(anonymous_1)
FN:47,(anonymous_2)
FN:70,(anonymous_3)
FN:81,(anonymous_4)
FN:89,(anonymous_5)
FN:137,(anonymous_6)
FN:162,(anonymous_7)
FN:180,(anonymous_8)
FN:188,(anonymous_9)
FN:196,(anonymous_10)
FN:212,(anonymous_11)
FNF:12
FNH:12
FNDA:24,(anonymous_0)
FNDA:1,(anonymous_1)
FNDA:134,(anonymous_2)
FNDA:6,(anonymous_3)
FNDA:2,(anonymous_4)
FNDA:12,(anonymous_5)
FNDA:21,(anonymous_6)
FNDA:17,(anonymous_7)
FNDA:3,(anonymous_8)
FNDA:2,(anonymous_9)
FNDA:2,(anonymous_10)
FNDA:2,(anonymous_11)
DA:25,24
DA:26,24
DA:27,24
DA:28,24
DA:29,24
DA:36,1
DA:37,1
DA:49,134
DA:50,134
DA:51,134
DA:52,134
DA:55,134
DA:56,1
DA:59,133
DA:62,133
DA:63,1
DA:71,6
DA:72,6
DA:82,2
DA:90,12
DA:91,3
DA:94,9
DA:95,1
DA:99,8
DA:100,8
DA:102,8
DA:103,8
DA:104,8
DA:106,8
DA:107,11
DA:108,11
DA:111,11
DA:112,21
DA:113,17
DA:114,17
DA:115,17
DA:116,17
DA:117,17
DA:121,11
DA:124,8
DA:127,8
DA:139,21
DA:140,21
DA:141,21
DA:142,21
DA:145,21
DA:147,21
DA:149,21
DA:163,17
DA:164,17
DA:165,17
DA:166,17
DA:168,17
DA:181,3
DA:189,2
DA:197,2
DA:198,2
DA:200,2
DA:201,1
DA:204,1
DA:213,2
DA:214,2
DA:215,2
LF:63
LH:63
BRDA:24,0,0,0
BRDA:55,1,0,1
BRDA:55,1,1,133
BRDA:55,2,0,134
BRDA:55,2,1,133
BRDA:62,3,0,1
BRDA:62,3,1,132
BRDA:90,4,0,3
BRDA:90,4,1,9
BRDA:94,5,0,1
BRDA:94,5,1,8
BRDA:102,6,0,16
BRDA:102,6,1,14
BRDA:112,7,0,17
BRDA:112,7,1,4
BRDA:150,8,0,21
BRDA:150,8,1,17
BRDA:200,9,0,1
BRDA:200,9,1,1
BRF:19
BRH:18
end_of_record
TN:
SF:src/engine/renderer/Layer.js
FN:6,(anonymous_0)
FN:20,(anonymous_1)
FN:24,(anonymous_2)
FN:28,(anonymous_3)
FN:32,(anonymous_4)
FNF:5
FNH:5
FNDA:232,(anonymous_0)
FNDA:12,(anonymous_1)
FNDA:24,(anonymous_2)
FNDA:48,(anonymous_3)
FNDA:1,(anonymous_4)
DA:7,232
DA:8,232
DA:9,232
DA:10,232
DA:11,232
DA:12,232
DA:13,232
DA:14,232
DA:15,232
DA:16,232
DA:17,232
DA:21,12
DA:25,24
DA:29,48
DA:33,1
LF:15
LH:15
BRDA:6,0,0,0
BRF:1
BRH:0
end_of_record
TN:
SF:src/engine/renderer/LayeredRenderer.js
FN:26,(anonymous_0)
FN:39,(anonymous_1)
FN:59,(anonymous_2)
FN:70,(anonymous_3)
FN:85,(anonymous_4)
FN:93,(anonymous_5)
FN:103,(anonymous_6)
FN:113,(anonymous_7)
FN:123,(anonymous_8)
FN:135,(anonymous_9)
FN:138,(anonymous_10)
FN:161,(anonymous_11)
FN:186,(anonymous_12)
FN:203,(anonymous_13)
FN:211,(anonymous_14)
FN:212,(anonymous_15)
FN:219,(anonymous_16)
FN:233,(anonymous_17)
FNF:18
FNH:18
FNDA:46,(anonymous_0)
FNDA:46,(anonymous_1)
FNDA:30,(anonymous_2)
FNDA:3,(anonymous_3)
FNDA:3,(anonymous_4)
FNDA:8,(anonymous_5)
FNDA:1,(anonymous_6)
FNDA:2,(anonymous_7)
FNDA:1,(anonymous_8)
FNDA:3,(anonymous_9)
FNDA:12,(anonymous_10)
FNDA:4,(anonymous_11)
FNDA:2,(anonymous_12)
FNDA:1,(anonymous_13)
FNDA:7,(anonymous_14)
FNDA:28,(anonymous_15)
FNDA:2,(anonymous_16)
FNDA:3,(anonymous_17)
DA:27,46
DA:28,46
DA:29,46
DA:32,46
DA:40,46
DA:48,46
DA:49,230
DA:50,230
DA:60,30
DA:71,3
DA:72,1
DA:75,2
DA:76,2
DA:77,2
DA:86,3
DA:94,8
DA:95,8
DA:96,7
DA:104,1
DA:105,5
DA:114,2
DA:115,2
DA:116,1
DA:124,1
DA:125,5
DA:137,3
DA:138,12
DA:142,3
DA:143,15
DA:144,1
DA:148,14
DA:149,14
DA:150,14
DA:162,4
DA:163,4
DA:164,2
DA:168,2
DA:169,2
DA:173,2
DA:176,2
DA:187,2
DA:188,2
DA:190,2
DA:191,10
DA:192,10
DA:193,10
DA:194,10
DA:195,10
DA:204,1
DA:212,28
DA:220,2
DA:221,2
DA:222,10
DA:223,8
DA:226,2
DA:234,3
LF:56
LH:56
BRDA:71,0,0,1
BRDA:71,0,1,2
BRDA:95,1,0,7
BRDA:95,1,1,1
BRDA:115,2,0,1
BRDA:115,2,1,1
BRDA:143,3,0,1
BRDA:143,3,1,14
BRDA:163,4,0,2
BRDA:163,4,1,2
BRDA:163,5,0,4
BRDA:163,5,1,3
BRDA:168,6,0,2
BRDA:168,6,1,0
BRDA:222,7,0,8
BRDA:222,7,1,2
BRF:16
BRH:15
end_of_record
TN:
SF:src/engine/renderer/ObjectPool.js
FN:7,(anonymous_0)
FN:17,(anonymous_1)
FN:23,(anonymous_2)
FN:33,(anonymous_3)
FN:38,(anonymous_4)
FN:42,(anonymous_5)
FNF:6
FNH:0
FNDA:0,(anonymous_0)
FNDA:0,(anonymous_1)
FNDA:0,(anonymous_2)
FNDA:0,(anonymous_3)
FNDA:0,(anonymous_4)
FNDA:0,(anonymous_5)
DA:8,0
DA:9,0
DA:10,0
DA:12,0
DA:13,0
DA:18,0
DA:19,0
DA:20,0
DA:24,0
DA:25,0
DA:26,0
DA:27,0
DA:29,0
DA:34,0
DA:35,0
DA:39,0
DA:43,0
LF:17
LH:0
BRDA:7,0,0,0
BRDA:18,1,0,0
BRDA:18,1,1,0
BRDA:24,2,0,0
BRDA:24,2,1,0
BRDA:26,3,0,0
BRDA:26,3,1,0
BRF:7
BRH:0
end_of_record
TN:
SF:src/engine/renderer/RenderSystem.js
FN:23,(anonymous_0)
FN:43,(anonymous_1)
FN:45,(anonymous_2)
FN:46,(anonymous_3)
FN:47,(anonymous_4)
FN:54,(anonymous_5)
FN:63,(anonymous_6)
FN:74,(anonymous_7)
FN:99,(anonymous_8)
FN:134,(anonymous_9)
FN:152,(anonymous_10)
FN:159,(anonymous_11)
FN:183,(anonymous_12)
FN:228,(anonymous_13)
FN:239,(anonymous_14)
FN:246,(anonymous_15)
FN:253,(anonymous_16)
FN:261,(anonymous_17)
FNF:18
FNH:17
FNDA:18,(anonymous_0)
FNDA:3,(anonymous_1)
FNDA:1,(anonymous_2)
FNDA:0,(anonymous_3)
FNDA:1,(anonymous_4)
FNDA:1,(anonymous_5)
FNDA:1,(anonymous_6)
FNDA:6,(anonymous_7)
FNDA:6,(anonymous_8)
FNDA:8,(anonymous_9)
FNDA:4,(anonymous_10)
FNDA:3,(anonymous_11)
FNDA:7,(anonymous_12)
FNDA:6,(anonymous_13)
FNDA:1,(anonymous_14)
FNDA:1,(anonymous_15)
FNDA:2,(anonymous_16)
FNDA:1,(anonymous_17)
DA:24,18
DA:25,18
DA:26,18
DA:27,18
DA:29,18
DA:30,18
DA:31,18
DA:34,18
DA:35,18
DA:36,18
DA:45,3
DA:46,3
DA:47,3
DA:55,1
DA:56,1
DA:64,1
DA:75,6
DA:76,6
DA:77,6
DA:80,6
DA:83,6
DA:84,4
DA:88,6
DA:90,6
DA:100,6
DA:102,6
DA:103,9
DA:104,9
DA:106,9
DA:107,1
DA:111,8
DA:112,1
DA:113,1
DA:116,7
DA:117,7
DA:118,4
DA:121,7
DA:124,6
DA:135,8
DA:136,8
DA:153,4
DA:154,4
DA:155,0
DA:159,4
DA:162,4
DA:165,4
DA:166,7
DA:167,7
DA:171,4
DA:185,7
DA:188,7
DA:191,7
DA:194,7
DA:197,7
DA:198,0
DA:202,7
DA:203,0
DA:207,7
DA:208,7
DA:211,7
DA:212,0
DA:215,7
DA:216,7
DA:220,7
DA:221,7
DA:229,6
DA:230,30
DA:231,26
DA:247,1
DA:254,2
DA:262,1
LF:71
LH:67
BRDA:106,0,0,1
BRDA:106,0,1,8
BRDA:106,1,0,9
BRDA:106,1,1,9
BRDA:106,1,2,9
BRDA:111,2,0,1
BRDA:111,2,1,7
BRDA:116,3,0,7
BRDA:116,3,1,0
BRDA:117,4,0,4
BRDA:117,4,1,3
BRDA:154,5,0,0
BRDA:154,5,1,4
BRDA:154,6,0,4
BRDA:154,6,1,4
BRDA:197,7,0,0
BRDA:197,7,1,7
BRDA:202,8,0,0
BRDA:202,8,1,7
BRDA:202,9,0,7
BRDA:202,9,1,7
BRDA:211,10,0,0
BRDA:211,10,1,7
BRDA:211,11,0,7
BRDA:211,11,1,0
BRDA:211,11,2,0
BRDA:230,12,0,26
BRDA:230,12,1,4
BRF:28
BRH:21
end_of_record
TN:
SF:src/engine/renderer/Renderer.js
FN:18,(anonymous_0)
FN:47,(anonymous_1)
FN:49,(anonymous_2)
FN:64,(anonymous_3)
FN:74,(anonymous_4)
FN:84,(anonymous_5)
FN:93,(anonymous_6)
FN:103,(anonymous_7)
FN:111,(anonymous_8)
FN:119,(anonymous_9)
FN:128,(anonymous_10)
FN:138,(anonymous_11)
FN:148,(anonymous_12)
FN:159,(anonymous_13)
FN:171,(anonymous_14)
FN:186,(anonymous_15)
FN:193,(anonymous_16)
FNF:17
FNH:15
FNDA:21,(anonymous_0)
FNDA:21,(anonymous_1)
FNDA:0,(anonymous_2)
FNDA:1,(anonymous_3)
FNDA:1,(anonymous_4)
FNDA:1,(anonymous_5)
FNDA:1,(anonymous_6)
FNDA:1,(anonymous_7)
FNDA:1,(anonymous_8)
FNDA:2,(anonymous_9)
FNDA:1,(anonymous_10)
FNDA:1,(anonymous_11)
FNDA:1,(anonymous_12)
FNDA:4,(anonymous_13)
FNDA:3,(anonymous_14)
FNDA:1,(anonymous_15)
FNDA:0,(anonymous_16)
DA:19,21
DA:20,21
DA:21,21
DA:22,21
DA:25,21
DA:28,21
DA:29,21
DA:30,21
DA:33,21
DA:34,21
DA:37,21
DA:40,21
DA:48,21
DA:49,0
DA:50,0
DA:51,0
DA:52,0
DA:56,0
DA:65,1
DA:66,1
DA:67,1
DA:68,1
DA:75,1
DA:76,1
DA:85,1
DA:86,1
DA:94,1
DA:95,1
DA:96,1
DA:104,1
DA:112,1
DA:120,2
DA:121,2
DA:129,1
DA:139,1
DA:149,1
DA:160,4
DA:172,3
DA:173,3
DA:187,1
DA:194,0
DA:195,0
LF:42
LH:35
BRDA:48,0,0,0
BRDA:48,0,1,21
BRDA:51,1,0,0
BRDA:51,1,1,0
BRDA:159,2,0,2
BRDA:174,3,0,3
BRDA:174,3,1,3
BRDA:174,3,2,2
BRDA:174,3,3,2
BRDA:194,4,0,0
BRDA:194,4,1,0
BRF:11
BRH:6
end_of_record
TN:
SF:src/game/Game.js
FN:44,(anonymous_0)
FN:73,(anonymous_1)
FN:93,(anonymous_2)
FN:102,(anonymous_3)
FN:165,(anonymous_4)
FN:220,(anonymous_5)
FN:253,(anonymous_6)
FN:255,(anonymous_7)
FN:259,(anonymous_8)
FN:264,(anonymous_9)
FN:269,(anonymous_10)
FN:274,(anonymous_11)
FN:279,(anonymous_12)
FN:284,(anonymous_13)
FN:293,(anonymous_14)
FN:308,(anonymous_15)
FN:323,(anonymous_16)
FN:327,(anonymous_17)
FN:345,initGame
FNF:19
FNH:0
FNDA:0,(anonymous_0)
FNDA:0,(anonymous_1)
FNDA:0,(anonymous_2)
FNDA:0,(anonymous_3)
FNDA:0,(anonymous_4)
FNDA:0,(anonymous_5)
FNDA:0,(anonymous_6)
FNDA:0,(anonymous_7)
FNDA:0,(anonymous_8)
FNDA:0,(anonymous_9)
FNDA:0,(anonymous_10)
FNDA:0,(anonymous_11)
FNDA:0,(anonymous_12)
FNDA:0,(anonymous_13)
FNDA:0,(anonymous_14)
FNDA:0,(anonymous_15)
FNDA:0,(anonymous_16)
FNDA:0,(anonymous_17)
FNDA:0,initGame
DA:46,0
DA:47,0
DA:48,0
DA:49,0
DA:50,0
DA:51,0
DA:52,0
DA:55,0
DA:56,0
DA:57,0
DA:60,0
DA:74,0
DA:77,0
DA:80,0
DA:83,0
DA:85,0
DA:87,0
DA:96,0
DA:103,0
DA:106,0
DA:110,0
DA:113,0
DA:118,0
DA:121,0
DA:125,0
DA:128,0
DA:133,0
DA:136,0
DA:140,0
DA:143,0
DA:148,0
DA:152,0
DA:153,0
DA:154,0
DA:155,0
DA:156,0
DA:157,0
DA:159,0
DA:166,0
DA:169,0
DA:177,0
DA:180,0
DA:187,0
DA:188,0
DA:202,0
DA:203,0
DA:204,0
DA:205,0
DA:208,0
DA:210,0
DA:221,0
DA:222,0
DA:225,0
DA:226,0
DA:229,0
DA:237,0
DA:240,0
DA:247,0
DA:255,0
DA:256,0
DA:259,0
DA:264,0
DA:265,0
DA:269,0
DA:270,0
DA:274,0
DA:275,0
DA:279,0
DA:280,0
DA:284,0
DA:294,0
DA:300,0
DA:301,0
DA:309,0
DA:311,0
DA:312,0
DA:313,0
DA:315,0
DA:316,0
DA:324,0
DA:327,0
DA:328,0
DA:329,0
DA:334,0
DA:336,0
DA:346,0
DA:347,0
DA:348,0
LF:88
LH:0
BRDA:294,0,0,0
BRDA:294,0,1,0
BRDA:294,1,0,0
BRDA:294,1,1,0
BRDA:300,2,0,0
BRDA:300,2,1,0
BRDA:311,3,0,0
BRDA:311,3,1,0
BRDA:328,4,0,0
BRDA:328,4,1,0
BRDA:328,5,0,0
BRDA:328,5,1,0
BRF:12
BRH:0
end_of_record
TN:
SF:src/game/components/ClueData.js
FN:19,(anonymous_0)
FN:42,(anonymous_1)
FN:43,(anonymous_2)
FN:56,(anonymous_3)
FN:57,(anonymous_4)
FN:67,(anonymous_5)
FN:68,(anonymous_6)
FNF:7
FNH:0
FNDA:0,(anonymous_0)
FNDA:0,(anonymous_1)
FNDA:0,(anonymous_2)
FNDA:0,(anonymous_3)
FNDA:0,(anonymous_4)
FNDA:0,(anonymous_5)
FNDA:0,(anonymous_6)
DA:28,0
DA:29,0
DA:30,0
DA:31,0
DA:32,0
DA:33,0
DA:34,0
DA:43,0
DA:44,0
DA:57,0
DA:58,0
DA:59,0
DA:68,0
LF:13
LH:0
BRDA:19,0,0,0
BRDA:20,1,0,0
BRDA:21,2,0,0
BRDA:22,3,0,0
BRDA:23,4,0,0
BRDA:24,5,0,0
BRDA:25,6,0,0
BRDA:26,7,0,0
BRDA:42,8,0,0
BRDA:43,9,0,0
BRDA:43,9,1,0
BRDA:58,10,0,0
BRDA:58,10,1,0
BRF:13
BRH:0
end_of_record
TN:
SF:src/game/components/Collider.js
FN:18,(anonymous_0)
FN:45,(anonymous_1)
FN:73,(anonymous_2)
FNF:3
FNH:1
FNDA:1759,(anonymous_0)
FNDA:0,(anonymous_1)
FNDA:0,(anonymous_2)
DA:29,1759
DA:30,1759
DA:31,1759
DA:32,1759
DA:33,1759
DA:34,1759
DA:35,1759
DA:36,1759
DA:37,1759
DA:46,0
DA:47,0
DA:48,0
DA:49,0
DA:55,0
DA:56,0
DA:57,0
DA:58,0
DA:65,0
DA:74,0
LF:19
LH:9
BRDA:18,0,0,0
BRDA:19,1,0,0
BRDA:20,2,0,528
BRDA:21,3,0,528
BRDA:22,4,0,1231
BRDA:23,5,0,1758
BRDA:24,6,0,1758
BRDA:25,7,0,1757
BRDA:26,8,0,1756
BRDA:27,9,0,1754
BRDA:46,10,0,0
BRDA:46,10,1,0
BRDA:55,11,0,0
BRDA:55,11,1,0
BRF:14
BRH:8
end_of_record
TN:
SF:src/game/components/Evidence.js
FN:20,(anonymous_0)
FN:51,(anonymous_1)
FN:60,(anonymous_2)
FN:67,(anonymous_3)
FNF:4
FNH:0
FNDA:0,(anonymous_0)
FNDA:0,(anonymous_1)
FNDA:0,(anonymous_2)
FNDA:0,(anonymous_3)
DA:33,0
DA:34,0
DA:35,0
DA:36,0
DA:37,0
DA:38,0
DA:39,0
DA:40,0
DA:41,0
DA:42,0
DA:43,0
DA:52,0
DA:53,0
DA:54,0
DA:61,0
DA:68,0
LF:16
LH:0
BRDA:20,0,0,0
BRDA:21,1,0,0
BRDA:22,2,0,0
BRDA:23,3,0,0
BRDA:24,4,0,0
BRDA:25,5,0,0
BRDA:26,6,0,0
BRDA:27,7,0,0
BRDA:28,8,0,0
BRDA:29,9,0,0
BRDA:30,10,0,0
BRDA:31,11,0,0
BRDA:52,12,0,0
BRDA:52,12,1,0
BRDA:53,13,0,0
BRDA:53,13,1,0
BRF:16
BRH:0
end_of_record
TN:
SF:src/game/components/FactionMember.js
FN:16,(anonymous_0)
FN:35,(anonymous_1)
FN:48,(anonymous_2)
FN:60,(anonymous_3)
FN:77,(anonymous_4)
FN:84,(anonymous_5)
FN:93,(anonymous_6)
FN:101,(anonymous_7)
FNF:8
FNH:0
FNDA:0,(anonymous_0)
FNDA:0,(anonymous_1)
FNDA:0,(anonymous_2)
FNDA:0,(anonymous_3)
FNDA:0,(anonymous_4)
FNDA:0,(anonymous_5)
FNDA:0,(anonymous_6)
FNDA:0,(anonymous_7)
DA:23,0
DA:24,0
DA:25,0
DA:26,0
DA:27,0
DA:36,0
DA:37,0
DA:39,0
DA:49,0
DA:50,0
DA:51,0
DA:61,0
DA:63,0
DA:64,0
DA:65,0
DA:66,0
DA:67,0
DA:68,0
DA:70,0
DA:78,0
DA:85,0
DA:94,0
DA:102,0
LF:23
LH:0
BRDA:16,0,0,0
BRDA:17,1,0,0
BRDA:18,2,0,0
BRDA:19,3,0,0
BRDA:20,4,0,0
BRDA:21,5,0,0
BRDA:36,6,0,0
BRDA:36,6,1,0
BRDA:48,7,0,0
BRDA:48,8,0,0
BRDA:63,9,0,0
BRDA:63,9,1,0
BRDA:63,10,0,0
BRDA:63,10,1,0
BRDA:65,11,0,0
BRDA:65,11,1,0
BRDA:65,12,0,0
BRDA:65,12,1,0
BRDA:67,13,0,0
BRDA:67,13,1,0
BRF:20
BRH:0
end_of_record
TN:
SF:src/game/components/InteractionZone.js
FN:18,(anonymous_0)
FN:46,(anonymous_1)
FN:55,(anonymous_2)
FN:70,(anonymous_3)
FN:77,(anonymous_4)
FN:84,(anonymous_5)
FNF:6
FNH:0
FNDA:0,(anonymous_0)
FNDA:0,(anonymous_1)
FNDA:0,(anonymous_2)
FNDA:0,(anonymous_3)
FNDA:0,(anonymous_4)
FNDA:0,(anonymous_5)
DA:29,0
DA:30,0
DA:31,0
DA:32,0
DA:33,0
DA:34,0
DA:35,0
DA:36,0
DA:37,0
DA:47,0
DA:48,0
DA:56,0
DA:57,0
DA:60,0
DA:61,0
DA:64,0
DA:71,0
DA:78,0
DA:85,0
LF:19
LH:0
BRDA:18,0,0,0
BRDA:19,1,0,0
BRDA:20,2,0,0
BRDA:21,3,0,0
BRDA:22,4,0,0
BRDA:23,5,0,0
BRDA:24,6,0,0
BRDA:25,7,0,0
BRDA:26,8,0,0
BRDA:27,9,0,0
BRDA:56,10,0,0
BRDA:56,10,1,0
BRDA:56,11,0,0
BRDA:56,11,1,0
BRDA:56,11,2,0
BRDA:60,12,0,0
BRDA:60,12,1,0
BRF:17
BRH:0
end_of_record
TN:
SF:src/game/components/KnowledgeGate.js
FN:20,(anonymous_0)
FN:52,(anonymous_1)
FN:91,(anonymous_2)
FN:98,(anonymous_3)
FNF:4
FNH:0
FNDA:0,(anonymous_0)
FNDA:0,(anonymous_1)
FNDA:0,(anonymous_2)
FNDA:0,(anonymous_3)
DA:29,0
DA:30,0
DA:31,0
DA:37,0
DA:38,0
DA:39,0
DA:40,0
DA:54,0
DA:55,0
DA:56,0
DA:61,0
DA:62,0
DA:63,0
DA:68,0
DA:69,0
DA:70,0
DA:75,0
DA:76,0
DA:77,0
DA:78,0
DA:80,0
DA:81,0
DA:85,0
DA:92,0
DA:99,0
LF:25
LH:0
BRDA:20,0,0,0
BRDA:21,1,0,0
BRDA:22,2,0,0
BRDA:23,3,0,0
BRDA:24,4,0,0
BRDA:25,5,0,0
BRDA:26,6,0,0
BRDA:27,7,0,0
BRDA:32,8,0,0
BRDA:32,8,1,0
BRDA:33,9,0,0
BRDA:33,9,1,0
BRDA:34,10,0,0
BRDA:34,10,1,0
BRDA:35,11,0,0
BRDA:35,11,1,0
BRDA:55,12,0,0
BRDA:55,12,1,0
BRDA:62,13,0,0
BRDA:62,13,1,0
BRDA:69,14,0,0
BRDA:69,14,1,0
BRDA:76,15,0,0
BRDA:76,15,1,0
BRDA:77,16,0,0
BRDA:77,16,1,0
BRDA:77,17,0,0
BRDA:77,17,1,0
BRDA:80,18,0,0
BRDA:80,18,1,0
BRDA:80,19,0,0
BRDA:80,19,1,0
BRF:32
BRH:0
end_of_record
TN:
SF:src/game/components/PlayerController.js
FN:21,(anonymous_0)
FN:49,(anonymous_1)
FN:50,(anonymous_2)
FN:59,(anonymous_3)
FNF:4
FNH:0
FNDA:0,(anonymous_0)
FNDA:0,(anonymous_1)
FNDA:0,(anonymous_2)
FNDA:0,(anonymous_3)
DA:26,0
DA:37,0
DA:38,0
DA:39,0
DA:42,0
DA:43,0
DA:50,0
DA:51,0
DA:60,0
LF:9
LH:0
BRDA:21,0,0,0
BRDA:22,1,0,0
BRDA:23,2,0,0
BRDA:24,3,0,0
BRDA:60,4,0,0
BRDA:60,4,1,0
BRDA:60,4,2,0
BRDA:60,4,3,0
BRF:8
BRH:0
end_of_record
TN:
SF:src/game/components/Sprite.js
FN:16,(anonymous_0)
FN:39,(anonymous_1)
FN:46,(anonymous_2)
FN:54,(anonymous_3)
FNF:4
FNH:0
FNDA:0,(anonymous_0)
FNDA:0,(anonymous_1)
FNDA:0,(anonymous_2)
FNDA:0,(anonymous_3)
DA:26,0
DA:27,0
DA:28,0
DA:29,0
DA:30,0
DA:31,0
DA:32,0
DA:33,0
DA:40,0
DA:47,0
DA:55,0
LF:11
LH:0
BRDA:16,0,0,0
BRDA:17,1,0,0
BRDA:18,2,0,0
BRDA:19,3,0,0
BRDA:20,4,0,0
BRDA:21,5,0,0
BRDA:22,6,0,0
BRDA:23,7,0,0
BRDA:24,8,0,0
BRF:9
BRH:0
end_of_record
TN:
SF:src/game/components/Transform.js
FN:14,(anonymous_0)
FN:27,(anonymous_1)
FN:37,(anonymous_2)
FN:47,(anonymous_3)
FN:57,(anonymous_4)
FNF:5
FNH:1
FNDA:2771,(anonymous_0)
FNDA:0,(anonymous_1)
FNDA:0,(anonymous_2)
FNDA:0,(anonymous_3)
FNDA:0,(anonymous_4)
DA:15,2771
DA:16,2771
DA:17,2771
DA:18,2771
DA:19,2771
DA:28,0
DA:29,0
DA:38,0
DA:39,0
DA:48,0
DA:49,0
DA:50,0
DA:58,0
LF:13
LH:5
BRDA:14,0,0,0
BRDA:14,1,0,0
BRDA:14,2,0,2771
BRDA:14,3,0,2771
BRDA:14,4,0,2771
BRF:5
BRH:3
end_of_record
TN:
SF:src/game/components/Velocity.js
FN:13,(anonymous_0)
FN:25,(anonymous_1)
FN:35,(anonymous_2)
FN:44,(anonymous_3)
FN:51,(anonymous_4)
FN:66,(anonymous_5)
FN:82,(anonymous_6)
FNF:7
FNH:7
FNDA:2526,(anonymous_0)
FNDA:1,(anonymous_1)
FNDA:1,(anonymous_2)
FNDA:4,(anonymous_3)
FNDA:6540,(anonymous_4)
FNDA:6540,(anonymous_5)
FNDA:1,(anonymous_6)
DA:14,2526
DA:15,2526
DA:16,2526
DA:17,2526
DA:26,1
DA:27,1
DA:36,1
DA:37,1
DA:45,4
DA:52,6540
DA:54,2
DA:55,2
DA:56,1
DA:57,1
DA:58,1
DA:67,6540
DA:69,201
DA:70,201
DA:71,201
DA:74,201
DA:75,201
DA:83,1
LF:22
LH:22
BRDA:13,0,0,2
BRDA:13,1,0,2
BRDA:13,2,0,2516
BRDA:13,3,0,2519
BRDA:52,4,0,6538
BRDA:52,4,1,2
BRDA:55,5,0,1
BRDA:55,5,1,1
BRDA:67,6,0,6339
BRDA:67,6,1,201
BRDA:74,7,0,8
BRDA:74,7,1,193
BRDA:75,8,0,201
BRDA:75,8,1,0
BRF:14
BRH:13
end_of_record
TN:
SF:src/game/config/Controls.js
FN:42,(anonymous_0)
FN:47,(anonymous_1)
FN:58,(anonymous_2)
FN:59,(anonymous_3)
FN:60,(anonymous_4)
FN:67,(anonymous_5)
FN:81,(anonymous_6)
FN:89,(anonymous_7)
FN:91,(anonymous_8)
FN:101,(anonymous_9)
FN:110,(anonymous_10)
FN:117,(anonymous_11)
FN:119,(anonymous_12)
FN:128,(anonymous_13)
FNF:14
FNH:0
FNDA:0,(anonymous_0)
FNDA:0,(anonymous_1)
FNDA:0,(anonymous_2)
FNDA:0,(anonymous_3)
FNDA:0,(anonymous_4)
FNDA:0,(anonymous_5)
FNDA:0,(anonymous_6)
FNDA:0,(anonymous_7)
FNDA:0,(anonymous_8)
FNDA:0,(anonymous_9)
FNDA:0,(anonymous_10)
FNDA:0,(anonymous_11)
FNDA:0,(anonymous_12)
FNDA:0,(anonymous_13)
DA:8,0
DA:43,0
DA:44,0
DA:47,0
DA:48,0
DA:52,0
DA:59,0
DA:60,0
DA:69,0
DA:70,0
DA:73,0
DA:74,0
DA:82,0
DA:83,0
DA:90,0
DA:91,0
DA:92,0
DA:102,0
DA:111,0
DA:118,0
DA:119,0
DA:120,0
DA:129,0
DA:130,0
DA:132,0
DA:133,0
DA:134,0
DA:135,0
DA:138,0
DA:139,0
DA:140,0
DA:141,0
DA:144,0
LF:33
LH:0
BRDA:69,0,0,0
BRDA:69,0,1,0
BRDA:102,1,0,0
BRDA:102,1,1,0
BRDA:132,2,0,0
BRDA:132,2,1,0
BRDA:133,3,0,0
BRDA:133,3,1,0
BRDA:134,4,0,0
BRDA:134,4,1,0
BRDA:135,5,0,0
BRDA:135,5,1,0
BRDA:138,6,0,0
BRDA:138,6,1,0
BRDA:138,7,0,0
BRDA:138,7,1,0
BRF:16
BRH:0
end_of_record
TN:
SF:src/game/config/GameConfig.js
FN:153,getFactionAttitudeThresholds
FNF:1
FNH:0
FNDA:0,getFactionAttitudeThresholds
DA:7,0
DA:155,0
DA:170,0
LF:3
LH:0
BRDA:170,0,0,0
BRDA:170,0,1,0
BRF:2
BRH:0
end_of_record
TN:
SF:src/game/entities/EvidenceEntity.js
FN:21,createEvidenceEntity
FN:109,getEvidenceColor
FNF:2
FNH:0
FNDA:0,createEvidenceEntity
FNDA:0,getEvidenceColor
DA:34,0
DA:37,0
DA:38,0
DA:41,0
DA:42,0
DA:45,0
DA:55,0
DA:58,0
DA:71,0
DA:74,0
DA:87,0
DA:90,0
DA:97,0
DA:99,0
DA:101,0
DA:110,0
DA:116,0
LF:17
LH:0
BRDA:23,0,0,0
BRDA:24,1,0,0
BRDA:25,2,0,0
BRDA:26,3,0,0
BRDA:27,4,0,0
BRDA:28,5,0,0
BRDA:29,6,0,0
BRDA:30,7,0,0
BRDA:31,8,0,0
BRDA:32,9,0,0
BRDA:33,10,0,0
BRDA:53,11,0,0
BRDA:53,11,1,0
BRDA:116,12,0,0
BRDA:116,12,1,0
BRF:15
BRH:0
end_of_record
TN:
SF:src/game/entities/NPCEntity.js
FN:21,createNPCEntity
FN:100,getFactionColor
FNF:2
FNH:0
FNDA:0,createNPCEntity
FNDA:0,getFactionColor
DA:30,0
DA:33,0
DA:34,0
DA:37,0
DA:38,0
DA:41,0
DA:50,0
DA:53,0
DA:59,0
DA:62,0
DA:70,0
DA:73,0
DA:74,0
DA:87,0
DA:90,0
DA:92,0
DA:101,0
DA:108,0
LF:18
LH:0
BRDA:23,0,0,0
BRDA:24,1,0,0
BRDA:25,2,0,0
BRDA:26,3,0,0
BRDA:27,4,0,0
BRDA:28,5,0,0
BRDA:29,6,0,0
BRDA:73,7,0,0
BRDA:73,7,1,0
BRDA:73,8,0,0
BRDA:73,8,1,0
BRDA:108,9,0,0
BRDA:108,9,1,0
BRF:13
BRH:0
end_of_record
TN:
SF:src/game/entities/PlayerEntity.js
FN:23,createPlayerEntity
FNF:1
FNH:0
FNDA:0,createPlayerEntity
DA:25,0
DA:26,0
DA:29,0
DA:30,0
DA:33,0
DA:42,0
DA:45,0
DA:50,0
DA:53,0
DA:63,0
DA:66,0
DA:80,0
DA:82,0
DA:84,0
LF:14
LH:0
BRDA:23,0,0,0
BRDA:23,1,0,0
BRF:2
BRH:0
end_of_record
TN:
SF:src/game/systems/CameraFollowSystem.js
FN:14,(anonymous_0)
FN:30,(anonymous_1)
FN:39,(anonymous_2)
FN:41,(anonymous_3)
FN:92,(anonymous_4)
FN:108,(anonymous_5)
FN:121,(anonymous_6)
FNF:7
FNH:0
FNDA:0,(anonymous_0)
FNDA:0,(anonymous_1)
FNDA:0,(anonymous_2)
FNDA:0,(anonymous_3)
FNDA:0,(anonymous_4)
FNDA:0,(anonymous_5)
FNDA:0,(anonymous_6)
DA:15,0
DA:16,0
DA:17,0
DA:18,0
DA:21,0
DA:22,0
DA:23,0
DA:24,0
DA:31,0
DA:41,0
DA:42,0
DA:44,0
DA:45,0
DA:47,0
DA:50,0
DA:51,0
DA:55,0
DA:56,0
DA:58,0
DA:59,0
DA:60,0
DA:63,0
DA:64,0
DA:67,0
DA:68,0
DA:69,0
DA:70,0
DA:72,0
DA:74,0
DA:78,0
DA:79,0
DA:80,0
DA:83,0
DA:84,0
DA:93,0
DA:94,0
DA:97,0
DA:109,0
DA:110,0
DA:111,0
DA:114,0
DA:115,0
LF:42
LH:0
BRDA:41,0,0,0
BRDA:41,0,1,0
BRDA:42,1,0,0
BRDA:42,1,1,0
BRDA:47,2,0,0
BRDA:47,2,1,0
BRDA:47,3,0,0
BRDA:47,3,1,0
BRDA:58,4,0,0
BRDA:58,4,1,0
BRDA:72,5,0,0
BRDA:72,5,1,0
BRDA:93,6,0,0
BRDA:93,6,1,0
BRDA:93,7,0,0
BRDA:93,7,1,0
BRDA:109,8,0,0
BRDA:109,8,1,0
BRF:18
BRH:0
end_of_record
TN:
SF:src/game/systems/DialogueSystem.js
FN:11,(anonymous_0)
FN:23,(anonymous_1)
FN:32,(anonymous_2)
FN:41,(anonymous_3)
FN:60,(anonymous_4)
FN:79,(anonymous_5)
FN:93,(anonymous_6)
FNF:7
FNH:0
FNDA:0,(anonymous_0)
FNDA:0,(anonymous_1)
FNDA:0,(anonymous_2)
FNDA:0,(anonymous_3)
FNDA:0,(anonymous_4)
FNDA:0,(anonymous_5)
FNDA:0,(anonymous_6)
DA:12,0
DA:13,0
DA:16,0
DA:17,0
DA:24,0
DA:42,0
DA:49,0
DA:54,0
DA:61,0
DA:63,0
DA:65,0
DA:70,0
DA:72,0
DA:80,0
DA:82,0
DA:94,0
LF:16
LH:0
BRDA:61,0,0,0
BRDA:61,0,1,0
BRDA:80,1,0,0
BRDA:80,1,1,0
BRF:4
BRH:0
end_of_record
TN:
SF:src/game/systems/FactionReputationSystem.js
FN:14,(anonymous_0)
FN:33,(anonymous_1)
FN:72,(anonymous_2)
FN:74,(anonymous_3)
FN:78,(anonymous_4)
FN:96,(anonymous_5)
FN:99,(anonymous_6)
FN:115,(anonymous_7)
FN:126,(anonymous_8)
FN:141,(anonymous_9)
FN:192,(anonymous_10)
FN:228,(anonymous_11)
FN:237,(anonymous_12)
FN:252,(anonymous_13)
FN:270,(anonymous_14)
FN:277,(anonymous_15)
FNF:16
FNH:0
FNDA:0,(anonymous_0)
FNDA:0,(anonymous_1)
FNDA:0,(anonymous_2)
FNDA:0,(anonymous_3)
FNDA:0,(anonymous_4)
FNDA:0,(anonymous_5)
FNDA:0,(anonymous_6)
FNDA:0,(anonymous_7)
FNDA:0,(anonymous_8)
FNDA:0,(anonymous_9)
FNDA:0,(anonymous_10)
FNDA:0,(anonymous_11)
FNDA:0,(anonymous_12)
FNDA:0,(anonymous_13)
FNDA:0,(anonymous_14)
FNDA:0,(anonymous_15)
DA:15,0
DA:16,0
DA:17,0
DA:20,0
DA:23,0
DA:26,0
DA:34,0
DA:37,0
DA:43,0
DA:49,0
DA:55,0
DA:61,0
DA:66,0
DA:74,0
DA:75,0
DA:78,0
DA:79,0
DA:83,0
DA:84,0
DA:85,0
DA:86,0
DA:88,0
DA:98,0
DA:99,0
DA:100,0
DA:101,0
DA:106,0
DA:107,0
DA:119,0
DA:129,0
DA:130,0
DA:142,0
DA:144,0
DA:145,0
DA:151,0
DA:153,0
DA:154,0
DA:160,0
DA:170,0
DA:171,0
DA:177,0
DA:181,0
DA:183,0
DA:193,0
DA:194,0
DA:196,0
DA:199,0
DA:200,0
DA:201,0
DA:203,0
DA:204,0
DA:206,0
DA:211,0
DA:212,0
DA:213,0
DA:215,0
DA:216,0
DA:218,0
DA:238,0
DA:240,0
DA:242,0
DA:246,0
DA:253,0
DA:255,0
DA:256,0
DA:258,0
DA:262,0
DA:271,0
DA:278,0
DA:279,0
LF:70
LH:0
BRDA:98,0,0,0
BRDA:98,0,1,0
BRDA:99,1,0,0
BRDA:99,1,1,0
BRDA:100,2,0,0
BRDA:100,2,1,0
BRDA:106,3,0,0
BRDA:106,3,1,0
BRDA:106,4,0,0
BRDA:106,4,1,0
BRDA:129,5,0,0
BRDA:129,5,1,0
BRDA:141,6,0,0
BRDA:142,7,0,0
BRDA:142,7,1,0
BRDA:170,8,0,0
BRDA:170,8,1,0
BRDA:194,9,0,0
BRDA:194,9,1,0
BRDA:203,10,0,0
BRDA:203,10,1,0
BRDA:203,11,0,0
BRDA:203,11,1,0
BRDA:206,12,0,0
BRDA:206,12,1,0
BRDA:215,13,0,0
BRDA:215,13,1,0
BRDA:215,14,0,0
BRDA:215,14,1,0
BRDA:238,15,0,0
BRDA:238,15,1,0
BRDA:253,16,0,0
BRDA:253,16,1,0
BRDA:271,17,0,0
BRDA:271,17,1,0
BRF:35
BRH:0
end_of_record
TN:
SF:src/game/systems/InvestigationSystem.js
FN:14,(anonymous_0)
FN:36,(anonymous_1)
FN:48,(anonymous_2)
FN:53,(anonymous_3)
FN:70,(anonymous_4)
FN:88,(anonymous_5)
FN:126,(anonymous_6)
FN:162,(anonymous_7)
FN:204,(anonymous_8)
FN:221,(anonymous_9)
FN:250,(anonymous_10)
FN:265,(anonymous_11)
FN:281,(anonymous_12)
FN:298,(anonymous_13)
FN:316,(anonymous_14)
FN:328,(anonymous_15)
FNF:16
FNH:0
FNDA:0,(anonymous_0)
FNDA:0,(anonymous_1)
FNDA:0,(anonymous_2)
FNDA:0,(anonymous_3)
FNDA:0,(anonymous_4)
FNDA:0,(anonymous_5)
FNDA:0,(anonymous_6)
FNDA:0,(anonymous_7)
FNDA:0,(anonymous_8)
FNDA:0,(anonymous_9)
FNDA:0,(anonymous_10)
FNDA:0,(anonymous_11)
FNDA:0,(anonymous_12)
FNDA:0,(anonymous_13)
FNDA:0,(anonymous_14)
FNDA:0,(anonymous_15)
DA:15,0
DA:16,0
DA:17,0
DA:20,0
DA:21,0
DA:22,0
DA:23,0
DA:24,0
DA:25,0
DA:28,0
DA:29,0
DA:30,0
DA:38,0
DA:40,0
DA:50,0
DA:53,0
DA:54,0
DA:56,0
DA:57,0
DA:60,0
DA:63,0
DA:71,0
DA:72,0
DA:73,0
DA:74,0
DA:78,0
DA:79,0
DA:89,0
DA:90,0
DA:92,0
DA:93,0
DA:94,0
DA:96,0
DA:97,0
DA:100,0
DA:101,0
DA:102,0
DA:104,0
DA:106,0
DA:108,0
DA:109,0
DA:127,0
DA:128,0
DA:130,0
DA:132,0
DA:133,0
DA:134,0
DA:136,0
DA:137,0
DA:140,0
DA:143,0
DA:144,0
DA:145,0
DA:148,0
DA:163,0
DA:164,0
DA:167,0
DA:168,0
DA:173,0
DA:177,0
DA:180,0
DA:181,0
DA:183,0
DA:186,0
DA:195,0
DA:197,0
DA:205,0
DA:206,0
DA:207,0
DA:213,0
DA:222,0
DA:223,0
DA:227,0
DA:230,0
DA:231,0
DA:234,0
DA:237,0
DA:238,0
DA:240,0
DA:244,0
DA:251,0
DA:252,0
DA:254,0
DA:258,0
DA:266,0
DA:268,0
DA:270,0
DA:274,0
DA:282,0
DA:284,0
DA:286,0
DA:290,0
DA:299,0
DA:301,0
DA:303,0
DA:309,0
DA:317,0
DA:329,0
DA:330,0
LF:99
LH:0
BRDA:53,0,0,0
BRDA:53,0,1,0
BRDA:54,1,0,0
BRDA:54,1,1,0
BRDA:57,2,0,0
BRDA:57,2,1,0
BRDA:71,3,0,0
BRDA:71,3,1,0
BRDA:73,4,0,0
BRDA:73,4,1,0
BRDA:78,5,0,0
BRDA:78,5,1,0
BRDA:94,6,0,0
BRDA:94,6,1,0
BRDA:94,7,0,0
BRDA:94,7,1,0
BRDA:97,8,0,0
BRDA:97,8,1,0
BRDA:104,9,0,0
BRDA:104,9,1,0
BRDA:106,10,0,0
BRDA:106,10,1,0
BRDA:108,11,0,0
BRDA:108,11,1,0
BRDA:128,12,0,0
BRDA:128,12,1,0
BRDA:134,13,0,0
BRDA:134,13,1,0
BRDA:134,14,0,0
BRDA:134,14,1,0
BRDA:137,15,0,0
BRDA:137,15,1,0
BRDA:140,16,0,0
BRDA:140,16,1,0
BRDA:143,17,0,0
BRDA:143,17,1,0
BRDA:144,18,0,0
BRDA:144,18,1,0
BRDA:144,19,0,0
BRDA:144,19,1,0
BRDA:164,20,0,0
BRDA:164,20,1,0
BRDA:164,21,0,0
BRDA:164,21,1,0
BRDA:167,22,0,0
BRDA:167,22,1,0
BRDA:180,23,0,0
BRDA:180,23,1,0
BRDA:206,24,0,0
BRDA:206,24,1,0
BRDA:222,25,0,0
BRDA:222,25,1,0
BRDA:230,26,0,0
BRDA:230,26,1,0
BRDA:266,27,0,0
BRDA:266,27,1,0
BRDA:282,28,0,0
BRDA:282,28,1,0
BRDA:298,29,0,0
BRDA:299,30,0,0
BRDA:299,30,1,0
BRDA:306,31,0,0
BRDA:306,31,1,0
BRF:63
BRH:0
end_of_record
TN:
SF:src/game/systems/KnowledgeProgressionSystem.js
FN:14,(anonymous_0)
FN:28,(anonymous_1)
FN:30,(anonymous_2)
FN:34,(anonymous_3)
FN:38,(anonymous_4)
FN:50,(anonymous_5)
FN:63,(anonymous_6)
FN:84,(anonymous_7)
FN:103,(anonymous_8)
FN:119,(anonymous_9)
FN:128,(anonymous_10)
FNF:11
FNH:0
FNDA:0,(anonymous_0)
FNDA:0,(anonymous_1)
FNDA:0,(anonymous_2)
FNDA:0,(anonymous_3)
FNDA:0,(anonymous_4)
FNDA:0,(anonymous_5)
FNDA:0,(anonymous_6)
FNDA:0,(anonymous_7)
FNDA:0,(anonymous_8)
FNDA:0,(anonymous_9)
FNDA:0,(anonymous_10)
DA:15,0
DA:16,0
DA:17,0
DA:18,0
DA:21,0
DA:22,0
DA:30,0
DA:31,0
DA:34,0
DA:35,0
DA:38,0
DA:39,0
DA:42,0
DA:52,0
DA:53,0
DA:54,0
DA:55,0
DA:64,0
DA:66,0
DA:68,0
DA:69,0
DA:70,0
DA:73,0
DA:74,0
DA:85,0
DA:87,0
DA:89,0
DA:96,0
DA:105,0
DA:109,0
DA:111,0
DA:122,0
DA:129,0
DA:130,0
DA:131,0
LF:35
LH:0
BRDA:53,0,0,0
BRDA:53,0,1,0
BRDA:64,1,0,0
BRDA:64,1,1,0
BRDA:70,2,0,0
BRDA:70,2,1,0
BRDA:70,3,0,0
BRDA:70,3,1,0
BRDA:73,4,0,0
BRDA:73,4,1,0
BRDA:93,5,0,0
BRDA:93,5,1,0
BRF:12
BRH:0
end_of_record
TN:
SF:src/game/systems/PlayerMovementSystem.js
FN:14,(anonymous_0)
FN:24,(anonymous_1)
FN:26,(anonymous_2)
FN:30,(anonymous_3)
FN:42,(anonymous_4)
FN:46,(anonymous_5)
FN:119,(anonymous_6)
FN:133,(anonymous_7)
FNF:8
FNH:0
FNDA:0,(anonymous_0)
FNDA:0,(anonymous_1)
FNDA:0,(anonymous_2)
FNDA:0,(anonymous_3)
FNDA:0,(anonymous_4)
FNDA:0,(anonymous_5)
FNDA:0,(anonymous_6)
FNDA:0,(anonymous_7)
DA:15,0
DA:16,0
DA:17,0
DA:18,0
DA:26,0
DA:27,0
DA:30,0
DA:31,0
DA:34,0
DA:43,0
DA:46,0
DA:47,0
DA:49,0
DA:50,0
DA:51,0
DA:53,0
DA:56,0
DA:59,0
DA:60,0
DA:61,0
DA:62,0
DA:65,0
DA:72,0
DA:73,0
DA:76,0
DA:81,0
DA:82,0
DA:83,0
DA:84,0
DA:88,0
DA:89,0
DA:92,0
DA:93,0
DA:95,0
DA:96,0
DA:99,0
DA:103,0
DA:104,0
DA:112,0
DA:120,0
DA:121,0
DA:122,0
DA:123,0
DA:124,0
DA:125,0
DA:126,0
DA:127,0
DA:134,0
DA:135,0
LF:49
LH:0
BRDA:43,0,0,0
BRDA:43,0,1,0
BRDA:46,1,0,0
BRDA:46,1,1,0
BRDA:47,2,0,0
BRDA:47,2,1,0
BRDA:53,3,0,0
BRDA:53,3,1,0
BRDA:53,4,0,0
BRDA:53,4,1,0
BRDA:59,5,0,0
BRDA:59,5,1,0
BRDA:59,6,0,0
BRDA:59,6,1,0
BRDA:81,7,0,0
BRDA:81,7,1,0
BRDA:88,8,0,0
BRDA:88,8,1,0
BRDA:89,9,0,0
BRDA:89,9,1,0
BRDA:103,10,0,0
BRDA:103,10,1,0
BRF:22
BRH:0
end_of_record
TN:
SF:src/utils/Logger.js
FN:21,(anonymous_0)
FN:32,(anonymous_1)
FN:40,(anonymous_2)
FN:55,(anonymous_3)
FN:64,(anonymous_4)
FN:82,(anonymous_5)
FN:94,(anonymous_6)
FN:106,(anonymous_7)
FN:118,(anonymous_8)
FN:130,(anonymous_9)
FN:137,(anonymous_10)
FN:145,(anonymous_11)
FNF:12
FNH:0
FNDA:0,(anonymous_0)
FNDA:0,(anonymous_1)
FNDA:0,(anonymous_2)
FNDA:0,(anonymous_3)
FNDA:0,(anonymous_4)
FNDA:0,(anonymous_5)
FNDA:0,(anonymous_6)
FNDA:0,(anonymous_7)
FNDA:0,(anonymous_8)
FNDA:0,(anonymous_9)
FNDA:0,(anonymous_10)
FNDA:0,(anonymous_11)
DA:8,0
DA:22,0
DA:23,0
DA:24,0
DA:25,0
DA:33,0
DA:41,0
DA:42,0
DA:43,0
DA:44,0
DA:45,0
DA:46,0
DA:56,0
DA:65,0
DA:73,0
DA:74,0
DA:83,0
DA:84,0
DA:85,0
DA:86,0
DA:95,0
DA:96,0
DA:97,0
DA:98,0
DA:107,0
DA:108,0
DA:109,0
DA:110,0
DA:119,0
DA:120,0
DA:121,0
DA:122,0
DA:131,0
DA:138,0
DA:146,0
DA:151,0
LF:36
LH:0
BRDA:21,0,0,0
BRDA:21,1,0,0
BRDA:73,2,0,0
BRDA:73,2,1,0
BRDA:83,3,0,0
BRDA:83,3,1,0
BRDA:95,4,0,0
BRDA:95,4,1,0
BRDA:107,5,0,0
BRDA:107,5,1,0
BRDA:119,6,0,0
BRDA:119,6,1,0
BRF:12
BRH:0
end_of_record
TN:
SF:src/utils/Vector2.js
FN:14,(anonymous_0)
FN:25,(anonymous_1)
FN:36,(anonymous_2)
FN:46,(anonymous_3)
FN:55,(anonymous_4)
FN:66,(anonymous_5)
FN:77,(anonymous_6)
FN:88,(anonymous_7)
FN:100,(anonymous_8)
FN:108,(anonymous_9)
FN:116,(anonymous_10)
FN:130,(anonymous_11)
FN:139,(anonymous_12)
FN:150,(anonymous_13)
FN:161,(anonymous_14)
FN:177,(anonymous_15)
FN:189,(anonymous_16)
FN:202,(anonymous_17)
FN:215,(anonymous_18)
FN:227,(anonymous_19)
FN:239,(anonymous_20)
FN:249,(anonymous_21)
FN:257,(anonymous_22)
FN:265,(anonymous_23)
FN:273,(anonymous_24)
FNF:25
FNH:25
FNDA:10196,(anonymous_0)
FNDA:2,(anonymous_1)
FNDA:1,(anonymous_2)
FNDA:1,(anonymous_3)
FNDA:10005,(anonymous_4)
FNDA:2,(anonymous_5)
FNDA:6,(anonymous_6)
FNDA:4,(anonymous_7)
FNDA:10017,(anonymous_8)
FNDA:2,(anonymous_9)
FNDA:10006,(anonymous_10)
FNDA:3,(anonymous_11)
FNDA:2,(anonymous_12)
FNDA:1,(anonymous_13)
FNDA:6,(anonymous_14)
FNDA:5,(anonymous_15)
FNDA:5,(anonymous_16)
FNDA:10001,(anonymous_17)
FNDA:1,(anonymous_18)
FNDA:1,(anonymous_19)
FNDA:1,(anonymous_20)
FNDA:1,(anonymous_21)
FNDA:1,(anonymous_22)
FNDA:1,(anonymous_23)
FNDA:1,(anonymous_24)
DA:15,10196
DA:16,10196
DA:26,2
DA:27,2
DA:28,2
DA:37,1
DA:38,1
DA:39,1
DA:47,1
DA:56,10005
DA:57,10005
DA:58,10005
DA:67,2
DA:68,2
DA:69,2
DA:78,6
DA:79,6
DA:80,6
DA:89,4
DA:90,3
DA:91,3
DA:93,4
DA:101,10017
DA:109,2
DA:117,10006
DA:118,10006
DA:119,10005
DA:120,10005
DA:122,10006
DA:131,3
DA:140,2
DA:141,2
DA:142,2
DA:151,1
DA:152,1
DA:153,1
DA:162,6
DA:163,6
DA:164,6
DA:165,6
DA:166,6
DA:167,6
DA:168,6
DA:178,5
DA:179,5
DA:180,5
DA:190,5
DA:203,10001
DA:204,10001
DA:205,10001
DA:216,1
DA:217,1
DA:218,1
DA:228,1
DA:229,1
DA:230,1
DA:240,1
DA:241,1
DA:242,1
DA:250,1
DA:258,1
DA:266,1
DA:274,1
LF:63
LH:63
BRDA:14,0,0,6
BRDA:14,1,0,6
BRDA:89,2,0,3
BRDA:89,2,1,1
BRDA:118,3,0,10005
BRDA:118,3,1,1
BRDA:189,4,0,3
BRDA:190,5,0,5
BRDA:190,5,1,4
BRF:9
BRH:9
end_of_record
