TN:
SF:src/engine/Engine.js
FN:16,(anonymous_0)
FN:44,(anonymous_1)
FN:56,(anonymous_2)
FN:61,(anonymous_3)
FN:72,(anonymous_4)
FN:75,(anonymous_5)
FN:80,(anonymous_6)
FN:107,(anonymous_7)
FN:110,(anonymous_8)
FN:114,(anonymous_9)
FN:118,(anonymous_10)
FN:122,(anonymous_11)
FN:126,(anonymous_12)
FN:130,(anonymous_13)
FN:134,(anonymous_14)
FN:138,(anonymous_15)
FN:142,(anonymous_16)
FN:146,(anonymous_17)
FNF:18
FNH:0
FNDA:0,(anonymous_0)
FNDA:0,(anonymous_1)
FNDA:0,(anonymous_2)
FNDA:0,(anonymous_3)
FNDA:0,(anonymous_4)
FNDA:0,(anonymous_5)
FNDA:0,(anonymous_6)
FNDA:0,(anonymous_7)
FNDA:0,(anonymous_8)
FNDA:0,(anonymous_9)
FNDA:0,(anonymous_10)
FNDA:0,(anonymous_11)
FNDA:0,(anonymous_12)
FNDA:0,(anonymous_13)
FNDA:0,(anonymous_14)
FNDA:0,(anonymous_15)
FNDA:0,(anonymous_16)
FNDA:0,(anonymous_17)
DA:17,0
DA:18,0
DA:19,0
DA:20,0
DA:21,0
DA:22,0
DA:23,0
DA:24,0
DA:27,0
DA:28,0
DA:29,0
DA:30,0
DA:37,0
DA:38,0
DA:39,0
DA:41,0
DA:45,0
DA:48,0
DA:51,0
DA:53,0
DA:57,0
DA:58,0
DA:62,0
DA:63,0
DA:64,0
DA:67,0
DA:68,0
DA:69,0
DA:72,0
DA:76,0
DA:77,0
DA:81,0
DA:82,0
DA:86,0
DA:87,0
DA:90,0
DA:91,0
DA:92,0
DA:93,0
DA:94,0
DA:98,0
DA:101,0
DA:104,0
DA:107,0
DA:111,0
DA:115,0
DA:119,0
DA:123,0
DA:127,0
DA:131,0
DA:135,0
DA:139,0
DA:143,0
DA:147,0
DA:148,0
DA:149,0
DA:150,0
DA:151,0
LF:58
LH:0
BRDA:62,0,0,0
BRDA:62,0,1,0
BRDA:81,1,0,0
BRDA:81,1,1,0
BRDA:91,2,0,0
BRDA:91,2,1,0
BRF:6
BRH:0
end_of_record
TN:
SF:src/engine/assets/AssetManager.js
FN:6,(anonymous_0)
FN:12,(anonymous_1)
FN:17,(anonymous_2)
FN:38,(anonymous_3)
FN:43,(anonymous_4)
FN:53,(anonymous_5)
FNF:6
FNH:0
FNDA:0,(anonymous_0)
FNDA:0,(anonymous_1)
FNDA:0,(anonymous_2)
FNDA:0,(anonymous_3)
FNDA:0,(anonymous_4)
FNDA:0,(anonymous_5)
DA:7,0
DA:8,0
DA:9,0
DA:13,0
DA:14,0
DA:18,0
DA:19,0
DA:20,0
DA:21,0
DA:24,0
DA:25,0
DA:28,0
DA:29,0
DA:31,0
DA:32,0
DA:34,0
DA:35,0
DA:40,0
DA:44,0
DA:45,0
DA:46,0
DA:47,0
DA:48,0
DA:54,0
DA:55,0
LF:25
LH:0
BRDA:18,0,0,0
BRDA:18,0,1,0
BRDA:24,1,0,0
BRDA:24,1,1,0
BRDA:45,2,0,0
BRDA:45,2,1,0
BRDA:47,3,0,0
BRDA:47,3,1,0
BRDA:55,4,0,0
BRDA:55,4,1,0
BRF:10
BRH:0
end_of_record
TN:
SF:src/engine/audio/AdaptiveMusic.js
FN:6,(anonymous_0)
FN:12,(anonymous_1)
FN:17,(anonymous_2)
FNF:3
FNH:0
FNDA:0,(anonymous_0)
FNDA:0,(anonymous_1)
FNDA:0,(anonymous_2)
DA:7,0
DA:8,0
DA:9,0
DA:13,0
LF:4
LH:0
BRF:0
BRH:0
end_of_record
TN:
SF:src/engine/audio/AudioManager.js
FN:6,(anonymous_0)
FN:14,(anonymous_1)
FN:21,(anonymous_2)
FN:28,(anonymous_3)
FN:35,(anonymous_4)
FN:41,(anonymous_5)
FN:47,(anonymous_6)
FNF:7
FNH:0
FNDA:0,(anonymous_0)
FNDA:0,(anonymous_1)
FNDA:0,(anonymous_2)
FNDA:0,(anonymous_3)
FNDA:0,(anonymous_4)
FNDA:0,(anonymous_5)
FNDA:0,(anonymous_6)
DA:7,0
DA:8,0
DA:9,0
DA:10,0
DA:11,0
DA:15,0
DA:16,0
DA:17,0
DA:18,0
DA:22,0
DA:23,0
DA:29,0
DA:30,0
DA:36,0
DA:37,0
DA:42,0
DA:43,0
DA:48,0
DA:49,0
LF:19
LH:0
BRDA:15,0,0,0
BRDA:15,0,1,0
BRDA:21,1,0,0
BRDA:22,2,0,0
BRDA:22,2,1,0
BRDA:29,3,0,0
BRDA:29,3,1,0
BRDA:36,4,0,0
BRDA:36,4,1,0
BRDA:42,5,0,0
BRDA:42,5,1,0
BRDA:48,6,0,0
BRDA:48,6,1,0
BRF:13
BRH:0
end_of_record
TN:
SF:src/engine/ecs/Component.js
FN:21,(anonymous_0)
FN:29,(anonymous_1)
FN:43,(anonymous_2)
FN:55,(anonymous_3)
FN:66,(anonymous_4)
FN:83,(anonymous_5)
FN:98,(anonymous_6)
FN:110,(anonymous_7)
FNF:8
FNH:0
FNDA:0,(anonymous_0)
FNDA:0,(anonymous_1)
FNDA:0,(anonymous_2)
FNDA:0,(anonymous_3)
FNDA:0,(anonymous_4)
FNDA:0,(anonymous_5)
FNDA:0,(anonymous_6)
FNDA:0,(anonymous_7)
DA:22,0
DA:30,0
DA:44,0
DA:45,0
DA:46,0
DA:47,0
DA:56,0
DA:57,0
DA:58,0
DA:67,0
DA:68,0
DA:69,0
DA:70,0
DA:71,0
DA:72,0
DA:73,0
DA:74,0
DA:75,0
DA:84,0
DA:85,0
DA:86,0
DA:87,0
DA:88,0
DA:89,0
DA:90,0
DA:99,0
DA:100,0
DA:101,0
DA:102,0
DA:111,0
DA:112,0
DA:113,0
LF:32
LH:0
BRDA:43,0,0,0
BRDA:43,1,0,0
BRDA:43,2,0,0
BRDA:55,3,0,0
BRDA:55,4,0,0
BRDA:66,5,0,0
BRDA:83,6,0,0
BRDA:83,7,0,0
BRDA:83,8,0,0
BRDA:83,9,0,0
BRDA:98,10,0,0
BRDA:98,11,0,0
BRDA:110,12,0,0
BRDA:110,13,0,0
BRF:14
BRH:0
end_of_record
TN:
SF:src/engine/ecs/ComponentRegistry.js
FN:16,(anonymous_0)
FN:28,(anonymous_1)
FN:56,(anonymous_2)
FN:80,(anonymous_3)
FN:91,(anonymous_4)
FN:101,(anonymous_5)
FN:116,(anonymous_6)
FN:182,(anonymous_7)
FN:209,(anonymous_8)
FN:221,(anonymous_9)
FN:234,(anonymous_10)
FN:242,(anonymous_11)
FN:251,(anonymous_12)
FNF:13
FNH:13
FNDA:63,(anonymous_0)
FNDA:3895,(anonymous_1)
FNDA:7,(anonymous_2)
FNDA:126,(anonymous_3)
FNDA:40,(anonymous_4)
FNDA:2,(anonymous_5)
FNDA:118,(anonymous_6)
FNDA:4,(anonymous_7)
FNDA:1,(anonymous_8)
FNDA:2,(anonymous_9)
FNDA:3,(anonymous_10)
FNDA:1,(anonymous_11)
FNDA:2,(anonymous_12)
DA:17,63
DA:18,63
DA:19,63
DA:29,3895
DA:30,1
DA:33,3894
DA:36,3894
DA:37,50
DA:41,3894
DA:44,3894
DA:47,3894
DA:57,7
DA:58,7
DA:59,1
DA:62,6
DA:63,6
DA:65,6
DA:68,6
DA:71,6
DA:81,126
DA:82,126
DA:92,40
DA:93,40
DA:102,2
DA:117,118
DA:118,34
DA:122,84
DA:123,84
DA:124,69
DA:128,15
DA:129,15
DA:131,15
DA:132,6
DA:133,6
DA:134,3
DA:135,3
DA:140,15
DA:141,1
DA:142,1
DA:146,14
DA:147,14
DA:149,14
DA:151,2031
DA:152,1
DA:156,2030
DA:157,2030
DA:158,2060
DA:159,2030
DA:161,30
DA:162,0
DA:163,0
DA:167,2030
DA:168,2030
DA:173,14
DA:174,14
DA:183,4
DA:184,1
DA:187,3
DA:189,3
DA:190,6
DA:191,6
DA:192,6
DA:193,6
DA:194,5
DA:200,3
DA:210,1
DA:212,1
DA:213,3
DA:222,2
DA:223,2
DA:224,3
DA:226,2
DA:235,3
DA:236,3
DA:243,1
DA:244,1
DA:252,2
LF:77
LH:75
BRDA:29,0,0,1
BRDA:29,0,1,3894
BRDA:36,1,0,50
BRDA:36,1,1,3844
BRDA:58,2,0,1
BRDA:58,2,1,6
BRDA:63,3,0,6
BRDA:63,3,1,0
BRDA:82,4,0,125
BRDA:82,4,1,1
BRDA:93,5,0,39
BRDA:93,5,1,1
BRDA:102,6,0,2
BRDA:102,6,1,1
BRDA:117,7,0,34
BRDA:117,7,1,84
BRDA:123,8,0,69
BRDA:123,8,1,15
BRDA:129,9,0,15
BRDA:129,9,1,1
BRDA:132,10,0,6
BRDA:132,10,1,0
BRDA:133,11,0,3
BRDA:133,11,1,3
BRDA:140,12,0,1
BRDA:140,12,1,14
BRDA:151,13,0,1
BRDA:151,13,1,2030
BRDA:158,14,0,2030
BRDA:158,14,1,30
BRDA:161,15,0,0
BRDA:161,15,1,30
BRDA:167,16,0,2030
BRDA:167,16,1,0
BRDA:183,17,0,1
BRDA:183,17,1,3
BRDA:191,18,0,6
BRDA:191,18,1,0
BRDA:193,19,0,5
BRDA:193,19,1,1
BRDA:236,20,0,2
BRDA:236,20,1,1
BRF:42
BRH:37
end_of_record
TN:
SF:src/engine/ecs/Entity.js
FN:13,(anonymous_0)
FN:25,(anonymous_1)
FN:33,(anonymous_2)
FN:40,(anonymous_3)
FN:47,(anonymous_4)
FN:55,(anonymous_5)
FNF:6
FNH:0
FNDA:0,(anonymous_0)
FNDA:0,(anonymous_1)
FNDA:0,(anonymous_2)
FNDA:0,(anonymous_3)
FNDA:0,(anonymous_4)
FNDA:0,(anonymous_5)
DA:14,0
DA:15,0
DA:16,0
DA:26,0
DA:34,0
DA:41,0
DA:48,0
DA:56,0
LF:8
LH:0
BRF:0
BRH:0
end_of_record
TN:
SF:src/engine/ecs/EntityManager.js
FN:9,(anonymous_0)
FN:23,(anonymous_1)
FN:59,(anonymous_2)
FN:90,(anonymous_3)
FN:98,(anonymous_4)
FN:113,(anonymous_5)
FN:135,(anonymous_6)
FN:165,(anonymous_7)
FN:174,(anonymous_8)
FN:185,(anonymous_9)
FN:197,(anonymous_10)
FN:207,(anonymous_11)
FN:219,(anonymous_12)
FN:231,(anonymous_13)
FN:240,(anonymous_14)
FN:248,(anonymous_15)
FN:261,(anonymous_16)
FNF:17
FNH:17
FNDA:95,(anonymous_0)
FNDA:6811,(anonymous_1)
FNDA:1008,(anonymous_2)
FNDA:3899,(anonymous_3)
FNDA:36,(anonymous_4)
FNDA:13,(anonymous_5)
FNDA:3,(anonymous_6)
FNDA:4,(anonymous_7)
FNDA:2,(anonymous_8)
FNDA:8,(anonymous_9)
FNDA:2041,(anonymous_10)
FNDA:3899,(anonymous_11)
FNDA:7,(anonymous_12)
FNDA:7,(anonymous_13)
FNDA:5,(anonymous_14)
FNDA:2,(anonymous_15)
FNDA:3,(anonymous_16)
DA:10,95
DA:11,95
DA:12,95
DA:13,95
DA:27,6811
DA:28,3
DA:30,6808
DA:34,6811
DA:42,6811
DA:43,112
DA:44,10
DA:46,112
DA:49,6811
DA:60,1008
DA:61,1008
DA:62,1
DA:66,1007
DA:67,1
DA:68,1
DA:69,1
DA:70,1
DA:71,1
DA:77,1007
DA:80,1007
DA:82,1007
DA:91,3899
DA:99,36
DA:100,36
DA:101,8
DA:102,7
DA:105,36
DA:114,13
DA:115,13
DA:116,7
DA:120,6
DA:121,6
DA:122,107
DA:123,107
DA:124,106
DA:127,6
DA:136,3
DA:137,3
DA:138,1
DA:142,2
DA:143,1
DA:144,1
DA:145,1
DA:146,1
DA:147,1
DA:153,2
DA:154,2
DA:155,2
DA:157,2
DA:166,4
DA:167,4
DA:175,2
DA:176,2
DA:177,1
DA:186,8
DA:187,8
DA:188,8
DA:198,2041
DA:199,2041
DA:208,3899
DA:209,3899
DA:210,3899
DA:220,7
DA:221,7
DA:222,7
DA:232,7
DA:233,7
DA:241,5
DA:249,2
DA:250,2
DA:251,6
DA:252,4
DA:255,2
DA:262,3
DA:263,3
DA:264,3
DA:265,3
LF:81
LH:81
BRDA:23,0,0,5799
BRDA:27,1,0,3
BRDA:27,1,1,6808
BRDA:42,2,0,112
BRDA:42,2,1,6699
BRDA:43,3,0,10
BRDA:43,3,1,102
BRDA:61,4,0,1
BRDA:61,4,1,1007
BRDA:66,5,0,1
BRDA:66,5,1,1006
BRDA:68,6,0,1
BRDA:68,6,1,0
BRDA:70,7,0,1
BRDA:70,7,1,0
BRDA:101,8,0,7
BRDA:101,8,1,1
BRDA:115,9,0,7
BRDA:115,9,1,6
BRDA:123,10,0,106
BRDA:123,10,1,1
BRDA:123,11,0,107
BRDA:123,11,1,107
BRDA:137,12,0,1
BRDA:137,12,1,2
BRDA:142,13,0,1
BRDA:142,13,1,1
BRDA:144,14,0,1
BRDA:144,14,1,0
BRDA:146,15,0,1
BRDA:146,15,1,0
BRDA:154,16,0,2
BRDA:154,16,1,0
BRDA:167,17,0,4
BRDA:167,17,1,0
BRDA:176,18,0,1
BRDA:176,18,1,1
BRDA:187,19,0,8
BRDA:187,19,1,0
BRDA:199,20,0,2040
BRDA:199,20,1,1
BRDA:209,21,0,3899
BRDA:209,21,1,0
BRDA:221,22,0,7
BRDA:221,22,1,0
BRDA:233,23,0,6
BRDA:233,23,1,1
BRDA:251,24,0,4
BRDA:251,24,1,2
BRF:49
BRH:40
end_of_record
TN:
SF:src/engine/ecs/System.js
FN:30,(anonymous_0)
FN:42,(anonymous_1)
FN:53,(anonymous_2)
FN:61,(anonymous_3)
FN:71,(anonymous_4)
FN:81,(anonymous_5)
FN:88,(anonymous_6)
FN:95,(anonymous_7)
FN:103,(anonymous_8)
FN:111,(anonymous_9)
FN:119,(anonymous_10)
FN:127,(anonymous_11)
FNF:12
FNH:0
FNDA:0,(anonymous_0)
FNDA:0,(anonymous_1)
FNDA:0,(anonymous_2)
FNDA:0,(anonymous_3)
FNDA:0,(anonymous_4)
FNDA:0,(anonymous_5)
FNDA:0,(anonymous_6)
FNDA:0,(anonymous_7)
FNDA:0,(anonymous_8)
FNDA:0,(anonymous_9)
FNDA:0,(anonymous_10)
FNDA:0,(anonymous_11)
DA:31,0
DA:32,0
DA:33,0
DA:34,0
DA:35,0
DA:72,0
DA:82,0
DA:89,0
DA:96,0
DA:104,0
DA:112,0
DA:120,0
DA:128,0
LF:13
LH:0
BRDA:30,0,0,0
BRF:1
BRH:0
end_of_record
TN:
SF:src/engine/ecs/SystemManager.js
FN:15,(anonymous_0)
FN:31,(anonymous_1)
FN:50,(anonymous_2)
FN:61,(anonymous_3)
FN:87,(anonymous_4)
FN:99,(anonymous_5)
FN:120,(anonymous_6)
FN:130,(anonymous_7)
FN:141,(anonymous_8)
FN:155,(anonymous_9)
FN:168,(anonymous_10)
FN:176,(anonymous_11)
FN:184,(anonymous_12)
FNF:13
FNH:13
FNDA:30,(anonymous_0)
FNDA:169,(anonymous_1)
FNDA:5265,(anonymous_2)
FNDA:3,(anonymous_3)
FNDA:4,(anonymous_4)
FNDA:73,(anonymous_5)
FNDA:1,(anonymous_6)
FNDA:1,(anonymous_7)
FNDA:2,(anonymous_8)
FNDA:4,(anonymous_9)
FNDA:1,(anonymous_10)
FNDA:5,(anonymous_11)
FNDA:2,(anonymous_12)
DA:16,30
DA:17,30
DA:18,30
DA:19,30
DA:20,30
DA:33,169
DA:34,1
DA:38,168
DA:39,168
DA:42,168
DA:45,168
DA:46,167
DA:50,5265
DA:53,168
DA:62,3
DA:63,3
DA:64,1
DA:68,2
DA:71,2
DA:72,2
DA:73,2
DA:77,2
DA:79,2
DA:88,4
DA:100,73
DA:101,105
DA:104,105
DA:105,1
DA:109,104
DA:112,104
DA:121,1
DA:122,2
DA:131,1
DA:132,2
DA:142,2
DA:143,2
DA:144,1
DA:145,1
DA:147,1
DA:156,4
DA:157,4
DA:158,3
DA:159,3
DA:161,1
DA:169,1
DA:177,5
DA:185,2
DA:186,2
DA:187,6
DA:188,4
DA:191,2
LF:51
LH:51
BRDA:31,0,0,1
BRDA:33,1,0,1
BRDA:33,1,1,168
BRDA:33,2,0,169
BRDA:33,2,1,168
BRDA:45,3,0,167
BRDA:45,3,1,1
BRDA:63,4,0,1
BRDA:63,4,1,2
BRDA:72,5,0,2
BRDA:72,5,1,0
BRDA:104,6,0,1
BRDA:104,6,1,104
BRDA:143,7,0,1
BRDA:143,7,1,1
BRDA:157,8,0,3
BRDA:157,8,1,1
BRDA:187,9,0,4
BRDA:187,9,1,2
BRF:19
BRH:18
end_of_record
TN:
SF:src/engine/events/EventBus.js
FN:19,(anonymous_0)
FN:34,(anonymous_1)
FN:39,(anonymous_2)
FN:41,(anonymous_3)
FN:59,(anonymous_4)
FN:62,(anonymous_5)
FN:78,(anonymous_6)
FN:84,(anonymous_7)
FN:98,(anonymous_8)
FN:101,(anonymous_9)
FN:116,(anonymous_10)
FN:150,(anonymous_11)
FN:158,(anonymous_12)
FN:184,(anonymous_13)
FN:208,(anonymous_14)
FN:223,(anonymous_15)
FN:232,(anonymous_16)
FN:240,(anonymous_17)
FN:252,(anonymous_18)
FNF:19
FNH:19
FNDA:72,(anonymous_0)
FNDA:152,(anonymous_1)
FNDA:1,(anonymous_2)
FNDA:1,(anonymous_3)
FNDA:4966,(anonymous_4)
FNDA:4,(anonymous_5)
FNDA:4,(anonymous_6)
FNDA:3,(anonymous_7)
FNDA:3,(anonymous_8)
FNDA:2,(anonymous_9)
FNDA:2141,(anonymous_10)
FNDA:1012,(anonymous_11)
FNDA:7,(anonymous_12)
FNDA:110,(anonymous_13)
FNDA:4,(anonymous_14)
FNDA:2,(anonymous_15)
FNDA:2,(anonymous_16)
FNDA:1,(anonymous_17)
FNDA:4,(anonymous_18)
DA:20,72
DA:21,72
DA:22,72
DA:23,72
DA:36,152
DA:37,9
DA:38,9
DA:39,9
DA:41,9
DA:42,1
DA:43,1
DA:44,1
DA:50,143
DA:51,33
DA:54,143
DA:55,143
DA:56,143
DA:59,4966
DA:62,143
DA:63,4
DA:64,4
DA:65,4
DA:66,4
DA:67,4
DA:79,4
DA:80,4
DA:81,1
DA:84,3
DA:85,3
DA:86,2
DA:99,3
DA:102,2
DA:103,2
DA:108,3
DA:118,2141
DA:119,2141
DA:120,2025
DA:121,2128
DA:122,2128
DA:123,2128
DA:125,2
DA:131,2141
DA:132,110
DA:133,110
DA:134,106
DA:135,106
DA:137,0
DA:151,1012
DA:159,7
DA:160,1
DA:163,6
DA:166,6
DA:167,6
DA:170,6
DA:171,1006
DA:172,1006
DA:175,6
DA:185,110
DA:186,110
DA:188,110
DA:189,2
DA:192,108
DA:193,218
DA:194,107
DA:196,111
DA:197,2
DA:201,106
DA:209,4
DA:210,1
DA:212,3
DA:213,3
DA:214,3
DA:224,2
DA:225,2
DA:233,2
DA:241,1
DA:242,1
DA:243,2
DA:245,1
DA:253,4
DA:258,2
LF:81
LH:80
BRDA:34,0,0,141
BRDA:34,1,0,142
BRDA:36,2,0,9
BRDA:36,2,1,143
BRDA:43,3,0,1
BRDA:43,3,1,0
BRDA:50,4,0,33
BRDA:50,4,1,110
BRDA:64,5,0,4
BRDA:64,5,1,0
BRDA:66,6,0,4
BRDA:66,6,1,0
BRDA:80,7,0,1
BRDA:80,7,1,3
BRDA:85,8,0,2
BRDA:85,8,1,1
BRDA:98,9,0,2
BRDA:98,10,0,3
BRDA:116,11,0,121
BRDA:119,12,0,2025
BRDA:119,12,1,116
BRDA:133,13,0,106
BRDA:133,13,1,4
BRDA:150,14,0,6
BRDA:159,15,0,1
BRDA:159,15,1,6
BRDA:188,16,0,2
BRDA:188,16,1,108
BRDA:193,17,0,107
BRDA:193,17,1,111
BRDA:196,18,0,2
BRDA:196,18,1,109
BRDA:208,19,0,3
BRDA:209,20,0,1
BRDA:209,20,1,3
BRDA:225,21,0,1
BRDA:225,21,1,1
BRF:37
BRH:34
end_of_record
TN:
SF:src/engine/physics/CollisionSystem.js
FN:10,(anonymous_0)
FN:16,(anonymous_1)
FN:59,(anonymous_2)
FN:68,(anonymous_3)
FN:75,(anonymous_4)
FNF:5
FNH:0
FNDA:0,(anonymous_0)
FNDA:0,(anonymous_1)
FNDA:0,(anonymous_2)
FNDA:0,(anonymous_3)
FNDA:0,(anonymous_4)
DA:11,0
DA:12,0
DA:13,0
DA:17,0
DA:19,0
DA:20,0
DA:21,0
DA:23,0
DA:24,0
DA:25,0
DA:26,0
DA:31,0
DA:33,0
DA:34,0
DA:35,0
DA:37,0
DA:43,0
DA:44,0
DA:45,0
DA:48,0
DA:49,0
DA:51,0
DA:52,0
DA:53,0
DA:60,0
DA:61,0
DA:62,0
DA:63,0
DA:65,0
DA:69,0
DA:76,0
DA:77,0
DA:78,0
DA:79,0
DA:80,0
LF:35
LH:0
BRDA:23,0,0,0
BRDA:23,0,1,0
BRDA:25,1,0,0
BRDA:25,1,1,0
BRDA:39,2,0,0
BRDA:39,2,1,0
BRDA:40,3,0,0
BRDA:40,3,1,0
BRDA:44,4,0,0
BRDA:44,4,1,0
BRDA:44,5,0,0
BRDA:44,5,1,0
BRDA:51,6,0,0
BRDA:51,6,1,0
BRDA:60,7,0,0
BRDA:60,7,1,0
BRDA:60,8,0,0
BRDA:60,8,1,0
BRDA:62,9,0,0
BRDA:62,9,1,0
BRDA:62,10,0,0
BRDA:62,10,1,0
BRDA:69,11,0,0
BRDA:69,11,1,0
BRDA:69,11,2,0
BRDA:69,11,3,0
BRF:26
BRH:0
end_of_record
TN:
SF:src/engine/physics/SpatialHash.js
FN:7,(anonymous_0)
FN:12,(anonymous_1)
FN:16,(anonymous_2)
FN:22,(anonymous_3)
FN:39,(anonymous_4)
FN:51,(anonymous_5)
FNF:6
FNH:6
FNDA:36,(anonymous_0)
FNDA:3,(anonymous_1)
FNDA:10,(anonymous_2)
FNDA:3351,(anonymous_3)
FNDA:128,(anonymous_4)
FNDA:1500,(anonymous_5)
DA:8,36
DA:9,36
DA:13,3
DA:17,10
DA:18,10
DA:19,10
DA:23,3351
DA:24,3351
DA:25,3351
DA:26,3351
DA:28,3351
DA:29,4214
DA:30,5571
DA:31,5571
DA:32,1527
DA:34,5571
DA:40,128
DA:41,128
DA:42,128
DA:43,128
DA:44,128
DA:46,128
DA:47,312
DA:48,812
DA:49,812
DA:50,812
DA:51,1500
DA:56,128
LF:28
LH:28
BRDA:7,0,0,1
BRDA:31,1,0,1527
BRDA:31,1,1,4044
BRDA:50,2,0,491
BRDA:50,2,1,321
BRF:5
BRH:5
end_of_record
TN:
SF:src/engine/physics/TriggerSystem.js
FN:9,(anonymous_0)
FN:14,(anonymous_1)
FNF:2
FNH:0
FNDA:0,(anonymous_0)
FNDA:0,(anonymous_1)
DA:10,0
DA:11,0
DA:15,0
DA:17,0
DA:18,0
DA:19,0
DA:21,0
DA:22,0
DA:23,0
DA:26,0
DA:27,0
DA:29,0
DA:30,0
LF:13
LH:0
BRDA:22,0,0,0
BRDA:22,0,1,0
BRDA:29,1,0,0
BRDA:29,1,1,0
BRF:4
BRH:0
end_of_record
TN:
SF:src/engine/renderer/Camera.js
FN:6,(anonymous_0)
FN:20,(anonymous_1)
FN:25,(anonymous_2)
FN:45,(anonymous_3)
FN:49,(anonymous_4)
FN:56,(anonymous_5)
FN:63,(anonymous_6)
FNF:7
FNH:0
FNDA:0,(anonymous_0)
FNDA:0,(anonymous_1)
FNDA:0,(anonymous_2)
FNDA:0,(anonymous_3)
FNDA:0,(anonymous_4)
FNDA:0,(anonymous_5)
FNDA:0,(anonymous_6)
DA:7,0
DA:8,0
DA:9,0
DA:10,0
DA:11,0
DA:12,0
DA:13,0
DA:14,0
DA:15,0
DA:16,0
DA:17,0
DA:21,0
DA:22,0
DA:26,0
DA:27,0
DA:28,0
DA:29,0
DA:30,0
DA:34,0
DA:35,0
DA:36,0
DA:37,0
DA:39,0
DA:40,0
DA:41,0
DA:46,0
DA:50,0
DA:57,0
DA:64,0
LF:29
LH:0
BRDA:6,0,0,0
BRDA:6,1,0,0
BRDA:6,2,0,0
BRDA:6,3,0,0
BRDA:20,4,0,0
BRDA:26,5,0,0
BRDA:26,5,1,0
BRDA:26,6,0,0
BRDA:26,6,1,0
BRDA:28,7,0,0
BRDA:28,7,1,0
BRDA:34,8,0,0
BRDA:34,8,1,0
BRDA:45,9,0,0
BRDA:63,10,0,0
BRDA:64,11,0,0
BRDA:64,11,1,0
BRDA:64,11,2,0
BRDA:64,11,3,0
BRF:19
BRH:0
end_of_record
TN:
SF:src/engine/renderer/Layer.js
FN:6,(anonymous_0)
FN:20,(anonymous_1)
FN:24,(anonymous_2)
FN:28,(anonymous_3)
FN:32,(anonymous_4)
FNF:5
FNH:0
FNDA:0,(anonymous_0)
FNDA:0,(anonymous_1)
FNDA:0,(anonymous_2)
FNDA:0,(anonymous_3)
FNDA:0,(anonymous_4)
DA:7,0
DA:8,0
DA:9,0
DA:10,0
DA:11,0
DA:12,0
DA:13,0
DA:14,0
DA:15,0
DA:16,0
DA:17,0
DA:21,0
DA:25,0
DA:29,0
DA:33,0
LF:15
LH:0
BRDA:6,0,0,0
BRF:1
BRH:0
end_of_record
TN:
SF:src/engine/renderer/ObjectPool.js
FN:7,(anonymous_0)
FN:17,(anonymous_1)
FN:23,(anonymous_2)
FN:33,(anonymous_3)
FN:38,(anonymous_4)
FN:42,(anonymous_5)
FNF:6
FNH:0
FNDA:0,(anonymous_0)
FNDA:0,(anonymous_1)
FNDA:0,(anonymous_2)
FNDA:0,(anonymous_3)
FNDA:0,(anonymous_4)
FNDA:0,(anonymous_5)
DA:8,0
DA:9,0
DA:10,0
DA:12,0
DA:13,0
DA:18,0
DA:19,0
DA:20,0
DA:24,0
DA:25,0
DA:26,0
DA:27,0
DA:29,0
DA:34,0
DA:35,0
DA:39,0
DA:43,0
LF:17
LH:0
BRDA:7,0,0,0
BRDA:18,1,0,0
BRDA:18,1,1,0
BRDA:24,2,0,0
BRDA:24,2,1,0
BRDA:26,3,0,0
BRDA:26,3,1,0
BRF:7
BRH:0
end_of_record
TN:
SF:src/engine/renderer/Renderer.js
FN:10,(anonymous_0)
FN:20,(anonymous_1)
FN:29,(anonymous_2)
FN:35,(anonymous_3)
FN:39,(anonymous_4)
FN:42,(anonymous_5)
FN:55,(anonymous_6)
FNF:7
FNH:0
FNDA:0,(anonymous_0)
FNDA:0,(anonymous_1)
FNDA:0,(anonymous_2)
FNDA:0,(anonymous_3)
FNDA:0,(anonymous_4)
FNDA:0,(anonymous_5)
FNDA:0,(anonymous_6)
DA:11,0
DA:12,0
DA:13,0
DA:14,0
DA:15,0
DA:16,0
DA:17,0
DA:21,0
DA:29,0
DA:30,0
DA:31,0
DA:36,0
DA:40,0
DA:42,0
DA:44,0
DA:45,0
DA:46,0
DA:49,0
DA:50,0
DA:51,0
DA:56,0
DA:57,0
DA:58,0
LF:23
LH:0
BRDA:45,0,0,0
BRDA:45,0,1,0
BRF:2
BRH:0
end_of_record
TN:
SF:src/game/Game.js
FN:44,(anonymous_0)
FN:73,(anonymous_1)
FN:93,(anonymous_2)
FN:102,(anonymous_3)
FN:165,(anonymous_4)
FN:220,(anonymous_5)
FN:253,(anonymous_6)
FN:255,(anonymous_7)
FN:259,(anonymous_8)
FN:264,(anonymous_9)
FN:269,(anonymous_10)
FN:274,(anonymous_11)
FN:279,(anonymous_12)
FN:284,(anonymous_13)
FN:293,(anonymous_14)
FN:308,(anonymous_15)
FN:323,(anonymous_16)
FN:327,(anonymous_17)
FN:345,initGame
FNF:19
FNH:0
FNDA:0,(anonymous_0)
FNDA:0,(anonymous_1)
FNDA:0,(anonymous_2)
FNDA:0,(anonymous_3)
FNDA:0,(anonymous_4)
FNDA:0,(anonymous_5)
FNDA:0,(anonymous_6)
FNDA:0,(anonymous_7)
FNDA:0,(anonymous_8)
FNDA:0,(anonymous_9)
FNDA:0,(anonymous_10)
FNDA:0,(anonymous_11)
FNDA:0,(anonymous_12)
FNDA:0,(anonymous_13)
FNDA:0,(anonymous_14)
FNDA:0,(anonymous_15)
FNDA:0,(anonymous_16)
FNDA:0,(anonymous_17)
FNDA:0,initGame
DA:46,0
DA:47,0
DA:48,0
DA:49,0
DA:50,0
DA:51,0
DA:52,0
DA:55,0
DA:56,0
DA:57,0
DA:60,0
DA:74,0
DA:77,0
DA:80,0
DA:83,0
DA:85,0
DA:87,0
DA:96,0
DA:103,0
DA:106,0
DA:110,0
DA:113,0
DA:118,0
DA:121,0
DA:125,0
DA:128,0
DA:133,0
DA:136,0
DA:140,0
DA:143,0
DA:148,0
DA:152,0
DA:153,0
DA:154,0
DA:155,0
DA:156,0
DA:157,0
DA:159,0
DA:166,0
DA:169,0
DA:177,0
DA:180,0
DA:187,0
DA:188,0
DA:202,0
DA:203,0
DA:204,0
DA:205,0
DA:208,0
DA:210,0
DA:221,0
DA:222,0
DA:225,0
DA:226,0
DA:229,0
DA:237,0
DA:240,0
DA:247,0
DA:255,0
DA:256,0
DA:259,0
DA:264,0
DA:265,0
DA:269,0
DA:270,0
DA:274,0
DA:275,0
DA:279,0
DA:280,0
DA:284,0
DA:294,0
DA:300,0
DA:301,0
DA:309,0
DA:311,0
DA:312,0
DA:313,0
DA:315,0
DA:316,0
DA:324,0
DA:327,0
DA:328,0
DA:329,0
DA:334,0
DA:336,0
DA:346,0
DA:347,0
DA:348,0
LF:88
LH:0
BRDA:294,0,0,0
BRDA:294,0,1,0
BRDA:294,1,0,0
BRDA:294,1,1,0
BRDA:300,2,0,0
BRDA:300,2,1,0
BRDA:311,3,0,0
BRDA:311,3,1,0
BRDA:328,4,0,0
BRDA:328,4,1,0
BRDA:328,5,0,0
BRDA:328,5,1,0
BRF:12
BRH:0
end_of_record
TN:
SF:src/game/components/ClueData.js
FN:19,(anonymous_0)
FN:42,(anonymous_1)
FN:43,(anonymous_2)
FN:56,(anonymous_3)
FN:57,(anonymous_4)
FN:67,(anonymous_5)
FN:68,(anonymous_6)
FNF:7
FNH:0
FNDA:0,(anonymous_0)
FNDA:0,(anonymous_1)
FNDA:0,(anonymous_2)
FNDA:0,(anonymous_3)
FNDA:0,(anonymous_4)
FNDA:0,(anonymous_5)
FNDA:0,(anonymous_6)
DA:28,0
DA:29,0
DA:30,0
DA:31,0
DA:32,0
DA:33,0
DA:34,0
DA:43,0
DA:44,0
DA:57,0
DA:58,0
DA:59,0
DA:68,0
LF:13
LH:0
BRDA:19,0,0,0
BRDA:20,1,0,0
BRDA:21,2,0,0
BRDA:22,3,0,0
BRDA:23,4,0,0
BRDA:24,5,0,0
BRDA:25,6,0,0
BRDA:26,7,0,0
BRDA:42,8,0,0
BRDA:43,9,0,0
BRDA:43,9,1,0
BRDA:58,10,0,0
BRDA:58,10,1,0
BRF:13
BRH:0
end_of_record
TN:
SF:src/game/components/Collider.js
FN:18,(anonymous_0)
FN:45,(anonymous_1)
FN:73,(anonymous_2)
FNF:3
FNH:0
FNDA:0,(anonymous_0)
FNDA:0,(anonymous_1)
FNDA:0,(anonymous_2)
DA:29,0
DA:30,0
DA:31,0
DA:32,0
DA:33,0
DA:34,0
DA:35,0
DA:36,0
DA:37,0
DA:46,0
DA:47,0
DA:48,0
DA:49,0
DA:55,0
DA:56,0
DA:57,0
DA:58,0
DA:65,0
DA:74,0
LF:19
LH:0
BRDA:18,0,0,0
BRDA:19,1,0,0
BRDA:20,2,0,0
BRDA:21,3,0,0
BRDA:22,4,0,0
BRDA:23,5,0,0
BRDA:24,6,0,0
BRDA:25,7,0,0
BRDA:26,8,0,0
BRDA:27,9,0,0
BRDA:46,10,0,0
BRDA:46,10,1,0
BRDA:55,11,0,0
BRDA:55,11,1,0
BRF:14
BRH:0
end_of_record
TN:
SF:src/game/components/Evidence.js
FN:20,(anonymous_0)
FN:51,(anonymous_1)
FN:60,(anonymous_2)
FN:67,(anonymous_3)
FNF:4
FNH:0
FNDA:0,(anonymous_0)
FNDA:0,(anonymous_1)
FNDA:0,(anonymous_2)
FNDA:0,(anonymous_3)
DA:33,0
DA:34,0
DA:35,0
DA:36,0
DA:37,0
DA:38,0
DA:39,0
DA:40,0
DA:41,0
DA:42,0
DA:43,0
DA:52,0
DA:53,0
DA:54,0
DA:61,0
DA:68,0
LF:16
LH:0
BRDA:20,0,0,0
BRDA:21,1,0,0
BRDA:22,2,0,0
BRDA:23,3,0,0
BRDA:24,4,0,0
BRDA:25,5,0,0
BRDA:26,6,0,0
BRDA:27,7,0,0
BRDA:28,8,0,0
BRDA:29,9,0,0
BRDA:30,10,0,0
BRDA:31,11,0,0
BRDA:52,12,0,0
BRDA:52,12,1,0
BRDA:53,13,0,0
BRDA:53,13,1,0
BRF:16
BRH:0
end_of_record
TN:
SF:src/game/components/FactionMember.js
FN:16,(anonymous_0)
FN:35,(anonymous_1)
FN:48,(anonymous_2)
FN:60,(anonymous_3)
FN:77,(anonymous_4)
FN:84,(anonymous_5)
FN:93,(anonymous_6)
FN:101,(anonymous_7)
FNF:8
FNH:0
FNDA:0,(anonymous_0)
FNDA:0,(anonymous_1)
FNDA:0,(anonymous_2)
FNDA:0,(anonymous_3)
FNDA:0,(anonymous_4)
FNDA:0,(anonymous_5)
FNDA:0,(anonymous_6)
FNDA:0,(anonymous_7)
DA:23,0
DA:24,0
DA:25,0
DA:26,0
DA:27,0
DA:36,0
DA:37,0
DA:39,0
DA:49,0
DA:50,0
DA:51,0
DA:61,0
DA:63,0
DA:64,0
DA:65,0
DA:66,0
DA:67,0
DA:68,0
DA:70,0
DA:78,0
DA:85,0
DA:94,0
DA:102,0
LF:23
LH:0
BRDA:16,0,0,0
BRDA:17,1,0,0
BRDA:18,2,0,0
BRDA:19,3,0,0
BRDA:20,4,0,0
BRDA:21,5,0,0
BRDA:36,6,0,0
BRDA:36,6,1,0
BRDA:48,7,0,0
BRDA:48,8,0,0
BRDA:63,9,0,0
BRDA:63,9,1,0
BRDA:63,10,0,0
BRDA:63,10,1,0
BRDA:65,11,0,0
BRDA:65,11,1,0
BRDA:65,12,0,0
BRDA:65,12,1,0
BRDA:67,13,0,0
BRDA:67,13,1,0
BRF:20
BRH:0
end_of_record
TN:
SF:src/game/components/InteractionZone.js
FN:18,(anonymous_0)
FN:46,(anonymous_1)
FN:55,(anonymous_2)
FN:70,(anonymous_3)
FN:77,(anonymous_4)
FN:84,(anonymous_5)
FNF:6
FNH:0
FNDA:0,(anonymous_0)
FNDA:0,(anonymous_1)
FNDA:0,(anonymous_2)
FNDA:0,(anonymous_3)
FNDA:0,(anonymous_4)
FNDA:0,(anonymous_5)
DA:29,0
DA:30,0
DA:31,0
DA:32,0
DA:33,0
DA:34,0
DA:35,0
DA:36,0
DA:37,0
DA:47,0
DA:48,0
DA:56,0
DA:57,0
DA:60,0
DA:61,0
DA:64,0
DA:71,0
DA:78,0
DA:85,0
LF:19
LH:0
BRDA:18,0,0,0
BRDA:19,1,0,0
BRDA:20,2,0,0
BRDA:21,3,0,0
BRDA:22,4,0,0
BRDA:23,5,0,0
BRDA:24,6,0,0
BRDA:25,7,0,0
BRDA:26,8,0,0
BRDA:27,9,0,0
BRDA:56,10,0,0
BRDA:56,10,1,0
BRDA:56,11,0,0
BRDA:56,11,1,0
BRDA:56,11,2,0
BRDA:60,12,0,0
BRDA:60,12,1,0
BRF:17
BRH:0
end_of_record
TN:
SF:src/game/components/KnowledgeGate.js
FN:20,(anonymous_0)
FN:52,(anonymous_1)
FN:91,(anonymous_2)
FN:98,(anonymous_3)
FNF:4
FNH:0
FNDA:0,(anonymous_0)
FNDA:0,(anonymous_1)
FNDA:0,(anonymous_2)
FNDA:0,(anonymous_3)
DA:29,0
DA:30,0
DA:31,0
DA:37,0
DA:38,0
DA:39,0
DA:40,0
DA:54,0
DA:55,0
DA:56,0
DA:61,0
DA:62,0
DA:63,0
DA:68,0
DA:69,0
DA:70,0
DA:75,0
DA:76,0
DA:77,0
DA:78,0
DA:80,0
DA:81,0
DA:85,0
DA:92,0
DA:99,0
LF:25
LH:0
BRDA:20,0,0,0
BRDA:21,1,0,0
BRDA:22,2,0,0
BRDA:23,3,0,0
BRDA:24,4,0,0
BRDA:25,5,0,0
BRDA:26,6,0,0
BRDA:27,7,0,0
BRDA:32,8,0,0
BRDA:32,8,1,0
BRDA:33,9,0,0
BRDA:33,9,1,0
BRDA:34,10,0,0
BRDA:34,10,1,0
BRDA:35,11,0,0
BRDA:35,11,1,0
BRDA:55,12,0,0
BRDA:55,12,1,0
BRDA:62,13,0,0
BRDA:62,13,1,0
BRDA:69,14,0,0
BRDA:69,14,1,0
BRDA:76,15,0,0
BRDA:76,15,1,0
BRDA:77,16,0,0
BRDA:77,16,1,0
BRDA:77,17,0,0
BRDA:77,17,1,0
BRDA:80,18,0,0
BRDA:80,18,1,0
BRDA:80,19,0,0
BRDA:80,19,1,0
BRF:32
BRH:0
end_of_record
TN:
SF:src/game/components/PlayerController.js
FN:21,(anonymous_0)
FN:49,(anonymous_1)
FN:50,(anonymous_2)
FN:59,(anonymous_3)
FNF:4
FNH:0
FNDA:0,(anonymous_0)
FNDA:0,(anonymous_1)
FNDA:0,(anonymous_2)
FNDA:0,(anonymous_3)
DA:26,0
DA:37,0
DA:38,0
DA:39,0
DA:42,0
DA:43,0
DA:50,0
DA:51,0
DA:60,0
LF:9
LH:0
BRDA:21,0,0,0
BRDA:22,1,0,0
BRDA:23,2,0,0
BRDA:24,3,0,0
BRDA:60,4,0,0
BRDA:60,4,1,0
BRDA:60,4,2,0
BRDA:60,4,3,0
BRF:8
BRH:0
end_of_record
TN:
SF:src/game/components/Sprite.js
FN:16,(anonymous_0)
FN:39,(anonymous_1)
FN:46,(anonymous_2)
FN:54,(anonymous_3)
FNF:4
FNH:0
FNDA:0,(anonymous_0)
FNDA:0,(anonymous_1)
FNDA:0,(anonymous_2)
FNDA:0,(anonymous_3)
DA:26,0
DA:27,0
DA:28,0
DA:29,0
DA:30,0
DA:31,0
DA:32,0
DA:33,0
DA:40,0
DA:47,0
DA:55,0
LF:11
LH:0
BRDA:16,0,0,0
BRDA:17,1,0,0
BRDA:18,2,0,0
BRDA:19,3,0,0
BRDA:20,4,0,0
BRDA:21,5,0,0
BRDA:22,6,0,0
BRDA:23,7,0,0
BRDA:24,8,0,0
BRF:9
BRH:0
end_of_record
TN:
SF:src/game/components/Transform.js
FN:14,(anonymous_0)
FN:27,(anonymous_1)
FN:37,(anonymous_2)
FN:47,(anonymous_3)
FN:57,(anonymous_4)
FNF:5
FNH:0
FNDA:0,(anonymous_0)
FNDA:0,(anonymous_1)
FNDA:0,(anonymous_2)
FNDA:0,(anonymous_3)
FNDA:0,(anonymous_4)
DA:15,0
DA:16,0
DA:17,0
DA:18,0
DA:19,0
DA:28,0
DA:29,0
DA:38,0
DA:39,0
DA:48,0
DA:49,0
DA:50,0
DA:58,0
LF:13
LH:0
BRDA:14,0,0,0
BRDA:14,1,0,0
BRDA:14,2,0,0
BRDA:14,3,0,0
BRDA:14,4,0,0
BRF:5
BRH:0
end_of_record
TN:
SF:src/game/config/Controls.js
FN:42,(anonymous_0)
FN:47,(anonymous_1)
FN:58,(anonymous_2)
FN:59,(anonymous_3)
FN:60,(anonymous_4)
FN:67,(anonymous_5)
FN:81,(anonymous_6)
FN:89,(anonymous_7)
FN:91,(anonymous_8)
FN:101,(anonymous_9)
FN:110,(anonymous_10)
FN:117,(anonymous_11)
FN:119,(anonymous_12)
FN:128,(anonymous_13)
FNF:14
FNH:0
FNDA:0,(anonymous_0)
FNDA:0,(anonymous_1)
FNDA:0,(anonymous_2)
FNDA:0,(anonymous_3)
FNDA:0,(anonymous_4)
FNDA:0,(anonymous_5)
FNDA:0,(anonymous_6)
FNDA:0,(anonymous_7)
FNDA:0,(anonymous_8)
FNDA:0,(anonymous_9)
FNDA:0,(anonymous_10)
FNDA:0,(anonymous_11)
FNDA:0,(anonymous_12)
FNDA:0,(anonymous_13)
DA:8,0
DA:43,0
DA:44,0
DA:47,0
DA:48,0
DA:52,0
DA:59,0
DA:60,0
DA:69,0
DA:70,0
DA:73,0
DA:74,0
DA:82,0
DA:83,0
DA:90,0
DA:91,0
DA:92,0
DA:102,0
DA:111,0
DA:118,0
DA:119,0
DA:120,0
DA:129,0
DA:130,0
DA:132,0
DA:133,0
DA:134,0
DA:135,0
DA:138,0
DA:139,0
DA:140,0
DA:141,0
DA:144,0
LF:33
LH:0
BRDA:69,0,0,0
BRDA:69,0,1,0
BRDA:102,1,0,0
BRDA:102,1,1,0
BRDA:132,2,0,0
BRDA:132,2,1,0
BRDA:133,3,0,0
BRDA:133,3,1,0
BRDA:134,4,0,0
BRDA:134,4,1,0
BRDA:135,5,0,0
BRDA:135,5,1,0
BRDA:138,6,0,0
BRDA:138,6,1,0
BRDA:138,7,0,0
BRDA:138,7,1,0
BRF:16
BRH:0
end_of_record
TN:
SF:src/game/config/GameConfig.js
FN:153,getFactionAttitudeThresholds
FNF:1
FNH:0
FNDA:0,getFactionAttitudeThresholds
DA:7,0
DA:155,0
DA:170,0
LF:3
LH:0
BRDA:170,0,0,0
BRDA:170,0,1,0
BRF:2
BRH:0
end_of_record
TN:
SF:src/game/entities/EvidenceEntity.js
FN:21,createEvidenceEntity
FN:109,getEvidenceColor
FNF:2
FNH:0
FNDA:0,createEvidenceEntity
FNDA:0,getEvidenceColor
DA:34,0
DA:37,0
DA:38,0
DA:41,0
DA:42,0
DA:45,0
DA:55,0
DA:58,0
DA:71,0
DA:74,0
DA:87,0
DA:90,0
DA:97,0
DA:99,0
DA:101,0
DA:110,0
DA:116,0
LF:17
LH:0
BRDA:23,0,0,0
BRDA:24,1,0,0
BRDA:25,2,0,0
BRDA:26,3,0,0
BRDA:27,4,0,0
BRDA:28,5,0,0
BRDA:29,6,0,0
BRDA:30,7,0,0
BRDA:31,8,0,0
BRDA:32,9,0,0
BRDA:33,10,0,0
BRDA:53,11,0,0
BRDA:53,11,1,0
BRDA:116,12,0,0
BRDA:116,12,1,0
BRF:15
BRH:0
end_of_record
TN:
SF:src/game/entities/NPCEntity.js
FN:21,createNPCEntity
FN:100,getFactionColor
FNF:2
FNH:0
FNDA:0,createNPCEntity
FNDA:0,getFactionColor
DA:30,0
DA:33,0
DA:34,0
DA:37,0
DA:38,0
DA:41,0
DA:50,0
DA:53,0
DA:59,0
DA:62,0
DA:70,0
DA:73,0
DA:74,0
DA:87,0
DA:90,0
DA:92,0
DA:101,0
DA:108,0
LF:18
LH:0
BRDA:23,0,0,0
BRDA:24,1,0,0
BRDA:25,2,0,0
BRDA:26,3,0,0
BRDA:27,4,0,0
BRDA:28,5,0,0
BRDA:29,6,0,0
BRDA:73,7,0,0
BRDA:73,7,1,0
BRDA:73,8,0,0
BRDA:73,8,1,0
BRDA:108,9,0,0
BRDA:108,9,1,0
BRF:13
BRH:0
end_of_record
TN:
SF:src/game/entities/PlayerEntity.js
FN:23,createPlayerEntity
FNF:1
FNH:0
FNDA:0,createPlayerEntity
DA:25,0
DA:26,0
DA:29,0
DA:30,0
DA:33,0
DA:42,0
DA:45,0
DA:50,0
DA:53,0
DA:63,0
DA:66,0
DA:80,0
DA:82,0
DA:84,0
LF:14
LH:0
BRDA:23,0,0,0
BRDA:23,1,0,0
BRF:2
BRH:0
end_of_record
TN:
SF:src/game/systems/CameraFollowSystem.js
FN:14,(anonymous_0)
FN:30,(anonymous_1)
FN:39,(anonymous_2)
FN:41,(anonymous_3)
FN:92,(anonymous_4)
FN:108,(anonymous_5)
FN:121,(anonymous_6)
FNF:7
FNH:0
FNDA:0,(anonymous_0)
FNDA:0,(anonymous_1)
FNDA:0,(anonymous_2)
FNDA:0,(anonymous_3)
FNDA:0,(anonymous_4)
FNDA:0,(anonymous_5)
FNDA:0,(anonymous_6)
DA:15,0
DA:16,0
DA:17,0
DA:18,0
DA:21,0
DA:22,0
DA:23,0
DA:24,0
DA:31,0
DA:41,0
DA:42,0
DA:44,0
DA:45,0
DA:47,0
DA:50,0
DA:51,0
DA:55,0
DA:56,0
DA:58,0
DA:59,0
DA:60,0
DA:63,0
DA:64,0
DA:67,0
DA:68,0
DA:69,0
DA:70,0
DA:72,0
DA:74,0
DA:78,0
DA:79,0
DA:80,0
DA:83,0
DA:84,0
DA:93,0
DA:94,0
DA:97,0
DA:109,0
DA:110,0
DA:111,0
DA:114,0
DA:115,0
LF:42
LH:0
BRDA:41,0,0,0
BRDA:41,0,1,0
BRDA:42,1,0,0
BRDA:42,1,1,0
BRDA:47,2,0,0
BRDA:47,2,1,0
BRDA:47,3,0,0
BRDA:47,3,1,0
BRDA:58,4,0,0
BRDA:58,4,1,0
BRDA:72,5,0,0
BRDA:72,5,1,0
BRDA:93,6,0,0
BRDA:93,6,1,0
BRDA:93,7,0,0
BRDA:93,7,1,0
BRDA:109,8,0,0
BRDA:109,8,1,0
BRF:18
BRH:0
end_of_record
TN:
SF:src/game/systems/DialogueSystem.js
FN:11,(anonymous_0)
FN:23,(anonymous_1)
FN:32,(anonymous_2)
FN:41,(anonymous_3)
FN:60,(anonymous_4)
FN:79,(anonymous_5)
FN:93,(anonymous_6)
FNF:7
FNH:0
FNDA:0,(anonymous_0)
FNDA:0,(anonymous_1)
FNDA:0,(anonymous_2)
FNDA:0,(anonymous_3)
FNDA:0,(anonymous_4)
FNDA:0,(anonymous_5)
FNDA:0,(anonymous_6)
DA:12,0
DA:13,0
DA:16,0
DA:17,0
DA:24,0
DA:42,0
DA:49,0
DA:54,0
DA:61,0
DA:63,0
DA:65,0
DA:70,0
DA:72,0
DA:80,0
DA:82,0
DA:94,0
LF:16
LH:0
BRDA:61,0,0,0
BRDA:61,0,1,0
BRDA:80,1,0,0
BRDA:80,1,1,0
BRF:4
BRH:0
end_of_record
TN:
SF:src/game/systems/FactionReputationSystem.js
FN:14,(anonymous_0)
FN:33,(anonymous_1)
FN:72,(anonymous_2)
FN:74,(anonymous_3)
FN:78,(anonymous_4)
FN:96,(anonymous_5)
FN:99,(anonymous_6)
FN:115,(anonymous_7)
FN:126,(anonymous_8)
FN:141,(anonymous_9)
FN:192,(anonymous_10)
FN:228,(anonymous_11)
FN:237,(anonymous_12)
FN:252,(anonymous_13)
FN:270,(anonymous_14)
FN:277,(anonymous_15)
FNF:16
FNH:0
FNDA:0,(anonymous_0)
FNDA:0,(anonymous_1)
FNDA:0,(anonymous_2)
FNDA:0,(anonymous_3)
FNDA:0,(anonymous_4)
FNDA:0,(anonymous_5)
FNDA:0,(anonymous_6)
FNDA:0,(anonymous_7)
FNDA:0,(anonymous_8)
FNDA:0,(anonymous_9)
FNDA:0,(anonymous_10)
FNDA:0,(anonymous_11)
FNDA:0,(anonymous_12)
FNDA:0,(anonymous_13)
FNDA:0,(anonymous_14)
FNDA:0,(anonymous_15)
DA:15,0
DA:16,0
DA:17,0
DA:20,0
DA:23,0
DA:26,0
DA:34,0
DA:37,0
DA:43,0
DA:49,0
DA:55,0
DA:61,0
DA:66,0
DA:74,0
DA:75,0
DA:78,0
DA:79,0
DA:83,0
DA:84,0
DA:85,0
DA:86,0
DA:88,0
DA:98,0
DA:99,0
DA:100,0
DA:101,0
DA:106,0
DA:107,0
DA:119,0
DA:129,0
DA:130,0
DA:142,0
DA:144,0
DA:145,0
DA:151,0
DA:153,0
DA:154,0
DA:160,0
DA:170,0
DA:171,0
DA:177,0
DA:181,0
DA:183,0
DA:193,0
DA:194,0
DA:196,0
DA:199,0
DA:200,0
DA:201,0
DA:203,0
DA:204,0
DA:206,0
DA:211,0
DA:212,0
DA:213,0
DA:215,0
DA:216,0
DA:218,0
DA:238,0
DA:240,0
DA:242,0
DA:246,0
DA:253,0
DA:255,0
DA:256,0
DA:258,0
DA:262,0
DA:271,0
DA:278,0
DA:279,0
LF:70
LH:0
BRDA:98,0,0,0
BRDA:98,0,1,0
BRDA:99,1,0,0
BRDA:99,1,1,0
BRDA:100,2,0,0
BRDA:100,2,1,0
BRDA:106,3,0,0
BRDA:106,3,1,0
BRDA:106,4,0,0
BRDA:106,4,1,0
BRDA:129,5,0,0
BRDA:129,5,1,0
BRDA:141,6,0,0
BRDA:142,7,0,0
BRDA:142,7,1,0
BRDA:170,8,0,0
BRDA:170,8,1,0
BRDA:194,9,0,0
BRDA:194,9,1,0
BRDA:203,10,0,0
BRDA:203,10,1,0
BRDA:203,11,0,0
BRDA:203,11,1,0
BRDA:206,12,0,0
BRDA:206,12,1,0
BRDA:215,13,0,0
BRDA:215,13,1,0
BRDA:215,14,0,0
BRDA:215,14,1,0
BRDA:238,15,0,0
BRDA:238,15,1,0
BRDA:253,16,0,0
BRDA:253,16,1,0
BRDA:271,17,0,0
BRDA:271,17,1,0
BRF:35
BRH:0
end_of_record
TN:
SF:src/game/systems/InvestigationSystem.js
FN:14,(anonymous_0)
FN:36,(anonymous_1)
FN:48,(anonymous_2)
FN:53,(anonymous_3)
FN:70,(anonymous_4)
FN:88,(anonymous_5)
FN:126,(anonymous_6)
FN:162,(anonymous_7)
FN:204,(anonymous_8)
FN:221,(anonymous_9)
FN:250,(anonymous_10)
FN:265,(anonymous_11)
FN:281,(anonymous_12)
FN:298,(anonymous_13)
FN:316,(anonymous_14)
FN:328,(anonymous_15)
FNF:16
FNH:0
FNDA:0,(anonymous_0)
FNDA:0,(anonymous_1)
FNDA:0,(anonymous_2)
FNDA:0,(anonymous_3)
FNDA:0,(anonymous_4)
FNDA:0,(anonymous_5)
FNDA:0,(anonymous_6)
FNDA:0,(anonymous_7)
FNDA:0,(anonymous_8)
FNDA:0,(anonymous_9)
FNDA:0,(anonymous_10)
FNDA:0,(anonymous_11)
FNDA:0,(anonymous_12)
FNDA:0,(anonymous_13)
FNDA:0,(anonymous_14)
FNDA:0,(anonymous_15)
DA:15,0
DA:16,0
DA:17,0
DA:20,0
DA:21,0
DA:22,0
DA:23,0
DA:24,0
DA:25,0
DA:28,0
DA:29,0
DA:30,0
DA:38,0
DA:40,0
DA:50,0
DA:53,0
DA:54,0
DA:56,0
DA:57,0
DA:60,0
DA:63,0
DA:71,0
DA:72,0
DA:73,0
DA:74,0
DA:78,0
DA:79,0
DA:89,0
DA:90,0
DA:92,0
DA:93,0
DA:94,0
DA:96,0
DA:97,0
DA:100,0
DA:101,0
DA:102,0
DA:104,0
DA:106,0
DA:108,0
DA:109,0
DA:127,0
DA:128,0
DA:130,0
DA:132,0
DA:133,0
DA:134,0
DA:136,0
DA:137,0
DA:140,0
DA:143,0
DA:144,0
DA:145,0
DA:148,0
DA:163,0
DA:164,0
DA:167,0
DA:168,0
DA:173,0
DA:177,0
DA:180,0
DA:181,0
DA:183,0
DA:186,0
DA:195,0
DA:197,0
DA:205,0
DA:206,0
DA:207,0
DA:213,0
DA:222,0
DA:223,0
DA:227,0
DA:230,0
DA:231,0
DA:234,0
DA:237,0
DA:238,0
DA:240,0
DA:244,0
DA:251,0
DA:252,0
DA:254,0
DA:258,0
DA:266,0
DA:268,0
DA:270,0
DA:274,0
DA:282,0
DA:284,0
DA:286,0
DA:290,0
DA:299,0
DA:301,0
DA:303,0
DA:309,0
DA:317,0
DA:329,0
DA:330,0
LF:99
LH:0
BRDA:53,0,0,0
BRDA:53,0,1,0
BRDA:54,1,0,0
BRDA:54,1,1,0
BRDA:57,2,0,0
BRDA:57,2,1,0
BRDA:71,3,0,0
BRDA:71,3,1,0
BRDA:73,4,0,0
BRDA:73,4,1,0
BRDA:78,5,0,0
BRDA:78,5,1,0
BRDA:94,6,0,0
BRDA:94,6,1,0
BRDA:94,7,0,0
BRDA:94,7,1,0
BRDA:97,8,0,0
BRDA:97,8,1,0
BRDA:104,9,0,0
BRDA:104,9,1,0
BRDA:106,10,0,0
BRDA:106,10,1,0
BRDA:108,11,0,0
BRDA:108,11,1,0
BRDA:128,12,0,0
BRDA:128,12,1,0
BRDA:134,13,0,0
BRDA:134,13,1,0
BRDA:134,14,0,0
BRDA:134,14,1,0
BRDA:137,15,0,0
BRDA:137,15,1,0
BRDA:140,16,0,0
BRDA:140,16,1,0
BRDA:143,17,0,0
BRDA:143,17,1,0
BRDA:144,18,0,0
BRDA:144,18,1,0
BRDA:144,19,0,0
BRDA:144,19,1,0
BRDA:164,20,0,0
BRDA:164,20,1,0
BRDA:164,21,0,0
BRDA:164,21,1,0
BRDA:167,22,0,0
BRDA:167,22,1,0
BRDA:180,23,0,0
BRDA:180,23,1,0
BRDA:206,24,0,0
BRDA:206,24,1,0
BRDA:222,25,0,0
BRDA:222,25,1,0
BRDA:230,26,0,0
BRDA:230,26,1,0
BRDA:266,27,0,0
BRDA:266,27,1,0
BRDA:282,28,0,0
BRDA:282,28,1,0
BRDA:298,29,0,0
BRDA:299,30,0,0
BRDA:299,30,1,0
BRDA:306,31,0,0
BRDA:306,31,1,0
BRF:63
BRH:0
end_of_record
TN:
SF:src/game/systems/KnowledgeProgressionSystem.js
FN:14,(anonymous_0)
FN:28,(anonymous_1)
FN:30,(anonymous_2)
FN:34,(anonymous_3)
FN:38,(anonymous_4)
FN:50,(anonymous_5)
FN:63,(anonymous_6)
FN:84,(anonymous_7)
FN:103,(anonymous_8)
FN:119,(anonymous_9)
FN:128,(anonymous_10)
FNF:11
FNH:0
FNDA:0,(anonymous_0)
FNDA:0,(anonymous_1)
FNDA:0,(anonymous_2)
FNDA:0,(anonymous_3)
FNDA:0,(anonymous_4)
FNDA:0,(anonymous_5)
FNDA:0,(anonymous_6)
FNDA:0,(anonymous_7)
FNDA:0,(anonymous_8)
FNDA:0,(anonymous_9)
FNDA:0,(anonymous_10)
DA:15,0
DA:16,0
DA:17,0
DA:18,0
DA:21,0
DA:22,0
DA:30,0
DA:31,0
DA:34,0
DA:35,0
DA:38,0
DA:39,0
DA:42,0
DA:52,0
DA:53,0
DA:54,0
DA:55,0
DA:64,0
DA:66,0
DA:68,0
DA:69,0
DA:70,0
DA:73,0
DA:74,0
DA:85,0
DA:87,0
DA:89,0
DA:96,0
DA:105,0
DA:109,0
DA:111,0
DA:122,0
DA:129,0
DA:130,0
DA:131,0
LF:35
LH:0
BRDA:53,0,0,0
BRDA:53,0,1,0
BRDA:64,1,0,0
BRDA:64,1,1,0
BRDA:70,2,0,0
BRDA:70,2,1,0
BRDA:70,3,0,0
BRDA:70,3,1,0
BRDA:73,4,0,0
BRDA:73,4,1,0
BRDA:93,5,0,0
BRDA:93,5,1,0
BRF:12
BRH:0
end_of_record
TN:
SF:src/game/systems/PlayerMovementSystem.js
FN:14,(anonymous_0)
FN:24,(anonymous_1)
FN:26,(anonymous_2)
FN:30,(anonymous_3)
FN:42,(anonymous_4)
FN:46,(anonymous_5)
FN:119,(anonymous_6)
FN:133,(anonymous_7)
FNF:8
FNH:0
FNDA:0,(anonymous_0)
FNDA:0,(anonymous_1)
FNDA:0,(anonymous_2)
FNDA:0,(anonymous_3)
FNDA:0,(anonymous_4)
FNDA:0,(anonymous_5)
FNDA:0,(anonymous_6)
FNDA:0,(anonymous_7)
DA:15,0
DA:16,0
DA:17,0
DA:18,0
DA:26,0
DA:27,0
DA:30,0
DA:31,0
DA:34,0
DA:43,0
DA:46,0
DA:47,0
DA:49,0
DA:50,0
DA:51,0
DA:53,0
DA:56,0
DA:59,0
DA:60,0
DA:61,0
DA:62,0
DA:65,0
DA:72,0
DA:73,0
DA:76,0
DA:81,0
DA:82,0
DA:83,0
DA:84,0
DA:88,0
DA:89,0
DA:92,0
DA:93,0
DA:95,0
DA:96,0
DA:99,0
DA:103,0
DA:104,0
DA:112,0
DA:120,0
DA:121,0
DA:122,0
DA:123,0
DA:124,0
DA:125,0
DA:126,0
DA:127,0
DA:134,0
DA:135,0
LF:49
LH:0
BRDA:43,0,0,0
BRDA:43,0,1,0
BRDA:46,1,0,0
BRDA:46,1,1,0
BRDA:47,2,0,0
BRDA:47,2,1,0
BRDA:53,3,0,0
BRDA:53,3,1,0
BRDA:53,4,0,0
BRDA:53,4,1,0
BRDA:59,5,0,0
BRDA:59,5,1,0
BRDA:59,6,0,0
BRDA:59,6,1,0
BRDA:81,7,0,0
BRDA:81,7,1,0
BRDA:88,8,0,0
BRDA:88,8,1,0
BRDA:89,9,0,0
BRDA:89,9,1,0
BRDA:103,10,0,0
BRDA:103,10,1,0
BRF:22
BRH:0
end_of_record
TN:
SF:src/utils/Logger.js
FN:21,(anonymous_0)
FN:32,(anonymous_1)
FN:40,(anonymous_2)
FN:55,(anonymous_3)
FN:64,(anonymous_4)
FN:82,(anonymous_5)
FN:94,(anonymous_6)
FN:106,(anonymous_7)
FN:118,(anonymous_8)
FN:130,(anonymous_9)
FN:137,(anonymous_10)
FN:145,(anonymous_11)
FNF:12
FNH:0
FNDA:0,(anonymous_0)
FNDA:0,(anonymous_1)
FNDA:0,(anonymous_2)
FNDA:0,(anonymous_3)
FNDA:0,(anonymous_4)
FNDA:0,(anonymous_5)
FNDA:0,(anonymous_6)
FNDA:0,(anonymous_7)
FNDA:0,(anonymous_8)
FNDA:0,(anonymous_9)
FNDA:0,(anonymous_10)
FNDA:0,(anonymous_11)
DA:8,0
DA:22,0
DA:23,0
DA:24,0
DA:25,0
DA:33,0
DA:41,0
DA:42,0
DA:43,0
DA:44,0
DA:45,0
DA:46,0
DA:56,0
DA:65,0
DA:73,0
DA:74,0
DA:83,0
DA:84,0
DA:85,0
DA:86,0
DA:95,0
DA:96,0
DA:97,0
DA:98,0
DA:107,0
DA:108,0
DA:109,0
DA:110,0
DA:119,0
DA:120,0
DA:121,0
DA:122,0
DA:131,0
DA:138,0
DA:146,0
DA:151,0
LF:36
LH:0
BRDA:21,0,0,0
BRDA:21,1,0,0
BRDA:73,2,0,0
BRDA:73,2,1,0
BRDA:83,3,0,0
BRDA:83,3,1,0
BRDA:95,4,0,0
BRDA:95,4,1,0
BRDA:107,5,0,0
BRDA:107,5,1,0
BRDA:119,6,0,0
BRDA:119,6,1,0
BRF:12
BRH:0
end_of_record
TN:
SF:src/utils/Vector2.js
FN:14,(anonymous_0)
FN:25,(anonymous_1)
FN:36,(anonymous_2)
FN:46,(anonymous_3)
FN:55,(anonymous_4)
FN:66,(anonymous_5)
FN:77,(anonymous_6)
FN:88,(anonymous_7)
FN:100,(anonymous_8)
FN:108,(anonymous_9)
FN:116,(anonymous_10)
FN:130,(anonymous_11)
FN:139,(anonymous_12)
FN:150,(anonymous_13)
FN:161,(anonymous_14)
FN:177,(anonymous_15)
FN:189,(anonymous_16)
FN:202,(anonymous_17)
FN:215,(anonymous_18)
FN:227,(anonymous_19)
FN:239,(anonymous_20)
FN:249,(anonymous_21)
FN:257,(anonymous_22)
FN:265,(anonymous_23)
FN:273,(anonymous_24)
FNF:25
FNH:25
FNDA:10196,(anonymous_0)
FNDA:2,(anonymous_1)
FNDA:1,(anonymous_2)
FNDA:1,(anonymous_3)
FNDA:10005,(anonymous_4)
FNDA:2,(anonymous_5)
FNDA:6,(anonymous_6)
FNDA:4,(anonymous_7)
FNDA:10017,(anonymous_8)
FNDA:2,(anonymous_9)
FNDA:10006,(anonymous_10)
FNDA:3,(anonymous_11)
FNDA:2,(anonymous_12)
FNDA:1,(anonymous_13)
FNDA:6,(anonymous_14)
FNDA:5,(anonymous_15)
FNDA:5,(anonymous_16)
FNDA:10001,(anonymous_17)
FNDA:1,(anonymous_18)
FNDA:1,(anonymous_19)
FNDA:1,(anonymous_20)
FNDA:1,(anonymous_21)
FNDA:1,(anonymous_22)
FNDA:1,(anonymous_23)
FNDA:1,(anonymous_24)
DA:15,10196
DA:16,10196
DA:26,2
DA:27,2
DA:28,2
DA:37,1
DA:38,1
DA:39,1
DA:47,1
DA:56,10005
DA:57,10005
DA:58,10005
DA:67,2
DA:68,2
DA:69,2
DA:78,6
DA:79,6
DA:80,6
DA:89,4
DA:90,3
DA:91,3
DA:93,4
DA:101,10017
DA:109,2
DA:117,10006
DA:118,10006
DA:119,10005
DA:120,10005
DA:122,10006
DA:131,3
DA:140,2
DA:141,2
DA:142,2
DA:151,1
DA:152,1
DA:153,1
DA:162,6
DA:163,6
DA:164,6
DA:165,6
DA:166,6
DA:167,6
DA:168,6
DA:178,5
DA:179,5
DA:180,5
DA:190,5
DA:203,10001
DA:204,10001
DA:205,10001
DA:216,1
DA:217,1
DA:218,1
DA:228,1
DA:229,1
DA:230,1
DA:240,1
DA:241,1
DA:242,1
DA:250,1
DA:258,1
DA:266,1
DA:274,1
LF:63
LH:63
BRDA:14,0,0,6
BRDA:14,1,0,6
BRDA:89,2,0,3
BRDA:89,2,1,1
BRDA:118,3,0,10005
BRDA:118,3,1,1
BRDA:189,4,0,3
BRDA:190,5,0,5
BRDA:190,5,1,4
BRF:9
BRH:9
end_of_record
